UW FISH P 2019-04-19T11:00:57.848393
UW FISH S 2019-04-19T11:01:04.948393
CN SHB P 2018-11-30T22:12:09.825000
UW SP2 P 2019-05-07T02:59:06.580000
UW SP2 S 2019-05-07T02:59:14.380000
UW RATT S 2019-02-11T23:05:37.095000
UW RATT P 2019-08-29T12:11:31.380000
UW RATT S 2019-08-29T12:11:31.780000
CC OBSR S 2019-07-28T14:35:00.380000
UO WLOO P 2019-08-29T15:08:57.678393
UO WLOO S 2019-08-29T15:08:51.178393
UO WLOO S 2019-08-29T15:09:01.478393
CC SWF2 P 2018-11-18T22:50:39.950000
CC SWF2 S 2018-11-18T22:50:38.650000
CC SWF2 S 2018-11-18T22:50:41.250000
CC STD S 2019-06-10T20:10:42.025000
UW SNI2 P 2018-11-15T12:14:15.920000
UW SNI2 S 2018-11-15T12:14:18.920000
CC SHRK S 2019-07-22T08:55:42.170000
UW DOSE S 2019-04-18T01:51:23.865000
CC JRO P 2019-08-15T03:17:09.770000
CC JRO S 2019-08-15T03:17:11.570000
CN PTRF P 2019-02-15T03:49:07.990000
UW LCCR P 2019-08-16T15:24:33.508393
UW LCCR S 2019-08-16T15:24:36.108393
UW LEBA P 2019-08-29T15:09:03.638391
UW FISH P 2019-07-04T18:55:26.068393
CN PGC P 2018-11-19T11:09:29.440000
CC SWF2 P 2019-03-12T02:28:59.120000
CC SWF2 S 2019-03-12T02:29:00.620000
CC PANH P 2019-07-13T12:05:53.820000
CC PANH S 2019-07-13T12:05:54.020000
CC PANH S 2019-07-13T12:05:57.920000
UW KENT P 2019-07-10T04:10:34.168393
CC OBSR S 2019-07-27T12:57:00.740000
UW RCM P 2019-07-12T09:51:56.600000
UW RCM S 2019-07-12T09:51:50.700000
UO MARQ P 2018-12-04T15:30:26.430000
CC SHRK P 2019-07-09T19:16:04.730000
CC SHRK S 2019-07-09T19:16:07.330000
UW LUMI P 2018-09-11T15:05:23.990000
UW LUMI S 2018-09-11T15:05:29.690000
UW LUMI S 2019-05-08T20:15:13.340000
UW LUMI S 2019-05-08T20:15:20.140000
CC OBSR P 2019-07-06T13:29:28.500000
CC OBSR S 2019-07-06T13:29:31.300000
UW GNW P 2019-05-02T14:32:10.520000
UW GNW S 2019-05-02T14:32:16.720000
UW SNI2 P 2018-11-20T11:43:18.710000
UW SNI2 S 2018-11-20T11:43:21.810000
CC SWF2 S 2019-02-08T17:30:47.540000
CC SWF2 S 2019-02-08T17:30:52.540000
UW TREE P 2019-08-10T06:09:40.578393
UW TREE S 2019-08-10T06:09:39.078393
CN SYMB P 2019-05-23T16:07:26.250000
CN SYMB S 2019-05-23T16:07:27.150000
CC SIFT P 2019-08-30T04:21:05.480000
CC SIFT S 2019-08-30T04:21:13.480000
UW RCM S 2019-06-26T18:36:34.420000
UO MARQ P 2019-07-09T11:59:48.400000
UO BEER P 2018-10-27T14:05:08.438393
UO NATH P 2018-10-12T03:49:11.368393
UO NATH S 2018-10-12T03:49:12.668393
CC JRO P 2019-07-02T08:58:36.590000
CC JRO S 2019-07-02T08:58:40.390000
CC SWF2 P 2019-03-21T05:29:23.140000
CC SWF2 S 2019-03-21T05:29:26.840000
UW RATT P 2019-07-26T12:58:48.740000
UW RATT S 2019-07-26T12:58:51.140000
UW RCM S 2018-10-12T03:11:42.650000
CN SHB P 2018-11-09T00:02:07.050000
CN SHB S 2018-11-09T00:02:09.350000
CC PR01 P 2019-07-07T15:11:36.310000
CC PR01 S 2019-07-07T15:11:37.210000
CC PR01 S 2019-07-07T15:11:43.510000
CC PR05 P 2019-09-07T16:46:37.500000
CC PR05 S 2019-09-07T16:46:39.700000
UW DOSE P 2019-07-12T09:54:10.350000
UW DOSE S 2019-07-12T09:54:11.850000
UW FMW S 2019-07-04T22:56:22.910000
UW FMW S 2019-07-04T22:56:26.310000
UW GNW P 2018-10-27T05:23:40.250000
UW GNW S 2018-10-27T05:23:44.550000
CC STD P 2018-10-18T03:40:00.345000
CC STD S 2018-10-18T03:40:02.745000
UW KREP P 2018-11-19T11:09:49.320000
UW KREP S 2018-11-19T11:09:50.820000
UW KREP S 2018-11-19T11:09:53.720000
UW LON P 2019-03-05T04:18:26.440000
UW LON S 2019-03-05T04:18:29.340000
UW BABE P 2019-05-07T01:58:01.530000
UW BABE S 2019-05-07T01:58:05.730000
CC NORM P 2019-01-26T14:17:01.600000
CC NORM S 2019-01-26T14:17:03.500000
UO MARQ P 2019-07-01T12:09:45.780000
UW YACT P 2018-11-01T05:41:13.128393
UW YACT S 2018-11-01T05:41:13.628393
UW YACT S 2018-11-01T05:41:20.428393
CC CARB P 2019-09-07T16:46:36.960000
CC CARB S 2019-09-07T16:46:38.860000
CC SWF2 P 2019-09-01T20:26:07.035000
CC SWF2 S 2019-09-01T20:26:09.935000
CC PANH P 2019-06-17T02:49:18.340000
CC PANH S 2019-06-17T02:49:24.140000
UW DOSE P 2019-01-27T03:42:18.740000
UW DOSE S 2019-01-27T03:42:17.840000
UW DOSE S 2019-01-27T03:42:19.540000
UW GNW P 2018-09-28T21:30:19.200000
UW GNW P 2018-09-28T21:30:22.500000
CC VALT P 2019-03-12T02:28:33.640000
CC VALT P 2019-03-12T02:28:35.940000
CC VALT S 2019-03-12T02:28:36.940000
CC STD P 2018-09-13T02:58:48.025000
CC STD S 2018-09-13T02:58:49.125000
CC STD S 2018-09-13T02:58:51.725000
UO VERN P 2018-10-22T04:18:22.410000
UO VERN S 2018-10-22T04:18:23.910000
UW GNW P 2019-07-14T14:18:52.880000
UW GNW S 2019-07-14T14:19:00.780000
CC JRO S 2019-06-08T18:15:07.030000
CC PANH P 2019-01-11T07:55:34.240000
CC PANH S 2019-01-11T07:55:34.840000
UW IRON P 2019-08-29T15:09:35.778393
UW IRON P 2019-08-29T15:09:40.178393
CN PACB P 2018-10-29T00:25:04.960000
CN WSLR P 2019-04-06T04:55:28.550000
UW FMW P 2019-09-07T16:46:38.690000
UW FMW S 2019-09-07T16:46:41.990000
UO CAVE P 2019-08-03T20:16:15.358393
UO CAVE S 2019-08-03T20:16:21.758393
UW TKEY P 2019-08-15T11:29:14.320000
UW TKEY P 2019-08-15T11:29:18.820000
UW TKEY S 2019-08-15T11:29:26.520000
UW YACT P 2018-12-04T15:30:33.548393
CN PGC P 2019-04-05T19:52:17.740000
CN PGC S 2019-04-05T19:52:21.440000
CC SWF2 P 2018-10-19T16:04:15.590000
UO LAIR P 2018-10-22T16:57:27.338391
UO LAIR S 2018-10-22T16:57:27.638391
UW RCM P 2019-02-27T05:41:01.800000
UW RCM S 2019-02-27T05:41:09.700000
CC SWF2 S 2018-12-02T15:00:37.730000
CC OBSR P 2019-06-27T18:25:25.365000
CC OBSR S 2019-06-27T18:25:29.065000
UW LON S 2018-09-30T15:22:47.960000
CC OBSR S 2019-08-11T16:45:22.400000
CC STD P 2019-07-13T14:08:51.805000
CC STD S 2019-07-13T14:08:54.005000
UW FMW P 2019-02-01T23:06:00.530000
UW FMW S 2019-02-01T23:06:06.930000
CC PR05 P 2018-12-26T19:18:17.940000
UO JESE P 2019-07-08T12:06:10.808391
UO JESE S 2019-07-08T12:06:15.608391
CC CPCO P 2018-09-30T11:03:40.580000
CC CPCO S 2018-09-30T11:03:39.780000
CC PR01 P 2019-07-12T10:46:37.350000
CC PR01 S 2019-07-12T10:46:38.350000
CC SHRK P 2018-10-31T04:03:42.170000
CC SHRK S 2018-10-31T04:03:44.770000
UW RCM P 2019-07-04T02:59:04.180000
UW RCM S 2019-07-04T02:59:06.780000
UW YPT P 2019-04-12T18:18:09.230000
UW COLT S 2019-07-08T19:16:19.290000
UW RATT S 2018-09-30T15:22:39.190000
UW RATT S 2018-09-30T15:22:44.790000
UW LON P 2019-09-09T13:49:14.520000
UW LON S 2019-09-09T13:49:21.520000
UW LTY P 2018-10-05T08:09:49.480000
UW GBB P 2019-04-28T19:35:56.050000
UW RAW P 2019-01-31T08:39:02.435000
UW RAW S 2019-01-31T08:39:06.635000
UW LRIV P 2018-10-25T21:31:12.440000
UO CAVE P 2019-07-22T11:17:43.358393
UO CAVE P 2019-07-22T11:17:44.458393
UO CAVE P 2019-07-22T11:17:48.358393
UW BERY P 2019-07-31T06:26:24.740000
UW BERY S 2019-07-31T06:26:25.840000
UW LTY P 2019-09-02T08:25:31.730000
UO DBO P 2018-10-14T05:10:59.490000
UW RCM P 2019-01-18T05:36:57.550000
UW RCM S 2019-01-18T05:36:58.350000
CN VGZ P 2019-04-05T22:58:10.940000
CN VGZ S 2019-04-05T22:58:14.740000
CC PR05 P 2019-01-03T09:50:11.100000
CC PR05 S 2019-01-03T09:50:13.100000
UW WAT2 P 2019-08-11T16:44:59.590000
UW WAT2 S 2019-08-11T16:45:02.390000
CC JRO P 2018-12-05T13:48:11.510000
CC SWF2 S 2019-04-22T21:46:25.745000
UW LYNC P 2019-07-16T07:46:50.740000
UW LYNC P 2019-07-16T07:46:53.540000
UW LYNC S 2019-07-16T07:46:55.640000
CC VALT P 2019-02-11T05:16:06.480000
CC VALT S 2019-02-11T05:16:07.080000
UW OMAK P 2019-06-15T03:22:18.000001
UW OMAK P 2019-06-15T03:22:21.200001
CC PR05 P 2019-01-01T04:08:57.920000
CC PR05 S 2019-01-01T04:09:04.320000
CC PR01 P 2019-05-19T19:27:25.210000
CC PR01 S 2019-05-19T19:27:27.610000
CN PGC P 2019-05-08T16:54:36.990000
UW MDW P 2019-03-24T22:24:47.440000
UW MDW S 2019-03-24T22:24:49.040000
UW LON P 2018-12-13T12:00:54.945000
CC PR05 P 2019-07-12T10:50:47.220000
CN CLRS P 2019-04-14T01:57:34.530000
UW GNW P 2019-01-25T04:08:07.965000
UW GNW S 2019-01-25T04:08:11.565000
UO CAVE P 2019-07-31T12:26:45.068393
CN PGC P 2019-03-31T23:20:19.910000
CN PGC P 2019-03-31T23:20:24.510000
CN PGC S 2019-03-31T23:20:27.610000
CC PR04 P 2019-04-10T22:17:15.060000
CC PR04 S 2019-04-10T22:17:17.860000
UW BLOW P 2019-06-01T18:27:35.398393
UW BLOW S 2019-06-01T18:27:37.398393
UO VERN P 2019-06-07T09:39:20.470000
UO VERN P 2019-06-07T09:39:21.670000
UO VERN S 2019-06-07T09:39:26.470000
UW GNW S 2018-10-22T12:49:00.450000
UW GNW S 2018-10-22T12:49:10.950000
CC PR04 P 2019-07-17T05:13:32.340000
CC PR04 S 2019-07-17T05:13:34.340000
CC PR05 S 2019-07-29T11:58:47.680000
UO LAIR P 2019-08-23T03:32:29.288394
UO LAIR S 2019-08-23T03:32:30.488394
UW FMW P 2019-03-02T10:44:09.910000
UW FMW S 2019-03-02T10:44:11.610000
UW FMW S 2019-03-02T10:44:14.210000
CC PR04 P 2019-03-10T08:23:47.560000
UW MDW P 2019-06-30T18:46:23.030000
UW MDW S 2019-06-30T18:46:24.330000
UW RATT S 2019-07-29T21:13:26.220002
UW LON P 2019-03-29T11:27:23.515000
UW GNW S 2019-02-11T05:10:01.165000
UW GNW S 2019-02-11T05:10:05.265000
UW DOSE S 2019-07-12T21:31:14.989999
UW DOSE S 2019-07-12T21:31:22.789999
CN SHB P 2019-04-06T04:55:21.550000
CN SHB S 2019-04-06T04:55:17.050000
UW MANO P 2019-03-17T15:29:10.260000
CN VGZ P 2019-08-21T14:48:09.590000
CN VGZ S 2019-08-21T14:48:04.690000
CN VGZ S 2019-08-21T14:48:13.690000
CC SWF2 P 2019-02-07T00:32:21.800000
CC SWF2 S 2019-02-07T00:32:23.100000
CC SWF2 S 2019-02-07T00:32:29.400000
CC SHRK S 2019-07-09T21:27:26.210000
CC SHRK S 2019-07-09T21:27:29.510000
UW LCCR P 2019-08-29T15:09:03.378391
CC SHRK P 2019-07-09T17:03:42.730000
CC SHRK S 2019-07-09T17:03:45.830000
UW TOLT P 2019-07-15T02:30:41.660000
UW TOLT S 2019-07-15T02:30:46.660000
CN VGZ P 2018-10-24T07:03:37.750000
CN VGZ S 2018-10-24T07:03:42.650000
CN VGZ S 2018-10-24T07:03:44.650000
UW NIKE S 2019-08-18T08:56:09.188394
CC PR05 P 2018-10-25T21:31:16.280000
UW LON P 2018-12-04T02:41:33.595000
UW BLOW P 2019-05-16T12:07:07.868393
UW SHUK P 2018-12-06T02:16:02.460000
UW GNW P 2018-12-13T12:00:44
UW GNW S 2018-12-13T12:00:50.100000
UW SNI2 P 2019-08-29T15:09:35.750000
CC NORM S 2019-01-26T13:41:33.280000
UW UMAT P 2019-05-18T19:19:16.908393
CC SWF2 S 2019-08-18T18:12:30.255000
UW RCM P 2019-03-15T05:24:52.060000
UW RCM S 2019-03-15T05:24:55.260000
CC OBSR S 2018-10-24T07:03:55.190000
UW GNW P 2019-07-12T11:13:14.260000
UW GNW S 2019-07-12T11:13:21.960000
UW GNW P 2019-02-20T07:30:04.320000
UW GNW S 2019-02-20T07:30:07.920000
UO MARQ P 2019-06-26T00:30:48.640000
UW KENT P 2019-03-29T13:43:37.348393
CC PR04 P 2018-11-30T15:54:35.860000
UO DING P 2019-08-15T03:16:32.460000
UW OMAK P 2019-01-18T05:07:12.550000
UW OMAK P 2019-01-18T05:07:15.350000
UW OMAK P 2019-01-18T05:07:18.650000
CN SYMB P 2018-10-30T06:22:04.510000
CN SYMB P 2018-10-30T06:22:08.510000
CN SYMB S 2018-10-30T06:22:10.910000
CN SNB P 2019-01-27T03:42:24.140000
CN NTKA P 2019-07-04T04:31:28.050000
CN NTKA S 2019-07-04T04:31:24.050000
CN EDB P 2019-06-29T05:53:44.770000
CN EDB P 2019-06-29T05:53:47.470000
CN EDB S 2019-06-29T05:53:52.170000
UW LTY S 2019-02-08T17:23:13.930000
UW UMAT P 2019-07-12T10:46:37.298393
UW UMAT S 2019-07-12T10:46:39.198393
UW HOOD P 2019-07-09T07:40:29.200000
UW HOOD S 2019-07-09T07:40:30.800000
CN PGC P 2019-03-19T15:39:44.250000
UW LYNC P 2019-02-07T01:13:42.070000
UW LYNC S 2019-02-07T01:13:46.570000
UW RCM S 2018-10-14T05:11:49.150000
UW LRIV P 2018-09-23T17:01:13.890000
CC PR04 P 2018-10-13T02:18:49.520000
CC SHRK P 2019-07-09T17:30:27.730000
CC SHRK S 2019-07-09T17:30:21.430000
CC SHRK S 2019-07-09T17:30:30.730000
UW HOOD P 2019-07-09T17:06:41.260000
UW HOOD S 2019-07-09T17:06:42.560000
UW YACT P 2018-10-24T07:52:21.268393
UW YACT S 2018-10-24T07:52:28.868393
UW LON P 2019-01-05T19:35:56.510000
CC SWF2 P 2019-07-04T18:55:22.375000
CC SWF2 S 2019-07-04T18:55:23.675000
CC SWF2 S 2019-07-04T18:55:30.075000
UW RATT S 2018-10-14T20:48:41.490000
UW RATT S 2018-10-14T20:48:44.590000
UW HEBO P 2019-01-27T03:41:58.330000
UW HEBO S 2019-01-27T03:41:59.230000
UW FMW P 2018-11-29T18:44:10.210000
UW FMW S 2018-11-29T18:44:10.910000
UW FMW S 2018-11-29T18:44:14.510000
CN VGZ P 2019-07-26T08:52:48.330000
UW EARN P 2019-07-16T07:46:50.250000
UW EARN S 2019-07-16T07:46:54.750000
UW LON P 2019-01-05T18:54:11.410000
UW LON P 2019-01-05T18:54:15.310000
UW BERY P 2019-07-14T17:44:53.190001
UW BERY S 2019-07-14T17:44:55.090001
UW BERY S 2019-07-14T17:44:59.390001
UW LON P 2019-03-15T04:43:27.410000
UW LON S 2019-03-15T04:43:28.910000
UW RCM P 2019-02-22T10:27:31.630000
UW RCM S 2019-02-22T10:27:34.030000
UW RCM S 2019-02-22T10:27:38.130000
CC PR01 S 2018-09-29T20:20:21.660000
UW GNW P 2019-02-13T16:28:45.565000
UW GNW S 2019-02-13T16:28:47.165000
UW GNW S 2019-02-13T16:28:51.265000
CC PR04 P 2019-07-02T08:58:41.580000
CC PR04 S 2019-07-02T08:58:49.380000
UW RATT P 2019-07-24T01:38:22.819999
UW RATT S 2019-07-24T01:38:27.219999
CC SWF2 P 2019-08-29T19:26:04.975000
CC SWF2 S 2019-08-29T19:26:05.875000
CC JRO P 2019-08-02T17:05:20.310000
CC JRO S 2019-08-02T17:05:21.510000
UW FMW P 2019-06-10T11:44:15.360000
UW FMW S 2019-06-10T11:44:17.360000
UO MARQ P 2019-08-29T15:36:06.710000
UW RATT P 2019-07-26T08:52:40.520000
UW RATT S 2019-07-26T08:52:41.220000
UW RATT S 2019-07-26T08:52:45.320000
UW RATT S 2019-07-26T08:52:48.020000
CC PR01 P 2018-09-30T15:22:37.960000
CC PR01 S 2018-09-30T15:22:42.660000
CC SWF2 P 2019-06-25T22:50:21.075000
CC SWF2 S 2019-06-25T22:50:22.275000
UW WAT2 S 2019-03-11T15:58:13.280000
UW WAT2 S 2019-03-11T15:58:19.080000
UO BEER P 2019-05-18T20:44:35.148393
CC PANH P 2019-07-28T22:45:49.100000
CC PANH S 2019-07-28T22:45:49.700000
CN CLRS P 2019-03-31T14:36:44.560000
CN CLRS S 2019-03-31T14:36:51.260000
CC OBSR P 2019-05-18T00:48:30.210000
UW GNW P 2018-10-22T16:28:06.825000
UW TLW1 S 2019-02-18T16:58:48.750000
UW TLW1 S 2019-02-18T16:58:54.850000
CC SWF2 P 2019-07-04T23:20:26.895000
CC SWF2 S 2019-07-04T23:20:27.995000
CC PANH P 2018-12-26T19:18:18.200000
CC PANH S 2018-12-26T19:18:14.400000
UW EVGW P 2018-10-11T05:44:24.930000
CC PRLK P 2019-08-09T16:41:07.435000
UW DOSE P 2019-04-18T02:18:13.015000
UW DOSE S 2019-04-18T02:18:14.015000
UW DOSE S 2019-04-18T02:18:20.415000
CC PR05 P 2019-08-30T03:30:21.700000
CC PR05 S 2019-08-30T03:30:28.900000
CC PR05 P 2018-12-27T08:28:41.520000
UW YPT P 2019-09-05T08:34:57.770000
UW YPT S 2019-09-05T08:35:05.170000
UW SNI2 P 2019-08-03T22:02:35.080000
UW SNI2 S 2019-08-03T22:02:37.280000
UW LCCR P 2019-07-09T17:54:12.378393
UW LCCR S 2019-07-09T17:54:13.578393
UW LCCR S 2019-07-09T17:54:20.478393
CC PR04 P 2019-07-29T06:33:01
CC PR04 S 2019-07-29T06:33:02.800000
CN VGZ P 2019-07-01T23:05:44.750000
CN VGZ P 2019-07-01T23:05:46.050000
CN VGZ S 2019-07-01T23:05:48.350000
CN PGC P 2019-04-23T23:18:11.740000
CC PANH P 2019-08-23T20:08:32.320000
CC PANH S 2019-08-23T20:08:33.120000
CC PANH S 2019-08-23T20:08:38.120000
CC PR05 P 2018-10-30T18:00:11.280000
CN VGZ P 2018-10-31T11:47:54.650000
CN VGZ S 2018-10-31T11:47:58.750000
CC SWF2 S 2018-11-16T23:04:52.250000
UW LUMI P 2019-05-20T20:36:14.170000
UW LUMI P 2019-05-20T20:36:17.570000
UW GBB P 2019-02-01T22:09:47.260000
UW GBB P 2019-02-01T22:09:53.160000
UW UMAT P 2019-07-09T16:56:48.998393
CC OBSR P 2018-12-12T17:30:48.310000
CC OBSR S 2018-12-12T17:30:43.310000
CC OBSR S 2018-12-12T17:30:49.410000
UW DOSE P 2018-10-17T06:36:23.465000
UW DOSE S 2018-10-17T06:36:24.565000
UW DOSE S 2018-10-17T06:36:30.465000
CC OBSR P 2019-07-29T22:06:20.880000
CC OBSR S 2019-07-29T22:06:22.280000
CC PR01 P 2019-08-29T15:09:18.030000
CC PR01 S 2019-08-29T15:09:13.730000
CC PR01 S 2019-08-29T15:09:21.430000
UW TREE P 2019-08-09T02:26:25.038393
UW TREE S 2019-08-09T02:26:30.538393
CC PR05 P 2019-07-04T02:59:02.580000
CC PR05 S 2019-07-04T02:59:04.280000
CC PR01 P 2019-03-19T02:00:12.085000
CC PR01 S 2019-03-19T02:00:15.285000
CC SHRK P 2019-05-17T11:20:02.310000
CC SHRK S 2019-05-17T11:20:04.910000
UW MDW P 2018-09-29T04:27:18.730000
UW MDW S 2018-09-29T04:27:25.630000
OO HYS13 P 2019-08-16T15:24:06.800000
OO HYS13 S 2019-08-16T15:24:00.400000
OO HYS13 S 2019-08-16T15:24:10.900000
CC VALT P 2019-02-02T03:43:49.900000
CC REM P 2019-08-30T04:20:58.395000
CC REM S 2019-08-30T04:21:01.695000
UW LCCR P 2019-07-17T15:00:58.968393
UW GNW P 2019-07-12T12:36:32.750000
UW GNW S 2019-07-12T12:36:40.750000
UW BERY P 2019-03-08T00:01:44.233130
UW BERY S 2019-03-08T00:01:47.633130
UW BERY P 2019-07-12T12:43:02.130000
UW BERY S 2019-07-12T12:43:08.430000
UO RAIN P 2019-07-17T15:01:01.208393
UO RAIN S 2019-07-17T15:01:03.708393
UW LCCR S 2019-04-23T23:06:18.958393
CC PRLK P 2019-03-09T20:11:13.240000
CC SHRK P 2019-07-22T06:58:39.390000
CC SHRK S 2019-07-22T06:58:41.790000
UW H2O P 2019-01-18T05:06:53.590000
UW H2O S 2019-01-18T05:06:56.090000
UW H2O S 2019-01-18T05:06:58.990000
UW GNW P 2019-07-19T10:35:28.630000
UW GNW S 2019-07-19T10:35:30.030000
UW GNW S 2019-07-19T10:35:34.530000
UW RCM S 2019-07-31T04:06:27.900000
UW RCM S 2019-07-31T04:06:35
CC SWF2 P 2019-06-26T00:31:00.735000
CC SWF2 S 2019-06-26T00:31:02.135000
UW MDW S 2018-09-21T00:28:49.950000
UW RATT P 2019-02-11T19:55:39.570000
UW RATT P 2019-02-11T19:55:45.170000
UW RATT S 2019-02-11T19:55:51.170000
UO WYLD P 2019-07-16T09:19:40.580000
UO ALSE P 2019-08-18T18:12:49.550000
CC STD P 2018-09-20T21:26:29.845000
CC STD S 2018-09-20T21:26:30.545000
CC STD S 2018-09-20T21:26:35.445000
CC PR05 P 2019-06-10T00:24:26.420000
CC PR05 S 2019-06-10T00:24:27.920000
UW HICC P 2019-02-20T17:12:40.760000
UW HICC S 2019-02-20T17:12:44.260000
UW IRON P 2019-09-09T04:55:59.318393
CN OZB P 2019-07-12T09:52:17.700000
CN OZB S 2019-07-12T09:52:23.100000
CC PANH P 2019-02-15T02:22:25.100000
UW BERY P 2019-08-16T03:43:47.660000
UW BERY S 2019-08-16T03:43:54.660000
UW RCM P 2019-06-12T18:06:39.310000
UW RCM S 2019-06-12T18:06:41.610000
UW GNW P 2019-05-01T06:35:39.045000
UW GNW S 2019-05-01T06:35:46.045000
CC PANH P 2019-02-06T22:20:40.740000
CC PANH S 2019-02-06T22:20:41.840000
CC PANH S 2019-02-06T22:20:43.040000
UW LON P 2019-06-01T18:27:05.605000
UO DRAN P 2019-08-25T06:57:45.098393
UO DRAN S 2019-08-25T06:57:52.098393
UO BUCK P 2019-05-19T16:23:59.549999
CC PR05 S 2019-07-13T12:05:53.740000
CC PR05 S 2019-07-13T12:05:57.840000
UW LUMI P 2019-08-12T11:45:45.520000
UW LUMI S 2019-08-12T11:45:39.320000
UW LCCR P 2019-03-17T12:06:18.888393
CC CPCO P 2018-09-14T04:57:52.260000
CC CPCO S 2018-09-14T04:57:53.360000
CC SWF2 P 2019-05-06T06:04:47.805000
CC SWF2 S 2019-05-06T06:04:48.305000
UW DAVN S 2018-12-09T15:59:32.900000
UW DOSE S 2018-10-28T05:32:58.490000
CC PR04 P 2019-09-05T14:27:02.580000
CC STD P 2018-10-05T08:10:02.165000
CC STD S 2018-10-05T08:10:04.865000
UW GNW P 2019-01-29T18:09:30.315000
CC PANH P 2019-02-11T08:38:32.640000
CC JRO P 2019-04-18T03:26:42.910000
CC JRO S 2019-04-18T03:26:43.110000
CC PANH P 2019-07-13T08:38:08.260000
CC PANH S 2019-07-13T08:38:11.460000
UW LON P 2018-09-19T12:12:06.385000
UW LON S 2018-09-19T12:12:07.885000
UW TLW1 P 2018-10-08T14:31:54.980000
UW GNW P 2018-10-11T05:44:25.450000
UW GNW P 2018-10-11T05:44:29.050000
CC SWF2 P 2019-08-29T15:36:18.175000
CC SWF2 S 2019-08-29T15:36:19.975000
UW RATT S 2019-01-13T02:40:17.845000
UW RATT S 2019-01-13T02:40:23.445000
UW FMW P 2018-11-06T20:35:56.720000
UW FMW S 2018-11-06T20:36:01.120000
CC PR04 P 2019-04-08T13:02:23.780000
UW STOR P 2018-12-26T19:18:12.608393
UW STOR S 2018-12-26T19:18:19.908393
UW CCRK P 2019-03-07T02:33:29.130000
UW CCRK S 2019-03-07T02:33:30.530000
UW H2O P 2019-09-05T08:34:52.120000
UW H2O S 2019-09-05T08:34:55.020000
CN SYMB P 2018-09-23T17:01:11.450000
CN SYMB P 2018-09-23T17:01:16.350000
CN SYMB S 2018-09-23T17:01:12.750000
CN SYMB S 2018-09-23T17:01:18.650000
UO WOOD P 2019-08-03T20:16:29.448393
CC VALT S 2019-03-12T02:41:18.660000
UW MDW P 2018-12-11T15:55:23.890000
UW MDW S 2018-12-11T15:55:25.690000
CC PR01 P 2019-07-16T07:47:01.650000
CC PR01 S 2019-07-16T07:47:03.250000
UW RCM P 2019-03-23T23:40:05.920000
UW RCM S 2019-03-23T23:40:00.420000
UW RCM S 2019-03-23T23:40:06.920000
UW LON P 2019-02-22T10:27:31.815000
CC VALT P 2019-04-20T14:32:24.160000
CC VALT S 2019-04-20T14:32:25.960000
CC PR05 P 2019-02-21T14:21:09.440000
CC SWF2 P 2019-03-12T02:42:22.940000
CC SWF2 S 2019-03-12T02:42:24.040000
UW DOSE P 2019-07-18T23:38:16.620001
UW DOSE S 2019-07-18T23:38:24.720001
UO NATH P 2018-10-08T15:16:00.558391
UO NATH S 2018-10-08T15:16:01.658391
CC WIFE P 2019-01-14T16:55:12.160000
UW MDW P 2018-12-22T10:34:20.200000
UW MDW S 2018-12-22T10:34:21.800000
UW WA2 P 2018-10-13T11:18:58.700000
UW MOX P 2019-08-03T22:02:29.430000
UW RATT S 2018-10-30T03:04:51.440000
CC SHRK P 2018-09-25T13:19:08.070000
UW JEDS P 2019-04-11T12:59:53.460000
UO DING P 2019-07-13T00:25:05.970000
UO DING S 2019-07-13T00:25:07.070000
CC PR04 P 2018-10-30T07:45:13.260000
CC PR04 S 2018-10-30T07:45:21.060000
UW CCRK P 2019-06-24T23:08:55.780000
UW CCRK S 2019-06-24T23:08:57.280000
UW KENT P 2019-09-08T01:15:50.308393
UW RCM P 2019-06-18T18:42:33.090000
UW RCM S 2019-06-18T18:42:25.190000
UW RCM S 2019-06-18T18:42:35.490000
UW STOR P 2019-07-12T10:50:41.328393
UW STOR S 2019-07-12T10:50:42.128393
UW FMW P 2019-08-03T22:02:15.200000
UW FMW S 2019-08-03T22:02:16
UW BERY P 2019-09-02T01:46:59.479999
UW BERY S 2019-09-02T01:47:06.779999
CC STD P 2019-03-29T04:56:54.705000
CC STD S 2019-03-29T04:56:55.905000
UW GNW P 2019-07-04T18:18:16.800000
UW WOLL S 2019-04-11T23:27:32.248393
CC PR05 P 2018-10-16T06:16:43.060000
CC PR05 P 2018-10-20T04:53:40.020000
CC PR05 S 2018-10-20T04:53:42.020000
CN SNB P 2019-05-09T14:12:03.040000
CN SNB S 2019-05-09T14:12:06.240000
CC PR05 P 2018-11-14T06:00:02.320000
UO MINN P 2019-09-05T09:05:50.028393
UO MINN P 2019-09-05T09:05:52.028393
UW LON P 2019-01-26T02:10:18.870000
UW LON S 2019-01-26T02:10:20.270000
UW RATT P 2019-08-24T18:19:05.040000
UW RATT S 2019-08-24T18:19:05.840000
CN PGC P 2019-08-19T23:13:56.590000
UO DBO P 2019-09-06T06:52:49.360000
UW SP2 P 2019-04-30T03:50:10.400000
UO DRAN P 2019-06-26T00:30:35.618393
CC PANH P 2019-07-06T13:20:44.800000
CC PANH S 2019-07-06T13:20:48.500000
CN HNBB P 2018-10-30T17:59:58.510000
UO CAVE P 2019-03-30T03:45:40.888393
CC JRO P 2018-11-15T18:54:26.950000
CC JRO S 2018-11-15T18:54:27.250000
CC JRO S 2018-11-15T18:54:30.850000
CC PANH P 2019-07-25T07:10:15.920000
CC PANH S 2019-07-25T07:10:16.820000
CC PANH S 2019-07-25T07:10:21.220000
UW FMW P 2019-05-22T11:43:36.430000
UO WLOO P 2019-07-17T07:09:50.558393
UO WLOO S 2019-07-17T07:09:52.358393
CC STD P 2018-09-19T12:09:13.285000
CC STD S 2018-09-19T12:09:15.385000
UW WOLL P 2018-12-20T18:56:20.198393
CN SYMB P 2019-01-05T19:36:09.170000
CC STD P 2019-08-10T05:23:32.505000
CC STD S 2019-08-10T05:23:35.805000
UW BERY P 2019-08-29T15:09:30.970000
UW BERY S 2019-08-29T15:09:33.270000
CC STD S 2019-06-11T23:54:15.865000
CC STD S 2019-06-11T23:54:22.065000
CC VALT S 2019-03-12T02:34:58.220000
CC OBSR P 2019-07-12T10:46:34.540000
CC OBSR S 2019-07-12T10:46:35.940000
UW HOOD P 2019-09-05T06:52:12.430001
UW HOOD S 2019-09-05T06:52:13.830001
CC PR01 P 2019-02-08T18:12:45.125000
CC PR01 S 2019-02-08T18:12:46.725000
UW RCM S 2019-01-19T21:12:32.040000
CN NLLB P 2018-11-12T21:47:43.560000
UW FMW S 2019-01-31T09:20:40.240000
UW KREP S 2019-05-06T06:04:51.529999
UO MARQ P 2018-11-30T19:45:33.100000
CC PR04 P 2019-04-03T21:14:40.500000
CC PR04 S 2019-04-03T21:14:43.500000
CC JRO P 2018-10-25T02:46:32.990000
CC JRO S 2018-10-25T02:46:36.390000
UW LCCR P 2019-05-16T12:07:06.628393
UW LCCR S 2019-05-16T12:07:08.228393
UW GNW P 2019-07-28T14:34:49.560000
UW STOR S 2019-05-09T07:28:51.648393
UW STOR S 2019-05-09T07:28:58.548393
CC PRLK P 2019-07-09T11:43:02.810000
CC PRLK S 2019-07-09T11:43:04.510000
CC SHRK P 2019-01-05T18:54:22.510000
UW RCM P 2019-01-31T08:39:06.070000
UW RCM S 2019-01-31T08:39:12.470000
CC PANH S 2019-07-13T01:09:36.020000
UW RATT P 2019-02-27T05:41:03.520000
CC SHRK P 2019-07-25T20:27:21.990000
CC SHRK S 2019-07-25T20:27:25.090000
CC PR05 P 2019-02-01T07:52:37.200000
CC PR05 S 2019-02-01T07:52:39.200000
UW LCCR P 2019-05-18T20:44:55.128393
CC SWF2 P 2019-03-28T03:45:33.760000
CC SWF2 S 2019-03-28T03:45:34.260000
CC HUSB P 2019-07-16T09:20:00.340000
CC HUSB P 2019-07-16T09:20:06.640000
CC PR04 P 2019-07-06T13:29:28.180000
CC PR04 S 2019-07-06T13:29:30.680000
UO DBO P 2019-06-18T10:49:07.440000
UW YACT P 2018-12-28T06:10:24.598393
UW YACT P 2018-12-28T06:10:30.398393
UW HICC P 2019-02-21T14:21:01.480000
UW HICC S 2019-02-21T14:21:04.880000
CN VGZ P 2019-06-08T09:51:40.980000
CN VGZ S 2019-06-08T09:51:46.780000
CN LLLB P 2019-07-12T09:52:21.280000
CN LLLB S 2019-07-12T09:52:28.680000
UW IRON P 2018-11-20T22:39:57.898393
UW IRON P 2018-11-20T22:40:04.998393
UW IRON S 2018-11-20T22:40:06.698393
UW EPH2 P 2019-07-02T09:48:28.690000
UW EPH2 P 2019-07-02T09:48:36.490000
UW BERY P 2019-07-13T17:51:55.860001
UW BERY S 2019-07-13T17:52:02.960001
CC SWF2 P 2019-07-02T12:28:46.015000
CC SWF2 S 2019-07-02T12:28:47.215000
CC PR04 P 2019-05-21T11:11:53.080000
CC PR04 S 2019-05-21T11:11:59.180000
CC PR04 P 2019-08-23T11:00:58.140000
CC PR04 S 2019-08-23T11:01:03.340000
CC STD P 2019-01-25T21:30:01.805000
CC STD S 2019-01-25T21:30:03.105000
UW BERY P 2019-01-09T17:19:44.323129
UW BERY S 2019-01-09T17:19:43.623129
UW BERY S 2019-01-09T17:19:44.523129
UW BERY S 2019-01-09T17:19:52.223129
CC SWF2 P 2019-04-09T09:57:41.300000
CC SWF2 S 2019-04-09T09:57:44.500000
CC PR05 P 2019-01-17T03:47:32.420000
CC PR01 S 2019-03-11T15:58:34.365000
UO BEER P 2018-10-24T07:51:58.128393
CC PR05 P 2019-02-02T00:46:49.820000
CC PR05 S 2019-02-02T00:46:51.820000
CC SWF2 P 2019-07-15T10:27:54.655000
CC SWF2 S 2019-07-15T10:27:55.355000
CC SWF2 P 2019-08-10T03:35:16.355000
CC SWF2 S 2019-08-10T03:35:17.255000
UW LON P 2019-07-13T06:40:35.280000
CC PR01 P 2019-08-13T22:58:22.530000
CC STD P 2019-03-01T05:05:45.185000
CC STD S 2019-03-01T05:05:52.985000
UW LON P 2019-02-08T17:30:50.310000
UW LON P 2019-02-08T17:30:55.510000
UW LON S 2019-02-08T17:30:57.310000
UW LUMI P 2019-09-03T10:24:07.260000
UW LUMI S 2019-09-03T10:24:08.460000
UW LUMI S 2019-09-03T10:24:12.260000
UW RATT P 2019-03-30T11:35:21.470000
UW SWID P 2019-07-12T09:56:09.570000
UW SWID S 2019-07-12T09:56:15.770000
UW BLOW P 2018-11-20T22:40:18.288393
UW BLOW S 2018-11-20T22:40:20.388393
UW BLOW P 2019-01-29T05:45:35.558393
CC JRO P 2019-03-04T03:14:53.410000
CC JRO S 2019-03-04T03:14:55.210000
UW BLOW P 2019-03-20T09:39:02.998393
UW BLOW S 2019-03-20T09:39:04.298393
CC PANH P 2019-06-28T16:34:17.200000
CC PANH S 2019-06-28T16:34:18.300000
CN VGZ P 2019-07-28T14:34:49.330000
UW FMW S 2019-06-26T20:21:04.230000
UW LON P 2018-10-08T10:47:27.785000
CC SIFT P 2019-08-17T09:14:17.940000
CC SIFT S 2019-08-17T09:14:20.240000
CC SWF2 P 2019-05-17T21:30:40.660000
UW LTY P 2019-04-06T04:55:38.380000
UW SHUK S 2019-04-20T14:32:11.980000
UW SHUK S 2019-04-20T14:32:12.980000
UW LON P 2019-06-02T01:09:11.905000
UO DBO P 2019-01-29T18:08:57.460000
UW YACT P 2018-12-29T06:13:09.428393
UW YACT S 2018-12-29T06:13:11.128393
UW UMAT P 2019-03-09T08:35:31.268393
UO DRAN P 2018-11-19T09:23:11.018393
UO DRAN S 2018-11-19T09:23:17.718393
UW DOSE P 2019-01-08T12:49:35.740000
UW DOSE S 2019-01-08T12:49:37.240000
UW DOSE S 2019-01-08T12:49:41.840000
UO MINN S 2019-05-28T14:36:42.788393
UO MINN S 2019-05-28T14:36:46.688393
UO MINN S 2019-05-28T14:36:49.788393
CC OBSR S 2019-06-10T22:59:33.925000
UW DOSE P 2018-10-08T10:47:25.515000
UW DOSE S 2018-10-08T10:47:33.415000
CC OBSR S 2018-10-03T09:31:39.870000
CC OBSR S 2018-10-03T09:31:42.970000
CC CARB P 2019-08-30T12:30:54.680000
CC CARB S 2019-08-30T12:30:56.980000
UW WAT2 P 2019-08-09T21:55:37.880000
UW WAT2 S 2019-08-09T21:55:39.780000
CC JRO P 2018-12-26T06:24:12.410000
CC JRO S 2018-12-26T06:24:17.710000
UW BERY P 2018-10-22T16:28:11.133129
UW BERY S 2018-10-22T16:28:12.833129
CC SWF2 P 2018-11-17T01:09:58.210000
CC SWF2 S 2018-11-17T01:10:00.010000
CC PR04 P 2018-11-15T01:09:46.980000
CC PR04 S 2018-11-15T01:09:48.980000
UW LON P 2019-08-18T12:29:41.410000
UW LON S 2019-08-18T12:29:41.710000
UW RATT S 2018-10-02T03:31:53.390000
UW RATT S 2018-10-02T03:32:01.190000
CN SYMB P 2019-04-05T17:40:03.810000
CN SYMB S 2019-04-05T17:40:10.310000
UW TKEY P 2019-07-07T15:11:31.040000
UW TKEY S 2019-07-07T15:11:35.140000
CC STD S 2019-01-23T23:11:19.465000
CC PANH P 2019-07-26T08:52:49.900000
CC PANH S 2019-07-26T08:52:50.600000
CC PR05 P 2019-08-18T12:29:39.800000
UO ROGE P 2019-03-02T09:51:17.898391
CN PTRF P 2019-07-13T15:05:10.050000
CN PTRF P 2019-07-13T15:05:13.750000
CC PR04 P 2019-07-19T22:47:07.940000
CC PR04 S 2019-07-19T22:47:11.040000
CC ASBU P 2018-10-22T04:18:33.540000
CC ASBU S 2018-10-22T04:18:35.440000
CN SHB P 2019-06-08T09:51:49.125000
UW GBB S 2019-05-06T23:21:37.560000
CC SIFT P 2019-08-11T23:49:52.800000
CC SIFT S 2019-08-11T23:50:00.600000
UW BERY S 2019-01-01T10:20:27.363130
UW BERY S 2019-01-01T10:20:35.363130
UW MDW P 2019-07-13T10:27:54.710000
UW MDW S 2019-07-13T10:27:56.410000
UW KREP P 2019-08-29T15:36:22.610000
UW RATT S 2019-06-18T18:42:40.819999
UW RATT S 2019-06-18T18:42:48.119999
CC PANH P 2019-08-23T23:37:10.920000
CC PANH S 2019-08-23T23:37:11.620000
CN BFSB P 2019-08-29T15:09:21.610000
CN BFSB S 2019-08-29T15:09:24.810000
UW KREP P 2019-07-22T07:34:56.039999
UW KREP S 2019-07-22T07:34:56.939999
UW KREP S 2019-07-22T07:35:01.239999
UW LON P 2019-06-30T18:57:10.970000
UW LON S 2019-06-30T18:57:11.670000
CC PR05 P 2018-11-17T09:47:18.560000
CC PR05 S 2018-11-17T09:47:20.560000
CC PANH P 2019-08-23T11:00:57.260000
CC PANH S 2019-08-23T11:01:01.160000
CN SHB P 2019-07-17T23:43:51.350000
CC OBSR P 2019-03-01T05:05:41.340000
CC OBSR S 2019-03-01T05:05:46.140000
UW MBKE P 2019-06-21T07:38:13.200000
UW MBKE S 2019-06-21T07:38:17.700000
UW SWID P 2019-04-20T14:31:58.580000
UW SWID S 2019-04-20T14:31:59.980000
UW SWID S 2019-04-20T14:32:02.780000
CC WIFE P 2019-01-29T18:09:13.800000
UW GBB P 2019-03-01T09:01:59.200000
UW GBB S 2019-03-01T09:02:06.300000
CN PGC P 2019-09-02T08:25:08.070000
CN PGC S 2019-09-02T08:25:14.670000
UW YACT S 2018-11-16T10:46:15.218394
CN VGZ P 2018-09-12T03:30:20.050000
CN VGZ S 2018-09-12T03:30:24.150000
CC JRO P 2019-04-04T09:28:57.550000
CC JRO S 2019-04-04T09:28:58.250000
CC JRO S 2019-04-04T09:29:03.350000
UW SNI2 P 2019-07-17T23:43:51.880000
UW SNI2 P 2019-07-17T23:43:54.780000
UW LTY P 2018-11-09T09:04:39.680000
UW BERY P 2019-04-23T05:08:26.823130
UW BERY S 2019-04-23T05:08:34.623130
CC PR01 P 2018-10-08T10:47:24.625000
CC PR01 S 2018-10-08T10:47:31.225000
CC CARB P 2019-08-23T17:37:38.340000
CC CARB S 2019-08-23T17:37:45.340000
UO OTLW P 2019-07-20T07:36:19.950000
UO OTLW S 2019-07-20T07:36:23.150000
UW GBB P 2019-06-15T11:09:32.130000
UW GBB S 2019-06-15T11:09:34.630000
CC VALT P 2019-03-12T02:19:13.480000
CC VALT S 2019-03-12T02:19:14.180000
UW FISH S 2019-04-29T18:14:01.248393
UW BERY P 2019-02-01T09:05:31.483130
UW BERY S 2019-02-01T09:05:32.783130
UW BERY S 2019-02-01T09:05:38.983130
UW FMW P 2019-04-16T15:40:43.400000
UO WLOO P 2019-08-16T07:27:50.038393
UO WLOO S 2019-08-16T07:27:52.538393
CC PR04 P 2019-07-14T17:45:01.640000
UW GNW P 2019-02-07T22:06:40.840000
UW GNW P 2019-02-07T22:06:44.540000
UW GNW S 2019-02-07T22:06:42.340000
UW GNW S 2019-02-07T22:06:46.440000
UW BLOW S 2019-07-13T11:54:44.538394
UW BERY P 2019-09-05T15:04:15.500000
UW BERY S 2019-09-05T15:04:19.500000
UO CAVE P 2019-07-21T04:04:17.778391
UO CAVE S 2019-07-21T04:04:19.878391
UW ELW S 2019-07-12T09:59:21.380000
CC JRO P 2019-01-23T23:11:14.830000
CC JRO S 2019-01-23T23:11:18.530000
UW LCCR P 2019-07-08T12:06:14.278393
UW LCCR S 2019-07-08T12:06:15.978393
UW LCCR S 2019-07-08T12:06:22.678393
CN SYMB P 2018-11-22T11:08:34.750000
CN SYMB S 2018-11-22T11:08:41.550000
CN LLLB P 2019-06-10T00:25:17.270000
CC SWF2 P 2018-12-09T11:15:08.450000
CC SWF2 S 2018-12-09T11:15:13.350000
UW EARN P 2019-07-17T23:43:22.610000
UW EARN S 2019-07-17T23:43:27.110000
UW LTY P 2019-04-11T23:27:19.380000
UW LTY S 2019-04-11T23:27:24.580000
CC PR04 P 2018-09-20T06:36:31.400000
UW RATT S 2019-08-15T11:29:20.540000
UW RATT S 2019-08-15T11:29:28.240000
CC PR05 P 2019-08-04T07:16:29.780000
CC PR05 S 2019-08-04T07:16:35.880000
CN HOPB P 2019-01-31T17:58:24.530000
CN HOPB S 2019-01-31T17:58:26.430000
UW TKCO S 2019-07-31T06:26:17.290000
UO WLOO P 2019-05-21T11:12:10.988393
UO WLOO S 2019-05-21T11:12:12.688393
CC OBSR P 2019-05-12T23:13:56.330000
CC OBSR S 2019-05-12T23:13:52.430000
CC OBSR S 2019-05-12T23:13:53.130000
UW STOR P 2019-08-14T11:31:24.098393
UW FISH P 2019-06-24T07:09:02.598393
UW FISH P 2019-06-24T07:09:05.898393
UW FISH S 2019-06-24T07:09:10.398393
CC VALT P 2019-01-26T02:10:27.220000
CC PANH P 2019-08-17T04:27:26.960000
CC PANH S 2019-08-17T04:27:29.860000
UO RAIN P 2018-10-27T14:05:29.888393
CC PANH P 2019-01-31T20:19:46.140000
UO JESE P 2018-11-30T17:34:34.558393
UW BBO P 2019-08-21T04:52:40.860000
UW BBO S 2019-08-21T04:52:47.660000
CC PRLK P 2018-09-11T21:23:43.020000
OO HYS12 P 2019-05-19T16:23:55.600000
OO HYS12 S 2019-05-19T16:24:00.700000
OO HYS12 S 2019-05-19T16:24:06.300000
UW BERY P 2019-08-11T16:45:03.990000
UW BERY S 2019-08-11T16:45:05.890000
CC OBSR P 2019-06-26T07:36:41.565000
CC OBSR S 2019-06-26T07:36:35.465000
CC OBSR S 2019-06-26T07:36:43.865000
CC PANH P 2019-08-11T16:45:19.240000
CC PANH S 2019-08-11T16:45:18.140000
CC PANH S 2019-08-11T16:45:21.840000
CC CARB P 2019-08-20T01:41:46.620000
UW FMW P 2019-05-11T04:44:36.610000
UW FMW S 2019-05-11T04:44:40.010000
CC HIYU P 2019-09-05T06:25:35.640000
CC HIYU S 2019-09-05T06:25:38.240000
CC STD P 2019-03-04T03:14:53.685000
CC STD S 2019-03-04T03:14:55.985000
CC JRO P 2019-01-25T21:30:01.190000
CC SWNB P 2019-07-07T04:54:49.840000
CC SWNB S 2019-07-07T04:54:51.540000
CC PR05 P 2019-07-26T04:17:28.640000
UW GNW P 2019-02-11T19:55:44.990000
UW GNW P 2019-02-11T19:55:49.190000
UW GNW S 2019-02-11T19:55:51.090000
UW BRKS P 2019-07-12T09:51:44.470000
UW BRKS S 2019-07-12T09:51:49.570000
UW GNW P 2019-01-29T06:14:03.540000
UW GNW S 2019-01-29T06:14:11.440000
CN SNB P 2018-11-08T07:03:47.540000
CN SNB S 2018-11-08T07:03:50.840000
CC VALT P 2019-03-12T02:22:26.820000
CC VALT S 2019-03-12T02:22:27.520000
CC RUSH P 2019-08-30T14:25:13.080000
CC RUSH S 2019-08-30T14:25:20.980000
UO JESE P 2019-07-09T19:31:04.348393
UO JESE S 2019-07-09T19:31:09.848393
CC PR01 P 2019-01-29T18:09:29.785000
CC RUSH P 2019-08-30T22:19:34.740000
CC RUSH S 2019-08-30T22:19:36.140000
CC PANH P 2019-08-17T09:14:16.900000
CC PANH S 2019-08-17T09:14:18.700000
CN VGZ P 2019-03-16T01:14:36.920000
CN VGZ S 2019-03-16T01:14:42.920000
UW BLOW P 2019-04-19T12:16:05.698393
CC SWF2 P 2019-09-05T00:15:48.095000
CC SWF2 S 2019-09-05T00:15:49.395000
CC STD P 2019-03-08T06:54:07.025000
CC STD S 2019-03-08T06:54:08.925000
UW FISH P 2018-10-15T13:37:44.548393
UW HOOD P 2019-07-09T19:45:45.750000
UW HOOD S 2019-07-09T19:45:47.150000
CC SWF2 P 2018-09-16T21:23:49.570000
CC SWF2 S 2018-09-16T21:23:51.470000
CC VALT P 2019-03-02T13:04:26.480000
CC VALT S 2019-03-02T13:04:27.980000
CN GOBB P 2018-10-30T17:59:57.960000
CN GOBB S 2018-10-30T18:00:00.360000
CN NLLB P 2019-01-27T08:30:32.280000
UW GNW P 2018-10-26T01:30:06.325000
UW GNW S 2018-10-26T01:30:12.325000
UO VERN P 2019-03-08T06:53:56.040000
UO VERN S 2019-03-08T06:53:49.540000
UW SHUK P 2019-04-12T07:35:24.440000
UW SHUK S 2019-04-12T07:35:25.840000
CN PABB P 2019-07-04T04:31:45.440000
CN SYMB P 2019-03-30T11:14:04.830000
UW NOWS P 2018-10-30T07:45:13.620000
UW LUMI P 2018-11-08T07:03:48.750000
UW LUMI S 2018-11-08T07:03:49.150000
UW LUMI S 2018-11-08T07:03:53.650000
CC VALT P 2019-04-26T13:40:08.440000
CC VALT S 2019-04-26T13:40:10.440000
UW BLOW P 2019-02-07T21:08:59.958394
UW BLOW S 2019-02-07T21:09:07.358394
CN NLLB P 2019-04-01T15:00:41.670000
UW RATT P 2019-07-12T13:00:09.760000
UW RATT S 2019-07-12T13:00:17.160000
CC STD P 2018-12-26T06:24:07.145000
CC STD S 2018-12-26T06:24:13.045000
CC STD S 2018-12-26T06:24:18.545000
CC OBSR P 2019-03-16T01:14:56.860000
CC PR01 P 2019-03-04T03:15:01.585000
CC PR01 S 2019-03-04T03:15:09.485000
UW IRON P 2019-04-12T10:44:26.888393
UO NATH P 2019-02-06T18:23:49.138394
UO MINN P 2019-07-28T21:16:12.378393
UO MINN S 2019-07-28T21:16:20.178393
UW LTY P 2019-03-29T13:43:54.780000
CC OBSR P 2018-09-29T13:25:41.850000
CC OBSR S 2018-09-29T13:25:43.050000
UW RAW P 2019-06-25T04:26:52.505000
UW RAW S 2019-06-25T04:26:55.205000
UW RCM S 2018-09-29T21:14:37.480000
UW WAT2 P 2019-07-17T23:43:40.550000
UW WAT2 S 2019-07-17T23:43:42.850000
UW DOSE S 2019-04-03T10:00:49.265000
CC PANH P 2019-08-24T18:19:14.260000
UO DRAN P 2019-03-29T04:56:16.868393
CN SNB P 2019-04-23T02:17:47.870000
CN SNB S 2019-04-23T02:17:51.370000
UW LTY S 2019-02-26T04:07:01.580000
CN SNB P 2019-03-19T15:39:43.090000
CC OBSR P 2019-08-09T15:44:40.440000
CC OBSR S 2019-08-09T15:44:40.940000
UW GBB P 2019-07-04T01:32:22.780000
CC SWF2 P 2018-11-09T06:44:02.350000
CC SWF2 S 2018-11-09T06:44:03.550000
UW LYNC P 2019-04-20T14:31:59.720000
UW LYNC P 2019-04-20T14:32:00.120000
UW LYNC S 2019-04-20T14:32:04.520000
CC OBSR P 2018-10-12T00:46:01.390000
CC OBSR S 2018-10-12T00:46:02.190000
CC OBSR S 2018-10-12T00:46:07.990000
UW DOSE P 2019-07-17T23:43:28.580001
UW DOSE S 2019-07-17T23:43:29.980001
UW STOR S 2018-11-11T17:07:48.318393
UW STOR S 2018-11-11T17:07:53.118393
UO DBO P 2019-08-16T07:44:55.840000
CC RUSH P 2019-08-29T15:09:18.900000
CC RUSH S 2019-08-29T15:09:22.800000
UW WISH P 2018-11-14T15:58:44.100000
UW WISH S 2018-11-14T15:58:44.900000
CC PR01 P 2019-01-21T03:43:29.865000
CC PR01 S 2019-01-21T03:43:32.365000
UW WISH P 2019-03-09T09:15:33.495000
UW WISH S 2019-03-09T09:15:33.795000
UW WISH S 2019-03-09T09:15:40.795000
UW DAVN P 2018-11-09T23:33:00.500000
UW DAVN S 2018-11-09T23:33:00.900000
CC PR05 P 2019-05-07T01:58:12.380000
CC PR05 P 2019-05-07T01:58:15.980000
CC PR04 P 2019-06-29T00:21:03.620000
CC PR04 S 2019-06-29T00:21:06.420000
UO WOOD P 2018-10-28T17:19:54.988393
UW BERY P 2019-03-31T12:28:52.453130
UW BERY S 2019-03-31T12:28:58.853130
UW CCRK P 2019-03-28T12:25:39.250000
UW CCRK S 2019-03-28T12:25:40.550000
UW RATT P 2019-02-13T16:28:46.120000
UW RATT P 2019-02-13T16:28:48.820000
UW RATT S 2019-02-13T16:28:52.420000
UW ELW P 2018-10-08T14:31:55.470000
UW ELW S 2018-10-08T14:31:58.670000
UW RATT S 2019-07-25T07:10:16.480000
UW RATT S 2019-07-25T07:10:22.080000
UW GNW P 2018-09-27T04:49:50.550000
CN PGC P 2019-01-28T07:08:08.610000
UO RAIN P 2019-05-19T16:24:03.038391
UO MINN P 2019-08-31T19:51:27.718393
UO MINN S 2019-08-31T19:51:21.318393
UO MINN S 2019-08-31T19:51:28.918393
UW DOSE P 2019-02-14T16:08:47.115000
UW DOSE S 2019-02-14T16:08:54.615000
CC OBSR P 2019-06-10T00:24:27.085000
CC OBSR S 2019-06-10T00:24:29.085000
CC PR01 P 2019-08-30T00:22:02.290000
UW GNW P 2019-03-05T23:13:51.520000
UW GNW S 2019-03-05T23:13:54.720000
UW TKEY P 2019-07-31T06:26:20.380000
UW TKEY S 2019-07-31T06:26:22.080000
UW TKEY S 2019-07-31T06:26:28.280000
UW WAT2 P 2019-06-07T16:42:41
UW WAT2 S 2019-06-07T16:42:43.400000
UO DRAN P 2018-10-14T14:31:15.338393
UO DRAN S 2018-10-14T14:31:23.038393
CC SWF2 P 2019-02-20T14:26:27.600000
CC SWF2 S 2019-02-20T14:26:27.100000
CC SWF2 S 2019-02-20T14:26:27.900000
CC SWF2 S 2019-02-20T14:26:32.300000
UW FMW P 2019-06-28T16:34:16.770000
UW FMW P 2019-06-28T16:34:17.970000
UW FMW S 2019-06-28T16:34:26.170000
UW TLW1 P 2019-05-18T00:48:21.260000
UW TLW1 S 2019-05-18T00:48:23.860000
UO DRAN P 2018-10-24T00:22:10.478393
UO DRAN S 2018-10-24T00:22:12.678393
CC OBSR P 2019-06-17T02:49:18.845000
CC OBSR S 2019-06-17T02:49:19.445000
CC OBSR S 2019-06-17T02:49:25.845000
UW FMW P 2019-07-14T17:45:01.730000
CC HUSB P 2019-03-18T00:51:50.500000
CC HUSB S 2019-03-18T00:51:56.400000
UO RAIN P 2018-10-24T00:22:23.968391
UO VERN P 2019-07-25T20:33:40.410000
CC PR05 P 2019-02-20T17:12:48.880000
UW SWID P 2019-07-14T17:44:52.020000
UW SWID S 2019-07-14T17:44:53.720000
UW SWID S 2019-07-14T17:44:58.220000
UW RAW P 2019-05-08T08:40:52.455000
UW RAW S 2019-05-08T08:40:52.655000
UW RAW S 2019-05-08T08:40:55.455000
CC CARB P 2019-09-07T10:49:48.080000
CC CARB S 2019-09-07T10:49:51.580000
CC PR05 P 2019-08-31T19:51:51.520000
UW LUMI S 2019-08-03T04:32:48.019999
UW LUMI S 2019-08-03T04:32:53.619999
CC STD P 2019-07-04T08:06:59.305000
CC STD S 2019-07-04T08:07:00.505000
CC STD S 2019-07-04T08:07:07.305000
UW HOOD P 2019-07-09T17:53:39.180000
UW HOOD S 2019-07-09T17:53:40.480000
CC OBSR P 2019-08-03T22:02:15.880000
CC OBSR S 2019-08-03T22:02:16.680000
UW MOX S 2019-02-19T17:44:33.790000
UW MOX S 2019-02-19T17:44:38.890000
CC JRO P 2019-04-02T13:00:18.990000
UW WA2 P 2019-01-03T01:30:24.160000
UW WA2 S 2019-01-03T01:30:26.360000
UW GNW P 2019-01-19T16:52:41.440000
UW GNW P 2019-01-19T16:52:43.940000
UW GNW S 2019-01-19T16:52:49.740000
CN VGZ S 2019-04-06T05:26:35.480000
CN VGZ S 2019-04-06T05:26:38.280000
CN SNB P 2019-08-28T00:13:02.880000
CN SNB S 2019-08-28T00:13:09.980000
UW LUMI P 2019-04-05T19:50:00.060000
UW LUMI S 2019-04-05T19:50:04.160000
CC PR01 P 2019-03-24T01:52:58.985000
CC PR01 S 2019-03-24T01:52:59.185000
CN VGZ P 2019-03-05T07:48:10.570000
CN VGZ S 2019-03-05T07:48:16.270000
CC SWF2 P 2019-05-23T10:10:06.680000
CC SWF2 S 2019-05-23T10:10:06.980000
CC OBSR P 2019-07-22T00:08:36.700000
CC OBSR S 2019-07-22T00:08:34.900000
CC OBSR S 2019-07-22T00:08:38.200000
UW RCM P 2019-01-29T03:42:52.510000
UW RCM S 2019-01-29T03:42:46.010000
CN SNB P 2019-03-31T12:28:55.260000
CN SNB S 2019-03-31T12:29:03.460000
UW LTY P 2018-11-14T15:58:46.730000
CC PANH S 2019-08-15T05:43:31.020000
UW DOSE P 2019-05-25T13:44:31.320000
UW DOSE S 2019-05-25T13:44:36.320000
CC SHRK P 2018-09-20T06:36:28.870000
CC SHRK S 2018-09-20T06:36:29.270000
CN SHB P 2019-06-04T04:50:00.250000
CN SHB S 2019-06-04T04:50:01.950000
UW SHUK P 2018-10-02T11:49:52.620000
UW SHUK S 2018-10-02T11:49:49.220000
UW SHUK S 2018-10-02T11:49:52.920000
UW SHUK S 2018-10-02T11:49:56.620000
UO RAIN P 2019-04-09T12:44:57.818393
UO RAIN S 2019-04-09T12:45:01.218393
UW STOR P 2019-02-04T01:40:22.858393
UW STOR S 2019-02-04T01:40:30.958393
UW FMW P 2019-02-20T17:12:49.270000
UW FMW P 2019-02-20T17:12:53.570000
UW RCM P 2019-08-29T22:50:23.480000
UW RCM S 2019-08-29T22:50:18.880000
CN VGZ P 2018-11-22T00:15:19.370000
UW RATT P 2019-07-12T10:50:38.280000
UW RATT S 2019-07-12T10:50:39.580000
UW RATT S 2019-07-12T10:50:45.680000
UO WOOD P 2018-12-03T21:50:35.728393
CC JRO P 2019-04-22T14:47:51.030000
CC JRO S 2019-04-22T14:47:58.830000
CC OBSR P 2019-03-19T02:00:09.160000
CC OBSR S 2019-03-19T02:00:10.860000
CC PR05 P 2019-07-26T08:52:49.600000
UW DOSE P 2019-01-25T04:08:08.140000
UW DOSE S 2019-01-25T04:08:09.040000
UW DOSE S 2019-01-25T04:08:12.840000
UW GNW P 2018-10-17T19:10:58.250000
UW GNW S 2018-10-17T19:10:50.750000
UW GNW P 2019-07-12T09:54:09.970000
UW GNW P 2019-07-12T09:54:13.270000
UW GNW S 2019-07-12T09:54:17.770000
UW DOSE P 2018-10-22T12:49:08.965000
UW DOSE S 2018-10-22T12:49:03.665000
UW DOSE S 2018-10-22T12:49:13.965000
CC STD P 2018-11-29T18:44:14.025000
CC STD P 2018-11-29T18:44:18.725000
CC STD S 2018-11-29T18:44:21.825000
CC PR05 P 2018-10-11T03:36:17.180000
CC PR05 P 2018-10-11T03:36:24.880000
CC PR05 S 2018-10-11T03:36:19.080000
UW GBB P 2019-06-15T03:22:03.490000
CC JRO P 2018-09-13T04:18:00.790000
CC JRO S 2018-09-13T04:18:05.290000
CN PGC P 2019-04-02T18:29:58.050000
UW BLOW P 2019-07-21T22:13:10.788393
CN SNB P 2019-04-05T19:49:54.420000
CN SNB P 2019-04-05T19:49:59.020000
CN SNB S 2019-04-05T19:50:02.220000
CC PR05 P 2019-01-25T02:51:55.160000
CN GOBB P 2019-07-23T08:25:16.590000
CN GOBB P 2019-07-23T08:25:20.990000
CN GOBB S 2019-07-23T08:25:22.790000
CC VALT P 2019-03-30T00:51:19.880000
CC VALT S 2019-03-30T00:51:20.980000
CC JRO P 2019-09-01T06:09:17.910000
CN BPEB S 2019-07-12T09:55:21.830000
UO CAVE P 2019-08-23T03:32:23.648393
CC PR04 P 2019-02-18T16:58:49.820000
CC PR04 S 2019-02-18T16:58:57.120000
CC TCBU S 2019-07-12T09:52:36.340000
CC TCBU S 2019-07-12T09:52:42.640000
UW BERY P 2018-11-22T00:15:13.923130
UW BERY S 2018-11-22T00:15:19.623130
CN SNB P 2019-04-29T18:13:30.280000
CN SNB S 2019-04-29T18:13:38.080000
UW DOSE P 2018-12-13T12:00:44.515000
UW DOSE S 2018-12-13T12:00:45.115000
UW DOSE S 2018-12-13T12:00:50.715000
UW LCCR P 2019-08-29T16:09:27.768393
CC VALT P 2019-04-20T07:11:07.600000
CC VALT S 2019-04-20T07:11:10.200000
UW MOX P 2019-07-12T10:46:17.980000
UW MOX S 2019-07-12T10:46:25.580000
UW MDW P 2019-06-25T06:29:11.800000
UW MDW S 2019-06-25T06:29:13.400000
UO CAVE P 2018-10-15T02:07:20.048393
UO CAVE S 2018-10-15T02:07:22.348393
UW GNW P 2018-09-27T11:48:21.300000
UW GNW S 2018-09-27T11:48:26.100000
UW LON S 2018-10-17T18:05:19.305000
UW KREP P 2019-07-08T12:06:16.440000
CC PR04 P 2019-05-18T00:48:30.180000
CC SWF2 P 2019-01-27T03:42:16.200000
CC SWF2 S 2019-01-27T03:42:18.200000
UW SP2 P 2019-07-12T21:31:11.420002
UW SP2 S 2019-07-12T21:31:18.320002
UW STOR P 2019-07-26T12:58:51.608393
UW STOR S 2019-07-26T12:58:55.808393
UW GNW P 2018-10-16T05:22:20.700000
UW GNW S 2018-10-16T05:22:28.500000
CN BPEB S 2019-05-20T15:12:02.510000
CN BPEB S 2019-05-20T15:12:05.410000
CN SNB P 2019-04-01T15:00:31.190000
CN SNB S 2019-04-01T15:00:38.890000
CC SWF2 P 2018-10-23T03:34:21.530000
CC SWF2 S 2018-10-23T03:34:24.430000
UW BLOW P 2019-03-09T15:23:47.168393
CN CLRS P 2018-11-08T07:03:55.620000
UW LRIV P 2018-11-02T22:55:18.540000
UW BERY P 2019-01-18T03:49:14.193130
UW BERY S 2019-01-18T03:49:21.993130
CC STD P 2019-03-10T14:33:35.405000
CC STD S 2019-03-10T14:33:35.605000
UO MARQ P 2019-07-09T16:53:40.930000
UO DRAN P 2018-12-06T10:23:37.988393
CC RUSH P 2019-08-31T07:38:30.620000
CC RUSH S 2019-08-31T07:38:31.820000
CC OBSR P 2019-09-02T04:21:55.400000
CC OBSR S 2019-09-02T04:21:56.800000
UW DDRF P 2019-07-12T09:52:16.288393
UW DDRF P 2019-07-12T09:52:21.388393
UO JESE P 2019-07-10T07:34:12.868393
UO JESE S 2019-07-10T07:34:17.668393
UW CCRK P 2019-04-16T19:43:43.310000
UW CCRK S 2019-04-16T19:43:44.810000
UW BBO P 2019-08-15T03:16:48.030003
UW BBO S 2019-08-15T03:16:49.730003
CC PRLK P 2018-11-09T00:01:08.960000
UW HOOD P 2019-01-29T05:45:22.720000
UW HOOD S 2019-01-29T05:45:23.920000
UW WAT2 P 2019-03-19T15:39:54.060000
CC NORM P 2019-08-16T15:24:47.760000
UW H2O P 2018-12-14T00:35:09.280000
UW H2O S 2018-12-14T00:35:12.780000
CC OBSR P 2019-03-02T10:44:04.820000
CC OBSR P 2019-03-02T10:44:09.120000
CC OBSR S 2019-03-02T10:44:10.720000
UW SHUK S 2019-03-08T14:43:37.800000
UW SP2 P 2019-08-14T11:31:18.370000
UW SP2 P 2019-08-14T11:31:21.770000
UW SP2 S 2019-08-14T11:31:24.270000
CN VGZ P 2019-01-08T02:22:15.290000
CN VGZ S 2019-01-08T02:22:23.190000
CC PANH P 2019-01-31T09:20:38.360000
UW RATT P 2019-04-12T03:09:41.645000
UW RATT P 2019-04-12T03:09:48.445000
UW RATT S 2019-04-12T03:09:49.645000
UW LON S 2019-07-27T12:57:01.030000
UW LON S 2019-07-27T12:57:03.030000
CC SHRK P 2019-06-04T04:50:18.810000
CC SHRK S 2019-06-04T04:50:20.510000
CN BFSB P 2019-07-12T09:52:13.690000
UW FMW P 2019-06-27T18:25:25.440000
UW FMW S 2019-06-27T18:25:29.340000
UW DDRF P 2018-10-05T08:09:28.958393
UW DDRF S 2018-10-05T08:09:31.558393
CC PR05 P 2019-07-06T13:29:27.240000
CC PR05 S 2019-07-06T13:29:28.840000
UO RAIN P 2019-05-15T22:17:20.288393
UO RAIN P 2019-05-15T22:17:25.588393
UO RAIN S 2019-05-15T22:17:28.688393
UW BLOW P 2019-07-17T15:00:58.668393
UW BLOW S 2019-07-17T15:01:00.868393
UW HOOD P 2019-07-11T10:22:26.770000
UW HOOD S 2019-07-11T10:22:28.070000
UW RAW S 2019-07-16T07:47:02.435000
UW RCM P 2018-10-18T17:41:00.190000
UW RCM S 2018-10-18T17:40:57.990000
UW RCM S 2018-10-18T17:41:01.190000
UW RCM P 2019-08-29T15:36:26.770000
UO CAVE P 2019-04-12T14:07:16.528394
UO CAVE S 2019-04-12T14:07:18.228394
CC PANH P 2019-02-06T18:24:32.520000
CC PANH S 2019-02-06T18:24:28.320000
CC PANH S 2019-02-06T18:24:33.120000
UW GNW P 2018-11-03T11:37:13.975000
UW GNW S 2018-11-03T11:37:16.175000
UW MOX P 2019-07-09T00:45:54.470000
UW MOX S 2019-07-09T00:45:55.270000
UW MOX S 2019-07-09T00:45:59.970000
UW OMAK P 2018-09-27T04:50:12.050000
CN OZB P 2019-05-14T04:32:13.025000
CN OZB S 2019-05-14T04:32:15.625000
UW FISH P 2019-09-06T03:28:02.588393
UW FISH S 2019-09-06T03:28:03.788393
CC SWF2 P 2018-09-11T21:23:50.670000
CC SWF2 S 2018-09-11T21:23:51.770000
CC NORM P 2019-05-03T11:35:32.120000
CC NORM S 2019-05-03T11:35:34.120000
CC PANH P 2019-02-18T16:58:48.420000
CC PANH S 2019-02-18T16:58:54.720000
UW FMW P 2019-08-23T11:00:58.390000
UW FMW S 2019-08-23T11:01:03.190000
CC SWF2 P 2019-08-30T10:12:28.975000
CC SWF2 S 2019-08-30T10:12:31.075000
CC SIFT P 2019-08-23T17:37:40.100000
CC SIFT S 2019-08-23T17:37:47.900000
UW RATT S 2019-05-01T06:35:40.870000
UW RATT S 2019-05-01T06:35:48.070000
CN PTRF P 2019-05-13T04:29:17.190000
CC STD P 2019-06-21T07:38:47.765000
CC STD S 2019-06-21T07:38:49.265000
UW MDW P 2018-10-18T11:34:16.630000
UW MDW S 2018-10-18T11:34:18.230000
CC PR01 P 2019-02-24T09:51:34.465000
CN VGZ S 2018-09-23T04:00:17.700000
CC OBSR P 2018-09-29T20:20:16.250000
CC OBSR S 2018-09-29T20:20:17.550000
UO BEER P 2019-07-17T15:00:38.868393
CC PANH P 2019-06-02T01:27:45.640000
UO VERN P 2019-09-01T06:09:05.150000
UO VERN S 2019-09-01T06:08:57.650000
UW TOLT P 2019-04-18T16:11:55.145000
UW LON P 2019-01-29T03:42:50.460000
UW FMW P 2019-04-22T11:04:00.990000
CN CLRS P 2019-08-29T15:09:24.530000
CC SHRK P 2019-07-09T17:52:38.210000
CC SHRK S 2019-07-09T17:52:34.610000
CC SHRK S 2019-07-09T17:52:41.410000
CC SWF2 P 2019-02-18T16:59:02.220000
CC SWF2 S 2019-02-18T16:59:02.920000
CC SWF2 P 2019-04-18T03:26:44.245000
CC SWF2 S 2019-04-18T03:26:45.245000
UW TOLT P 2019-03-13T09:44:53.045000
UW TOLT S 2019-03-13T09:44:56.045000
UW GBB P 2019-08-29T15:09:38.360000
UW RATT S 2019-04-01T12:59:46.645000
CN PTRF P 2019-09-10T02:35:12.820000
UW OMAK P 2019-05-26T04:02:21.250000
UW EVGW P 2019-07-12T09:56:07.440000
UW EVGW S 2019-07-12T09:56:11.540000
CC OBSR P 2019-01-29T19:24:56.620000
CC OBSR P 2019-01-29T19:25:01.720000
UW DOSE P 2019-01-29T18:09:31.390000
UW RATT P 2019-03-31T12:29:07.020000
CC PANH P 2019-02-07T06:59:09.460000
CC PANH S 2019-02-07T06:59:11.460000
CC PR05 P 2018-11-15T01:09:46.600000
CC PR04 P 2018-11-15T03:34:38.440000
CC PRLK P 2019-07-22T17:09:58.755000
CC PRLK S 2019-07-22T17:09:59.955000
UW LCCR P 2019-02-24T09:51:15.958394
UW BLOW P 2019-07-09T16:56:28.718393
CC PR05 P 2018-10-14T10:16:50.500000
CC PR05 S 2018-10-14T10:16:57.500000
CC PR05 S 2018-10-17T23:31:56.020000
CC PR05 S 2018-10-17T23:32:02.720000
UO LAIR P 2019-08-16T07:27:32.918394
UO LAIR S 2019-08-16T07:27:35.018394
UO LAIR S 2019-08-16T07:27:38.218394
UW GNW P 2018-11-19T11:09:23.425000
UW GNW S 2018-11-19T11:09:31.125000
UW KENT P 2019-07-09T16:56:29.818393
UW KENT S 2019-07-09T16:56:30.818393
CN SYMB P 2019-01-08T12:49:40.420000
UW RATT P 2018-10-10T12:11:56.690000
CN PGC P 2019-07-14T17:45:05.460000
UW RATT S 2019-02-15T05:33:54.270000
CC PR04 P 2018-11-17T09:47:19.600000
CC PR04 S 2018-11-17T09:47:16.100000
CC PR04 S 2018-11-17T09:47:22.100000
UW WA2 P 2019-06-14T17:00:23.190000
UW WA2 S 2019-06-14T17:00:25.790000
UW WA2 S 2019-06-14T17:00:27.390000
UW RATT S 2019-04-22T06:19:20.870000
CC STD P 2018-09-13T04:18:00.245000
CC STD S 2018-09-13T04:18:01.345000
CC STD S 2018-09-13T04:18:04.045000
CC OBSR P 2018-09-27T04:49:46.130000
CC OBSR S 2018-09-27T04:49:46.430000
CC OBSR S 2018-09-27T04:49:53.230000
UW DDRF P 2019-02-01T00:03:11.308393
UW DDRF S 2019-02-01T00:03:15.608393
UW TLW1 P 2019-03-19T15:39:39.530000
CC VALT P 2019-04-10T14:12:50.220000
CC VALT S 2019-04-10T14:12:53.820000
CC VALT S 2019-04-10T14:12:56.920000
UW FMW P 2019-08-17T04:27:27.090000
UW FMW S 2019-08-17T04:27:30.190000
UW BERY P 2018-11-30T22:11:46.413130
UW BERY S 2018-11-30T22:11:49.413130
CC SWF2 P 2019-02-10T17:57:04.780000
CC SWF2 S 2019-02-10T17:57:06.180000
CC PR05 P 2019-08-17T09:14:17.900000
CC PR05 S 2019-08-17T09:14:20.200000
UW GNW P 2019-04-05T20:04:21.395000
UW OMAK P 2019-05-18T19:19:22.950000
UW LTY P 2019-02-07T06:59:02.130000
UW LTY P 2019-02-07T06:59:09.530000
UO LAIR P 2018-11-04T22:14:10.328393
UO LAIR S 2018-11-04T22:14:11.828393
UW LTY P 2018-10-13T02:18:57.130000
CC PR01 P 2019-07-11T20:46:30.790000
CC PR01 S 2019-07-11T20:46:33.090000
UW MPL P 2019-02-20T15:48:48.940000
UW MPL S 2019-02-20T15:48:52.540000
CC SEP P 2019-09-02T21:22:12.260000
CC SEP S 2019-09-02T21:22:13.060000
UW FISH P 2019-02-15T03:49:07.408393
UW RCM P 2018-10-11T03:36:18.410000
UW RCM S 2018-10-11T03:36:14.910000
UW RCM S 2018-10-11T03:36:21.010000
UW DOSE P 2019-04-02T18:29:51.240000
UW DOSE S 2019-04-02T18:29:51.540000
CC PR05 P 2019-01-05T19:35:57.860000
CN PGC P 2019-04-20T14:32:10.310000
UW BERY P 2019-06-26T08:26:01
UW BERY S 2019-06-26T08:26:04.100000
CC SWF2 P 2019-04-19T11:00:52.385000
CC SWF2 S 2019-04-19T11:00:58.685000
UW LON P 2019-06-28T23:41:19.200000
UW RATT P 2019-07-20T13:06:52.930000
UW RATT S 2019-07-20T13:06:53.730000
UW RATT S 2019-07-20T13:07:00.130000
CC SWF2 P 2019-03-12T02:36:34.100000
CC SWF2 S 2019-03-12T02:36:35.500000
CC SWF2 S 2019-03-12T02:36:40.400000
UO WOOD P 2018-10-31T05:18:15.938393
UW LON P 2019-08-22T21:54:25.250000
UW LON S 2019-08-22T21:54:20.750000
UW CBS P 2019-08-17T12:47:52.950000
UW CBS S 2019-08-17T12:47:54.950000
CC PR05 P 2019-01-24T15:30:23.920000
CC PR05 P 2019-01-24T15:30:29.420000
CC PR05 P 2019-01-24T15:30:30.520000
CC PR05 S 2019-01-24T15:30:31.620000
UW BERY P 2019-06-30T21:34:45.130000
UW BERY S 2019-06-30T21:34:48.330000
UW SNI2 P 2019-08-10T05:26:10.720000
UW BLOW P 2019-08-16T07:27:56.628393
CC JRO P 2019-07-01T09:39:21.950000
CC JRO P 2019-07-01T09:39:28.050000
CC JRO S 2019-07-01T09:39:29.550000
UW KREP P 2019-02-07T21:00:28.760000
UW KREP S 2019-02-07T21:00:29.360000
UW KREP S 2019-02-07T21:00:35.860000
CN GOBB P 2019-08-04T06:41:53.760000
UW LON P 2019-07-31T04:06:28.600000
UW PRO P 2019-09-05T08:34:52.180000
UW PRO S 2019-09-05T08:34:53.380000
UW GBB P 2019-06-28T16:02:55.490000
CC PR04 P 2019-06-29T00:44:56.620000
CC PR04 S 2019-06-29T00:44:59.620000
UW LON P 2018-09-19T13:06:19.985000
UW LON S 2018-09-19T13:06:21.385000
UW WAT2 S 2019-07-13T15:05:05.540000
CC PR05 P 2018-11-08T00:39:17.800000
CC SHRK P 2019-07-10T02:56:16.530000
CC SHRK S 2019-07-10T02:56:20.130000
CC CPCO P 2019-03-29T07:40:57.100000
CC CPCO S 2019-03-29T07:40:58.300000
BK HUMO P 2018-10-31T05:18:07.898393
BK HUMO S 2018-10-31T05:18:11.898393
UW LTY P 2019-03-08T14:43:32.730000
UW DOSE S 2019-07-25T02:04:41.960001
UW DOSE S 2019-07-25T02:04:49.660001
UW LCCR S 2019-06-29T04:21:23.168393
UW LCCR S 2019-06-29T04:21:28.368393
CC SHRK S 2019-07-10T04:08:29.210000
UW LON P 2019-05-02T14:43:34.690000
CC SWF2 P 2019-03-12T02:19:32.900000
CC SWF2 S 2019-03-12T02:19:33.900000
CC OBSR P 2019-07-02T16:28:37.040000
CC OBSR S 2019-07-02T16:28:33.040000
CC OBSR S 2019-07-02T16:28:37.240000
CC OBSR S 2019-07-02T16:28:45.040000
CC STD P 2018-12-09T11:15:07.805000
CC STD S 2018-12-09T11:15:12.105000
CC STD P 2019-04-18T11:22:16.405000
CC STD S 2019-04-18T11:22:19.905000
UO CHIL P 2019-05-11T19:48:35.708394
CC PR04 P 2019-08-06T09:00:58.240000
CC PANH P 2019-07-29T21:13:23.180000
CC PANH S 2019-07-29T21:13:28.080000
UW DOSE P 2019-03-28T17:51:58.390000
UW DOSE S 2019-03-28T17:51:59.490000
UW LCCR S 2019-01-18T19:45:43.518393
UO VERN P 2019-05-21T11:11:51.240000
UW FMW P 2019-06-18T18:42:33.900000
UW FMW S 2019-06-18T18:42:37
UW GNW P 2019-07-12T19:04:46.540000
UW GNW S 2019-07-12T19:04:54.740000
UW STOR P 2018-10-15T13:37:30.658393
UW ELW P 2019-07-24T01:38:22.480000
UW ELW P 2019-07-24T01:38:23.780000
UW MOX S 2019-08-09T21:55:57.550000
UW PRO P 2018-09-29T04:27:17.470000
UW PRO S 2018-09-29T04:27:19.070000
UW PRO S 2018-09-29T04:27:25.370000
UW FMW P 2018-12-09T11:15:12.850000
UW FMW S 2018-12-09T11:15:13.350000
UW FMW S 2018-12-09T11:15:20.750000
CC PR05 P 2019-06-12T18:06:38.140000
CC PR05 S 2019-06-12T18:06:34.340000
CC PR05 S 2019-06-12T18:06:39.840000
CC PR05 P 2019-07-18T23:38:31.280000
CC PRLK P 2019-03-18T00:51:51.020000
CC PRLK S 2019-03-18T00:51:57.320000
UW FMW P 2018-11-03T05:03:53.830000
UW FMW S 2018-11-03T05:03:57.130000
UW FMW P 2019-03-08T14:43:25.190000
UW FMW P 2019-03-08T14:43:29.290000
UW FMW P 2019-03-08T14:43:30.490000
UW FMW S 2019-03-08T14:43:31.090000
UW KREP P 2019-06-02T01:27:44.470000
UW KREP S 2019-06-02T01:27:46.370000
UW EARN P 2019-07-12T09:54:04.440000
UW EARN S 2019-07-12T09:54:09.040000
UW GBB P 2019-05-20T07:36:57.380000
UW GBB S 2019-05-20T07:36:59.980000
CC PRLK P 2019-07-09T17:06:30.610000
UO CAVE P 2019-07-01T06:26:11.818393
UO CAVE S 2019-07-01T06:26:04.918393
CC OBSR P 2019-07-25T20:33:58.840000
CC OBSR S 2019-07-25T20:34:01.340000
UW DOSE P 2019-03-31T23:20:22.415000
UW DOSE S 2019-03-31T23:20:23.115000
UW HOOD P 2019-07-11T22:09:50.530000
UW HOOD S 2019-07-11T22:09:51.930000
CC PR04 P 2019-04-02T13:00:15.020000
CN HNBB P 2018-09-30T10:05:26.280000
CC CPCO P 2019-01-26T13:41:31.980000
CC CPCO S 2019-01-26T13:41:32.980000
CC OBSR S 2019-06-25T17:51:04.185000
CC PR05 P 2019-03-02T13:04:33.480000
UW HOOD P 2018-11-17T13:25:52.870000
UW HOOD S 2018-11-17T13:25:53.970000
UW RATT P 2019-03-10T14:33:36.920000
UW RATT S 2019-03-10T14:33:37.620000
UW PERL P 2018-11-01T05:41:00.980000
UW PERL S 2018-11-01T05:41:10.780000
UO MARQ P 2019-09-06T01:15:27.860000
UW BERY P 2018-10-19T15:03:13.663130
CC PANH P 2019-02-19T17:25:35.640000
CC JRO P 2019-08-10T03:35:15.350000
UO TOOM P 2018-11-28T06:42:20.368393
UW PRO P 2019-05-10T11:20:14.540000
UW PRO S 2019-05-10T11:20:15.040000
UW PRO S 2019-05-10T11:20:20.240000
CN SNB P 2019-09-02T08:25:07.630000
CN SNB S 2019-09-02T08:25:14.330000
CC VALT P 2018-10-17T19:10:52.960000
CC VALT S 2018-10-17T19:10:53.760000
CN PGC P 2019-04-06T08:02:06.890000
CN PGC S 2019-04-06T08:02:10.690000
UW H2O P 2019-03-09T08:35:13.180000
UW H2O S 2019-03-09T08:35:17.280000
CC PR04 P 2019-07-04T04:32:28.100000
UO BUCK P 2019-07-17T15:00:49.130000
UW GNW P 2019-08-14T11:31:19.620000
UW GNW S 2019-08-14T11:31:25.820000
CN PGC P 2019-02-06T18:24:53.690000
CC CARB P 2019-08-30T22:19:36.260000
CC CARB S 2019-08-30T22:19:40.560000
UW SWID P 2019-06-21T07:41:27.970000
UW WA2 P 2019-01-18T05:06:51.770000
UW WA2 S 2019-01-18T05:06:52.870000
UW WA2 S 2019-01-18T05:06:56.170000
UW LTY P 2019-07-06T23:18:02.900000
UW RATT S 2018-10-17T06:36:31.165000
CC JRO P 2019-08-09T14:39:52.770000
UW EVGW P 2019-06-30T21:34:51.550000
UW EVGW S 2019-06-30T21:34:59.150000
UW HOOD P 2019-03-29T11:27:06.050000
UW HOOD S 2019-03-29T11:27:09.750000
CC PR05 P 2019-09-10T02:35:19.960000
CN CLRS P 2019-04-02T18:30:05.390000
CC PR04 P 2019-04-22T21:46:20.100000
UO BEER P 2018-12-04T15:30:10.858393
UO BEER S 2018-12-04T15:30:11.658393
CC SHRK P 2019-07-05T13:00:30.970000
CC SWF2 P 2019-08-05T07:44:42.515000
CC SWF2 P 2019-08-05T07:44:48.215000
CC SWF2 S 2019-08-05T07:44:42.915000
CC SWF2 S 2019-08-05T07:44:49.415000
UW BERY P 2019-08-18T12:29:40.810000
UW RATT S 2019-04-30T03:50:12.295000
UW RATT S 2019-04-30T03:50:17.995000
CC PR01 P 2019-04-10T14:12:55.925000
UW RATT P 2019-05-09T07:28:55.470000
UW RATT P 2019-05-09T07:29:03.370000
UW FMW P 2019-01-24T15:30:24.390000
UW FMW P 2019-01-24T15:30:28.690000
UW FMW S 2019-01-24T15:30:32.290000
UW FMW P 2019-02-02T03:30:21.260000
UW FMW S 2019-02-02T03:30:27.660000
CC NORM P 2019-02-22T10:27:18.640000
CC NORM S 2019-02-22T10:27:20.840000
CC NORM S 2019-02-22T10:27:25.640000
UW EVGW P 2019-07-15T04:03:59.050000
UW EVGW S 2019-07-15T04:04:03.250000
CC PANH S 2019-06-30T15:31:28.300000
CC PR05 P 2018-12-09T11:15:11.160000
CC PR05 S 2018-12-09T11:15:18.060000
CC SWF2 P 2018-09-20T06:36:19.650000
CC SWF2 S 2018-09-20T06:36:21.450000
CC SWF2 S 2018-09-20T06:36:25.650000
UW RCM S 2018-10-14T10:16:51.230000
UW RCM S 2018-10-14T10:16:58.430000
UO CAVE P 2018-11-17T14:54:52.708393
CC PR04 P 2019-01-27T03:42:21.660000
CN PGC P 2019-02-24T11:44:58.170000
CN PGC S 2019-02-24T11:45:01.770000
CC OBSR S 2018-11-23T20:22:04.970000
CC SWF2 P 2019-07-30T12:00:56.435000
CC SWF2 S 2019-07-30T12:00:57.535000
UO DRAN P 2019-07-13T23:04:58.028393
UW LON P 2019-01-25T02:51:56.520000
UW RATT P 2019-04-01T15:00:40.820000
UW RATT S 2019-04-01T15:00:42.320000
UW FMW P 2019-02-11T19:55:48.600000
UW FMW S 2019-02-11T19:55:53
UW FMW S 2019-02-11T19:55:56.500000
CC ASBU P 2019-02-06T18:23:54.385000
CC ASBU S 2019-02-06T18:23:55.585000
CN SNB P 2019-01-17T03:47:19.960000
UO WOOD P 2018-11-09T06:43:33.148394
CC VALT P 2018-12-22T07:44:00.880000
CC VALT S 2018-12-22T07:44:04.080000
UW SWID P 2019-06-01T18:26:57.260000
UW SWID S 2019-06-01T18:27:05.060000
UW DOSE S 2019-02-22T19:56:42.165000
CC SWF2 P 2019-06-29T23:33:16.395000
CC SWF2 S 2019-06-29T23:33:17.595000
UW DDRF P 2018-07-29T15:10:16.258393
UW DDRF S 2018-07-29T15:10:17.458393
UW FMW P 2019-07-03T22:27:40.960000
UW FMW S 2019-07-03T22:27:44.660000
UW LON P 2019-08-14T11:31:27.250000
UW LON P 2019-08-14T11:31:30.850000
UO MINN P 2019-02-24T09:51:08.638393
UO MINN S 2019-02-24T09:51:14.638393
UW FMW P 2018-10-26T01:30:10.210000
UW FMW S 2018-10-26T01:30:18.310000
UW FMW S 2019-08-06T12:24:13.100000
UW GNW P 2018-09-13T09:47:53.175000
UW GNW S 2018-09-13T09:47:57.375000
UW LUMI P 2019-01-17T03:47:20.430000
UW LUMI S 2019-01-17T03:47:21.730000
UW STOR P 2019-04-18T03:26:41.788394
UW STOR S 2019-04-18T03:26:42.588394
UW STOR S 2019-04-18T03:26:49.788394
CC SWF2 P 2019-06-28T11:27:35.835000
CC SWF2 S 2019-06-28T11:27:41.035000
CC STD P 2019-03-02T03:33:12.705000
UO JESE P 2019-07-10T04:23:41.058393
UO JESE S 2019-07-10T04:23:45.758393
CC SHRK P 2019-07-12T10:46:40.710000
CC SHRK S 2019-07-12T10:46:42.610000
CC SWF2 P 2018-10-22T04:18:34.510000
CC SWF2 S 2018-10-22T04:18:36.310000
UW BABR P 2019-08-30T11:20:44.110000
CC OBSR P 2019-01-25T21:29:50.220000
CN VGZ P 2019-05-25T13:44:37.520000
UW LON P 2019-03-06T20:12:16.690000
UW LON S 2019-03-06T20:12:19.190000
CC PR05 P 2019-03-10T04:27:30.720000
CC PR05 S 2019-03-10T04:27:33.220000
CC PR01 P 2019-08-30T10:12:35.930000
CN NLLB P 2019-03-31T14:36:48.870000
CC PANH P 2019-02-24T15:41:28.240000
CC PANH S 2019-02-24T15:41:35.340000
CC SHRK P 2019-08-13T11:49:34.690000
CC SHRK S 2019-08-13T11:49:37.990000
