CN SNB P 2019-04-07T22:21:32.150000
CN SNB S 2019-04-07T22:21:35.450000
CC PR01 S 2019-07-18T04:04:52.010000
UW BLOW P 2019-07-17T07:09:56.658393
UW BLOW S 2019-07-17T07:09:58.158393
CC JRO P 2019-05-12T23:13:59.590000
CC JRO P 2019-05-12T23:14:04.190000
UW MOX P 2019-07-16T07:47:14.510000
UW MOX S 2019-07-16T07:47:16.810000
UO SISQ P 2019-03-02T05:56:29.210000
UO SISQ S 2019-03-02T05:56:30.710000
CC SWF2 P 2019-04-12T23:38:12.625000
CC SWF2 S 2019-04-12T23:38:13.425000
CC PANH P 2019-03-01T10:49:12.800000
CC PANH S 2019-03-01T10:49:13.800000
CC PR04 P 2019-09-07T10:50:41.080000
CC JRO P 2019-04-18T11:22:16.970000
CC JRO S 2019-04-18T11:22:20.870000
UO CAVE P 2018-11-22T05:03:23.428393
UO CAVE S 2018-11-22T05:03:18.328393
UO CAVE S 2018-11-22T05:03:24.628393
CC OBSR S 2019-07-13T11:54:18.700000
UW ELW P 2019-01-25T21:29:40.610000
UW ELW S 2019-01-25T21:29:43.510000
CC PR05 P 2019-02-11T19:55:47.820000
CC PR05 S 2019-02-11T19:55:55.220000
UW UMAT P 2019-05-17T22:33:02.218393
UW UMAT S 2019-05-17T22:33:02.518393
UW UMAT S 2019-05-17T22:33:09.818393
UW RCM P 2018-11-23T20:22:02.830000
UW RCM S 2018-11-23T20:22:03.630000
CC STD P 2019-04-09T09:57:40.225000
CC STD S 2019-04-09T09:57:42.725000
CC PR05 P 2019-03-15T05:24:50.940000
CC PR05 S 2019-03-15T05:24:53.540000
CN VGZ P 2019-07-17T23:43:34.110000
CC SHRK P 2018-09-17T00:08:46.750000
CC SHRK S 2018-09-17T00:08:48.550000
CC SWF2 P 2019-07-02T08:58:37.875000
CC SWF2 S 2019-07-02T08:58:38.975000
CC SWF2 S 2019-07-02T08:58:43.375000
CN HNBB P 2018-11-08T07:03:56.910000
CC PANH P 2019-02-28T20:04:21.080000
CC PANH S 2019-02-28T20:04:28.680000
UW IZEE P 2018-11-20T07:12:32.038391
UW DOSE P 2018-11-18T17:53:19.040000
UW DOSE S 2018-11-18T17:53:26.640000
UW H1K P 2019-09-05T08:34:55.620000
UW H1K S 2019-09-05T08:35:01.020000
CN SNB P 2019-07-04T18:18:05
CN SNB S 2019-07-04T18:18:10.500000
UO JESE P 2019-07-08T12:24:34.138393
UO JESE S 2019-07-08T12:24:38.838393
UW DOSE P 2019-02-20T17:12:46.215000
UW DOSE S 2019-02-20T17:12:53.815000
CC PR05 P 2018-10-26T01:30:09.640000
CC PR05 S 2018-10-26T01:30:17.340000
CC OBSR P 2019-04-29T18:13:44.520000
UW BERY P 2019-04-16T00:45:35.033130
UW BERY S 2019-04-16T00:45:35.333130
UW BERY S 2019-04-16T00:45:39.933130
CN SNB P 2019-09-01T14:36:50.060000
CN SNB S 2019-09-01T14:36:56.660000
CC OBSR P 2019-06-16T16:13:16.205000
UW GNW P 2019-04-06T04:55:20.770000
UW GNW S 2019-04-06T04:55:16.470000
UW GNW P 2019-07-12T10:29:07.920000
UW GNW S 2019-07-12T10:29:15.820000
UW MBPA P 2019-07-12T14:12:45.420000
UW MBPA S 2019-07-12T14:12:49.120000
UW GBB S 2019-06-06T02:42:54.580000
UW RCM P 2019-07-06T13:29:28.980000
UW RCM S 2019-07-06T13:29:31.580000
UW OT3 P 2019-04-12T18:40:24.570000
CC PR05 P 2019-07-01T21:33:30.100000
CC PR05 S 2019-07-01T21:33:34.200000
CN OZB P 2019-09-10T02:35:11.475000
UW FISH P 2019-09-07T17:12:54.008393
CC PR01 P 2019-03-28T03:45:40.945000
CC PR01 S 2019-03-28T03:45:41.645000
UW SHUK P 2019-01-17T03:47:29.440000
UW SHUK S 2019-01-17T03:47:31.540000
UW GNW P 2019-01-29T03:37:42.540000
UW LON P 2019-08-06T12:24:09.260000
UW LON S 2019-08-06T12:24:11.660000
CC PR05 S 2019-07-09T02:47:33.240000
CN GOBB P 2018-10-22T16:27:56.790000
CN GOBB S 2018-10-22T16:27:59.090000
CN HNBB P 2018-09-25T09:08:19.790000
CN VGZ P 2019-01-28T08:51:36.110000
CN VGZ S 2019-01-28T08:51:41.910000
UW FMW P 2019-03-05T04:18:27.530000
UW FMW S 2019-03-05T04:18:27.730000
UW FMW S 2019-03-05T04:18:31.130000
UW LCCR P 2019-01-24T01:07:46.988394
UW LCCR S 2019-01-24T01:07:50.388394
UW MRIN P 2018-12-13T13:10:20.950000
UW MRIN S 2018-12-13T13:10:24.450000
UW JEDS P 2019-01-04T22:59:21.180000
UW RATT S 2018-09-21T03:48:15.390000
UW RATT S 2018-09-21T03:48:20.090000
CC SEP P 2019-09-09T13:49:10.880000
CC SEP S 2019-09-09T13:49:15.680000
CN CLRS P 2019-09-02T08:25:16.020000
UO ALSE P 2019-07-12T09:52:33.840000
CN VGZ P 2018-09-25T08:40:43.040000
CN VGZ S 2018-09-25T08:40:46.740000
CC SHRK P 2019-07-10T04:36:58.950000
CC SHRK S 2019-07-10T04:37:01.150000
UW BLOW P 2019-09-06T03:28:08.148393
UW BLOW S 2019-09-06T03:28:10.148393
UW CCRK S 2019-06-24T08:56:07.960000
CC PR05 P 2019-07-11T12:50:30
CC PR05 S 2019-07-11T12:50:34.100000
UW MOX P 2019-04-02T13:00:12.600000
UW MOX S 2019-04-02T13:00:20.500000
UW LCCR P 2019-07-09T16:53:38.288393
UW LCCR S 2019-07-09T16:53:39.388393
UW LCCR S 2019-07-09T16:53:46.188393
CC STD P 2019-01-27T03:42:15.065000
CC STD S 2019-01-27T03:42:17.265000
UW LUMI P 2018-09-24T14:27:57.059999
UW LUMI S 2018-09-24T14:27:59.459999
CC PR01 P 2018-11-09T09:04:28.105000
CC PR01 S 2018-11-09T09:04:29.205000
CC PR01 S 2018-11-09T09:04:31.605000
CC SIFT P 2019-09-10T02:35:19.720000
CC PR04 P 2019-03-02T13:04:33.440000
CN CBB P 2019-05-14T04:32:05.310000
CN CBB P 2019-05-14T04:32:10.910000
CN CBB S 2019-05-14T04:32:12.810000
CC PR05 P 2019-07-29T21:13:23.540000
CC PR05 S 2019-07-29T21:13:28.740000
CC PANH P 2019-09-05T15:04:06.480000
CC PANH S 2019-09-05T15:04:08.780000
CN WSLR P 2019-06-21T07:38:33.890000
CC STD P 2019-05-30T17:32:23.805000
CC STD S 2019-05-30T17:32:26.605000
UO DRAN P 2019-04-23T05:22:10.978393
BK HUMO P 2018-11-02T09:31:59.908394
BK HUMO S 2018-11-02T09:32:06.208394
UO SISQ P 2019-03-22T17:55:57.980000
UO SISQ S 2019-03-22T17:55:59.280000
UW MDW P 2019-07-09T00:45:49.470000
UW MDW S 2019-07-09T00:45:50.670000
CC PR01 S 2019-08-19T23:13:57.610000
UW STOR S 2019-06-16T16:13:19.008393
UW RATT P 2019-03-02T13:04:38.920000
CC OBSR S 2019-08-03T04:28:07.560000
UO JESE P 2018-09-20T06:36:27.508393
UO JESE P 2018-09-20T06:36:33.508393
UO JESE S 2018-09-20T06:36:35.908393
UW BLOW P 2019-09-01T05:57:41.758393
UW BLOW S 2019-09-01T05:57:43.158393
CC ASBU P 2019-07-17T15:01:04.805000
CC ASBU S 2019-07-17T15:01:09.705000
CC ASBU P 2019-02-22T10:27:19.985000
CC ASBU S 2019-02-22T10:27:25.085000
UW EGRN P 2019-01-07T10:47:38.430000
UW EGRN S 2019-01-07T10:47:43.330000
CC PR05 P 2019-06-22T13:38:54.620000
CC PR05 S 2019-06-22T13:38:47.620000
UW CCRK P 2019-04-19T22:59:15.670000
UW CCRK S 2019-04-19T22:59:17.170000
CC STD P 2019-05-18T04:57:12.765000
CC STD S 2019-05-18T04:57:15.165000
UW RATT P 2019-03-01T05:05:47.695000
CC SHRK P 2019-03-28T22:15:47.750000
CC SHRK S 2019-03-28T22:15:49.050000
UO CAVE P 2019-07-05T17:23:00.078393
UO CAVE S 2019-07-05T17:23:03.078393
UO WLOO P 2019-02-07T21:09:02.738393
UO WLOO S 2019-02-07T21:09:04.238393
UO MARQ P 2019-05-27T16:32:55.790000
CC PR05 P 2018-10-03T02:29:31.680000
CC PR05 S 2018-10-03T02:29:33.680000
CC RUSH S 2019-08-10T06:25:18.660000
CC RUSH S 2019-08-10T06:25:22.560000
CC PANH P 2019-02-22T10:27:31.560000
CC PANH S 2019-02-22T10:27:33.860000
CC PANH S 2019-02-22T10:27:39.660000
UW PHIN P 2019-03-21T16:54:13.668394
UW PHIN S 2019-03-21T16:54:20.468394
CC PR05 P 2019-09-07T10:50:40.140000
CC PR05 S 2019-09-07T10:50:42.140000
UW LTY P 2018-12-27T08:28:50.380000
CC STD P 2019-04-18T03:26:43.385000
CC STD S 2019-04-18T03:26:44.285000
UW DOSE P 2018-11-01T05:50:25.840000
UW DOSE S 2018-11-01T05:50:27.140000
UW DOSE S 2018-11-01T05:50:33.640000
UO JESE P 2019-07-10T00:09:41.568393
UO JESE S 2019-07-10T00:09:45.868393
CN SNB P 2019-01-06T00:23:37.010000
CC PANH P 2019-07-31T06:26:23.060000
CC PANH S 2019-07-31T06:26:24.460000
UO MARQ P 2019-07-09T17:02:47.860000
UW BLOW P 2019-07-12T09:52:28.308393
UW BLOW S 2019-07-12T09:52:33.408393
UO ROGE P 2019-03-13T23:11:47.958391
CC PANH P 2019-07-07T15:11:40.500000
CC PANH S 2019-07-07T15:11:42
CC VALT P 2019-03-29T13:43:37.520000
CC PR04 P 2019-02-17T14:48:13.820000
CC PR04 P 2019-06-12T18:06:39.040000
CC PR04 S 2019-06-12T18:06:42.040000
UW FMW P 2019-07-17T15:01:18.720000
UW DOSE P 2019-02-01T22:31:59.190000
CN VGZ P 2019-02-26T04:06:50.670000
CN VGZ S 2019-02-26T04:06:55.570000
CN VGZ P 2019-07-15T02:30:51.550000
UW GBB S 2019-05-13T03:13:32.150000
UW RATT P 2018-10-25T21:31:06.390000
CC JRO S 2019-09-08T01:15:48.010000
CC VALT P 2019-02-10T18:43:11.860000
CC VALT S 2019-02-10T18:43:12.660000
CC PANH S 2019-07-09T02:47:33.600000
CC PANH S 2019-07-09T02:47:35.100000
UW OT3 P 2018-11-03T00:32:51.160000
UW OT3 S 2018-11-03T00:32:58.960000
UW GBB P 2019-07-08T23:06:04.760000
UW GBB S 2019-07-08T23:06:09.060000
CN BPEB P 2019-07-17T07:10:54.530000
CN BPEB P 2019-07-17T07:11:00.930000
CN BPEB S 2019-07-17T07:10:51.630000
CN BPEB S 2019-07-17T07:10:53.530000
CN BPEB S 2019-07-17T07:10:55.830000
UW LON P 2019-07-18T08:33:34.920000
UW LON S 2019-07-18T08:33:40.120000
CC PR05 P 2018-11-14T15:58:36.920000
CC PR05 S 2018-11-14T15:58:44.920000
CC OBSR S 2019-07-04T02:29:48.440000
CC OBSR S 2019-07-04T02:29:50.940000
CN VGZ P 2018-11-22T11:08:31.840000
CN VGZ S 2018-11-22T11:08:36.340000
CN PGC P 2019-05-09T14:12:04.370000
CN PGC S 2019-05-09T14:12:08.270000
UW LYNC P 2019-07-12T09:54:04.860000
UW LYNC S 2019-07-12T09:54:09.660000
UW GBB P 2019-06-16T10:39:35.480000
UW GBB S 2019-06-16T10:39:40.280000
UO CAVE P 2019-05-05T06:30:24.668393
UO CAVE S 2019-05-05T06:30:26.868393
UW RATT S 2019-02-18T16:58:50.345000
UW SP2 S 2019-05-20T04:55:00.680000
CN SNB P 2019-08-28T00:13:02.810000
CN SNB S 2019-08-28T00:13:09.910000
UW DOSE P 2019-02-23T13:01:17.315000
UW DOSE S 2019-02-23T13:01:23.015000
CC CLBH P 2019-01-26T20:32:12.100000
CC CLBH P 2019-01-26T20:32:16.800000
UW HOOD P 2019-07-09T23:03:57.980000
CC JRO P 2019-07-17T08:56:25.570000
CC CLBH P 2019-08-15T03:16:50.920000
CC CLBH P 2019-08-15T03:16:54.320000
UW RATT P 2019-01-09T17:19:40.170000
UW RATT S 2019-01-09T17:19:45.370000
UO BUCK P 2019-03-20T09:38:53.330000
UO SISQ P 2019-07-28T10:13:19.850000
UO SISQ S 2019-07-28T10:13:21.150000
UW LTY P 2019-02-10T04:10:30.980000
UW RCM S 2019-07-27T01:01:58.690000
UW RCM S 2019-07-27T01:02:05.290000
CC PR04 P 2019-01-05T19:35:58.080000
CN BFSB P 2019-07-11T02:13:17.490000
CN BFSB S 2019-07-11T02:13:19.290000
CC PR04 P 2019-02-02T03:30:21.640000
CC PR04 S 2019-02-02T03:30:28.340000
CN CLRS P 2019-02-22T19:56:37.780000
CC PANH P 2019-06-01T18:27:05.740000
CC PANH S 2019-06-01T18:27:07.140000
UW SCC P 2018-10-17T06:36:24.210000
UW LON P 2019-02-02T00:46:49.335000
UW LON S 2019-02-02T00:46:51.035000
CN PTRF P 2018-10-30T06:22:11.440000
CC STD P 2018-09-16T01:13:38.145000
CC STD S 2018-09-16T01:13:40.145000
CC PR01 S 2019-05-08T08:41:07.670000
UW EARN P 2019-07-21T15:14:29
UW EARN P 2019-07-21T15:14:31.400000
UW EARN S 2019-07-21T15:14:33.400000
UW RCM P 2019-02-18T16:58:49.320000
UW RCM S 2019-02-18T16:58:56.120000
BK HUMO P 2018-10-22T11:17:28.198393
CN GDR P 2018-10-22T16:27:35.330000
UW BLOW P 2019-07-09T17:52:47.418393
UO BEER P 2019-06-25T09:55:34.088393
UW LCCR P 2019-02-12T03:53:46.048393
UW MDW P 2019-03-02T23:58:01.820000
UW MDW S 2019-03-02T23:58:03.420000
CC SWF2 P 2018-09-27T11:48:13.230000
CC SWF2 S 2018-09-27T11:48:15.530000
CC SWF2 P 2019-07-05T12:53:29.095000
CC SWF2 S 2019-07-05T12:53:30.695000
UW H2O P 2019-06-16T16:12:59.980000
UW H2O S 2019-06-16T16:13:02.380000
UW H2O S 2019-06-16T16:13:07.480000
CN SNB P 2019-01-28T07:08:07.480000
UO JESE P 2019-07-09T11:59:41.628393
UO JESE S 2019-07-09T11:59:47.028393
UW SCC P 2019-01-05T20:47:19.770000
UW SCC S 2019-01-05T20:47:24.870000
UO RAIN P 2019-04-04T09:29:02.408393
CC PR05 P 2019-06-29T00:44:55.700000
CC PR05 S 2019-06-29T00:44:57.700000
UW GNW P 2019-01-25T21:12:43.265000
UW GNW P 2019-01-25T21:12:46.565000
UW GNW S 2019-01-25T21:12:53.365000
CC STD P 2019-05-23T10:10:05.425000
CC STD S 2019-05-23T10:10:07.625000
CC STD S 2019-05-23T10:10:12.125000
CC SHRK P 2019-07-10T05:43:26.030000
CC SHRK S 2019-07-10T05:43:29.030000
CC OBSR S 2019-05-10T11:20:38.590000
UW FMW P 2019-03-29T03:05:00.150000
UW FMW S 2019-03-29T03:05:00.750000
UW FMW S 2019-03-29T03:05:03.450000
UW HOOD P 2019-07-09T22:20:59.820000
UW OT3 P 2018-12-14T00:35:13.490000
UW OT3 S 2018-12-14T00:35:21.090000
CC OBSR P 2019-08-11T08:14:25.240000
CC OBSR S 2019-08-11T08:14:21.840000
CC OBSR S 2019-08-11T08:14:25.640000
CC PANH P 2019-06-29T00:21:01.620000
CC PANH S 2019-06-29T00:21:03.220000
UW KITP P 2018-11-19T11:09:26.090000
UW MDW P 2019-05-27T12:06:01.960000
UW MDW S 2019-05-27T12:06:03.560000
CC OBSR S 2019-07-05T12:53:26.020000
UW SNI2 P 2019-06-23T03:54:46.470000
UW SNI2 P 2019-06-23T03:54:47.970000
UW MDW P 2018-10-20T00:57:32.270000
UW MDW P 2018-10-20T00:57:35.270000
UW MDW S 2018-10-20T00:57:36.970000
CC SHRK P 2019-03-29T11:27:04.170000
CC JRO P 2019-08-31T02:17:13.930000
CC JRO S 2019-08-31T02:17:17.330000
CC PR05 P 2019-04-20T21:48:59.460000
UO VERN P 2018-11-12T06:24:47.930000
UO VERN P 2018-11-12T06:24:51.130000
UO VERN S 2018-11-12T06:24:53.830000
CC STD S 2019-06-14T12:20:43.685000
CC PR04 P 2019-06-25T04:26:56.420000
CC PR04 S 2019-06-25T04:27:01.820000
UW GNW P 2019-01-13T08:45:22.365000
UW GNW S 2019-01-13T08:45:26.065000
CC PR04 P 2019-08-06T12:24:08.140000
CC PR04 S 2019-08-06T12:24:09.840000
UO NATH S 2018-09-16T01:59:08.428393
UW FMW P 2018-12-02T09:41:29.980000
UW FMW S 2018-12-02T09:41:30.680000
CC SWF2 P 2019-07-15T19:28:43.675000
CC SWF2 S 2019-07-15T19:28:44.675000
CN SNB P 2018-09-11T15:05:29.080000
CN SNB S 2018-09-11T15:05:36.880000
CC JRO P 2018-09-16T01:13:38.430000
CC JRO S 2018-09-16T01:13:40.930000
UW GNW P 2019-09-01T13:26:16.180000
UW DOSE P 2019-08-16T03:43:46.920001
UW DOSE S 2019-08-16T03:43:47.420001
UW DOSE S 2019-08-16T03:43:53.220001
UO DRAN P 2019-07-13T00:25:19.538393
UW MDW P 2019-07-12T10:46:12.780000
UW MDW S 2019-07-12T10:46:16.580000
UW LUMI P 2019-04-12T07:35:12.790000
UW LUMI P 2019-04-12T07:35:14.990000
UW LUMI S 2019-04-12T07:35:14.090000
UW LUMI S 2019-04-12T07:35:16.490000
CC OBSR P 2019-02-28T03:17:16.720000
UW BBO P 2019-03-30T03:45:54.690000
UW PRO S 2019-06-06T02:10:42.190000
UW PRO S 2019-06-06T02:10:48.090000
CN GDR P 2018-10-22T13:25:39.530000
CN GDR S 2018-10-22T13:25:41.830000
CC PR04 P 2019-07-09T02:47:34.420000
CN CLRS P 2019-09-01T14:36:58.330000
CC PRLK P 2019-04-23T05:22:10.640000
CC PRLK S 2019-04-23T05:22:18.340000
UW TOLT P 2018-10-17T06:36:29.285000
UW FMW P 2019-06-26T18:36:32.620000
UW FMW S 2019-06-26T18:36:35.320000
UW DAVN P 2019-05-22T11:43:45.650000
UW DAVN P 2019-05-22T11:43:47.250000
UW DAVN S 2019-05-22T11:43:48.750000
UW MDW P 2019-06-30T11:01:14.610000
UW MDW S 2019-06-30T11:01:16.010000
UW TOLT P 2019-03-17T15:28:58.265000
UW TOLT S 2019-03-17T15:29:01.765000
UO DING S 2019-04-22T21:46:53.760000
UW BLOW P 2019-04-22T23:22:13.568393
UW BLOW S 2019-04-22T23:22:13.868393
CC OBSR P 2019-06-29T00:08:47.560000
CC OBSR S 2019-06-29T00:08:48.460000
UW PRO P 2019-05-30T04:04:57.640000
UW PRO S 2019-05-30T04:05:00.440000
UW RATT S 2019-04-22T06:19:20.770000
UO CAVE P 2019-07-26T02:31:23.068393
UW LON P 2018-11-17T09:47:18.060000
UW LON S 2018-11-17T09:47:19.660000
CC SWF2 P 2019-03-12T02:26:44.760000
CC SWF2 S 2019-03-12T02:26:45.760000
CC OBSR P 2019-03-28T22:15:41.080000
CC OBSR S 2019-03-28T22:15:45.280000
UW GBB P 2019-07-17T05:34:44.380000
UW GBB S 2019-07-17T05:34:47.180000
UO RAIN P 2018-11-22T15:51:56.208393
UO RAIN S 2018-11-22T15:51:57.408393
UO RAIN S 2018-11-22T15:52:02.708393
CC PR05 P 2018-10-12T03:11:38.160000
CC PR05 S 2018-10-12T03:11:40.760000
CC JRO P 2019-05-18T04:57:12.750000
CC JRO S 2019-05-18T04:57:15.050000
CN PTRF P 2019-03-30T01:04:22.440000
UW STOR P 2019-06-01T18:26:59.968393
CN WSLR P 2019-04-05T20:04:29.650000
UW GNW P 2019-07-12T11:45:49.110000
UW GNW S 2019-07-12T11:45:56.910000
UW STOR P 2019-02-15T03:49:01.068393
CN OZB P 2018-10-22T14:00:40.675000
CN OZB S 2018-10-22T14:00:43.475000
CC STD P 2019-02-20T14:26:26.325000
CC STD S 2019-02-20T14:26:26.525000
CC STD S 2019-02-20T14:26:30.325000
UO JESE P 2019-07-10T04:18:23.408393
UO JESE S 2019-07-10T04:18:28.108393
UW LCCR S 2019-03-26T23:37:28.338393
CN PGC P 2018-10-17T12:25:17.590000
UO CHIL P 2019-05-21T17:20:32.908391
CC SIFT P 2019-09-04T14:43:47.580000
CC SIFT S 2019-09-04T14:43:50.280000
UW GNW P 2018-09-24T14:28:15.350000
UW LUMI P 2018-10-30T17:59:49.100000
UW LUMI S 2018-10-30T17:59:54.300000
UW DAVN P 2019-03-19T15:40:14.950000
UW DAVN S 2019-03-19T15:40:09.450000
UW DAVN S 2019-03-19T15:40:16.350000
UW EPH2 P 2018-10-24T05:28:23.970000
UW EPH2 S 2018-10-24T05:28:31.070000
UW BERY P 2019-07-09T18:41:02.420001
CC PANH P 2019-01-05T19:35:56.540000
CC PANH S 2019-01-05T19:35:58.440000
CC VALT P 2019-03-29T03:05:07.480000
CC VALT S 2019-03-29T03:05:15.780000
UW FMW P 2019-07-23T07:45:35.740000
UW FMW S 2019-07-23T07:45:37.540000
CC PR01 P 2019-06-07T07:33:25.050000
CC PR01 S 2019-06-07T07:33:27.150000
CC SHRK P 2019-07-09T17:01:45.670000
CC SHRK S 2019-07-09T17:01:42.770000
CC SHRK S 2019-07-09T17:01:48.870000
UW RCM P 2019-07-29T22:06:20.150000
UW RCM S 2019-07-29T22:06:13.250000
UW RCM S 2019-07-29T22:06:21.150000
UW GNW P 2019-02-04T10:53:35.915000
UW GNW S 2019-02-04T10:53:37.015000
UW GNW S 2019-02-04T10:53:41.315000
UW CCRK P 2018-12-11T17:42:13.080000
UW CCRK S 2018-12-11T17:42:14.480000
CC PRLK P 2019-01-22T06:30:23.680000
CC PRLK S 2019-01-22T06:30:31.080000
CN SHB P 2019-07-04T04:31:52.600000
CN SHB S 2019-07-04T04:31:50.500000
UW LCCR S 2019-08-10T22:00:01.018393
UW TKEY P 2019-06-29T11:46:32.840000
CC PANH P 2019-07-18T23:38:31.300000
CC PANH S 2019-07-18T23:38:32.100000
UW LUMI P 2019-06-01T19:39:46.610001
UW LUMI S 2019-06-01T19:39:51.510001
UW TOLT P 2019-08-27T07:20:41.220000
UW TOLT S 2019-08-27T07:20:45.520000
CN BFSB P 2019-07-04T04:31:45.930000
CC SHRK P 2019-07-09T17:01:04.770000
CC SHRK S 2019-07-09T17:01:08.170000
CC TMBU S 2019-07-17T15:01:06.620000
CC TMBU S 2019-07-17T15:01:07.720000
CC PR01 P 2019-04-09T12:45:09.685000
UW BERY P 2019-07-01T11:22:59.510000
UW BERY S 2019-07-01T11:23:07.410000
UW LTY P 2019-05-10T11:20:29.080000
CN HNBB P 2018-10-22T16:28:05.910000
UO RAIN P 2019-08-03T05:17:32.228391
UO RAIN S 2019-08-03T05:17:36.728391
CC STD P 2019-07-17T08:56:24.905000
CC STD S 2019-07-17T08:56:18.305000
CC STD S 2019-07-17T08:56:25.805000
CC OBSR S 2019-07-25T22:50:40.320000
CC SIFT P 2019-09-10T15:42:41.420000
CC SIFT S 2019-09-10T15:42:43.620000
CC SWF2 P 2019-07-28T02:54:39.815000
CC SWF2 S 2019-07-28T02:54:44.615000
UW LON P 2019-07-12T09:51:57.910000
UW CCRK P 2019-08-03T07:58:48.680000
CC PR05 P 2019-03-26T22:44:57.280000
UW GHW P 2019-07-12T09:54:13.770000
UW GHW S 2019-07-12T09:54:14.970000
CN SHB P 2019-06-22T12:53:39.225000
UW PCFR S 2019-01-19T16:52:43.820000
UW PCFR S 2019-01-19T16:52:47.920000
UW DOSE P 2019-03-17T15:29:08.440000
CC PR04 P 2019-03-30T02:03:45.500000
CC SIFT P 2019-09-09T11:52:04.060000
UW DOSE P 2019-08-14T11:31:19.610000
UW DOSE S 2019-08-14T11:31:20.410000
UW DOSE S 2019-08-14T11:31:26.610000
CC SHRK P 2019-07-08T12:07:13.110000
CC SHRK S 2019-07-08T12:07:05.410000
CC SHRK S 2019-07-08T12:07:16.510000
CC PR01 P 2018-11-30T03:36:43.265000
CC PR01 S 2018-11-30T03:36:48.865000
CC PR05 P 2019-03-28T22:15:40.240000
CC PR05 S 2019-03-28T22:15:42.640000
UW HOOD P 2019-07-09T17:01:56.180000
UW HOOD S 2019-07-09T17:01:57.480000
CC OBSR P 2019-03-10T04:27:31.200000
CC OBSR S 2019-03-10T04:27:27.700000
CC OBSR S 2019-03-10T04:27:34.300000
UO NATH P 2019-06-04T04:50:19.828393
UO NATH S 2019-06-04T04:50:15.628393
UW RCM P 2019-06-10T22:59:31.050000
UW RCM S 2019-06-10T22:59:23.550000
UW RCM S 2019-06-10T22:59:32.650000
CC STD P 2018-10-22T14:05:29.245000
CC STD S 2018-10-22T14:05:31.445000
CN CLRS P 2019-06-29T11:46:35.750000
CN SNB P 2019-06-21T15:17:42.510000
CN SNB S 2019-06-21T15:17:50.310000
CC SWF2 P 2019-08-17T10:25:20.435000
CC SWF2 S 2019-08-17T10:25:22.135000
UW LON P 2019-08-17T22:17:45.800000
UW LON S 2019-08-17T22:17:47.400000
UW LON P 2019-08-20T10:57:26.840000
UW LCCR P 2018-11-01T05:41:05.058393
UW LCCR P 2018-11-01T05:41:09.858393
UW LCCR P 2018-11-01T05:41:12.658393
UW LCCR S 2018-11-01T05:41:10.658393
UW LCCR S 2018-11-01T05:41:14.958393
UW DOSE P 2019-01-11T14:16:23.115000
UW DOSE S 2019-01-11T14:16:23.515000
UW DOSE S 2019-01-11T14:16:26.515000
UW RCM P 2019-01-01T04:08:59.530000
UW RCM S 2019-01-01T04:09:06.930000
CN GOBB P 2019-04-05T20:04:11.840000
CN GOBB S 2019-04-05T20:04:18.240000
UW LON P 2019-06-29T00:08:48.090000
UW LON S 2019-06-29T00:08:49.590000
UW GHW P 2019-08-07T20:28:46.100000
UW GHW S 2019-08-07T20:28:50.400000
UO WLOO P 2019-04-19T12:15:59.988393
UO WLOO S 2019-04-19T12:16:01.088393
UO WLOO S 2019-04-19T12:16:05.888393
CC JRO P 2019-08-29T19:26:05.790000
UW LON S 2019-02-11T08:38:30.260000
CC PANH P 2019-08-13T19:02:05.420000
CC PANH S 2019-08-13T19:02:01.520000
CC PANH S 2019-08-13T19:02:06.420000
CC PR04 P 2018-12-05T13:48:07.980000
CC PR04 S 2018-12-05T13:48:11.680000
UO JESE P 2019-07-11T10:13:29.428393
UO JESE S 2019-07-11T10:13:33.728393
CC SWF2 P 2019-03-04T03:14:54.740000
CC SWF2 S 2019-03-04T03:14:57.940000
UW BERY P 2018-10-11T05:44:17.353130
UW BERY S 2018-10-11T05:44:23.753130
CC PR04 P 2019-09-01T06:09:24.360000
UW STOR P 2019-04-02T13:00:17.328394
UW EARN P 2019-07-14T14:18:47.540000
UW EARN S 2019-07-14T14:18:52.040000
CC PR05 P 2019-07-25T22:50:39.920000
UW BERY P 2019-07-14T14:21:53.600001
CC RUSH P 2019-08-30T10:12:36.660000
UW TOLT P 2018-12-27T08:28:38.115000
UW GNW P 2019-01-05T19:36:01.790000
CN HOPB P 2019-03-24T01:52:36.860000
UW DOSE P 2019-08-17T21:36:43.640001
CN PGC P 2019-06-15T20:52:37.120000
CN PGC S 2019-06-15T20:52:40.020000
CN PGC S 2019-06-15T20:52:44.920000
CC PR04 P 2019-09-09T11:52:04.560000
UW GBB P 2019-05-11T09:46:04.920000
UW GBB P 2019-05-11T09:46:07.920000
UW GBB S 2019-05-11T09:46:07.220000
CN CLRS P 2019-07-13T15:05:10.020000
CN PGC S 2019-07-26T20:15:46.270000
UW HOPR P 2019-08-15T14:14:17.150000
UW HOPR S 2019-08-15T14:14:17.750000
UW HOPR S 2019-08-15T14:14:19.750000
UO JESE P 2019-07-09T07:48:48.308393
UO JESE S 2019-07-09T07:48:52.508393
UW HOOD P 2019-09-04T16:20:41.839999
UW HOOD S 2019-09-04T16:20:43.239999
UW STOR P 2018-10-14T10:16:45.578394
UW STOR S 2018-10-14T10:16:49.178394
CN SHB P 2019-05-20T20:36:20.450000
CN SHB P 2019-05-20T20:36:28.250000
CN PGC P 2018-11-08T07:03:48.170000
CN PGC S 2018-11-08T07:03:51.970000
UW CINE S 2019-07-02T16:28:30.140000
UW CINE S 2019-07-02T16:28:33.040000
CC JRO P 2019-09-02T13:27:35.010000
CC JRO S 2019-09-02T13:27:37.510000
UO WOOD P 2019-08-07T11:21:45.158393
CC OBSR S 2019-07-01T21:33:31.480000
UW KITP P 2018-10-30T03:04:36.350000
UW KITP S 2018-10-30T03:04:40.250000
UO WOOD P 2019-03-27T10:37:33.118393
CN VGZ P 2019-01-27T03:42:19.310000
CC PR04 P 2019-08-16T15:24:45.900000
CC PR04 S 2019-08-16T15:24:49.900000
CC VALT P 2019-03-30T11:35:31.460000
CC VALT S 2019-03-30T11:35:33.460000
UW WA2 P 2018-09-21T21:51:02.640000
UW GNW P 2018-12-06T17:52:29.525000
UW GNW P 2018-12-06T17:52:32.625000
UW GNW S 2018-12-06T17:52:34.925000
UW H2O P 2018-10-05T08:09:28.030000
UW H2O S 2018-10-05T08:09:30.030000
UO LAIR P 2019-02-20T22:10:16.038393
UW RATT S 2019-01-24T15:30:20.345000
UW RATT S 2019-01-24T15:30:25.845000
UW GBB P 2018-11-03T01:32:45.820000
UW GBB S 2018-11-03T01:32:53.020000
CC PR05 P 2018-09-19T11:13:38.860000
CC PANH P 2019-08-24T03:21:27.220000
CC PANH S 2019-08-24T03:21:31.220000
CC OBSR S 2019-06-28T16:02:48.740000
CC SWF2 P 2019-06-30T16:06:22.935000
CC SWF2 S 2019-06-30T16:06:24.035000
UW LON P 2018-11-03T05:03:51.735000
UW LON S 2018-11-03T05:03:53.435000
UW FMW P 2019-07-25T22:50:40.010000
UW DOSE P 2019-04-18T02:18:13.015000
UW DOSE S 2019-04-18T02:18:14.015000
UW DOSE S 2019-04-18T02:18:20.415000
UW SNI2 P 2018-11-03T00:32:54.250000
UW SNI2 S 2018-11-03T00:32:55.650000
CC PR01 P 2019-06-29T00:08:50.330000
CC PR01 S 2019-06-29T00:08:53.730000
CC PR05 P 2019-01-06T23:47:07.080000
CC STD P 2019-04-23T00:53:41.405000
CC STD S 2019-04-23T00:53:42.805000
CN VGZ P 2019-05-15T18:40:37.310000
CN VGZ S 2019-05-15T18:40:42.310000
CC PR04 P 2019-09-03T08:04:07.820000
UW LUMI P 2019-06-08T09:51:46.640000
UW LTY P 2018-09-27T11:48:16.730000
CC PR04 P 2019-08-11T23:49:53.360000
CC PR04 S 2019-08-11T23:50:00.860000
UW LON P 2019-04-11T17:20:39.065000
UW LON S 2019-04-11T17:20:40.665000
UW FMW P 2019-07-06T23:18:36.810000
UW FMW S 2019-07-06T23:18:37.410000
UW FMW S 2019-07-06T23:18:40.510000
CN NLLB P 2019-07-11T02:13:26.300000
CN NLLB P 2019-07-11T02:13:30.700000
UW BERY P 2018-10-22T20:45:25.833133
CN PGC P 2019-04-23T02:17:48.810000
CN PGC S 2019-04-23T02:17:52.810000
CC PR01 P 2019-06-29T11:46:37.110000
CN PGC P 2018-11-09T08:30:21.130000
CN PGC S 2018-11-09T08:30:25.530000
UO MARQ P 2019-07-08T12:06:17.620000
UO MARQ S 2019-07-08T12:06:13.220000
UO NATH P 2019-01-26T07:30:19.268394
CN VGZ P 2019-01-11T14:16:31.080000
UW NIHS P 2018-12-26T19:18:09.980000
UW NIHS S 2018-12-26T19:18:11.480000
UW BLOW P 2019-07-09T17:03:51.598393
UW FMW P 2019-08-20T10:57:25.380000
UW FMW S 2019-08-20T10:57:26.680000
UW HOOD P 2019-09-05T10:08:40.629999
UW HOOD S 2019-09-05T10:08:42.029999
CN OZB P 2019-09-05T15:04:06
CN OZB P 2019-09-05T15:04:09
CN OZB S 2019-09-05T15:04:10.600000
UW SP2 P 2018-10-22T16:28:14.030000
UW SP2 S 2018-10-22T16:28:22.030000
CC PR03 P 2019-07-08T17:41:13.740000
CC PR03 S 2019-07-08T17:41:16.140000
CC SWF2 P 2019-07-17T11:39:24.795000
CC SWF2 S 2019-07-17T11:39:26.295000
CC CLBH P 2019-03-30T03:45:59.640000
CC CLBH S 2019-03-30T03:46:01.340000
UO WLOO P 2019-06-16T16:13:40.598394
UO WLOO S 2019-06-16T16:13:42.498394
CC OBSR P 2019-01-29T03:37:46.980000
UO NATH P 2018-10-22T04:18:23.458393
UO NATH S 2018-10-22T04:18:19.558393
UO NATH S 2018-10-22T04:18:24.358393
CC PR01 P 2019-09-01T05:57:56.850000
CC CARB P 2019-08-29T12:11:23.980000
CC CARB S 2019-08-29T12:11:27.980000
CC SWF2 P 2019-06-28T21:16:09.095000
CC SWF2 S 2019-06-28T21:16:10.495000
CC OBSR P 2018-12-09T11:15:12.110000
CC OBSR S 2018-12-09T11:15:13.010000
CC OBSR S 2018-12-09T11:15:19.710000
UW TKEY P 2019-07-12T09:51:54.040000
UW TKEY S 2019-07-12T09:51:57.140000
UW TKEY S 2019-07-12T09:52:01.540000
UW MDW P 2019-05-13T20:57:01.970000
UW MDW S 2019-05-13T20:57:03.370000
UW RCM P 2018-11-03T05:03:52.380000
UW RCM S 2018-11-03T05:03:49.080000
UW RCM S 2018-11-03T05:03:54.480000
UW EPH2 P 2019-02-16T11:53:39.840000
UW EPH2 S 2019-02-16T11:53:46.540000
CN SNB P 2019-03-31T23:20:18.910000
CN SNB S 2019-03-31T23:20:26.610000
UW RATT P 2018-09-14T05:15:12.115000
UW RATT S 2018-09-14T05:15:12.315000
UW RATT S 2018-09-14T05:15:15.515000
CC PR05 P 2019-02-15T05:33:45.760000
CC PR05 P 2019-02-15T05:33:52.560000
UW LON P 2019-07-08T17:41:13.970000
UW LON S 2019-07-08T17:41:16.070000
CN PGC P 2018-11-02T04:18:42.110000
CN PGC S 2018-11-02T04:18:46.810000
UW BERY P 2019-08-03T22:02:15.380000
OO HYS12 P 2019-09-02T23:32:56.525000
OO HYS12 S 2019-09-02T23:32:59.425000
UW ELW P 2019-07-13T15:04:50.590000
UW ELW S 2019-07-13T15:04:57.090000
CN SNB P 2019-01-14T21:46:31.080000
CN SNB P 2018-10-17T06:36:27.430000
UO CAVE P 2019-05-21T17:20:16.378393
UO LAIR P 2019-08-25T06:57:40.428393
UO LAIR S 2019-08-25T06:57:42.128393
UO LAIR S 2019-08-25T06:57:44.728393
UW STOR P 2018-11-29T18:44:12.558393
UW STOR S 2018-11-29T18:44:13.658393
UW STOR S 2018-11-29T18:44:19.958393
UW RCM S 2018-10-26T05:15:55.480000
UW GBB P 2019-03-11T18:56:46.850000
UW GBB S 2019-03-11T18:56:49.550000
UW SHUK P 2019-08-19T23:13:50.400000
UW SHUK S 2019-08-19T23:13:51.500000
UW FISH P 2018-10-24T07:52:11.028394
UW FISH S 2018-10-24T07:52:11.828394
UW CCRK P 2018-10-29T08:34:12.180000
UW CCRK S 2018-10-29T08:34:13.680000
UW TOLT P 2019-03-08T14:43:21.015000
UW TOLT P 2019-03-08T14:43:24.215000
UW TOLT S 2019-03-08T14:43:27.715000
UW GBB P 2019-02-17T09:17:35.250000
UW GBB S 2019-02-17T09:17:37.650000
UW RATT S 2019-02-22T19:56:51.070000
UW KREP S 2018-11-09T23:32:56.010001
CC PANH P 2019-08-07T20:28:44.640000
CC PANH S 2019-08-07T20:28:47.840000
UW RCM S 2018-09-29T13:25:41.900000
UW MDW S 2019-08-10T22:00:36.440000
UW MDW S 2019-08-10T22:00:38.940000
CC PR04 P 2019-08-24T03:21:28.080000
CC PR04 S 2019-08-24T03:21:32.980000
UW SVOH P 2018-12-28T09:26:17.970000
CC VALT P 2019-03-03T02:28:21.240000
CC VALT S 2019-03-03T02:28:23.940000
UW MANO P 2019-05-18T19:19:12.840000
UW BERY P 2019-08-08T22:36:19.520000
UW BERY S 2019-08-08T22:36:21.120000
UW BERY S 2019-08-08T22:36:25.820000
UO NATH S 2018-10-21T20:32:37.708393
CN SNB P 2019-07-12T09:51:58.820000
CC SWF2 P 2019-03-01T05:05:46.500000
CC SWF2 S 2019-03-01T05:05:47.700000
UW LRIV P 2018-10-27T13:12:34.065000
UW LRIV S 2018-10-27T13:12:40.065000
CC VALT S 2018-10-06T13:19:09.960000
CN OZB P 2019-08-12T11:45:18.375000
CN OZB S 2019-08-12T11:45:20.975000
CC SHRK P 2019-02-06T18:24:14.610000
CC SHRK S 2019-02-06T18:24:16.610000
CN GOBB P 2018-10-10T10:05:44.030000
CN GOBB S 2018-10-10T10:05:49.130000
OO HYS13 P 2019-02-22T10:27:36.850000
OO HYS13 P 2019-02-22T10:27:42.050000
OO HYS13 S 2019-02-22T10:27:39.550000
OO HYS13 S 2019-02-22T10:27:43.750000
OO HYS13 S 2019-02-22T10:27:46.650000
UW FMW P 2018-12-09T07:07:15.820000
UW FMW S 2018-12-09T07:07:16.920000
UW FMW S 2018-12-09T07:07:19.520000
UO LAIR P 2019-07-17T15:00:36.678394
UO LAIR S 2019-07-17T15:00:38.678394
CC SWF2 P 2019-04-20T06:02:23.005000
CC SWF2 S 2019-04-20T06:02:24.205000
UO MINN P 2019-02-22T19:05:01.728393
UO MINN S 2019-02-22T19:05:02.628393
UO MINN S 2019-02-22T19:05:09.528393
UW FMW P 2019-05-18T20:45:15.450000
CN VGZ P 2019-07-22T07:12:25.150000
CN VGZ S 2019-07-22T07:12:28.050000
UW RCM P 2018-12-11T00:52:29.560000
UW RCM S 2018-12-11T00:52:30.660000
UW RCM S 2018-12-11T00:52:34.260000
CN PTRF P 2019-05-02T15:40:48.390000
CN PTRF S 2019-05-02T15:40:52.090000
UW GNW P 2019-03-04T20:01:26.295000
UW GNW S 2019-03-04T20:01:29.795000
CC OBSR S 2019-01-24T15:30:24.120000
UW MDW P 2019-03-23T21:36:30.540000
UW MDW S 2019-03-23T21:36:32.040000
CC PR05 P 2019-07-12T10:08:06.620000
CC PR05 P 2019-07-12T10:08:11.020000
CC PR05 S 2019-07-12T10:08:04.220000
UW LTY P 2019-01-01T04:09:09.480000
UW GNW P 2018-09-14T05:15:20.425000
CN SYMB P 2018-12-31T04:54:47.510000
CN SYMB S 2018-12-31T04:54:51.610000
UO ROGE P 2019-03-30T03:45:43.588391
CC JRO P 2018-09-27T11:48:11.810000
CC JRO S 2018-09-27T11:48:19.510000
CC OBSR P 2019-02-02T03:30:22
CC OBSR S 2019-02-02T03:30:28.700000
UW GNW P 2018-10-14T22:00:51.175000
UW GNW S 2018-10-14T22:00:55.075000
CC JRO P 2019-08-02T11:37:45.830000
UW GNW P 2019-04-20T14:32:03.070000
UW GNW S 2019-04-20T14:32:10.470000
CN VGZ P 2019-01-14T21:46:27.150000
CN SNB P 2019-03-19T15:39:43.110000
UO MINN P 2019-07-12T09:52:23.248394
UO MINN S 2019-07-12T09:52:25.048394
UO MINN S 2019-07-12T09:52:27.648394
CC PR05 P 2019-07-17T23:43:35.340000
UW RAW S 2018-09-14T05:15:17.245000
UW LTY P 2019-02-10T17:21:57.505000
UW LTY S 2019-02-10T17:22:04.705000
CC PR01 S 2019-09-10T16:21:32.095000
UO DFAZ P 2019-08-15T03:16:54.518393
UO DFAZ S 2019-08-15T03:16:56.418393
CC SHRK P 2019-06-09T05:03:05.690000
CC SHRK S 2019-06-09T05:03:06.490000
CC SHRK S 2019-06-09T05:03:12.690000
CC PR01 P 2018-10-24T07:52:27.445000
CC PR01 P 2018-10-24T07:52:31.345000
UW RCM P 2019-07-17T05:13:31.910000
UW RCM S 2019-07-17T05:13:25.710000
UW RCM S 2019-07-17T05:13:33.710000
CC TCBU S 2018-10-23T00:44:19.200000
CC TCBU S 2018-10-23T00:44:26.700000
UW LUMI S 2018-09-30T11:40:08.940000
CN SYMB P 2018-11-12T21:47:40.050000
CN SYMB S 2018-11-12T21:47:42.550000
UW LCCR P 2019-07-10T04:23:45.008393
UW LCCR S 2019-07-10T04:23:42.208393
UW LCCR S 2019-07-10T04:23:46.008393
UW LCCR S 2019-07-10T04:23:52.908393
CN VGZ S 2018-09-23T17:01:12.250000
CC PANH S 2019-08-22T13:21:02.360000
UW HOOD P 2019-07-09T17:57:20.800000
UW HOOD S 2019-07-09T17:57:22.200000
UO DRAN P 2019-03-20T08:27:38.298393
CN VGZ P 2019-07-12T09:51:55.340000
CC JRO P 2018-10-12T03:49:07.430000
UW LTY P 2019-01-16T09:30:00.555000
UW LTY S 2019-01-16T09:29:54.455000
CC PANH S 2019-05-27T09:57:12.740000
CC PANH S 2019-05-27T09:57:17.440000
UW RCM P 2019-03-01T05:05:41.800000
UW RCM S 2019-03-01T05:05:43.400000
UW RCM S 2019-03-01T05:05:46.500000
UW LUMI S 2019-07-22T07:12:30.310000
UW LUMI S 2019-07-22T07:12:31.210000
UW LUMI S 2019-07-22T07:12:35.410000
UW LUMI S 2019-07-22T07:12:36.010000
CC SWF2 P 2019-09-02T06:37:49.755000
CC SWF2 S 2019-09-02T06:37:50.855000
UW DOSE P 2019-02-07T01:13:47.840000
UW DOSE S 2019-02-07T01:13:48.540000
UW BLOW P 2019-03-03T10:14:50.698393
CN VGZ P 2019-09-01T13:26:07.690000
CN VGZ S 2019-09-01T13:26:12.390000
UW SEA P 2019-07-12T09:51:45.820000
UW SEA S 2019-07-12T09:51:52.820000
CC ASBU P 2018-11-18T20:37:03.925000
CC ASBU S 2018-11-18T20:37:05.825000
CC ASBU S 2018-11-18T20:37:08.925000
UW BERY P 2018-11-21T19:15:03.273130
UW SCC P 2019-07-13T15:04:49.260000
UW SCC S 2019-07-13T15:04:55.260000
UO MARQ P 2019-08-29T22:50:02.920000
UO VERN P 2019-08-16T15:24:28.480000
UO VERN S 2019-08-16T15:24:30.680000
CC PR05 S 2019-08-08T14:14:03.960000
CC PR05 S 2019-08-08T14:14:07.060000
CC PR05 S 2018-10-17T18:05:17.840000
CC PR05 S 2018-10-17T18:05:19.940000
UW STOR P 2019-07-26T08:52:43.838393
UW STOR S 2019-07-26T08:52:44.338393
CN CLRS P 2018-10-04T18:27:10.020000
CN CLRS S 2018-10-04T18:27:17.920000
CN SYMB P 2019-01-05T16:24:47.200000
CN SYMB S 2019-01-05T16:24:54
CC RUSH P 2019-08-07T10:39:15.900000
CC RUSH S 2019-08-07T10:39:18.900000
CC PR05 P 2019-07-22T11:17:25.680000
UW OMAK P 2019-08-09T21:55:50.125000
UO MINN P 2019-09-05T15:03:40.778393
UO MINN S 2019-09-05T15:03:42.678393
UW BERY S 2018-12-21T17:23:56.013130
CC TMBU P 2019-06-23T03:54:06.460000
CC TMBU S 2019-06-23T03:54:07.260000
CC TMBU S 2019-06-23T03:54:13.860000
UW SNI2 P 2019-06-16T10:39:34.470000
UW SNI2 S 2019-06-16T10:39:38.470000
UW BLOW P 2018-09-11T16:08:21.508393
UW BLOW S 2018-09-11T16:08:25.808393
CC STD S 2019-02-07T00:32:22.505000
CC STD S 2019-02-07T00:32:29.205000
UO BUCK P 2018-10-27T14:05:18.220000
CN SNB P 2019-06-01T18:27:08.810000
CN SNB P 2019-02-15T03:49:09.420000
CN SNB P 2019-02-15T03:49:13.920000
CC OBSR P 2019-07-04T02:59:01.740000
CC OBSR P 2019-07-04T02:59:04.040000
CC OBSR S 2019-07-04T02:59:06.840000
UW BLOW P 2019-08-29T15:09:03.878393
UW BLOW S 2019-08-29T15:09:06.578393
UW STOR P 2019-02-20T15:48:52.228393
UW STOR P 2019-02-20T15:48:56.728393
UW STOR S 2019-02-20T15:48:58.328393
UW EVGW P 2018-10-17T06:36:24.080000
UW EVGW S 2018-10-17T06:36:31.680000
UW RATT P 2018-09-27T11:48:13.990000
UO TOOM P 2019-06-09T18:07:03.538393
UW LON P 2019-05-11T22:12:40.615000
UW WA2 P 2019-08-05T07:42:46.310000
UW WA2 S 2019-08-05T07:42:50.310000
UO LAIR P 2019-01-29T02:40:39.188391
UO LAIR S 2019-01-29T02:40:40.488391
UO LAIR S 2019-01-29T02:40:45.288391
CC OBSR P 2019-07-23T07:45:35.020000
CC OBSR S 2019-07-23T07:45:36.420000
UW EVGW P 2018-11-26T04:26:25.200000
UW EVGW S 2018-11-26T04:26:32.600000
UW RCM P 2018-10-08T14:32:05.470000
UO LAIR P 2019-08-15T03:16:33.538391
UO LAIR S 2019-08-15T03:16:34.538391
CN PGC P 2019-02-08T14:06:23.630000
CN PGC S 2019-02-08T14:06:30.830000
UO MINN P 2019-09-02T23:33:18.048393
UO MINN S 2019-09-02T23:33:24.648393
UW TUCA P 2019-05-18T19:19:10.828393
CN PGC P 2019-04-01T15:00:32.300000
CN PGC S 2019-04-01T15:00:39.900000
UW ELW P 2019-07-12T09:51:46.450000
UW ELW S 2019-07-12T09:51:52.950000
CC OBSR P 2019-05-25T13:44:48.810000
CC OBSR S 2019-05-25T13:44:46.810000
CC OBSR S 2019-05-25T13:44:52.310000
UO WOOD P 2019-05-29T20:47:28.798393
UO WOOD S 2019-05-29T20:47:33.698393
CC CIHL P 2019-05-15T12:10:19.420000
CC CIHL P 2019-05-15T12:10:22.920000
CC CIHL S 2019-05-15T12:10:24.320000
CC VALT S 2019-02-22T10:27:32.500000
CC VALT S 2019-02-22T10:27:36.100000
UW JEDS P 2018-10-14T05:10:58.670000
UW RCM S 2019-07-22T00:08:31.770000
UW RCM S 2019-07-22T00:08:36.970000
CC STD P 2019-01-25T20:51:42.665000
CC STD S 2019-01-25T20:51:43.765000
UW LON P 2018-09-19T12:10:08.135000
UW LON S 2018-09-19T12:10:09.535000
UW GNW P 2019-04-23T05:08:22.070000
UW GNW S 2019-04-23T05:08:15.570000
UW GNW S 2019-04-23T05:08:26.770000
UW UMAT P 2019-07-17T05:35:06.688393
UW UMAT S 2019-07-17T05:35:07.988393
UW LTY P 2019-02-20T17:12:57.280000
UW EARN P 2019-07-12T12:36:26.330000
UW EARN S 2019-07-12T12:36:31.630000
CN SHB P 2019-07-03T19:31:23.800000
CC STD P 2019-06-11T01:49:36.925000
CC STD S 2019-06-11T01:49:37.825000
CC PR01 P 2019-02-15T03:49:01.225000
CC OBSR P 2019-02-27T05:41:01.800000
CC OBSR P 2019-02-27T05:41:07.900000
CC OBSR S 2019-02-27T05:41:09.500000
UW TLW1 S 2018-11-14T15:58:37.130000
UW EARN P 2018-10-17T06:36:26.330000
UW EARN S 2018-10-17T06:36:34.230000
UW RCM P 2019-02-21T14:21:10.800000
UW BABR P 2019-01-29T18:08:55.600000
CN OZB P 2019-08-29T15:09:22.050000
CN OZB S 2019-08-29T15:09:25.150000
CN SYMB P 2019-03-26T01:13:50.440000
CN SYMB S 2019-03-26T01:13:51.340000
UW MOX S 2019-03-10T14:33:37.780000
UW FMW P 2019-08-24T03:21:28.440000
UW FMW S 2019-08-24T03:21:28.940000
UW FMW S 2019-08-24T03:21:33.140000
UO WOOD P 2019-07-13T16:26:31.338393
CN SHB P 2018-11-14T00:28:30.950000
CC SWNB P 2019-08-29T15:09:10.740000
CC SWNB S 2019-08-29T15:09:13.040000
UW DOSE P 2019-03-30T01:04:24.640000
UW DOSE S 2019-03-30T01:04:26.440000
CN SNB P 2018-11-26T04:26:29.030000
CC OBSR P 2019-04-20T21:48:59.740000
UW BERY P 2019-02-20T07:23:57.753130
UW WA2 S 2019-06-16T10:39:38.520000
UW WA2 S 2019-06-16T10:39:43.920000
CC PR01 P 2019-08-13T23:57:23.050000
CC PR01 S 2019-08-13T23:57:22.550000
UW BLOW P 2018-11-01T05:41:18.568393
CC STD S 2018-12-08T05:05:14.925000
UW RATT P 2019-01-25T02:51:45.695000
UW RATT S 2019-01-25T02:51:53.495000
CN VGZ P 2018-09-25T08:41:33.170000
CN VGZ S 2018-09-25T08:41:36.970000
CC PANH P 2019-08-02T14:46:37.440000
CC PANH S 2019-08-02T14:46:45.240000
UW OMAK P 2019-01-28T07:08:21.200000
UO TOOM P 2019-05-11T19:48:36.938393
CC PR05 P 2019-08-02T08:03:26.220000
CC PR05 S 2019-08-02T08:03:27.820000
CC SWF2 P 2019-07-07T02:00:44.555000
CC SWF2 S 2019-07-07T02:00:45.355000
UW YACT S 2019-01-01T04:09:08.438393
CC PANH P 2019-07-24T20:51:41.240000
CC PANH S 2019-07-24T20:51:48.140000
CC STD S 2019-06-07T09:39:26.105000
CC STD S 2019-06-07T09:39:33.705000
UO BEER P 2019-07-22T17:09:48.198393
CN PGC P 2019-04-12T07:35:13.040000
CN PGC S 2019-04-12T07:35:17.140000
UW DOSE P 2019-02-02T03:30:27.790000
UW LRIV P 2018-11-30T22:11:58.540000
UW LRIV S 2018-11-30T22:11:55.840000
UW TLW1 S 2019-05-08T08:40:55.650000
UW TLW1 S 2019-05-08T08:40:59.850000
CC PANH P 2019-02-25T22:34:19.820000
CC PANH S 2019-02-25T22:34:20.820000
CC PANH P 2019-06-22T12:53:26.760000
CC PANH S 2019-06-22T12:53:28.260000
UO DRAN P 2019-07-06T20:17:46.188391
CN CLRS P 2019-01-16T09:29:36.380000
CN CLRS S 2019-01-16T09:29:44.380000
CN SNB P 2019-03-11T00:52:46.700000
CN SNB S 2019-03-11T00:52:53.900000
UO LAIR S 2019-02-22T10:27:27.918393
CC SWF2 P 2019-03-10T07:20:56.140000
CC SWF2 S 2019-03-10T07:20:57.440000
CC SHRK P 2019-07-25T20:33:49.890000
CC SHRK S 2019-07-25T20:34:02.390000
UW GBB P 2018-10-22T16:28:40.950000
CC OBSR P 2018-09-19T12:05:37.890000
CC OBSR S 2018-09-19T12:05:39.290000
UW EVGW P 2019-07-20T13:23:28.100000
UW EVGW S 2019-07-20T13:23:34.900000
CC OBSR P 2019-03-26T22:44:58.880000
CC OBSR S 2019-03-26T22:45:00.780000
CC STD P 2019-06-03T06:31:16.625000
CC STD S 2019-06-03T06:31:21.825000
CC OBSR P 2018-10-14T13:01:14.410000
CC OBSR S 2018-10-14T13:01:14.010000
CC OBSR S 2018-10-14T13:01:15.710000
UW DOSE P 2018-11-29T19:17:38.690000
UW DOSE S 2018-11-29T19:17:38.990000
UW DOSE S 2018-11-29T19:17:44.390000
CC PR05 P 2018-12-12T21:47:29.120000
CC PR05 S 2018-12-12T21:47:30.820000
UW RATT P 2019-05-19T16:24:25.495000
CC SWF2 S 2019-03-10T14:33:36.800000
UO VERN P 2019-08-30T11:20:57.010000
UO VERN S 2019-08-30T11:20:59.010000
UO WLOO P 2019-07-17T15:00:52.578393
UO WLOO S 2019-07-17T15:00:54.878393
UO BEER P 2018-12-23T11:11:17.128393
CC PR05 P 2018-11-28T21:14:52.240000
CC PR05 S 2018-11-28T21:14:56.340000
CN SHB S 2019-03-31T12:29:07.850000
UW JEDS P 2018-10-27T16:46:59.360000
UW HOOD P 2019-07-09T18:05:33.510000
UW HOOD S 2019-07-09T18:05:34.810000
UW HOOD S 2019-07-20T07:13:22.350000
UO TOOM P 2019-01-05T19:35:43.078393
UW DOSE S 2018-12-28T09:26:16.815000
UW DOSE S 2018-12-28T09:26:22.915000
UW LTY P 2019-04-05T20:04:39.230000
UW RCM P 2019-01-11T07:55:35.240000
UW RATT P 2019-05-08T08:40:52.295000
UW RATT S 2019-05-08T08:40:55.095000
CC PANH P 2019-07-17T23:43:35.440000
CC PANH S 2019-07-17T23:43:36.540000
CN VGZ P 2018-11-26T04:26:25.460000
CN VGZ S 2018-11-26T04:26:32.760000
CC SWF2 P 2019-08-16T15:24:40.295000
CC SWF2 S 2019-08-16T15:24:41.995000
CC OBSR P 2019-09-03T10:24:28.940000
CC OBSR S 2019-09-03T10:24:30.940000
UW BERY P 2019-02-26T04:06:53.383130
UW BERY S 2019-02-26T04:07:01.583130
UO CAVE P 2019-04-27T02:39:07.358393
UO CAVE S 2019-04-27T02:39:01.158393
UO CAVE S 2019-04-27T02:39:09.058393
CN PGC P 2019-03-05T11:47:23.930000
UW BERY P 2018-12-02T09:41:22.773130
UW OMAK P 2019-05-22T11:43:37.100001
CN PGC P 2018-10-22T16:27:57.180000
CC SWF2 P 2018-12-08T23:46:27.530000
CC SWF2 S 2018-12-08T23:46:29.130000
UW SCC P 2019-07-12T09:51:45.020000
UW SCC S 2019-07-12T09:51:51.220000
UW LON P 2018-10-25T21:31:17.710000
UW LON P 2019-01-16T20:13:40.270000
UW LON S 2019-01-16T20:13:46.070000
UW BLOW P 2019-04-22T11:03:40.038393
UW BLOW S 2019-04-22T11:03:41.738393
CC PR04 P 2019-05-08T21:58:34.500000
CC PR04 S 2019-05-08T21:58:36.600000
CN CLRS P 2019-08-19T23:14:04.180000
CN VGZ P 2019-07-21T15:14:40.560000
UO MINN P 2019-07-17T15:00:51.058393
UO MINN S 2019-07-17T15:00:53.358393
CC PR04 P 2019-07-14T14:21:52.680000
CN SYMB P 2019-07-15T02:30:57.160000
CN SYMB S 2019-02-26T04:06:56.520000
UO WLOO P 2019-03-09T15:23:41.818393
UO WLOO S 2019-03-09T15:23:43.418393
UO WLOO S 2019-03-09T15:23:47.618393
CC STD S 2019-04-20T03:39:57.885000
UW RCM P 2019-06-10T00:24:27.880000
UW RCM S 2019-06-10T00:24:25.880000
UW RCM S 2019-06-10T00:24:30.280000
UW LTY P 2019-09-05T15:04:17.080000
CC VALT P 2019-05-18T20:45:05.660000
CC OBSR P 2018-11-09T09:04:25.290000
CC OBSR S 2018-11-09T09:04:26.990000
UW DOSE S 2019-02-04T10:53:44.065000
CC RUSH P 2019-09-07T10:49:46.640000
UW RATT P 2019-02-21T03:34:04.970000
UW RATT S 2019-02-21T03:34:10.970000
CC CARB P 2019-08-07T20:28:43.720000
CC CARB S 2019-08-07T20:28:46.220000
CN BPEB P 2019-08-20T01:42:25.840000
CN BPEB S 2019-08-20T01:42:25.040000
CN BPEB S 2019-08-20T01:42:27.240000
UW LON P 2019-08-07T20:28:43.640000
UW LON S 2019-08-07T20:28:46.040000
UW WA2 S 2019-02-24T19:08:00.660000
UW EVGW P 2018-11-30T22:11:53.170000
UW EVGW S 2018-11-30T22:12:00.970000
UW GNW P 2019-09-07T21:44:34.060000
CC PR05 P 2019-06-30T05:51:51.640000
CC PR05 P 2019-02-08T17:30:50.300000
CC PR05 S 2019-02-08T17:30:57.300000
CC PR01 P 2019-06-05T00:08:32.410000
CC PR01 S 2019-06-05T00:08:34.710000
UW LCCR P 2019-03-20T09:39:02.918393
UW LCCR S 2019-03-20T09:39:03.718393
CN NLLB P 2018-10-11T05:44:30.610000
CN PGC P 2019-08-28T00:13:04.400000
CN PGC S 2019-08-28T00:13:12.300000
CN PGC P 2019-04-29T18:13:31.470000
UW RATT S 2019-06-29T00:45:05.220000
CC PR05 P 2019-09-04T22:04:09.840000
CN BPEB S 2019-07-12T21:32:03.130000
CN BPEB S 2019-07-12T21:32:07.830000
CN CBB P 2019-09-05T15:04:23.690000
CN CBB S 2019-09-05T15:04:25.790000
UW RATT P 2019-02-04T10:53:37.370000
UW RATT S 2019-02-04T10:53:43.770000
CC VALT P 2018-10-19T17:06:24.480000
CC VALT S 2018-10-19T17:06:28.280000
UW DOSE S 2019-01-16T20:34:04.745000
UW FMW P 2019-07-13T11:54:18.580000
UW FMW S 2019-07-13T11:54:19.680000
UW RCM P 2019-06-10T11:44:15.830000
UW RCM S 2019-06-10T11:44:07.830000
UW RCM S 2019-06-10T11:44:13.130000
UW RCM S 2019-06-10T11:44:17.530000
CC TMBU S 2019-02-01T22:10:21.140000
UW RATT S 2018-09-12T09:05:27.090000
CC PR01 P 2019-07-01T11:23:03.370000
CN SNB P 2018-10-01T10:30:03.040000
CN SNB S 2018-10-01T10:30:09.040000
UW SWID P 2019-09-02T01:46:59.850000
UO WOOD P 2019-01-13T09:36:33.478393
CC PANH P 2019-01-06T23:47:06.940000
UW LRIV S 2019-05-05T06:26:49.305000
UW TUCA P 2018-12-14T00:35:22.698393
UW PHIN P 2018-10-10T08:40:30.348391
UW PHIN S 2018-10-10T08:40:30.848391
UW PHIN S 2018-10-10T08:40:37.048391
UW KENT P 2019-07-12T09:52:22.438391
UW KENT P 2019-07-12T09:52:27.638391
UW KENT S 2019-07-12T09:52:24.338391
UW KENT S 2019-07-12T09:52:29.238391
UW RCM P 2019-01-29T19:24:56.090000
UW RCM P 2019-01-29T19:25:01.290000
UW RCM S 2019-01-29T19:24:56.990000
UW RCM S 2019-01-29T19:25:01.990000
CC SWF2 P 2019-07-13T16:58:45.495000
CC SWF2 S 2019-07-13T16:58:46.495000
UW KREP P 2019-07-04T18:55:26.180001
UW KREP S 2019-07-04T18:55:26.680001
CC PANH P 2019-07-26T05:32:55.080000
CC PANH S 2019-07-26T05:32:59.480000
UO VERN P 2019-01-30T01:58:55.280000
UO VERN S 2019-01-30T01:58:59.380000
UW TUCA P 2019-07-15T07:30:46.708393
CC PR04 P 2018-12-09T07:07:15
CC PR04 S 2018-12-09T07:07:18.200000
CN SYMB P 2019-05-01T13:23:10.650000
UW SP2 P 2019-06-29T11:46:39.080000
UW BERY P 2019-04-18T05:39:26.253131
UW LYNC P 2019-07-17T23:43:23.040000
UW LYNC S 2019-07-17T23:43:27.040000
CN SYMB P 2019-07-16T09:09:58.880000
UW DOSE P 2018-12-27T22:54:12.540000
UW RATT S 2019-06-15T03:22:03.220001
UW LON P 2019-07-22T07:23:50.730000
UW LON S 2019-07-22T07:23:52.830000
UW EPH2 P 2018-10-09T22:34:24.830000
CC VALT P 2018-10-15T06:35:27.960000
CC VALT S 2018-10-15T06:35:28.660000
UW HOOD P 2019-07-08T12:22:59.330000
UW HOOD S 2019-07-08T12:23:00.730000
CC WIFE P 2018-11-18T20:37:04.800000
CC PR01 S 2019-07-06T13:32:14.970000
CC PR05 P 2019-08-16T15:24:45.460000
CC PR05 S 2019-08-16T15:24:39.560000
CC PR05 S 2019-08-16T15:24:48.660000
UW HOOD P 2019-07-09T20:04:09.620000
UW HOOD S 2019-07-09T20:04:11.020000
CN VGZ P 2019-08-17T21:36:33.310000
CN VGZ S 2019-08-17T21:36:36.910000
UW LCCR P 2018-11-09T00:00:52.658393
UW LCCR S 2018-11-09T00:00:55.258393
UW STOR P 2018-10-08T10:47:22.538394
UW STOR P 2018-10-08T10:47:25.838394
UW STOR S 2018-10-08T10:47:23.938394
UW STOR S 2018-10-08T10:47:28.138394
CC SWF2 P 2018-11-29T18:44:15.190000
CC SWF2 S 2018-11-29T18:44:15.690000
UW GNW P 2019-03-04T01:07:45.345000
UW GNW S 2019-03-04T01:07:47.945000
UW LON P 2018-09-19T12:16:19.710000
UW LON S 2018-09-19T12:16:17.510000
UW LON S 2018-09-19T12:16:21.210000
UW FMW P 2018-12-05T13:48:08.100000
UW FMW S 2018-12-05T13:48:09
UW FMW S 2018-12-05T13:48:11.400000
UW LON P 2019-01-05T20:47:35.710000
UW EVGW P 2019-01-05T20:47:19.380000
UW EVGW P 2019-01-05T20:47:21.780000
UW EVGW S 2019-01-05T20:47:24.080000
UW FISH P 2019-09-01T05:57:36.718394
UW FISH S 2019-09-01T05:57:37.518394
UO ROGE P 2019-08-04T04:55:01.438393
UW BLOW P 2019-07-22T08:55:49.648393
CC PANH P 2019-02-20T15:48:58.220000
CC PANH S 2019-02-20T15:48:59.220000
UW HOOD S 2018-11-17T11:58:50.060000
CC VALT P 2019-03-13T05:57:56.280000
CC VALT S 2019-03-13T05:57:57.480000
CC VALT P 2019-04-07T07:06:56.340000
CC VALT S 2019-04-07T07:06:59.640000
UW FISH P 2019-01-17T03:47:40.698394
UW BERY P 2019-06-02T01:09:14.179999
CC STD S 2018-10-04T05:31:32.805000
CC JRO P 2019-06-24T18:01:54.070000
UW BLOW P 2018-10-25T07:59:40.268393
CC SHRK S 2019-07-08T09:44:26.010000
CC OBSR P 2018-09-19T12:15:04.150000
CC OBSR S 2018-09-19T12:14:56.550000
CC OBSR S 2018-09-19T12:15:05.550000
UO WOOD P 2019-06-23T03:53:43.598393
UW LRIV P 2019-08-29T15:09:19.960000
UW LRIV S 2019-08-29T15:09:24.060000
UW GNW P 2019-07-12T12:26:58.250000
UW GNW S 2019-07-12T12:27:06.150000
UW DOSE P 2019-09-09T13:49:27.430000
UW DOSE S 2019-09-09T13:49:28.230000
UW SHUK S 2019-04-18T02:52:32.040000
UW SHUK S 2019-04-18T02:52:35.440000
CC PR05 P 2019-07-13T11:54:17.660000
UW FMW P 2019-03-17T15:29:03.630000
UW FMW S 2019-03-17T15:29:11.430000
CC REM S 2019-08-02T21:56:51.155000
UW LCCR P 2019-07-09T11:59:44.678394
UW LCCR S 2019-07-09T11:59:46.578394
UW LCCR S 2019-07-09T11:59:53.378394
UW YACT P 2019-07-09T17:24:07.178393
CC ASBU P 2019-06-16T16:13:43.705000
CC ASBU S 2019-06-16T16:13:41.305000
CC ASBU S 2019-06-16T16:13:45.205000
CC ASBU S 2019-06-16T16:13:50.305000
CC PR05 P 2019-01-24T19:05:58.240000
CC OBSR S 2019-01-19T16:52:47.820000
CC OBSR S 2019-01-19T16:52:55.520000
CN PGC P 2019-08-04T06:41:52.950000
UW FISH P 2018-11-19T11:09:41.248394
UW FISH S 2018-11-19T11:09:48.648394
CC PR04 P 2019-08-03T04:28:05.320000
UW BRO P 2019-08-31T21:40:19.510000
UW BRO S 2019-08-31T21:40:16.810000
UW GNW P 2018-11-27T07:28:08.300000
UW GNW S 2018-11-27T07:28:10.800000
CC PR01 P 2018-09-19T12:09:04.400000
CC PR01 S 2018-09-19T12:09:07.700000
CN GDR P 2019-05-04T05:48:22.010000
CN GDR S 2019-05-04T05:48:29.910000
UW LON P 2019-07-13T11:54:19.440000
CN HNBB P 2018-11-14T00:28:18.950000
CN HNBB P 2018-11-14T00:28:22.950000
UW HEBO P 2018-10-17T19:10:31.770000
UW HEBO S 2018-10-17T19:10:32.470000
CC STD P 2019-02-08T17:30:46.205000
CC STD P 2019-02-08T17:30:48.505000
CC STD S 2019-02-08T17:30:46.405000
CC STD S 2019-02-08T17:30:50.505000
UW TLW1 P 2019-01-25T21:29:40.060000
UW TLW1 S 2019-01-25T21:29:42.260000
UW GBB S 2019-07-05T18:02:50.860000
CC JRO P 2019-07-01T09:06:44.010000
CC JRO S 2019-07-01T09:06:45.510000
UW PHIN P 2019-05-18T19:19:08.568393
CC OBSR P 2019-07-17T15:01:17.680000
CC OBSR S 2019-07-17T15:01:20.380000
CN CBB P 2019-05-08T16:54:15.670000
CN CBB S 2019-05-08T16:54:14.670000
CN CBB S 2019-05-08T16:54:20.170000
CC OBSR S 2018-10-14T10:16:50.070000
CC OBSR S 2018-10-14T10:16:56.570000
UO BEER P 2019-03-03T10:14:30.958393
CC CARB P 2019-08-23T20:08:29.440000
CC CARB S 2019-08-23T20:08:33.240000
UW STOR P 2018-11-30T03:36:39.948393
UW STOR S 2018-11-30T03:36:42.648393
CN BPEB S 2019-07-09T11:44:31.730000
CN BPEB S 2019-07-09T11:44:38.430000
UW BLOW P 2018-10-24T17:09:45.548393
UW BLOW S 2018-10-24T17:09:46.448393
CC OBSR S 2019-01-31T20:19:53.640000
UW KENT P 2019-02-06T18:24:15.818393
UW KENT S 2019-02-06T18:24:17.618393
CC PR04 P 2018-11-29T18:44:08.560000
CC PR04 S 2018-11-29T18:44:12.160000
UW SHUK P 2019-08-12T11:45:54.400000
CC VALT P 2019-01-21T06:05:23.700000
CC VALT S 2019-01-21T06:05:24.300000
CC VALT S 2019-01-21T06:05:28.900000
CC STD P 2018-10-27T07:09:57.885000
CC STD S 2018-10-27T07:10:00.385000
UW BLOW P 2018-09-20T06:36:34.518391
UW BLOW S 2018-09-20T06:36:36.418391
UW BERY P 2019-07-12T10:07:56.760000
UW BERY P 2019-07-12T10:08:01.060000
UW BERY S 2019-07-12T10:08:02.960000
UW BERY S 2019-07-12T10:08:07.360000
UW JEDS P 2019-03-03T10:14:28.440000
UW JEDS S 2019-03-03T10:14:29.740000
UW GNW P 2019-01-28T13:04:37.715000
UW GNW S 2019-01-28T13:04:40.215000
CN CLRS P 2019-09-01T13:51:34.690000
CC PR05 P 2019-07-28T22:45:47.760000
CC JRO P 2019-05-21T11:11:53.610000
CC JRO S 2019-05-21T11:11:55.710000
CN SNB P 2018-09-27T14:56:56.150000
UO MARQ P 2019-03-01T00:29:39.390000
CC CARB P 2019-09-06T08:34:55.100000
UW LTY P 2018-11-30T17:34:21.105000
UW LTY S 2018-11-30T17:34:16.905000
UW DOSE P 2019-08-20T01:41:36.280000
UW DOSE S 2019-08-20T01:41:39.880000
UW MANO P 2019-04-16T15:40:32.350000
UW MANO S 2019-04-16T15:40:34.350000
CC JRO P 2018-09-11T08:24:17.990000
CC JRO S 2018-09-11T08:24:22.890000
UW TOLT P 2019-07-26T12:58:51.860001
UW TOLT S 2019-07-26T12:58:52.160001
UW TOLT S 2019-07-26T12:58:56.360001
CC SWF2 P 2018-12-26T19:18:29.360000
CC SWF2 S 2018-12-26T19:18:29.860000
UW RCM P 2019-04-12T14:08:18.400000
UW RCM S 2019-04-12T14:08:13.600000
UW WOLL S 2019-07-05T17:09:04.838394
UO LAIR P 2019-04-12T14:07:22.228393
UO LAIR S 2019-04-12T14:07:23.428393
CC OBSR P 2019-08-17T09:14:16.940000
CC OBSR S 2019-08-17T09:14:18.140000
UW MDW P 2019-08-03T07:58:49.110000
UW MDW S 2019-08-03T07:58:50.910000
UW SP2 P 2018-10-08T10:47:21.955000
UW SP2 P 2018-10-08T10:47:26.055000
UW SP2 S 2018-10-08T10:47:28.055000
UW MANO S 2019-05-19T16:24:25.720000
UW MANO S 2019-05-19T16:24:29.520000
CC CARB P 2019-08-30T00:22:03.800000
UO CHIL P 2019-04-12T14:07:37.168393
UO CHIL S 2019-04-12T14:07:29.568393
CC SWNB P 2018-11-07T09:26:16.220000
CC SWNB S 2018-11-07T09:26:18.320000
UW RATT P 2018-10-26T17:35:42.915000
UW RATT S 2018-10-26T17:35:44.615000
UW RATT S 2018-10-26T17:35:47.615000
CC SHRK P 2019-07-10T05:40:43.330000
CC SHRK S 2019-07-10T05:40:46.330000
UW SNI2 P 2019-07-05T17:08:57.210000
UW SNI2 S 2019-07-05T17:09:02.310000
UW SCC P 2019-01-17T03:47:21.200000
CC OBSR P 2019-05-16T14:53:28.970000
CC SWF2 S 2019-02-11T00:03:44.140000
UW GNW P 2018-10-10T15:49:55.075000
UW GNW S 2018-10-10T15:49:58.175000
UW RATT P 2018-10-14T10:16:45.205000
UW RATT S 2018-10-14T10:16:48.705000
CC SHRK P 2019-09-01T20:59:59.050000
CC SHRK S 2019-09-01T20:59:59.350000
CC SHRK S 2019-09-01T21:00:01.950000
CC PANH P 2019-09-01T05:57:59.860000
CC PANH S 2019-09-01T05:58:00.560000
CC STD P 2019-09-04T07:31:40.365000
CC STD S 2019-09-04T07:31:40.665000
CC STD S 2019-09-04T07:31:44.265000
UO JESE P 2019-07-09T17:01:47.818393
UO JESE S 2019-07-09T17:01:52.418393
UW LON P 2019-07-15T02:30:54.470000
CC STD P 2019-03-30T08:47:39.265000
CC STD S 2019-03-30T08:47:41.665000
UW GNW P 2018-12-26T19:18:12.790000
UW GNW P 2018-12-26T19:18:17.390000
UW GNW S 2018-12-26T19:18:20.390000
CC PRLK P 2019-09-01T09:26:39.315000
UW GNW P 2019-08-23T17:37:30.730000
UW GNW P 2019-08-23T17:37:36.830000
UW GNW S 2019-08-23T17:37:42.430000
UW EPH2 S 2019-04-28T05:21:33.450000
CC PR01 P 2019-02-20T07:23:58.325000
CC PR01 S 2019-02-20T07:24:04.725000
UO VERN P 2019-02-25T23:43:16.580000
UO WYLD P 2019-07-13T00:25:14.030000
CC OBSR S 2019-07-20T13:23:35.560000
CC VALT S 2019-07-30T15:38:51.120000
CC PR05 P 2019-07-04T22:56:19.840000
CC PR05 S 2019-07-04T22:56:21.440000
CC OBSR P 2018-10-23T03:53:23.170000
CC OBSR S 2018-10-23T03:53:21.070000
CC OBSR S 2018-10-23T03:53:23.770000
UW LON P 2019-04-08T14:08:00.740000
UW LON S 2019-04-08T14:08:03.340000
CC PR05 P 2019-06-07T19:31:50.640000
CC PR05 S 2019-06-07T19:31:53.840000
UW SNI2 P 2018-10-20T00:57:37.200000
UW SNI2 S 2018-10-20T00:57:40.100000
UO CAVE P 2019-03-13T23:11:51.258393
UW FMW P 2019-07-01T10:53:36.260000
UW FMW S 2019-07-01T10:53:38.160000
CN SNB P 2019-04-06T09:37:43.110000
CN SNB P 2019-04-06T09:37:51.110000
CN SNB S 2019-04-06T09:37:54.410000
CN SNB P 2018-11-21T19:14:54.760000
CN SNB S 2018-11-21T19:14:47.260000
CN SNB S 2018-11-21T19:14:58.160000
UW FMW P 2019-07-12T10:50:46
UW FMW P 2019-07-12T10:50:51.400000
CC PR04 P 2018-10-30T18:00:09.980000
CC PR04 S 2018-10-30T18:00:03.280000
CC PR04 S 2018-10-30T18:00:11.980000
UO BUCK P 2019-01-29T13:50:04.310000
CC PR05 P 2019-07-18T07:31:09.140000
CC PR05 S 2019-07-18T07:31:11.740000
UW FMW P 2019-01-03T09:50:10.810000
UW FMW S 2019-01-03T09:50:12.710000
UW RCM P 2019-08-29T15:09:21.330000
UW RATT S 2019-01-11T14:16:26.470000
CC SHRK P 2019-07-09T17:54:43.930000
CC SHRK S 2019-07-09T17:54:47.030000
CC SWF2 P 2019-06-30T15:31:15.115000
CC SWF2 S 2019-06-30T15:31:16.415000
UW SP2 P 2019-07-01T04:18:05.220000
UW SP2 S 2019-07-01T04:18:09.720000
CN SNB P 2018-12-21T17:23:46.240000
CN SNB S 2018-12-21T17:23:49.540000
UO BEER P 2019-09-01T01:52:56.398391
CC PR04 P 2019-09-02T04:21:53.940000
UO VERN P 2018-10-22T16:28:16
UW LUMI P 2019-04-20T14:32:08.130000
UW LUMI S 2019-04-20T14:32:09.630000
UW RCM P 2019-03-29T03:04:58.320000
UW RCM S 2019-03-29T03:05:00.420000
CC PR04 P 2018-12-27T08:28:40.100000
CC JRO P 2018-12-26T13:08:10.650000
CC JRO S 2018-12-26T13:08:13.150000
CC VALT P 2018-11-14T23:37:32.460000
CC VALT S 2018-11-14T23:37:33.560000
UW GNW P 2019-03-01T09:02:10.720000
UW BLOW P 2018-10-22T04:18:27.048393
UW BLOW S 2018-10-22T04:18:28.348393
UW PCFR S 2019-02-11T08:38:27.880000
UW PCFR S 2019-02-11T08:38:34.480000
CC OBSR P 2019-08-17T04:27:25.760000
CC OBSR S 2019-08-17T04:27:28.260000
CC STD P 2019-09-05T14:26:55.505000
CC STD S 2019-09-05T14:26:57.505000
UO BEER P 2018-10-08T15:15:55.028393
UW MOX P 2018-11-30T17:34:26.490000
UW MOX S 2018-11-30T17:34:29.790000
CC STD P 2018-11-19T11:09:41.265000
CC STD S 2018-11-19T11:09:42.965000
UW LUMI P 2018-12-21T17:23:47.929999
UW LUMI S 2018-12-21T17:23:52.229999
UW STOR S 2019-08-08T00:58:28.288393
UW GBB S 2019-05-19T20:27:12.910000
CC VALT P 2019-06-23T18:52:41.460000
CC VALT S 2019-06-23T18:52:42.460000
UW RCM P 2019-05-23T11:16:19.440000
UW RCM S 2019-05-23T11:16:11.440000
UW RCM S 2019-05-23T11:16:22.240000
UW BLOW P 2019-04-04T17:46:33.998393
UW KREP S 2019-01-17T03:47:47.460000
UO DRAN P 2019-06-26T21:07:19.268394
UW SWID P 2018-11-22T00:15:10.760000
UW SWID S 2018-11-22T00:15:14.860000
UW RATT P 2019-07-12T09:54:08.290000
UW RATT S 2019-07-12T09:54:08.890000
UW RATT S 2019-07-12T09:54:15.590000
UW FMW P 2019-07-31T06:26:21.680000
UW FMW S 2019-07-31T06:26:22.980000
UW FMW S 2019-07-31T06:26:26.180000
CC SWF2 P 2018-10-09T22:34:23.210000
CC SWF2 S 2018-10-09T22:34:24.810000
CN SYMB P 2019-03-31T12:29:01
UW HOOD S 2019-07-27T23:32:21.840000
UW BLOW P 2019-06-16T16:13:34.878393
UW BLOW S 2019-06-16T16:13:39.178393
CN HOLB P 2019-07-12T09:52:50.930000
CC JRO P 2018-09-28T21:30:36.430000
CC JRO S 2018-09-28T21:30:37.430000
CC PANH P 2019-07-02T11:14:14
CN PGC P 2018-10-10T10:05:41.320000
CN PGC S 2018-10-10T10:05:44.220000
UW EGRN P 2019-07-13T11:54:09.190000
UW EGRN S 2019-07-13T11:54:10.990000
UW EGRN S 2019-07-13T11:54:17.090000
CC PR01 P 2019-09-09T13:49:14.535000
CC PR01 S 2019-09-09T13:49:22.135000
UW GNW P 2019-06-25T04:27:00.250000
UW GNW S 2019-06-25T04:27:08.350000
CC JRO P 2018-11-08T00:39:11.530000
CC JRO S 2018-11-08T00:39:14.630000
CN NLLB P 2018-10-01T10:30:13.280000
UW LUMI P 2018-11-21T19:14:55.229999
UW LUMI S 2018-11-21T19:14:59.029999
UW RCM P 2019-02-28T20:04:20.270000
UW RCM S 2019-02-28T20:04:13.470000
UW RCM S 2019-02-28T20:04:26.870000
CC PANH P 2019-01-09T17:19:49.100000
UW H2O P 2019-02-01T22:09:47.270000
UW WA2 P 2019-06-30T18:46:26.310000
UW WA2 S 2019-06-30T18:46:27.810000
UW WA2 S 2019-06-30T18:46:30.310000
UO ROGE P 2019-07-13T00:25:08.218394
CC OBSR S 2019-03-01T09:02:08.600000
CN HOLB P 2019-06-29T05:53:57.900000
CN HOLB S 2019-06-29T05:54:05.200000
UW LRIV P 2018-10-11T05:44:26.790000
CC JRO P 2018-11-19T11:09:40.750000
CC JRO S 2018-11-19T11:09:42.850000
UW HOOD P 2019-07-09T21:18:59.420001
UW HOOD S 2019-07-09T21:19:00.820001
UW BERY P 2019-07-20T13:06:51.800001
UW BERY S 2019-07-20T13:06:58.000001
UW GBB S 2019-06-03T21:50:04.660000
CN NLLB P 2019-05-05T06:26:51.350000
UW LCCR P 2019-07-22T05:12:08.628393
UW LCCR S 2019-07-22T05:12:09.228393
UO JESE P 2019-07-10T04:37:01.148394
UO JESE P 2019-07-10T04:37:03.948394
UO JESE S 2019-07-10T04:36:54.848394
UO JESE S 2019-07-10T04:37:09.048394
CN PGC P 2019-08-21T19:34:54.920000
CN PGC S 2019-08-21T19:34:58.720000
UW MDW P 2019-06-24T08:56:08.350000
UW MDW S 2019-06-24T08:56:10.350000
CC JRO P 2019-06-06T02:43:52.010000
UW MOX P 2019-06-26T00:31:18.810000
UW MOX S 2019-06-26T00:31:20.110000
UO MINN P 2019-03-08T15:53:12.698393
UO MINN S 2019-03-08T15:53:13.798393
UO MINN S 2019-03-08T15:53:20.398393
UW LON P 2019-07-02T08:58:40.580000
UW LON S 2019-07-02T08:58:47.680000
CC STD P 2019-05-21T11:11:54.285000
CC STD S 2019-05-21T11:11:56.085000
UO MARQ P 2018-09-14T18:36:16.290000
UW MOX P 2019-04-13T00:53:11.180000
UW MOX S 2019-04-13T00:53:18.880000
CC WIFE P 2019-07-19T13:05:38.720000
CC WIFE S 2019-07-19T13:05:40.620000
UW OMAK P 2018-11-28T02:43:18.350000
CC PR05 P 2019-06-30T18:46:48
CC PR04 P 2019-04-23T05:08:32.420000
UW LTY P 2019-01-05T19:35:48.630000
UW LTY P 2019-01-05T19:35:54.630000
CN SHB P 2018-10-30T18:00:04.950000
CN SHB P 2018-10-30T18:00:08.150000
CC SWF2 P 2019-03-01T00:29:51.220000
CC SWF2 S 2019-03-01T00:29:52.320000
CN SYMB P 2018-10-18T08:15:08.750000
CN SYMB S 2018-10-18T08:15:15.350000
UW EPH2 P 2019-07-12T09:52:06.160000
UW EPH2 S 2019-07-12T09:52:08.460000
CC STD P 2019-03-29T11:27:16.405000
CC STD S 2019-03-29T11:27:17.805000
UW SNI2 P 2019-04-04T16:54:52.950000
UW SNI2 S 2019-04-04T16:54:56.550000
OO HYS12 P 2019-08-16T15:24:06.150000
OO HYS12 S 2019-08-16T15:23:58.850000
OO HYS12 S 2019-08-16T15:24:03.350000
OO HYS12 S 2019-08-16T15:24:10.950000
CC PR05 P 2018-11-11T17:07:43.700000
CC PR05 S 2018-11-11T17:07:44.900000
UW BERY P 2019-05-01T07:38:05.843130
UO TOOM P 2019-04-12T14:07:46.108393
UW DOSE S 2019-03-30T11:35:10.990000
UW FMW P 2019-04-10T22:17:13.390000
UW FMW S 2019-04-10T22:17:14.990000
UW FMW P 2019-02-11T08:38:31.470000
CC HUSB P 2019-08-24T00:10:27.520000
CC HUSB S 2019-08-24T00:10:33.220000
CC RUSH P 2019-08-13T23:57:21.240000
UO SISQ P 2019-07-06T14:55:52.750000
UO SISQ S 2019-07-06T14:55:53.950000
CC PR01 P 2019-03-08T00:02:02.325000
CC PR01 P 2019-03-08T00:02:03.125000
CC PR01 P 2019-01-21T23:46:55.385000
CC PR01 S 2019-01-21T23:46:55.685000
CC PR05 P 2019-08-30T19:09:24.140000
UW LON P 2019-04-08T13:02:23.115000
UW LON P 2019-04-08T13:02:26.915000
CC VALT P 2019-04-08T13:02:34.960000
CC PR01 P 2019-01-23T23:40:59.485000
CC PR01 S 2019-01-23T23:41:01.885000
CC PR05 P 2019-02-02T12:55:53.260000
CC PR05 S 2019-02-02T12:55:55.360000
CN PGC P 2019-06-01T18:27:07.210000
CC PR05 P 2019-04-02T18:29:59.340000
UW LON S 2019-03-29T03:04:57.940000
CN PGC P 2018-09-28T21:30:25.450000
CN PGC S 2018-09-28T21:30:30.050000
UO MINN P 2019-09-03T04:11:02.388391
UO MINN P 2019-09-03T04:11:03.388391
UO MINN S 2019-09-03T04:11:02.988391
UO MINN S 2019-09-03T04:11:04.188391
UO MINN S 2019-09-03T04:11:10.688391
UW DOSE P 2018-12-04T02:41:29.915000
UW DOSE S 2018-12-04T02:41:31.215000
UO MARQ P 2019-07-07T17:24:42.530000
UO LAIR P 2019-07-31T12:26:57.518393
UO LAIR S 2019-07-31T12:26:59.218393
UW WAT2 P 2019-04-28T05:21:20.450000
CC OBSR P 2019-03-06T20:12:16.120000
CC OBSR S 2019-03-06T20:12:14.420000
CC OBSR S 2019-03-06T20:12:18.320000
CC STD P 2018-12-26T13:08:11.005000
CC STD S 2018-12-26T13:08:13.805000
CN VGZ P 2019-03-17T15:29:16.610000
UW GNW P 2019-03-08T10:23:58.720000
UW GNW S 2019-03-08T10:24:00.520000
CC OBSR P 2019-07-26T08:52:48.880000
CC OBSR S 2019-07-26T08:52:49.180000
UW BABR P 2019-07-12T09:52:27.120000
UW BABR P 2019-07-12T09:52:31.620000
UW BABR P 2019-07-12T09:52:34.720000
UW BABR S 2019-07-12T09:52:36.420000
CC SWF2 P 2019-06-24T18:01:53.455000
CC SWF2 S 2019-06-24T18:01:54.655000
UW KITP P 2019-05-07T01:58:01.710000
UW KITP S 2019-05-07T01:58:05.910000
UO TOOM P 2019-05-17T17:09:19.238393
CC PRLK P 2019-06-28T16:02:51.230000
UO ROGE P 2019-07-01T06:26:13.288391
CC SEP P 2019-09-02T06:37:49.720000
CC SEP S 2019-09-02T06:37:46.220000
CC SEP S 2019-09-02T06:37:50.720000
CC SWNB S 2019-04-01T05:55:24.100000
CC JRO P 2019-09-04T07:31:40.070000
CC JRO S 2019-09-04T07:31:43.170000
UW STOR P 2019-07-24T20:51:34.728393
UW STOR S 2019-07-24T20:51:37.428393
UW RCM S 2019-05-14T04:32:56.140000
CC PANH P 2019-06-05T00:08:34.100000
CC PANH S 2019-06-05T00:08:34.300000
CC PANH S 2019-06-05T00:08:37.600000
CC STD S 2018-12-05T16:44:33.725000
