UW LON P 2018-12-06T05:47:43.470000
CC VALT P 2019-01-25T21:30:02.220000
CN SNB P 2018-11-19T11:09:32.130000
UW DOSE P 2019-04-02T13:00:30.690000
UW YACT P 2019-07-12T11:17:14.048393
UW YACT S 2019-07-12T11:17:16.648393
CC CIHL P 2019-02-22T10:27:18.760000
CC CIHL S 2019-02-22T10:27:21.560000
CC CIHL S 2019-02-22T10:27:25.260000
UW WISC P 2018-12-26T19:18:07.250000
UW WISC S 2018-12-26T19:18:11.350000
CC VALT P 2019-03-10T01:13:49.700000
CC PANH P 2019-07-18T14:55:35.580000
CC PANH S 2019-07-18T14:55:36.280000
CC PR01 P 2019-07-02T08:58:40.770000
CC PR01 S 2019-07-02T08:58:41.770000
CC PR01 S 2019-07-02T08:58:47.970000
CC PR05 P 2019-06-28T11:27:39.260000
CC PR05 S 2019-06-28T11:27:46.860000
UW LCCR P 2019-08-30T11:21:00.688393
UW LCCR S 2019-08-30T11:21:01.388393
UW LON P 2019-01-20T19:09:44.120000
UW LON P 2019-01-20T19:09:45.320000
UW LON S 2019-01-20T19:09:46.920000
UW MDW P 2019-02-01T22:09:46.150000
UW MDW P 2019-02-01T22:09:49.450000
UW MDW S 2019-02-01T22:09:47.650000
UW MDW S 2019-02-01T22:09:54.050000
UW RATT P 2018-09-24T14:28:20.665000
UW FISH P 2019-09-05T08:51:39.478393
UW FISH S 2019-09-05T08:51:40.278393
CC PANH P 2019-06-16T10:39:57.400000
UW WISC P 2018-12-30T04:13:14.060000
UW WISC P 2018-12-30T04:13:16.760000
UW WISC S 2018-12-30T04:13:12.160000
UW WISC S 2018-12-30T04:13:18.660000
UW WISC S 2018-12-30T04:13:24.560000
CN GOBB P 2019-04-05T20:49:06.320000
UO MINN P 2019-09-06T01:15:21.908393
UO MINN S 2019-09-06T01:15:23.108393
UO MINN S 2019-09-06T01:15:28.108393
CC VALT P 2019-03-01T05:05:45.860000
CC VALT S 2019-03-01T05:05:53.460000
UW LRIV P 2018-09-24T14:28:09.740000
UW HOOD P 2019-05-17T11:20:00.390000
CC PR04 P 2019-06-29T03:25:08.500000
CC PR04 S 2019-06-29T03:25:11.600000
CN NLLB P 2019-06-26T20:21:30.690000
CN NLLB P 2019-06-26T20:21:33.090000
CC JRO P 2019-01-19T16:52:55.050000
CN WSLR P 2019-03-05T11:47:28.650000
UW MANO P 2018-10-22T16:28:30.130000
UO ROGE P 2019-03-09T10:53:53.308391
UO ROGE S 2019-03-09T10:53:57.408391
UW BLOW P 2019-01-29T18:09:11.988393
UW BLOW S 2019-01-29T18:09:13.688393
UW GHW P 2019-07-12T09:51:53.130000
UW GHW S 2019-07-12T09:51:54.930000
UO WLOO P 2019-07-09T18:40:39.518393
UO WLOO S 2019-07-09T18:40:41.018393
UW MANO P 2019-04-02T13:00:09.380000
UW MANO S 2019-04-02T13:00:14.980000
CC PRLK P 2019-03-29T13:43:48.320000
CC VALT P 2019-03-12T02:21:17.380000
CC VALT S 2019-03-12T02:21:16.880000
CC STD S 2019-06-11T17:27:06.085000
UW BERY P 2019-05-01T13:23:12.423130
UW BERY S 2019-05-01T13:23:13.023130
CC PR04 P 2019-09-01T05:57:58.020000
CC PANH P 2019-02-13T16:28:52.260000
CC JRO P 2019-06-26T00:08:25.130000
CC JRO S 2019-06-26T00:08:28.830000
UW SHUK P 2019-08-20T10:57:33.520000
UW SHUK S 2019-08-20T10:57:34.020000
CC PANH P 2019-09-01T06:09:26.660000
CC PANH S 2019-09-01T06:09:27.760000
CC NORM P 2019-06-23T03:54:06.360000
CC NORM S 2019-06-23T03:54:07.660000
UW BERY P 2018-12-18T01:08:57.443130
UW BERY S 2018-12-18T01:09:00.143130
CC STD P 2019-09-02T21:25:01.505000
CC STD P 2019-09-02T21:25:09.305000
CC STD S 2019-09-02T21:25:04.705000
CC STD S 2019-09-02T21:25:10.605000
CC PR01 P 2018-10-11T05:44:38.365000
UW LTY S 2019-06-05T03:43:44.755000
UW FORK P 2019-03-30T01:04:15.695000
UW FORK S 2019-03-30T01:04:17.595000
UW FORK S 2019-03-30T01:04:21.495000
UW ELW P 2018-12-08T10:37:22.230000
UW ELW S 2018-12-08T10:37:24.730000
CC OBSR P 2018-10-16T19:17:19.230000
CC OBSR S 2018-10-16T19:17:19.430000
UO JESE P 2019-07-09T17:03:44.888394
UO JESE S 2019-07-09T17:03:49.588394
UW H2O P 2019-03-28T17:51:58.990000
CC PR04 P 2019-01-19T21:12:34.260000
CC PR04 S 2019-01-19T21:12:37.160000
CC SEP P 2019-08-10T05:23:26.860000
CC SEP S 2019-08-10T05:23:32.360000
CC JRO P 2019-06-11T20:18:28.490000
UO CAVE P 2018-12-18T04:22:03.878393
UO CAVE S 2018-12-18T04:22:00.478393
UW GBB S 2019-03-23T21:36:34.900000
UW BERY P 2019-01-08T12:49:43.143130
CC SHRK P 2019-08-15T03:17:08.610000
CC STD P 2019-08-30T14:25:07.285000
CC STD S 2019-08-30T14:25:08.385000
CC STD S 2019-08-30T14:25:11.085000
CC PR04 P 2018-09-20T06:19:41.500000
CC PR04 S 2018-09-20T06:19:49.200000
CC PANH P 2019-07-02T09:14:20.520000
CC JRO P 2019-04-22T14:49:13.950000
CN VGZ S 2018-10-10T10:05:46.880000
UW RATT P 2019-01-26T02:10:29.145000
CC PR04 P 2019-06-30T18:57:15.120000
CC PR04 S 2019-06-30T18:57:19.120000
UO MARQ P 2019-09-06T06:52:58.720000
CN GOBB P 2018-11-01T05:50:34.020000
UW HOOD P 2019-07-08T19:16:03.939999
UW HOOD S 2019-07-08T19:16:05.239999
UW RATT P 2019-02-05T20:26:39.470000
UW RATT S 2019-02-05T20:26:44.470000
UW LON P 2019-07-01T11:23:05.660000
UW TOLT P 2019-07-12T09:56:09.010000
UW TOLT S 2019-07-12T09:56:14.010000
UW SHUK S 2019-04-01T12:59:33.880000
UW SHUK S 2019-04-01T12:59:39.080000
CN SYMB P 2019-08-17T21:36:33.870000
CN SYMB S 2019-08-17T21:36:38.370000
UW RAW P 2018-10-14T10:16:44.465000
UW RAW S 2018-10-14T10:16:47.365000
UO CHIL P 2019-06-09T18:06:55.498393
UO CHIL S 2019-06-09T18:06:57.998393
UO CHIL S 2019-06-09T18:07:03.198393
CC OBSR P 2018-11-29T19:17:46.010000
CC OBSR S 2018-11-29T19:17:46.510000
CN SYMB P 2019-04-12T07:35:16.520000
CN SYMB S 2019-04-12T07:35:24.520000
UW GNW P 2019-02-02T03:55:56.115000
UW SHUK S 2019-03-31T12:29:01.180000
CC PR04 P 2019-09-02T08:25:26.300000
CC PR04 S 2019-09-02T08:25:29
CC PR04 P 2018-10-24T07:52:31.980000
UW HOOD P 2019-07-09T17:01:42.840000
UW HOOD S 2019-07-09T17:01:44.140000
UW SP2 P 2019-02-02T03:30:20.450000
UW SP2 P 2019-02-02T03:30:24.850000
UW SP2 S 2019-02-02T03:30:27.350000
CN LLLB P 2019-01-20T18:12:55.320000
CC PR05 P 2019-06-05T00:08:32.640000
CC PR05 S 2019-06-05T00:08:35.040000
UW SP2 P 2019-02-20T15:48:49.500000
UW SP2 S 2019-02-20T15:48:53.900000
UW RCM P 2019-05-30T02:29:47.840000
UW RCM S 2019-05-30T02:29:42.240000
UW RCM S 2019-05-30T02:29:50.240000
CC PR05 P 2019-08-05T18:33:07.660000
CN CLRS P 2019-02-01T09:05:34.860000
CC OBSR P 2019-05-08T08:40:59.170000
CC OBSR S 2019-05-08T08:41:00.370000
CC OBSR S 2019-05-08T08:41:08.070000
CC PR01 P 2019-05-12T23:13:55.050000
CC PR01 S 2019-05-12T23:13:55.550000
CN VGZ S 2018-10-23T04:11:51.190000
UW BSFP P 2019-07-12T09:51:46.930000
UW BSFP P 2019-07-12T09:51:50.830000
UW BSFP S 2019-07-12T09:51:54.230000
CN SYMB P 2018-09-30T10:05:21.760000
CN SYMB S 2018-09-30T10:05:27.260000
UO FHAC P 2018-10-09T22:34:31.128393
UO FHAC P 2018-10-09T22:34:36.928393
CC SHRK P 2019-07-09T17:02:38.910000
CC SHRK S 2019-07-09T17:02:42.210000
CC STD S 2019-04-16T02:37:52.145000
UW FMW P 2019-08-15T11:29:25.870000
UW MBKE P 2019-08-03T04:27:35.310000
UW MBKE S 2019-08-03T04:27:37.910000
UW STOR P 2019-06-27T18:25:24.528393
UW STOR S 2019-06-27T18:25:27.628393
UO BEER P 2018-09-25T13:19:19.178393
UW RCM P 2019-07-08T18:07:16.950000
UW RCM S 2019-07-08T18:07:21.350000
UW RCM S 2019-07-08T18:07:23.850000
UW FMW S 2018-12-11T10:47:43.790000
UW FMW S 2018-12-11T10:47:46.290000
UW FMW S 2018-12-11T10:47:51.190000
UO WLOO P 2019-07-22T17:09:58.378393
UO WLOO S 2019-07-22T17:09:51.478393
UW DOSE P 2019-03-03T07:27:33.790000
UW DOSE S 2019-03-03T07:27:39.290000
UO RAIN P 2018-12-04T15:30:29.028393
UW FMW P 2019-07-16T09:09:53.600000
CN OZB P 2019-05-08T16:54:14.925000
CN OZB S 2019-05-08T16:54:19.025000
CN OZB S 2019-05-08T16:54:22.125000
CC STD P 2019-01-19T16:52:50.645000
CC STD P 2019-01-19T16:52:55.745000
CC STD S 2019-01-19T16:52:56.345000
CC VALT P 2019-02-24T16:56:58.100000
CC VALT S 2019-02-24T16:57:02.200000
CC SWF2 P 2019-07-01T09:39:21.275000
CC SWF2 P 2019-07-01T09:39:27.375000
CC SWF2 S 2019-07-01T09:39:22.575000
CC SWF2 S 2019-07-01T09:39:27.775000
CC PR01 P 2019-07-18T07:31:11.210000
CC PR01 S 2019-07-18T07:31:15.210000
UO BUCK P 2018-11-17T14:54:58.880000
CN PGC P 2019-04-06T04:54:48.650000
CN PGC S 2019-04-06T04:54:52.650000
UW RATT S 2019-07-18T08:33:46.580000
UW BABR P 2019-08-10T21:59:52.620000
UW BABR S 2019-08-10T21:59:59.720000
UW HEBO P 2018-10-22T04:18:13.520000
UW HEBO S 2018-10-22T04:18:14.520000
CC STD P 2019-09-05T15:03:57.245000
CC STD S 2019-09-05T15:03:59.045000
CC SWF2 P 2019-01-07T10:47:53.180000
CC PR05 P 2019-08-12T17:38:13.920000
CC PR05 S 2019-08-12T17:38:17.820000
UW SWID P 2019-04-23T05:08:22.390000
UW SWID S 2019-04-23T05:08:27.790000
UO JESE S 2019-07-08T10:44:10.808393
UW CINE P 2019-09-09T13:49:08.830000
CN PABB P 2019-07-04T18:18:15.580000
CC SWF2 P 2018-10-11T01:10:44.490000
CC SWF2 S 2018-10-11T01:10:45.890000
CN PGC P 2018-10-30T17:59:54.420000
CN PGC S 2018-10-30T17:59:50.220000
CN PGC S 2018-10-30T18:00:02.320000
UW LTY P 2018-11-19T11:09:45.230000
UW LTY S 2018-11-19T11:09:50.830000
UW LTY P 2019-04-16T15:40:37.780000
UW LTY S 2019-04-16T15:40:43.180000
UW MDW P 2019-07-17T05:34:42.690000
UW MDW S 2019-07-17T05:34:43.990000
UW SP2 P 2019-04-06T04:55:24.250000
CC PR05 P 2018-11-01T05:50:38.860000
UW BERY P 2019-08-03T04:32:48.600000
UW BERY S 2019-08-03T04:32:49.200000
UW BERY S 2019-08-03T04:32:56.300000
CN MAYB P 2019-05-04T05:48:23.760000
CC JRO P 2018-10-29T10:24:29.930000
CC JRO S 2018-10-29T10:24:33.930000
CC SWF2 P 2018-11-01T05:17:08.110000
CC SWF2 S 2018-11-01T05:17:10.010000
UW DOSE P 2019-08-09T07:06:45.650001
UW DOSE S 2019-08-09T07:06:51.350001
UW PRO P 2019-06-10T19:35:02.840000
UW PRO S 2019-06-10T19:35:10.440000
UW SCC P 2019-03-08T14:43:19.050000
UW SCC S 2019-03-08T14:43:20.950000
UW SCC S 2019-03-08T14:43:25.150000
CC PANH P 2019-07-24T20:38:00
CC PANH S 2019-07-24T20:38:01.600000
CC SWF2 P 2019-03-12T02:16:50.120000
CC SWF2 S 2019-03-12T02:16:48.520000
CC SWF2 S 2019-03-12T02:16:52.120000
CN HOPB P 2019-08-04T06:41:49.680000
CN VGZ S 2019-08-21T19:34:59.330000
UW MDW P 2018-11-06T06:22:13.370000
UW MDW S 2018-11-06T06:22:14.970000
CC STD P 2019-06-26T00:08:25.425000
CC STD S 2019-06-26T00:08:25.725000
CC STD S 2019-06-26T00:08:29.425000
UO WYLD P 2019-07-13T16:26:20.430000
UW GNW P 2018-12-02T09:41:14.800000
UW GNW S 2018-12-02T09:41:18.500000
UW LTY P 2018-11-09T23:32:37.080000
UW LTY S 2018-11-09T23:32:39.780000
CC VALT P 2019-03-02T03:33:13.300000
CC VALT S 2019-03-02T03:33:14.800000
CN BBB P 2019-05-21T11:12:50.775000
CC SWF2 P 2019-08-15T17:56:06.375000
CN SYMB P 2019-08-17T08:57:09.370000
CC OBSR P 2018-09-25T13:19:15.310000
CC OBSR S 2018-09-25T13:19:08.610000
CC OBSR S 2018-09-25T13:19:17.010000
CC PR04 P 2019-06-13T07:16:11.060000
CC PR04 S 2019-06-13T07:16:14.060000
UO VERN P 2019-09-05T15:03:44.970000
CC STD P 2018-12-03T13:39:59.285000
CC STD S 2018-12-03T13:40:01.285000
CC SHRK P 2019-07-10T04:30:34.490000
CC SHRK S 2019-07-10T04:30:37.590000
UW RCM P 2018-10-22T08:04:52.530000
UW RCM S 2018-10-22T08:04:49.530000
UW RCM S 2018-10-22T08:04:53.230000
UW MBKE P 2019-03-24T01:52:27.070000
UW MBKE S 2019-03-24T01:52:29.770000
UW BLOW P 2019-03-26T22:44:43.158393
UW BLOW S 2019-03-26T22:44:44.958393
CC REM P 2019-08-25T09:13:09.035000
CC REM P 2019-08-25T09:13:13.835000
CC REM S 2019-08-25T09:13:13.235000
CC SWF2 P 2019-07-09T14:28:08.455000
CC SWF2 S 2019-07-09T14:28:09.355000
UW MARY P 2019-07-12T09:54:05.510000
UW MARY P 2019-07-12T09:54:08.010000
UW MARY S 2019-07-12T09:54:11.310000
CN CLRS P 2018-09-25T08:40:50.800000
CC TMBU P 2019-07-09T11:43:08.800000
CN CLRS P 2019-08-03T22:02:34.980000
CC RUSH P 2019-08-17T09:14:18.100000
CC RUSH S 2019-08-17T09:14:20.600000
UW YACT P 2018-11-03T14:09:01.278393
UW YACT S 2018-11-03T14:09:03.778393
CC PANH P 2019-07-08T17:41:15.720000
CC PANH S 2019-07-08T17:41:19.420000
UW EPH2 P 2018-10-10T12:11:40.540000
UW EPH2 S 2018-10-10T12:11:46.640000
CC VALT P 2018-12-14T21:40:45.700000
CC VALT S 2018-12-14T21:40:50.200000
CC PANH P 2019-06-21T07:38:39.500000
CC PANH S 2019-06-21T07:38:41.400000
UO RAIN P 2019-01-30T01:58:59.518393
UO RAIN S 2019-01-30T01:59:07.118393
UO MINN P 2019-06-26T00:30:43.368393
UO MINN S 2019-06-26T00:30:39.868393
UO MINN S 2019-06-26T00:30:44.368393
UO MINN S 2019-06-26T00:30:49.368393
CC SWF2 P 2018-10-06T10:51:19.250000
CC SWF2 S 2018-10-06T10:51:21.150000
UW HOPR P 2019-09-05T15:04:20.580000
UW HOPR S 2019-09-05T15:04:24.480000
UW RATT P 2019-09-07T10:49:54.500000
UW RATT S 2019-09-07T10:50:02.800000
UW LRIV P 2018-10-06T21:22:17.390000
UW LRIV S 2018-10-06T21:22:22.290000
UW LRIV S 2018-10-06T21:22:26.090000
UW WA2 S 2018-10-15T00:21:42.900000
UW WA2 S 2018-10-15T00:21:47.200000
UW TREE P 2019-06-24T06:34:54.148393
UW BRKS P 2018-10-30T07:45:14.010000
UW LON P 2019-03-02T10:44:09.765000
UW LON S 2019-03-02T10:44:11.465000
UW LON S 2019-03-02T10:44:13.765000
UO WOOD P 2018-10-08T15:15:50.418393
UW SHUK P 2018-12-16T04:48:32.120000
CC PR05 P 2019-07-17T01:53:27.680000
CC PR05 S 2019-07-17T01:53:29.780000
UW PRO P 2019-03-14T15:47:53.500000
UW PRO S 2019-03-14T15:47:54.900000
UW PRO S 2019-03-14T15:48:00.200000
UO DRAN P 2019-06-11T01:49:10.148393
CC PR04 P 2019-08-29T01:35:16.120000
CC VALT P 2019-03-08T06:54:07.360000
UO WLOO P 2019-06-26T00:30:44.958393
UO WLOO S 2019-06-26T00:30:47.058393
UW FMW P 2019-05-23T12:14:33.730000
UW FMW S 2019-05-23T12:14:37.030000
CC SWF2 P 2019-07-01T08:32:34.495000
CC SWF2 S 2019-07-01T08:32:35.595000
CN SHB P 2018-09-24T14:28:12.900000
CC STD P 2019-03-29T13:43:37.825000
CC STD S 2019-03-29T13:43:39.125000
UO DRAN P 2019-08-15T03:16:40.818393
UW WA2 P 2019-05-02T21:21:56.820000
UW WA2 S 2019-05-02T21:21:58.620000
UW BABR P 2018-09-14T03:19:29.730000
UW BABR P 2018-09-14T03:19:32.730000
UW BABR S 2018-09-14T03:19:36.430000
CN BPEB P 2019-05-04T05:48:23.360000
CN BPEB S 2019-05-04T05:48:16.160000
CN BPEB S 2019-05-04T05:48:31.260000
UW CCRK P 2018-11-24T19:32:04.770000
UW CCRK S 2018-11-24T19:32:06.170000
CC PANH S 2019-06-30T18:57:16.040000
CC NORM P 2019-08-06T23:02:17.620000
CC NORM S 2019-08-06T23:02:18.820000
UW LON P 2019-03-30T11:35:27.265000
UW LON P 2018-12-15T10:08:26.520000
CC OBSR P 2019-03-29T04:57:04.420000
CC OBSR S 2019-03-29T04:57:05.320000
UW LON P 2019-05-30T02:29:46.320000
UW LON S 2019-05-30T02:29:47.620000
UW FISH P 2018-10-22T04:20:26.678393
CC OBSR S 2019-03-01T20:43:06.660000
CC OBSR S 2019-03-01T20:43:11.160000
UW DDRF S 2018-11-03T09:50:28.078393
UW DDRF S 2018-11-03T09:50:30.678393
UW GNW P 2018-10-27T14:05:45.500000
CN VGZ P 2019-02-07T01:13:53.720000
UW HEBO P 2019-08-10T21:59:51.445000
UW HEBO S 2019-08-10T21:59:57.845000
UW RCM P 2019-06-02T22:22:02.470000
UW RCM P 2019-06-02T22:22:08.870000
UW RCM S 2019-06-02T22:21:58.370000
UW RCM S 2019-06-02T22:22:10.670000
UO BEER P 2019-07-25T20:33:32.568393
CC PR04 P 2018-12-22T18:10:09.900000
CC PR04 S 2018-12-22T18:10:12.600000
CC SHRK P 2019-07-09T04:15:16.030000
CC SHRK S 2019-07-09T04:15:19.130000
CC STD P 2019-07-17T15:01:08.645000
CC STD S 2019-07-17T15:01:11.245000
CC SWF2 P 2019-07-09T17:06:26.315000
CC SWF2 S 2019-07-09T17:06:25.715000
CC SWF2 S 2019-07-09T17:06:27.115000
UO DRAN P 2019-07-22T17:09:45.198393
UW BLOW P 2019-09-05T06:35:30.368393
CC STD P 2019-04-24T22:39:13.085000
UW JEDS P 2018-11-04T22:14:08.950000
UW JEDS S 2018-11-04T22:14:11.450000
UW ELW P 2019-07-18T04:04:42.400000
UW ELW P 2019-07-18T04:04:46.200000
UW ELW S 2019-07-18T04:04:48.900000
UW YACT S 2018-09-16T01:13:36.208393
UW YACT S 2018-09-16T01:13:44.908393
UW PRO P 2018-09-21T00:58:48.660000
UW PRO S 2018-09-21T00:58:45.560000
UW PRO S 2018-09-21T00:58:49.160000
CC PANH P 2018-12-30T04:13:23.380000
UW RCM P 2018-11-20T08:26:08.830000
UW RCM S 2018-11-20T08:26:03.730000
UW RCM S 2018-11-20T08:26:09.330000
UW SHUK P 2018-12-04T02:41:28.240000
UW SHUK S 2018-12-04T02:41:29.440000
CC OBSR P 2018-11-11T01:12:21.850000
CC OBSR S 2018-11-11T01:12:23.450000
CC PANH P 2019-01-08T19:15:50.740000
CC PANH S 2019-01-08T19:15:50.940000
CC PANH S 2019-01-08T19:15:54.340000
UW PHIN P 2019-09-05T15:04:15.878393
CC PR05 P 2019-05-20T15:38:27.760000
CC PR05 S 2019-05-20T15:38:29.060000
CC SEP S 2019-08-02T21:56:51.140000
UW STOR P 2019-03-17T15:29:00.518394
UW STOR S 2019-03-17T15:29:06.418394
CC PR05 P 2019-08-29T01:35:15.200000
CC PR05 S 2019-08-29T01:35:17.500000
UW KENT P 2018-10-11T21:48:51.688391
UW KENT S 2018-10-11T21:48:52.588391
UW HOOD P 2019-07-10T04:39:11.070000
UW HOOD S 2019-07-10T04:39:12.370000
UW CCRK P 2019-07-12T10:46:14.230000
UW CCRK S 2019-07-12T10:46:19.130000
CC PR05 P 2019-07-18T14:55:35.620000
CC OBSR P 2019-05-29T18:24:02.110000
CC OBSR P 2019-05-29T18:24:05.010000
CC OBSR S 2019-05-29T18:23:59.910000
CC OBSR S 2019-05-29T18:24:06.110000
CC OBSR S 2019-05-29T18:24:07.910000
CN CLRS P 2019-05-21T19:45:59.280000
UW FMW P 2018-11-30T22:12:07.980000
UW FMW S 2018-11-30T22:12:09.380000
CN VGZ P 2018-10-15T13:37:22.630000
CN VGZ S 2018-10-15T13:37:30.530000
UW FISH P 2018-09-14T18:36:13.848393
UW FISH S 2018-09-14T18:36:14.748393
UW GBB P 2019-03-28T17:51:57.060000
UO DBO P 2019-07-31T12:27:00.440000
CN SYMB P 2019-02-22T19:56:34.100000
CN SYMB S 2019-02-22T19:56:40.900000
UO NATH P 2018-09-25T13:19:22.438394
UO NATH S 2018-09-25T13:19:22.938394
UW BERY P 2019-07-12T11:13:11.600000
UW BERY S 2019-07-12T11:13:17.800000
UO RAIN P 2019-06-02T22:22:02.678391
UW LCCR P 2019-06-21T05:24:14.268393
UW RATT P 2019-08-19T23:13:48.490002
CN PGC P 2019-07-22T07:12:26.910000
CN PGC S 2019-07-22T07:12:30.810000
CC TMBU P 2019-08-09T02:26:38.120000
CC TMBU S 2019-08-09T02:26:41.120000
UW LUMI P 2018-09-14T18:18:48.140001
CC PR05 P 2018-11-30T03:36:43.920000
CC PR05 P 2018-11-30T03:36:47.820000
CC PR05 S 2018-11-30T03:36:49.720000
UW LON P 2019-06-28T21:16:19.720000
UW LON S 2019-06-28T21:16:27.420000
CC STD P 2018-12-31T15:08:18.025000
CC STD P 2018-12-31T15:08:19.825000
CC STD S 2018-12-31T15:08:20.325000
CC STD S 2018-12-31T15:08:24.625000
CN BFSB P 2019-07-17T15:01:22.460000
CN SNB P 2018-09-25T08:40:42.320000
CN SNB S 2018-09-25T08:40:45.420000
CC PRLK P 2019-08-16T15:24:39.855000
UW LON P 2019-04-11T17:27:53.115000
UW LON S 2019-04-11T17:27:54.715000
UW DDRF P 2018-11-03T00:32:54.378394
UW DAVN P 2018-10-10T12:11:52.800001
CN OZB P 2019-02-15T06:28:29.225000
CN OZB S 2019-02-15T06:28:28.925000
CN OZB S 2019-02-15T06:28:31.125000
UW LON P 2018-10-13T02:18:52.530000
UW RCM P 2019-09-06T05:49:51.790000
UW RCM S 2019-09-06T05:49:48.390000
UW RCM S 2019-09-06T05:49:52.690000
CC STD P 2019-02-17T23:19:46.805000
CC STD S 2019-02-17T23:19:47.005000
CC STD S 2019-02-17T23:19:49.905000
CC ASBU P 2019-06-23T03:54:07.945000
CC ASBU S 2019-06-23T03:54:09.945000
UW CCRK P 2018-11-11T16:25:50.230000
UW CCRK S 2018-11-11T16:25:51.730000
UW UMAT P 2019-04-09T18:09:57.148393
UW UMAT S 2019-04-09T18:10:02.848393
UW RCM P 2019-05-14T12:14:09.190000
UW RCM S 2019-05-14T12:14:01.590000
UW RCM S 2019-05-14T12:14:12.290000
UW LON P 2019-02-04T01:40:23.885000
UW GNW P 2019-06-19T13:07:15.760000
UW GNW S 2019-06-19T13:07:19.460000
UW LEBA P 2019-09-02T04:21:56.438393
UW LEBA S 2019-09-02T04:22:00.138393
CC PR04 P 2019-07-22T17:10:31.640000
CC PR04 S 2019-07-22T17:10:33.340000
CN BFSB P 2018-11-19T11:09:37.150000
CN BFSB P 2018-11-19T11:09:40.150000
UW LON P 2018-09-27T11:48:02.960000
UW LON S 2018-09-27T11:48:04.660000
CC PR04 P 2019-03-13T09:45:06.260000
CC PR04 S 2019-03-13T09:45:08.760000
CC PR04 P 2019-02-11T08:38:29.600000
CC PR04 S 2019-02-11T08:38:37.600000
UW BLOW P 2019-07-22T05:12:15.708394
CC SWF2 S 2018-10-22T23:05:42.130000
CC PR01 P 2018-11-22T15:52:04.765000
UW TLW1 S 2019-06-13T02:38:20.840000
UW TLW1 S 2019-06-13T02:38:25.040000
UW LCCR P 2018-11-16T10:46:06.938394
OO HYSB1 P 2019-08-29T15:08:29.925000
OO HYSB1 S 2019-08-29T15:08:25.125000
OO HYSB1 S 2019-08-29T15:08:34.325000
OO HYSB1 S 2019-08-29T15:08:37.425000
CC VALT P 2018-11-20T12:27:03.160000
CC VALT S 2018-11-20T12:27:04.060000
UW LON P 2018-09-20T21:26:37.585000
UW SCC P 2019-07-12T09:54:05.840000
UW SCC S 2019-07-12T09:54:11.840000
CC PANH P 2019-08-15T14:48:03.480000
CC PANH S 2019-08-15T14:48:05.780000
CC VALT P 2018-11-29T18:44:14.500000
UW LON P 2018-10-22T04:18:41.435000
UW STOR P 2019-08-11T16:52:30.818393
UW STOR S 2019-08-11T16:52:31.018393
UW STOR S 2019-08-11T16:52:37.818393
CN CLRS P 2019-03-24T01:52:44.260000
CN CLRS P 2019-03-24T01:52:51.560000
CC OBSR P 2019-03-28T17:51:40.800000
CC OBSR S 2019-03-28T17:51:41.600000
CC OBSR S 2019-03-28T17:51:47.700000
CC OBSR P 2019-06-02T22:22:03.025000
CC OBSR S 2019-06-02T22:21:56.025000
CC OBSR S 2019-06-02T22:22:03.725000
UW GNW P 2019-07-14T17:44:55.760000
UW GNW P 2019-07-14T17:44:58.960000
UW GNW S 2019-07-14T17:45:03.760000
CC SWF2 P 2019-09-06T17:38:15.035000
CC SWF2 S 2019-09-06T17:38:17.835000
UO DRAN P 2019-06-09T05:02:42.368393
CC SWF2 P 2018-11-02T09:17:03.550000
CC SWF2 S 2018-11-02T09:17:04.350000
CC SWF2 S 2018-11-02T09:17:08.250000
CC PR04 P 2019-07-16T09:09:53.480000
CC PR04 P 2019-07-20T11:23:00.320000
CC PR04 P 2019-07-20T11:23:02.720000
CC PR04 S 2019-07-20T11:23:09.620000
CC PR05 P 2019-06-13T07:16:10.380000
CC PR05 S 2019-06-13T07:16:12.480000
UW CDMR P 2019-05-08T08:40:53
UW CDMR S 2019-05-08T08:40:56.200000
CC OBSR P 2019-07-07T09:51:47.920000
CC OBSR S 2019-07-07T09:51:39.820000
CC OBSR S 2019-07-07T09:51:55.420000
CC SIFT P 2019-08-30T14:25:12.340000
CC SIFT S 2019-08-30T14:25:19.740000
UW RATT S 2019-03-11T19:46:40.020000
UW EPH2 P 2018-10-12T03:12:04.720000
UO RAIN P 2018-09-17T00:08:44.398391
CC RUSH S 2019-08-20T01:41:48.320000
CC SHRK P 2019-07-09T17:02:57.610000
CC SHRK S 2019-07-09T17:03:00.310000
CC SWF2 P 2019-07-27T04:28:59.535000
CC SWF2 S 2019-07-27T04:29:00.935000
CC OBSR P 2018-09-19T04:12:59.430000
CC OBSR S 2018-09-19T04:12:58.230000
CC OBSR S 2018-09-19T04:13:01.330000
UW OMAK P 2019-08-12T15:43:43.900000
UW UMAT P 2019-08-29T01:35:42.008394
UW KREP P 2019-01-11T07:55:38.770000
UW KREP S 2019-01-11T07:55:39.870000
UW BABR P 2018-12-23T11:11:11.530000
UW BABR S 2018-12-23T11:11:17.930000
UW LON P 2019-03-31T23:15:17.290000
UW LON S 2019-03-31T23:15:18.790000
UW STOR P 2019-05-29T10:39:58.898394
UW STOR S 2019-05-29T10:40:03.698394
CC SWF2 P 2018-10-13T11:18:51.490000
CC SWF2 S 2018-10-13T11:18:54.190000
UW LTY P 2018-12-30T04:13:30.080000
UW EPH2 P 2019-07-23T19:00:40.630000
UO BUCK P 2019-08-29T18:57:08.239999
CC SWF2 P 2019-07-05T04:55:30.475000
CC SWF2 S 2019-07-05T04:55:31.675000
CC PANH P 2019-08-05T18:33:06.200000
CC PANH S 2019-08-05T18:33:07
CC PR01 P 2018-10-12T00:46:00.945000
CC PR01 S 2018-10-12T00:46:08.345000
CN PGC P 2019-01-27T03:42:20.590000
UO WLOO S 2018-11-30T22:12:49.618393
UW DOSE S 2019-06-25T14:24:20.059999
UW DOSE S 2019-06-25T14:24:26.559999
CC PR04 P 2019-07-17T01:53:28.640000
CC PR04 S 2019-07-17T01:53:31.540000
CC PR01 P 2019-06-10T00:24:26.690000
CC PR01 S 2019-06-10T00:24:24.190000
CC PR01 S 2019-06-10T00:24:28.590000
UW BLOW P 2019-06-29T11:46:29.328393
UW BLOW S 2019-06-29T11:46:31.328393
CN CBB P 2019-07-03T19:31:18.110000
UW TKEY P 2019-05-21T11:11:45.150000
UW HEBO P 2018-10-24T00:22:11.245000
UW HEBO S 2018-10-24T00:22:12.445000
CC STD P 2018-12-19T23:12:42.545000
CC STD S 2018-12-19T23:12:47.445000
UW GBB S 2019-06-25T06:29:15.990000
CC PR05 P 2019-06-29T03:25:07.480000
CC PR05 S 2019-06-29T03:25:09.680000
UW FMW P 2019-06-30T18:57:14.640000
UW FMW S 2019-06-30T18:57:18.040000
UW ALCT P 2019-07-14T17:44:51.330000
UW ALCT P 2019-07-14T17:44:54.130000
UW ALCT S 2019-07-14T17:44:56.830000
UW LON P 2019-06-02T22:22:01.080000
UW LON S 2019-06-02T22:22:08.080000
CN SNB P 2019-07-16T07:47:05.500000
UW LCCR P 2019-07-05T13:00:27.668393
UW LCCR S 2019-07-05T13:00:29.468393
CC SHRK P 2018-10-10T07:33:03.590000
CC SHRK S 2018-10-10T07:33:06.090000
UW RCM P 2019-08-23T03:33:05.380000
UW RCM S 2019-08-23T03:33:06.080000
CC VALT P 2019-03-10T07:20:55.900000
CC STD P 2019-08-04T06:54:53.125000
CC STD S 2019-08-04T06:54:53.625000
CC STD S 2019-08-04T06:54:56.825000
UW RCM S 2019-08-13T21:27:03.630000
CC PANH P 2019-08-16T15:24:47.920000
CC PANH S 2019-08-16T15:24:49.420000
CC OBSR P 2019-07-06T23:17:50.760000
CC OBSR S 2019-07-06T23:17:53.560000
UW YACT P 2018-09-28T06:25:30.048393
UW LCCR P 2019-03-20T08:27:53.608393
UW TREE P 2019-07-09T11:43:13.018393
UO WLOO P 2019-07-28T21:16:18.938393
UW LON S 2019-05-19T19:27:27.415000
CN GOBB P 2018-10-06T21:30:18.090000
CN GOBB P 2018-10-06T21:30:20.290000
CN GOBB S 2018-10-06T21:30:12.790000
CN GOBB S 2018-10-06T21:30:22.790000
UW MDW P 2019-07-13T10:30:56.390000
UW MDW S 2019-07-13T10:30:57.990000
CC SWNB P 2019-05-03T11:35:30.700000
CC SWNB S 2019-05-03T11:35:32.700000
UW MDW P 2019-06-03T21:50:02.730000
UW MDW S 2019-06-03T21:50:07.530000
CN NLLB P 2019-04-06T04:55:17.750000
CN NLLB S 2019-04-06T04:55:09.850000
CN HOLB P 2019-05-08T16:54:06.890000
CN HOLB P 2019-05-08T16:54:11.990000
CC PR01 P 2019-09-05T08:52:00.110000
UW CBS P 2019-08-15T14:14:22.570000
UW CBS S 2019-08-15T14:14:28.770000
CC PRLK P 2019-09-05T15:03:50.835000
CC PANH P 2019-09-03T08:04:10.500000
CC PANH S 2019-09-03T08:04:11.700000
UW DAVN S 2018-10-22T16:28:48
CC VALT P 2019-03-10T14:33:35.660000
UW CCRK P 2019-08-14T14:04:54.010000
CC PR05 P 2019-09-01T05:57:57.400000
CN CLRS P 2019-01-17T03:47:22.780000
CN CLRS P 2019-06-26T21:06:29.910000
CC OBSR P 2019-09-02T23:25:21.220000
CC OBSR S 2019-09-02T23:25:15.520000
CC OBSR S 2019-09-02T23:25:23.820000
CC PR05 P 2018-09-20T06:19:40.520000
CC PR05 S 2018-09-20T06:19:47.420000
UW RCM S 2019-08-17T08:32:31.830000
UW GNW P 2019-02-15T02:22:18.290000
UW GNW S 2019-02-15T02:22:19.690000
UW GNW S 2019-02-15T02:22:24.090000
CC PR05 P 2019-01-19T21:12:33.220000
CC PR05 S 2019-01-19T21:12:35.320000
CC JRO P 2018-12-31T15:08:19.410000
CC JRO S 2018-12-31T15:08:23.610000
UW TKEY P 2019-08-20T10:57:18.630000
UW TKEY P 2019-08-20T10:57:24.530000
UW TKEY S 2019-08-20T10:57:26.330000
UO VERN P 2019-08-29T15:08:59.580000
UO VERN S 2019-08-29T15:09:03.180000
UW LCCR P 2018-10-22T04:20:32.448393
UW HOOD P 2019-07-09T17:12:08.240000
UW HOOD S 2019-07-09T17:12:09.540000
CC WIFE P 2018-11-20T22:40:19.140000
UW RATT P 2019-08-04T06:02:32
UW RATT S 2019-08-04T06:02:28.400000
UW RATT S 2019-08-04T06:02:34.900000
CN SNB P 2019-04-06T04:55:30.540000
CN SNB P 2019-04-06T04:55:35.240000
CN SNB S 2019-04-06T04:55:32.840000
CN SNB S 2019-04-06T04:55:38.440000
CN SYMB P 2018-11-08T07:03:51.820000
CN SYMB S 2018-11-08T07:03:58.120000
CN SYMB S 2018-11-08T07:03:59.720000
UW LTY P 2019-04-18T18:39:58.605000
UW LTY S 2019-04-18T18:39:52.705000
UW LTY S 2019-04-18T18:40:02.605000
UW RATT P 2019-04-13T00:53:16.995000
UW LON P 2019-05-14T15:25:35.390000
UW LON S 2019-05-14T15:25:36.990000
UW EARN S 2018-11-01T05:50:33.630000
CC ASBU P 2018-10-08T15:16:09.125000
CC ASBU S 2018-10-08T15:16:10.025000
UW FMW P 2019-03-17T23:01:43.960000
CC PANH P 2019-07-05T18:31:27
CC PANH S 2019-07-05T18:31:30.200000
CN PTRF P 2019-08-29T15:09:20.260000
UW RATT S 2019-02-11T21:18:23.720000
CC PR05 S 2019-06-30T18:57:15.540000
UO ROGE P 2019-04-22T23:21:40.808393
UO ROGE S 2019-04-22T23:21:44.608393
UW CCRK P 2018-11-08T03:51:18
UW CCRK S 2018-11-08T03:51:19.500000
CC PR05 P 2019-07-15T01:37:51.120000
CC PR05 S 2019-07-15T01:37:55.220000
UW HOOD P 2019-07-13T15:48:06.440000
UW HOOD S 2019-07-13T15:48:07.840000
CC SWF2 P 2019-07-28T04:27:59.315000
CC SWF2 S 2019-07-28T04:28:00.715000
UW DOSE P 2019-02-26T04:06:54.540000
UW DOSE S 2019-02-26T04:07:02.440000
CC JRO P 2019-07-17T15:01:08.890000
CC VALT P 2019-03-06T23:37:06.120000
CC VALT S 2019-03-06T23:37:17.920000
UW DOSE P 2018-11-02T22:55:16.990000
UW DOSE S 2018-11-02T22:55:17.290000
CC PR01 S 2019-01-07T10:47:43.645000
CC PR01 S 2019-01-07T10:47:51.145000
CC SWF2 P 2018-11-24T20:03:01.790000
CC SWF2 S 2018-11-24T20:03:03.190000
UO ROGE P 2018-10-22T11:17:27.198393
UO ROGE S 2018-10-22T11:17:28.398393
CC STD S 2019-03-17T23:08:17.825000
CC PR05 P 2019-06-21T07:38:39.220000
BK HUMO P 2018-10-23T01:00:08.888394
CC PANH P 2019-08-27T07:20:49.260000
UW BERY P 2019-05-25T13:44:44.823130
OO HYS11 P 2019-08-09T16:40:36.125000
OO HYS11 S 2019-08-09T16:40:38.325000
OO HYS11 S 2019-08-09T16:40:42.425000
UW STOR P 2019-09-01T01:53:34.138393
UO CAVE P 2019-01-25T01:41:49.128393
CC OBSR P 2018-12-09T04:26:29.710000
CC OBSR S 2018-12-09T04:26:31.010000
UW STOR S 2019-02-05T20:26:39.938391
UW BERY P 2019-07-12T19:04:44.060000
UW BERY S 2019-07-12T19:04:50.060000
CC VALT P 2019-03-08T00:02:13.840000
UW WISH P 2019-01-29T03:37:31.945000
UW SP2 P 2018-12-27T08:28:33.050000
UW SP2 S 2018-12-27T08:28:40.650000
CC STD S 2019-06-15T20:52:59.825000
CN BFSB P 2019-05-14T04:32:18.140000
CN BFSB S 2019-05-14T04:32:15.640000
UW LON P 2019-04-08T02:05:07.465000
UW LON S 2019-04-08T02:05:09.765000
UW GNW P 2019-06-03T03:09:29.780000
UW FISH P 2019-03-29T04:56:47.468393
UW FISH S 2019-03-29T04:56:49.968393
UW EGRN P 2018-10-30T07:45:11.350000
UW EGRN S 2018-10-30T07:45:18.650000
CN PTRF P 2019-03-14T06:51:24.980000
UW STOR P 2018-12-12T21:47:34.998393
UW STOR S 2018-12-12T21:47:40.998393
CC SEP S 2019-09-05T15:28:35.780000
UW FMW P 2019-06-30T17:13:31.200000
UW FMW S 2019-06-30T17:13:32.400000
UW GBB S 2018-10-20T00:57:39.520000
CC PR05 P 2018-12-22T19:46:58.740000
CC PR05 S 2018-12-22T19:47:00.740000
UW WOLL P 2019-01-03T22:40:32.088393
UW LON P 2019-08-08T20:34:52.850000
UW LON S 2019-08-08T20:34:54.650000
CC OBSR P 2019-08-12T17:38:13.680000
CC OBSR S 2019-08-12T17:38:15.080000
UO MINN S 2019-04-20T14:32:46.948393
UW BABE P 2019-03-30T02:03:37.950000
UW BABE S 2019-03-30T02:03:42.950000
UW STOR P 2019-09-07T21:44:27.758393
UW STOR S 2019-09-07T21:44:32.358393
CC SWF2 P 2019-03-30T00:51:21
CC SWF2 S 2019-03-30T00:51:23.200000
UO MINN P 2018-12-13T13:10:25.418393
UO MINN S 2018-12-13T13:10:26.518393
UO MINN S 2018-12-13T13:10:32.218393
UW JEDS P 2019-01-27T03:41:54.960000
CC PR05 P 2018-10-29T13:45:19.780000
CC PR05 S 2018-10-29T13:45:21.880000
CN VGZ P 2019-04-07T22:23:30.680000
CN VGZ S 2019-04-07T22:23:35.080000
UW TOLT P 2018-11-01T05:50:28.465000
UW FMW P 2019-08-15T03:17:20.040000
CC OBSR S 2019-08-30T00:22:05.600000
CC SHRK P 2019-09-04T17:30:59.490000
CC SHRK S 2019-09-04T17:31:02.590000
CC OBSR S 2018-11-01T05:50:38.950000
UW DOSE S 2019-02-22T10:27:42.890000
CN VGZ P 2018-10-06T21:30:21.800000
CN VGZ S 2018-10-06T21:30:29.500000
CC PR04 P 2019-07-20T13:23:33.640000
UO WOOD P 2019-03-08T18:56:22.558393
UW MANO P 2019-08-01T02:11:37.420000
UW MANO S 2019-08-01T02:11:38.520000
UW MANO S 2019-08-01T02:11:42.220000
CC TCBU P 2018-11-18T20:37:04.080000
CC TCBU P 2018-11-18T20:37:05.480000
UO DRAN P 2018-11-18T16:46:14.918393
CC VALT P 2019-03-12T02:31:38.260000
CC VALT S 2019-03-12T02:31:36.260000
CC VALT S 2019-03-12T02:31:38.960000
UO NATH P 2018-10-19T22:18:44.198393
UO NATH S 2018-10-19T22:18:44.598393
CC SWF2 P 2019-04-20T07:11:08.105000
CC SWF2 S 2019-04-20T07:11:11.305000
BK HUMO P 2018-11-03T17:24:14.428393
BK HUMO P 2018-11-03T17:24:20.128393
CC PR01 P 2019-02-01T09:05:46.585000
CC SHRK P 2019-07-10T04:18:21.210000
CC SHRK S 2019-07-10T04:18:24.410000
CN VGZ P 2019-06-29T11:46:36.580000
UW LON P 2019-02-24T09:51:34.690000
UW HOOD S 2019-07-20T09:22:55.810000
CC PR05 P 2019-07-06T23:17:49.440000
CC PR05 S 2019-07-06T23:17:51.040000
CC SWF2 P 2019-05-06T08:30:08.445000
CC SWF2 S 2019-05-06T08:30:13.445000
CC PR05 P 2019-09-10T10:49:22.620000
CC PR05 S 2019-09-10T10:49:19.720000
CC PR05 S 2019-09-10T10:49:26.720000
CN PGC P 2018-11-05T04:47:59.200000
CN PGC S 2018-11-05T04:48:02.900000
UW FISH P 2018-10-24T00:22:18.218393
UW FISH S 2018-10-24T00:22:19.918393
UO NATH P 2019-03-29T04:56:21.778393
UO NATH S 2019-03-29T04:56:23.978393
UW LON P 2019-06-30T17:13:32.160000
CN HNBB P 2018-11-19T11:09:40.960000
CC HIYU S 2019-08-23T06:30:48.160000
UW GBB P 2019-06-16T20:39:07.700000
UW GBB S 2019-06-16T20:39:11.700000
CC PR05 S 2018-10-29T08:16:58.300000
CC PR05 S 2018-10-29T08:17:05.800000
UO WOOD P 2019-02-08T17:00:59.958393
UO WOOD S 2019-02-08T17:01:05.958393
CC JRO P 2019-05-18T20:45:04.970000
CC PR05 P 2019-05-03T18:42:28.320000
CC PR05 S 2019-05-03T18:42:32.320000
CC PR05 P 2019-06-30T17:13:30.400000
UO ALSE P 2019-08-15T03:16:41.630000
CC ASBU S 2019-06-28T23:41:46.065000
CC PR04 P 2019-03-01T20:43:06.020000
CC PR04 S 2019-03-01T20:43:10.720000
CC PANH P 2019-09-07T10:49:45.300000
CC PANH S 2019-09-07T10:49:46.600000
CC PR04 P 2019-04-09T12:45:10.680000
UW FMW S 2019-08-07T10:39:16.400000
UW FMW S 2019-08-07T10:39:19.900000
UW GNW P 2019-06-25T17:50:48.870000
UW GNW S 2019-06-25T17:50:52.770000
UW WOLL P 2019-02-16T05:49:53.928393
UW FMW P 2019-07-11T20:46:31.390000
UW FMW S 2019-07-11T20:46:33.890000
OO HYS13 P 2018-10-22T16:28:18.300000
OO HYS13 S 2018-10-22T16:28:21.100000
UO MARQ P 2019-07-10T04:40:36.680000
CC RUSH P 2019-08-16T07:28:16.240000
CC RUSH S 2019-08-16T07:28:18.740000
UW RCM P 2019-01-21T03:43:30.160000
UW RCM S 2019-01-21T03:43:25.360000
UW RCM S 2019-01-21T03:43:27.960000
UW RCM S 2019-01-21T03:43:32.960000
CC PR05 P 2019-04-04T09:28:57.380000
CC PR05 S 2019-04-04T09:29:03.180000
CC JRO P 2019-02-15T03:49:06.350000
UW FISH P 2019-05-19T16:23:58.758393
CC PR01 P 2018-12-09T04:26:32.445000
CC PR01 S 2018-12-09T04:26:35.745000
UO MARQ S 2019-07-08T08:08:55.280000
UO WOOD P 2019-08-11T01:42:19.628393
CC PR01 P 2019-02-06T18:24:32.505000
UW RCM P 2018-11-19T11:09:38.110000
UW RCM S 2018-11-19T11:09:31.810000
UW RCM S 2018-11-19T11:09:35.610000
UW RATT S 2019-05-12T23:13:49.720000
CC SEP S 2019-08-10T06:39:24.740000
CC SEP S 2019-08-10T06:39:28.240000
CN SNB P 2019-04-08T04:48:50.870000
CN SNB S 2019-04-08T04:48:57.870000
UO MINN P 2019-09-01T06:09:01.148393
UO MINN S 2019-09-01T06:09:06.648393
CC STD S 2019-08-07T20:29:01.445000
CC PRLK P 2019-09-09T11:51:47.475000
CC PRLK S 2019-09-09T11:51:49.475000
CC SWF2 P 2019-03-12T02:52:58.640000
CC SWF2 S 2019-03-12T02:52:59.540000
UW GNW P 2019-03-05T21:07:14.295000
UW GNW S 2019-03-05T21:07:16.995000
CC STD P 2018-10-15T13:37:41.725000
CC STD S 2018-10-15T13:37:42.125000
CC SHRK P 2019-03-29T13:43:25.610000
CC SHRK S 2019-03-29T13:43:28.110000
UW GNW P 2019-06-27T18:25:34.310000
CC PR01 P 2018-09-27T11:48:07.180000
CC PR01 S 2018-09-27T11:48:07.380000
CC PR01 S 2018-09-27T11:48:12.180000
UW LTY P 2019-08-09T21:55:47.370000
UW LTY P 2019-08-09T21:55:49.470000
UW LTY S 2019-08-09T21:55:55.270000
UW DOSE S 2019-03-17T23:23:40.065000
UW FMW P 2019-07-26T12:58:54.870000
UW FMW P 2019-07-26T12:58:59.770000
UW FMW S 2019-07-26T12:58:56.070000
UW FMW S 2019-07-26T12:59:01.270000
CC PANH P 2018-12-27T22:54:18.940000
UW HEBO S 2018-10-23T17:41:02.970000
UW DOSE P 2019-01-11T04:48:21.675000
UW DOSE S 2019-01-11T04:48:25.075000
CC PANH P 2019-02-22T19:05:29.700000
UW EPH2 S 2018-09-25T13:19:40.810000
CC SIFT P 2019-09-07T10:49:46.360000
CC SIFT S 2019-09-07T10:49:48.560000
CC SWF2 P 2019-07-11T11:36:43.995000
CC SWF2 S 2019-07-11T11:36:44.295000
UW GNW P 2019-04-01T15:42:06.495000
UW GNW S 2019-04-01T15:42:10.595000
UW FMW P 2019-03-28T17:51:40.870000
UW FMW S 2019-03-28T17:51:41.970000
UW FMW S 2019-03-28T17:51:47.270000
UW DOSE P 2018-10-30T06:22:11.440000
UW DOSE S 2018-10-30T06:22:11.940000
UW DOSE S 2018-10-30T06:22:14.840000
CC STD P 2018-10-30T07:45:20.505000
CN CLRS P 2019-04-10T07:40:02.850000
CC PR05 P 2019-05-29T18:24:03.780000
CC PR05 S 2019-05-29T18:24:05.880000
CC PR04 P 2019-05-07T01:58:09.040000
CC PR04 S 2019-05-07T01:58:10.440000
UW BABR P 2019-03-02T13:03:59.350000
UW BEVT P 2018-09-14T18:18:42.720000
UW BEVT S 2018-09-14T18:18:50.320000
UW BLOW P 2019-03-16T11:06:57.228393
UW DOSE P 2019-02-23T12:13:10.190000
UW DOSE S 2019-02-23T12:13:11.290000
UW LTY S 2018-12-14T05:24:16.405000
UW SP2 P 2018-11-14T05:59:54.030000
UW SP2 S 2018-11-14T05:59:59.330000
CC JRO P 2019-04-12T07:14:20.750000
CC JRO S 2019-04-12T07:14:24.850000
CC SWF2 P 2019-08-29T16:09:36.555000
CC SWF2 S 2019-08-29T16:09:38.255000
UW LTY P 2019-07-16T07:47:04.630000
UW STOR P 2019-06-05T00:08:33.818393
UW STOR P 2019-06-05T00:08:38.218393
UW STOR S 2019-06-05T00:08:38.518393
UW FMW P 2019-05-17T18:04:18.470000
UW FMW S 2019-05-17T18:04:18.670000
UW FMW S 2019-05-17T18:04:22.270000
UW SLDQ P 2019-08-29T15:09:15.490000
UW DOSE P 2019-03-26T01:13:40.440000
UW DOSE S 2019-03-26T01:13:44.340000
UW TOLT P 2019-08-15T11:29:21.400000
UW TOLT S 2019-08-15T11:29:29.300000
UW SWID P 2019-02-20T07:23:53.280000
UW SWID S 2019-02-20T07:24:00.680000
CC PANH P 2019-09-05T05:04:02.140000
CC PANH S 2019-09-05T05:04:03.740000
CC STD S 2019-07-29T07:47:28.385000
CC VALT P 2018-11-13T02:04:16.420000
CC VALT S 2018-11-13T02:04:19.020000
CC PANH P 2019-08-19T05:41:24.800000
CC PANH P 2019-08-19T05:41:32.200000
CC PANH S 2019-08-19T05:41:25.300000
UW MDW P 2019-08-09T21:55:56.820000
CC JRO P 2018-12-22T19:46:54.770000
UW MOX P 2018-10-22T16:28:36.620000
UW LEBA P 2019-09-01T01:53:15.878391
UO LAIR P 2018-12-06T10:23:32.538391
CC SWF2 P 2018-09-27T04:48:47.570000
CC SWF2 S 2018-09-27T04:48:48.270000
CC SWF2 S 2018-09-27T04:48:52.870000
UW KENT P 2018-10-09T22:34:16.588391
UW BERY P 2018-09-11T15:05:24.263130
UW BERY S 2018-09-11T15:05:30.863130
UW GNW P 2019-04-05T19:52:30.770000
UW MDW P 2019-08-29T15:09:36.570000
UW MDW S 2019-08-29T15:09:38.670000
CC CLBH P 2018-10-29T21:07:21.640000
UO WLOO P 2019-01-29T18:09:06.258391
UO WLOO S 2019-01-29T18:09:07.858391
CC PR05 P 2019-05-02T14:43:32.820000
UW RATT P 2019-02-23T12:13:10.970000
UW CINE S 2019-07-07T15:11:45.380000
UW DOSE P 2019-04-08T13:02:15.640000
UW DOSE S 2019-04-08T13:02:16.940000
UW DOSE S 2019-04-08T13:02:21.640000
CC PANH P 2019-02-05T03:30:37.500000
CC PANH S 2019-02-05T03:30:38.900000
CC TMBU P 2019-08-16T15:24:48.520000
CC TMBU S 2019-08-16T15:24:50.220000
CN CLRS P 2019-07-03T19:31:20.710000
CN CLRS S 2019-07-03T19:31:28.310000
CC STD P 2018-11-08T10:56:50.565000
CC STD S 2018-11-08T10:56:45.765000
CC STD S 2018-11-08T10:56:52.865000
CN SYMB P 2018-10-15T13:37:26.510000
CN SYMB S 2018-10-15T13:37:27.210000
CN VGZ S 2018-12-01T07:00:53.190000
CC PR04 P 2019-07-25T07:10:13.260000
CC PR04 S 2019-07-25T07:10:16.560000
UW LON P 2018-09-16T01:13:47.835000
CN PGC P 2019-01-01T10:20:26.550000
CN PGC S 2019-01-01T10:20:34.250000
CC PR05 P 2018-09-14T05:15:19.680000
CC PR05 S 2018-09-14T05:15:27.480000
UW TOLT S 2019-04-12T03:04:24.995000
CC PR05 P 2018-10-30T03:04:49.060000
UW GBB P 2019-02-25T21:40:34.310000
UW GBB S 2019-02-25T21:40:42.410000
CN CLRS P 2019-07-05T12:59:39.790000
CN CLRS P 2019-07-05T12:59:41.390000
CN CLRS S 2019-07-05T12:59:40.790000
CN CLRS S 2019-07-05T12:59:42.090000
UW TLW1 P 2018-11-22T00:15:15.820000
UW TLW1 S 2018-11-22T00:15:16.820000
UW TLW1 S 2018-11-22T00:15:24.320000
UW ELW P 2019-07-01T11:22:54.310000
UW ELW S 2019-07-01T11:22:58.710000
CC STD P 2019-01-31T08:39:14.065000
CC STD S 2019-01-31T08:39:14.465000
CC STD S 2019-01-31T08:39:15.265000
CC PR05 P 2018-12-26T06:24:12.380000
CC PR05 S 2018-12-26T06:24:18.080000
UW OMAK S 2018-12-27T13:23:16.425000
UW STOR P 2019-06-29T11:46:40.008393
UW LUMI P 2019-06-15T06:10:53.630000
UW LUMI S 2019-06-15T06:11:00.430000
CC OBSR P 2019-07-20T11:23:03.580000
CC OBSR S 2019-07-20T11:22:56.680000
CC OBSR S 2019-07-20T11:23:10.980000
UW DOSE P 2019-08-15T11:29:16.100000
UW DOSE S 2019-08-15T11:29:16.600000
UW DOSE S 2019-08-15T11:29:21
UW BRKS S 2019-04-18T05:39:24.860000
UW RADR S 2018-10-15T13:37:38.840000
CC PRLK P 2019-04-02T13:00:48.040000
CC PRLK S 2019-04-02T13:00:49.740000
CN PTRF P 2019-01-08T21:13:21.900000
CN PTRF S 2019-01-08T21:13:28.800000
CC HUSB P 2019-01-26T07:30:20.080000
CC HUSB S 2019-01-26T07:30:20.980000
CC OBSR P 2019-09-01T14:37:10.260000
CC OBSR S 2019-09-01T14:37:11.960000
CC NORM P 2019-05-15T12:10:23.680000
CC NORM S 2019-05-15T12:10:25.680000
CC PANH P 2019-02-24T17:51:21.360000
CC PANH S 2019-02-24T17:51:22.060000
UW BERY P 2019-07-12T10:29:04.990000
UW BERY S 2019-07-12T10:29:11.290000
CC PR05 P 2019-03-28T03:45:41.220000
UW LUMI P 2019-01-05T16:24:44.190001
UW LUMI S 2019-01-05T16:24:48.690001
UW GBB P 2019-06-30T18:46:24.520000
UW GBB S 2019-06-30T18:46:27.020000
UO BUCK P 2018-11-18T20:37:01.390000
UO NATH S 2018-11-30T17:34:35.158393
UO NATH S 2018-11-30T17:34:41.058393
CC VALT P 2019-01-08T02:22:35.020000
UW GNW P 2019-07-12T09:51:49.340000
UW GNW S 2019-07-12T09:51:56.940000
UW PRO S 2019-04-14T00:57:48
UW RATT P 2018-10-17T19:11:04.840000
UW RATT S 2018-10-17T19:11:05.340000
UW TKEY P 2019-06-25T14:24:17.070000
UW TKEY S 2019-06-25T14:24:22.170000
UW BABR P 2019-07-28T21:16:11.280000
UW BABR S 2019-07-28T21:16:18.380000
CC NORM P 2019-08-29T15:09:13.100000
CC NORM S 2019-08-29T15:09:14.800000
UW UMAT P 2019-05-10T11:20:28.868391
UW UMAT S 2019-05-10T11:20:30.768391
UO RAIN P 2018-10-19T16:04:14.908391
UO RAIN S 2018-10-19T16:04:19.408391
CC PR05 P 2019-07-07T09:51:46.420000
CC PR05 S 2019-07-07T09:51:53.420000
UO MARQ P 2019-07-04T08:07:01.760000
UW LYNC S 2018-12-04T03:41:50.740000
UW LON P 2019-04-13T00:53:10.190000
UW LON S 2019-04-13T00:53:17.190000
UW RATT P 2018-12-24T13:04:07.770000
UW RATT S 2018-12-24T13:04:08.370000
UW RCM P 2019-04-08T02:05:08.140000
UW RCM S 2019-04-08T02:05:11.840000
CC OBSR S 2019-07-22T17:10:33.040000
CC PR05 P 2019-02-07T01:13:54.660000
CC PANH P 2019-07-01T21:33:33.220000
CC PANH S 2019-07-01T21:33:33.620000
CC PANH S 2019-07-01T21:33:39.620000
UW RCM P 2019-02-02T12:55:51.520000
UW RCM S 2019-02-02T12:55:48.120000
UW RCM S 2019-02-02T12:55:52.220000
CC PR01 S 2019-09-06T05:49:55.450000
CC PR01 S 2019-09-06T05:49:58.650000
UW KIMB P 2019-04-18T05:39:18.570000
UW KIMB S 2019-04-18T05:39:24.270000
UW DOSE P 2018-12-02T09:41:13.640000
UW DOSE P 2018-12-02T09:41:14.140000
UW DOSE S 2018-12-02T09:41:16.940000
CC STD P 2019-02-15T03:49:06.745000
CC STD S 2019-02-15T03:49:08.545000
UW BLOW P 2018-10-19T22:18:43.938393
UW BLOW S 2018-10-19T22:18:45.338393
UW BLOW S 2018-10-19T22:18:51.338393
CC OBSR S 2019-03-13T09:44:59.120000
UW LRIV P 2018-10-08T10:47:34.240000
CC SWF2 P 2018-10-21T20:32:22.110000
CC PR01 S 2019-01-16T09:29:52.085000
UW LON P 2019-01-21T03:43:29.695000
UW LON S 2019-01-21T03:43:31.995000
CC SHRK P 2019-05-25T02:56:08.290000
CC SHRK S 2019-05-25T02:56:11.490000
UW LCCR P 2019-03-30T11:35:41.268394
UW LCCR S 2019-03-30T11:35:42.468394
CC VALT P 2018-10-18T03:40:00.360000
CC VALT S 2018-10-18T03:40:02.960000
UW STOR S 2019-07-05T18:31:33.938393
UO WLOO S 2019-01-26T07:30:19.078393
UO WLOO S 2019-01-26T07:30:25.378393
UO DFAZ P 2018-11-18T20:37:01.888393
CN GOBB P 2018-11-08T07:03:51.920000
CN GOBB S 2018-11-08T07:03:58.620000
CC SWF2 P 2019-04-24T19:26:02.225000
CC SWF2 S 2019-04-24T19:26:05.425000
UW BABR P 2019-09-05T15:03:32.120000
UO CAVE P 2019-05-17T17:08:50.268393
CC PR04 P 2019-07-06T23:17:50.400000
CC PR04 S 2019-07-06T23:17:52.900000
UW BERY P 2019-03-19T15:39:29.823130
UW BERY S 2019-03-19T15:39:31.723130
UW DOSE S 2019-07-14T17:44:57.889997
UW FMW P 2018-11-29T19:17:46.410000
CC JRO P 2019-09-04T22:04:00.770000
CC JRO S 2019-09-04T22:04:01.270000
UW KREP P 2019-07-25T02:05:01.449999
UW KREP S 2019-07-25T02:05:10.549999
UW YACT P 2019-06-08T15:49:58.838393
UW YACT S 2019-06-08T15:50:01.038393
CC CARB P 2019-08-19T23:13:56.080000
UW BLOW P 2018-12-28T06:10:38.888393
UW RATT P 2019-04-05T22:58:31.020000
UW RCM P 2018-12-26T06:24:14.470000
UW RCM S 2018-12-26T06:24:09.370000
UW RCM S 2018-12-26T06:24:21.370000
UW EGRN P 2019-07-02T01:23:27.930000
UW EGRN P 2019-07-02T01:23:32.030000
UW EGRN S 2019-07-02T01:23:36.930000
UW GNW P 2019-01-13T13:31:10.315000
UW GNW S 2019-01-13T13:31:16.415000
UW EYES P 2019-03-01T00:29:37.080000
UW WISH P 2019-02-06T18:24:32.820000
UW TKCO P 2019-07-14T14:21:46.035000
CC PR04 P 2019-04-10T14:12:56.540000
UO TOOM P 2018-09-30T11:03:38.948393
UW RCM P 2019-03-04T03:15:02.190000
UW RCM S 2019-03-04T03:14:54.290000
UW RCM S 2019-03-04T03:14:57.390000
UW RCM S 2019-03-04T03:15:06.290000
UW RCM S 2019-03-04T03:15:10.190000
UW KENT P 2019-07-12T10:46:38.338393
UO DRAN P 2019-09-01T09:26:23.858393
CC PR05 P 2019-02-10T04:10:27.080000
CC PR05 P 2019-03-31T23:20:36.660000
CC SHRK P 2019-06-22T12:53:20.790000
UW GNW P 2019-06-08T09:51:54.640000
CC PANH S 2019-07-02T23:28:02.120000
UW LEBA P 2019-08-03T05:17:33.458393
UW LEBA P 2019-08-03T05:17:37.058393
UW LEBA S 2019-08-03T05:17:38.858393
CN PABB P 2019-09-02T08:25:25.590000
UO MINN P 2019-09-05T11:41:31.608393
UO MINN S 2019-09-05T11:41:32.608393
UW LCCR P 2019-09-01T01:53:15.748393
UW LCCR S 2019-09-01T01:53:16.348393
UW LON P 2018-12-09T20:53:05.120000
UW MDW P 2019-02-16T05:49:42.580000
UW MDW P 2019-02-16T05:49:48.580000
UW MDW S 2019-02-16T05:49:44.080000
CC PANH P 2019-08-07T01:32:30.480000
CC PANH S 2019-08-07T01:32:33.580000
CN GDR S 2019-01-27T03:42:17.530000
UW FISH P 2019-05-21T11:11:48.998393
UW FISH P 2019-05-21T11:11:55.098393
UW FISH S 2019-05-21T11:11:56.898393
CN SNB P 2019-02-22T13:21:21.820000
CN SNB P 2019-02-22T13:21:25.120000
CN SNB S 2019-02-22T13:21:28.320000
UO WOOD P 2019-08-02T10:56:06.708393
CC ASBU P 2019-08-24T00:10:24.345000
CC ASBU S 2019-08-24T00:10:26.645000
CC HIYU P 2019-09-04T22:04:14.880000
CC HIYU S 2019-09-04T22:04:16.480000
CC PANH P 2019-01-30T13:18:33.660000
CC PANH S 2019-01-30T13:18:41.460000
UW MANO P 2018-10-11T05:44:44.080000
CC RUSH P 2019-08-03T22:02:15.760000
CC RUSH S 2019-08-03T22:02:16.960000
UO DBO P 2019-07-06T14:56:03.719999
CC OBSR S 2019-07-12T12:01:37.480000
UW LCCR P 2019-07-04T18:55:20.958393
UW LCCR S 2019-07-04T18:55:26.958393
UW LCCR S 2019-07-04T18:55:27.958393
UW SP2 P 2018-10-30T07:45:11.980000
UW SP2 S 2018-10-30T07:45:19.880000
CC PR04 P 2018-10-29T13:45:20.620000
CC PR04 S 2018-10-29T13:45:23.120000
UW KENT P 2019-07-08T13:02:24.088391
CN GOBB P 2018-10-04T18:27:17.690000
CN GOBB S 2018-10-04T18:27:18.990000
CC OBSR P 2018-11-13T00:11:29.990000
CC OBSR S 2018-11-13T00:11:31.290000
CC PR01 P 2018-09-20T06:36:30.900000
UW LCCR P 2018-11-19T11:09:53.758393
CC VALT P 2019-03-12T02:36:33.760000
CC VALT S 2019-03-12T02:36:34.260000
CC VALT S 2019-03-12T02:36:39.860000
UW RCM P 2018-11-11T15:35:51.420000
UW RCM S 2018-11-11T15:35:54.420000
CC JRO P 2019-01-31T09:20:31.390000
CC JRO S 2019-01-31T09:20:35.190000
CN GOBB P 2019-04-29T18:13:34.660000
UW BERY P 2019-08-02T01:45:48.219999
UW BERY S 2019-08-02T01:45:53.519999
CC STD P 2019-05-05T09:26:53.305000
CC STD S 2019-05-05T09:26:54.005000
CC STD S 2019-05-05T09:26:57.105000
UW FMW P 2019-07-18T08:33:36.700000
UW FMW S 2019-07-18T08:33:43.700000
UW RCM S 2018-11-30T05:25:51.870000
UW RATT P 2019-01-21T23:47:03.495000
UW STOR P 2019-04-24T22:39:01.258393
UW STOR P 2019-04-24T22:39:02.958393
UW YPT P 2019-06-16T16:13:07.930000
UW WA2 P 2019-03-28T17:51:58.610000
UW WA2 S 2019-03-28T17:51:59.710000
UW STOR P 2019-07-02T01:23:38.808393
CC STD S 2019-06-24T20:13:30.285000
CC PANH P 2019-09-04T14:43:50.420000
CC PANH S 2019-09-04T14:43:55.320000
UO BEER P 2019-03-01T00:29:39.808393
CN VGZ P 2019-01-06T00:23:37.760000
CC PANH P 2019-02-07T01:13:54.720000
CC PANH S 2019-02-07T01:13:55.420000
UO CAVE P 2019-04-10T23:20:44.058393
UO CAVE P 2019-04-10T23:20:52.258393
UO CAVE S 2019-04-10T23:20:54.058393
UW NIHS P 2018-10-30T07:45:14.150000
UW NIHS P 2018-10-30T07:45:21.150000
UW NIHS S 2018-10-30T07:45:22.050000
UW HOOD P 2019-03-29T13:43:27.450000
UW HOOD S 2019-03-29T13:43:31.150000
UO RAIN P 2019-07-04T18:55:22.438391
UO RAIN S 2019-07-04T18:55:30.538391
CC PANH P 2019-09-05T05:23:19.700000
CC PANH S 2019-09-05T05:23:21.300000
CC OBSR S 2019-07-15T01:37:58.340000
CN SNB P 2019-04-06T05:26:31.080000
CN SNB S 2019-04-06T05:26:34.480000
UW HOOD P 2019-07-08T12:07:10.320000
UW HOOD S 2019-07-08T12:07:11.820000
CC SHRK P 2019-01-27T17:10:05.550000
CC SHRK S 2019-01-27T17:10:07.850000
UW RATT P 2019-07-10T11:41:03.840000
UW RATT S 2019-07-10T11:41:04.140000
CC PR01 P 2019-04-22T14:49:12.605000
CC PR01 S 2019-04-22T14:49:18.205000
CC PR04 P 2019-07-05T13:00:13.200000
CC PR05 P 2019-04-12T03:09:32.400000
CC PR05 S 2019-04-12T03:09:33.600000
UO BUCK P 2019-01-14T16:55:00.499999
CC STD P 2019-06-22T12:53:17.925000
CC STD S 2019-06-22T12:53:19.925000
CC SWF2 P 2019-03-12T02:43:25.160000
CC SWF2 S 2019-03-12T02:43:26.160000
UW TOLT P 2018-12-30T04:13:19.645000
UW BABE P 2018-11-19T11:09:27.280000
CC OBSR P 2018-12-04T15:30:45.330000
CC OBSR S 2018-12-04T15:30:48.030000
CC PR04 P 2018-12-22T19:46:59.780000
CC PR04 S 2018-12-22T19:47:02.480000
CC STD P 2019-06-22T18:06:58.885000
CC STD S 2019-06-22T18:07:05.685000
CC PR01 S 2019-06-03T21:32:14.370000
CC PR01 S 2019-07-28T14:34:59.490000
CC PR05 P 2018-10-16T19:17:18.120000
CC PR05 S 2018-10-16T19:17:22.420000
CC STD P 2019-09-02T04:22:01.965000
CC STD S 2019-09-02T04:22:02.565000
CC SIFT P 2019-08-07T10:39:16.400000
CC SIFT S 2019-08-07T10:39:19.400000
CN WSLR P 2019-03-31T12:29:11.190000
UW BERY P 2019-06-24T04:16:54.530000
UW BERY S 2019-06-24T04:16:55.630000
UW BERY S 2019-06-24T04:17:01.330000
UW STOR P 2019-08-15T03:17:16.558393
UW SNI2 P 2019-03-15T05:15:23.660000
UO NATH P 2019-02-07T21:09:14.388393
UW RCM P 2019-05-23T10:09:57.330000
UW RCM S 2019-05-23T10:10:00.130000
UW HOOD P 2019-07-25T20:27:19.300000
UW HOOD S 2019-07-25T20:27:20.700000
CC PR04 P 2019-09-02T23:25:21.500000
CC PR04 S 2019-09-02T23:25:24.700000
UW OMAK P 2018-09-25T09:08:52.600000
UW OMAK P 2018-09-25T09:08:55.500000
UW OMAK P 2018-09-25T09:08:58.200000
UW OMAK P 2018-09-25T09:08:59.300000
UW DOSE P 2019-04-18T05:39:19.640000
UW DOSE S 2019-04-18T05:39:25.340000
UW RAW P 2019-03-08T14:43:18.815000
UW RAW P 2019-03-08T14:43:20.615000
UW RAW S 2019-03-08T14:43:24.215000
UW LON P 2018-11-15T03:34:41.560000
CC PANH P 2019-08-17T08:57:31.360000
CC PANH P 2019-08-17T08:57:38.960000
CC ASBU P 2019-03-29T13:43:54.665000
CC ASBU S 2019-03-29T13:43:56.565000
UO ROGE P 2019-06-25T11:14:45.208393
UO ROGE P 2019-06-25T11:14:51.208393
UW BLOW P 2019-05-06T06:04:37.158393
UW BLOW P 2019-06-11T05:05:47.908393
UW RATT P 2019-02-15T02:22:22.245000
UW RATT S 2019-02-15T02:22:24.145000
UW LTY P 2019-09-03T10:24:32.930000
CC OBSR S 2018-10-18T23:37:20.450000
CC OBSR S 2018-10-18T23:37:27.950000
CC PRLK P 2019-03-08T06:53:57.080000
CC PR04 P 2019-07-29T15:57:32.780000
CC PR04 S 2019-07-29T15:57:34.080000
UW BLOW P 2019-03-20T08:27:53.658393
UW BLOW S 2019-03-20T08:27:54.758393
CC VALT S 2019-06-08T18:15:06.340000
CC SWF2 P 2019-06-29T13:00:43.695000
CC SWF2 S 2019-06-29T13:00:44.895000
CC SIFT P 2019-09-05T05:23:20.800000
CC SIFT S 2019-09-05T05:23:22.700000
CC SWF2 P 2019-05-18T03:53:31
CC SWF2 S 2019-05-18T03:53:34.200000
CC PR01 P 2018-10-16T05:22:24.865000
UW FISH P 2019-02-06T22:21:04.838393
UW SCC P 2018-12-13T12:00:40.750000
UW SCC S 2018-12-13T12:00:44.850000
OO HYS12 P 2019-01-29T18:08:43.150000
OO HYS12 S 2019-01-29T18:08:38.750000
OO HYS12 S 2019-01-29T18:08:47.350000
CC VALT P 2019-06-10T20:10:40.720000
CC VALT S 2019-06-10T20:10:41.820000
UW RAW P 2019-07-12T09:51:48.645000
UW RAW S 2019-07-12T09:51:49.745000
UW RAW S 2019-07-12T09:51:55.945000
UW LON P 2019-01-29T18:09:29.710000
UW SP2 P 2019-09-02T04:21:47.109999
UW SP2 S 2019-09-02T04:21:54.909999
UW RCM P 2018-12-26T14:11:59.940000
UW RCM S 2018-12-26T14:12:00.840000
CC PANH P 2018-12-22T18:53:52.100000
CC PANH S 2018-12-22T18:53:53.600000
UW WA2 S 2019-07-15T17:03:25.170000
UW LUMI P 2018-10-09T12:04:15.460000
UW LUMI S 2018-10-09T12:04:16.660000
UW SCC P 2018-11-19T11:09:28.570000
CC STD P 2019-09-04T22:04:00.385000
CC STD S 2019-09-04T22:04:01.285000
CC STD S 2019-09-04T22:04:04.185000
UW HOOD P 2019-07-09T17:50:56.320000
UW HOOD S 2019-07-09T17:50:57.720000
UO MARQ P 2018-11-03T00:41:20.580000
UO MARQ S 2018-11-03T00:41:28.580000
CN SNB P 2019-06-21T07:38:19.070000
CN SNB S 2019-06-21T07:38:26.870000
CC OBSR P 2018-11-30T22:12:08.510000
CC OBSR S 2018-11-30T22:12:10.310000
UW RCM P 2019-02-08T18:12:46.810000
UW RCM S 2019-02-08T18:12:49.210000
OO HYS12 P 2019-07-12T09:52:37.400000
OO HYS12 S 2019-07-12T09:52:43.400000
CC PR05 P 2018-12-27T22:54:19.200000
CC PR01 S 2019-08-17T04:27:26.230000
CC PR01 S 2019-08-17T04:27:28.730000
CC PR01 S 2018-10-13T09:16:34.825000
CC PR01 S 2018-10-13T09:16:37.925000
CC PR04 P 2019-05-17T18:04:18.540000
CC PR04 S 2019-05-17T18:04:22.540000
UW LTY P 2018-09-30T11:03:51.155000
UW BABR P 2019-08-29T15:08:47.280000
UW BABR S 2019-08-29T15:08:49.680000
UW RCM P 2018-10-03T00:40:43.490000
UW RCM S 2018-10-03T00:40:42.990000
UW RCM S 2018-10-03T00:40:45.690000
UW MANO P 2019-05-26T07:51:49.620000
CN GOBB P 2019-04-01T15:00:35.430000
CN GOBB S 2019-04-01T15:00:36.730000
CC PR05 P 2019-02-05T03:21:05.560000
CC PR05 S 2019-02-05T03:21:07.560000
UW FMW P 2019-06-07T07:33:26.440000
UW FMW S 2019-06-07T07:33:29.240000
UW LRIV P 2018-09-28T21:30:23.590000
UW JEDS P 2019-08-29T15:35:47.790000
CN VGZ P 2019-05-01T07:38:00.560000
CN VGZ S 2019-05-01T07:38:06.860000
CC SWF2 P 2019-03-12T02:34:57.960000
CC SWF2 S 2019-03-12T02:34:59.060000
UW BERY P 2018-09-23T17:01:14.473130
UW BERY S 2018-09-23T17:01:14.773130
UW SCC P 2019-07-17T23:43:24.050000
UW SCC S 2019-07-17T23:43:29.950000
CC NORM P 2019-01-26T14:23:41.800000
CC NORM S 2019-01-26T14:23:43.500000
UO ALSE P 2019-05-06T06:04:20.940000
CN PGC P 2019-03-05T07:32:01.010000
CN PGC S 2019-03-05T07:32:05.210000
CC PR01 P 2019-04-03T21:14:39.925000
CC PR01 S 2019-04-03T21:14:42.725000
CN VGZ P 2019-06-21T07:41:28.420000
CC OBSR S 2019-01-09T17:19:48.560000
UW HOOD P 2019-04-20T06:13:53.130000
UW HOOD S 2019-04-20T06:13:54.430000
CC JRO P 2019-06-22T12:53:18.010000
UW LTY P 2019-03-19T15:39:52.405000
CN SYMB P 2019-04-23T23:18:15.020000
UO WLOO P 2018-12-23T11:11:18.238393
UO JESE P 2019-07-08T12:12:02.848393
UO JESE S 2019-07-08T12:12:13.448393
UW RCM P 2018-11-11T00:51:43.650000
UW RCM S 2018-11-11T00:51:37.050000
UW RCM S 2018-11-11T00:51:44.250000
UW MDW P 2019-03-01T19:59:08.780000
UW MDW S 2019-03-01T19:59:08.280000
CC SWF2 P 2019-08-18T12:29:49.835000
CC SWF2 S 2019-08-18T12:29:50.535000
CC PR05 P 2019-04-09T12:45:09.740000
UW LTY P 2019-01-02T23:17:01.430000
UW LTY S 2019-01-02T23:17:07.730000
CC SWF2 P 2019-06-26T05:28:11.135000
CC SWF2 S 2019-06-26T05:28:12.435000
CC STD P 2018-09-17T14:32:42.965000
CC STD S 2018-09-17T14:32:45.965000
UO LAIR P 2019-03-26T22:44:23.598393
CC JRO P 2019-07-14T14:22:00.370000
UO DBO P 2019-08-09T16:40:54.519999
CC STD P 2019-01-31T09:20:31.825000
CC STD S 2019-01-31T09:20:32.425000
CC STD S 2019-01-31T09:20:36.025000
CN SYMB P 2019-04-08T16:31:24.410000
CN SYMB S 2019-04-08T16:31:29.610000
UW LEOT P 2019-04-08T13:02:13.390000
UW LEOT S 2019-04-08T13:02:18.190000
CN VGZ P 2019-04-05T19:43:57.330000
CN VGZ S 2019-04-05T19:44:01.130000
CN VGZ S 2019-04-05T19:44:04.630000
CC PR04 P 2019-08-30T10:12:36.900000
UW STOR P 2019-02-20T07:23:55.878393
UW STOR P 2019-02-20T07:23:59.478393
UW STOR S 2019-02-20T07:24:03.678393
UW LON S 2019-05-23T10:09:59.670000
CC SHRK P 2019-07-09T15:50:22.830000
CC SHRK S 2019-07-09T15:50:25.930000
UW DOSE P 2018-11-01T22:34:52.965000
UW DOSE S 2018-11-01T22:34:54.165000
UW DOSE S 2018-11-01T22:34:59.365000
UW DOSE P 2018-10-16T06:16:35.990000
UW DOSE S 2018-10-16T06:16:36.190000
UW DOSE S 2018-10-16T06:16:41.690000
UW GNW P 2019-02-08T16:48:00.740000
UW OMAK P 2018-10-10T12:11:46.200000
UW RATT P 2019-08-27T07:20:40.510000
UW RATT S 2019-08-27T07:20:44.510000
UW TOLT P 2019-06-02T01:09:05.475000
UW TOLT S 2019-06-02T01:09:06.175000
UW TOLT S 2019-06-02T01:09:09.975000
UW GNW P 2018-11-10T06:27:37.975000
UW GNW S 2018-11-10T06:27:45.775000
UW RATT P 2019-02-25T22:34:13.870000
UW RATT S 2019-02-25T22:34:18.770000
CC SWF2 P 2018-10-08T10:47:35.650000
CC SWF2 S 2018-10-08T10:47:36.750000
UW RATT P 2019-04-22T21:29:43.570000
UW RATT S 2019-04-22T21:29:47.970000
CC PR05 P 2018-09-19T12:08:14.500000
CC PR05 S 2018-09-19T12:08:16.500000
UW EPH2 P 2019-07-12T10:46:18.810000
UW EPH2 S 2019-07-12T10:46:26.710000
UW TOLT P 2019-07-18T14:55:25.240000
UW TOLT S 2019-07-18T14:55:28.340000
UW FMW P 2019-02-05T03:30:38.020000
UW FMW S 2019-02-05T03:30:39.820000
UW LNO P 2018-10-13T13:34:55.940000
UO CAVE P 2018-11-03T17:24:12.258393
UO CAVE S 2018-11-03T17:24:13.758393
UW LON P 2019-07-12T11:45:57.570000
CC PR04 P 2019-02-24T15:41:25
CC PR04 S 2019-02-24T15:41:29.800000
CN HNBB P 2018-10-30T06:22:09.690000
CC TMBU P 2018-11-02T11:10:44.380000
CC TMBU S 2018-11-02T11:10:46.080000
CN OZB P 2019-07-17T15:01:23.250000
CC PR04 P 2019-05-23T11:16:17.760000
CC PR04 S 2019-05-23T11:16:19.760000
CC OBSR P 2019-09-07T16:49:07.240000
CC OBSR S 2019-09-07T16:49:09.940000
UW DAVN P 2018-11-25T01:00:50.775000
UW DAVN S 2018-11-25T01:00:51.875000
UW RATT P 2018-10-14T10:16:45.090000
UW RATT S 2018-10-14T10:16:48.590000
UO WLOO P 2019-03-26T22:44:37.338393
UO WLOO S 2019-03-26T22:44:29.638393
UO WLOO S 2019-03-26T22:44:39.038393
CN HNBB P 2018-12-02T22:22:42.270000
CC SIFT P 2019-08-29T15:09:18.380000
CN HOPB P 2018-12-02T22:22:28.820000
UW RATT P 2019-04-29T18:13:36.345000
UW RATT S 2019-04-29T18:13:36.545000
UW FMW P 2018-11-18T17:53:33.310000
UW FMW S 2018-11-18T17:53:34.510000
UO CAVE P 2019-03-09T10:53:50.718393
UO CAVE S 2019-03-09T10:53:52.518393
UO NATH P 2019-06-11T01:49:20.418393
UO NATH S 2019-06-11T01:49:22.018393
CC PR04 P 2019-06-03T03:09:15.640000
CC PR04 S 2019-06-03T03:09:19.040000
UW EVGW P 2019-07-12T21:31:08.390000
UW EVGW S 2019-07-12T21:31:12.490000
CC PANH P 2019-09-02T04:21:56.720000
CC PANH S 2019-09-02T04:21:58.920000
CC SWF2 P 2019-02-10T18:43:12.120000
CC SWF2 S 2019-02-10T18:43:13.720000
CC STD S 2019-09-05T12:58:53.165000
CC PR04 P 2018-12-08T03:27:23.080000
CC PR04 S 2018-12-08T03:27:27.780000
UW BERY P 2019-01-09T16:01:32.883130
UW BERY S 2019-01-09T16:01:33.283130
UW BERY S 2019-01-09T16:01:38.083130
UW LON P 2019-05-16T14:53:26.990000
UW LON S 2019-05-16T14:53:34.090000
UW LON P 2019-02-05T03:21:05.035000
UW LON S 2019-02-05T03:21:06.635000
UO WOOD P 2018-12-16T03:11:38.468393
UW STOR S 2019-01-29T18:09:33.158393
UW RADR P 2019-02-15T03:49:01.615000
UW RADR S 2019-02-15T03:49:02.715000
CC OBSR P 2019-04-13T00:53:06.620000
CC OBSR P 2019-04-13T00:53:11.420000
CC OBSR S 2019-04-13T00:53:08.120000
CC OBSR S 2019-04-13T00:53:19.220000
UW CCRK S 2019-06-01T00:26:04.630000
UW HOOD P 2019-07-14T05:33:36.430000
UW HOOD S 2019-07-14T05:33:37.830000
CC CARB P 2019-09-04T17:36:28.740000
CC CARB S 2019-09-04T17:36:31.140000
CC SWF2 P 2018-11-14T15:58:47.370000
CC SWF2 S 2018-11-14T15:58:48.970000
UW EPH2 P 2019-07-16T07:47:12.780000
UW EPH2 S 2019-07-16T07:47:15.080000
UW STOR P 2019-06-21T07:38:34.048393
UW STOR S 2019-06-21T07:38:35.548393
CN VGZ P 2019-09-02T04:21:48.710000
CC PANH P 2019-03-02T10:44:09.360000
CC PANH S 2019-03-02T10:44:10.860000
UW BRAN P 2018-11-19T11:10:21.400000
UW BRAN S 2018-11-19T11:10:22.400000
UW BRAN S 2018-11-19T11:10:26.900000
UW BRAN S 2018-11-19T11:10:29.800000
UW RATT P 2019-08-17T12:48:11.040000
UW RATT S 2019-08-17T12:48:13.040000
UO WOOD P 2019-02-06T18:23:31.368393
UW CCRK P 2019-05-13T20:57:02.260000
UW CCRK S 2019-05-13T20:57:04.060000
CC VALT P 2018-10-22T14:05:29.180000
CC VALT S 2018-10-22T14:05:31.480000
UO WOOD P 2019-02-24T03:04:05.378393
CC PR01 S 2019-07-31T04:06:26.290000
CC PR05 P 2018-10-22T04:18:41.220000
CC PR05 S 2018-10-22T04:18:36.520000
CC PR04 P 2018-11-23T19:42:55.760000
CC PR04 S 2018-11-23T19:42:58.560000
UO ROGE P 2018-11-18T18:20:52.568393
CC SHRK S 2019-09-05T10:08:45.290000
CC SHRK S 2019-09-05T10:08:46.190000
CC SHRK P 2019-07-09T18:45:57.450000
CC SHRK S 2019-07-09T18:46:00.550000
UW RATT S 2019-06-11T05:05:53.350001
UW HOPR S 2019-08-12T15:43:37.110001
UW HOPR S 2019-08-12T15:43:44.010001
CC STD P 2018-09-27T04:48:46.885000
CC STD S 2018-09-27T04:48:51.685000
UW YPT P 2019-04-11T17:21:16.460000
UW LTY P 2019-05-21T11:12:05.430000
UO MARQ P 2019-06-11T01:49:23.770000
UW LON P 2019-02-05T03:30:37.960000
UW LON S 2019-02-05T03:30:39.560000
UW GNW P 2019-07-25T22:50:33.900000
UW GNW P 2019-07-25T22:50:37.400000
UW GNW S 2019-07-25T22:50:39.800000
UO WOOD P 2018-11-04T00:55:23.738393
UO DBO P 2019-07-13T00:25:15.250001
UW GBB P 2019-05-13T20:57:03.550000
UW GBB S 2019-05-13T20:57:06.050000
CC PR04 P 2019-08-29T15:09:19.180000
UO ALSE P 2019-07-17T07:09:40.710000
UO ALSE S 2019-07-17T07:09:42.110000
CC STD P 2019-06-02T01:27:36.585000
CC STD S 2019-06-02T01:27:39.185000
CN CLRS P 2019-09-10T02:35:17.850000
CC PR04 P 2019-01-20T19:09:45.660000
CC PR04 S 2019-01-20T19:09:49.660000
CN SNB P 2019-09-01T13:51:26.400000
CN SNB S 2019-09-01T13:51:33
CC PR01 S 2019-07-13T15:04:59.530000
CC PR01 S 2019-07-13T15:05:01.630000
UW RATT P 2018-09-17T00:09:05.740000
UW RATT P 2018-09-17T00:09:07.140000
UW FMW P 2019-02-25T23:43:38.600000
UW FMW S 2019-02-25T23:43:39.800000
CC VALT P 2019-01-05T01:18:42.300000
CC VALT S 2019-01-05T01:18:45.300000
UW LUMI P 2019-01-05T19:36:06.149999
UW GNW P 2019-02-11T08:38:25.915000
UW GNW S 2019-02-11T08:38:27.415000
UW GNW S 2019-02-11T08:38:31.515000
CC PR04 P 2018-12-04T02:41:31.560000
UO DBO P 2019-07-17T15:00:44.440000
UW MOX P 2019-07-17T05:34:47.590000
UW MOX S 2019-07-17T05:34:50.090000
UW MOX S 2019-07-17T05:34:52.790000
UW BERY P 2019-07-02T01:23:45.489999
CC SHRK P 2019-09-04T16:20:44.310000
CC SHRK S 2019-09-04T16:20:47.410000
CC PR05 P 2019-08-04T06:02:38.080000
CC PR05 S 2019-08-04T06:02:44.780000
CC SEP P 2019-08-30T04:20:58.340000
CC SEP S 2019-08-30T04:21:01.640000
