CC VALT P 2019-01-05T08:00:44.980000
CC VALT S 2019-01-05T08:00:46.180000
CC VALT S 2016-03-16T14:05:10.020000
UW NN32 S 2016-04-06T12:56:27.985000
UW LON S 2018-09-05T18:43:35.410000
UW LON S 2018-09-05T18:43:38.110000
CC KWBU S 2016-03-08T12:23:24.240000
CC OBSR P 2017-04-24T06:17:45.500000
CC OBSR S 2017-04-24T06:17:46.600000
CC CIHL P 2019-01-02T05:11:38.220000
CC CIHL S 2019-01-02T05:11:40.020000
CC STD S 2019-02-17T09:20:31.965000
CC SVIC S 2017-12-13T17:12:47.440000
CC NORM P 2019-01-02T05:11:37.780000
CC NORM S 2019-01-02T05:11:39.880000
CC SEP P 2019-01-01T00:45:16.220000
CC SEP S 2019-01-01T00:45:17.720000
UO PINE P 2019-01-02T05:11:40.349999
UO PINE S 2019-01-02T05:11:44.049999
UW STAR P 2017-04-03T11:27:18.050018
UW STAR S 2017-04-03T11:27:17.750018
UW STAR S 2017-04-03T11:27:19.050018
CC SWNB S 2019-01-02T05:11:41.820000
UW STAR S 2017-10-15T08:20:52.120262
CC CIHL P 2017-12-13T17:12:44.300000
CC CIHL S 2017-12-13T17:12:48.300000
CC NORM S 2018-06-23T00:52:48.600000
UW LON S 2017-03-23T03:29:40.080000
UW BERY S 2019-06-16T21:08:38.580001
UW BERY S 2019-06-16T21:08:46.280001
UW NN19 S 2017-12-13T17:12:45.010000
CC OBSR P 2017-05-17T03:12:03.260000
CC OBSR S 2017-05-17T03:12:04.860000
UW NN19 P 2016-03-08T12:23:22.325000
UW NN19 S 2016-03-08T12:23:24.125000
UW LON S 2017-03-16T05:22:53.605000
UW NN19 P 2017-12-12T18:19:05.810000
UW LON P 2017-05-01T04:41:45.910000
UW LON S 2017-05-01T04:41:48.310000
UW NN17 S 2016-04-06T12:56:27.865000
UW STAR S 2017-05-21T03:02:54.360005
UW SHUK S 2018-08-21T17:34:44.260000
UW SHUK S 2018-08-21T17:34:46.860000
CC SVIC S 2017-12-12T18:54:05.110000
CC OBSR P 2017-07-31T02:07:10.200000
UW NN19 S 2016-04-13T11:35:20.885000
UW NN19 P 2016-01-02T17:36:25.945000
UW NN19 S 2016-01-02T17:36:24.345000
UW NN17 S 2016-01-02T17:36:26.485000
CC SEP S 2018-08-11T23:11:45.980000
CC STD S 2018-07-18T06:33:00.345000
CC STD S 2018-07-18T06:33:02.345000
UW NN19 S 2017-12-10T17:47:04.130000
CC OBSR P 2018-09-05T18:43:34.430000
CC OBSR S 2018-09-05T18:43:32.830000
CC OBSR S 2018-09-05T18:43:37.130000
UW HOOD S 2016-01-01T18:12:29.855000
CC OBSR P 2017-05-21T03:02:54.900000
CC KWBU P 2019-01-02T05:10:35.360000
CC KWBU S 2019-01-02T05:10:37.260000
UW NN19 S 2017-12-14T18:20:00.530000
UW NN19 P 2016-02-25T10:30:24.425000
UW NN19 P 2016-02-25T10:30:25.525000
UW NN19 S 2016-02-25T10:30:24.825000
UW NN19 S 2016-02-25T10:30:27.825000
CC PR05 P 2018-09-05T18:43:35.200000
CC PR05 S 2018-09-05T18:43:39.200000
CC CIHL S 2017-12-10T17:47:03.320000
CC TMBU S 2017-12-11T17:05:43.340000
CC SVIC S 2019-01-02T05:11:40.570000
CC CPCO P 2017-12-13T17:12:44
CC CPCO S 2017-12-13T17:12:46.100000
UW LON P 2018-08-18T01:34:18.260000
UW LON S 2018-08-18T01:34:20.760000
CC PALM P 2016-01-01T18:12:25.400000
CC PALM P 2016-01-01T18:12:28.200000
CC CPCO S 2016-03-08T12:23:22.360000
CC NORM S 2017-12-14T18:20:00.040000
CC KWBU P 2019-01-02T05:11:38.490000
CC KWBU S 2019-01-02T05:11:40.690000
UW NN17 S 2016-04-13T11:35:21.485000
CC SEP P 2019-07-14T11:50:06.500000
CC SEP S 2019-07-14T11:50:07.200000
CC SEP P 2016-08-27T01:28:19.820000
CC PANH S 2016-07-16T23:00:28.820000
CC VALT S 2016-02-15T19:26:26.540000
UW NN32 S 2016-03-08T12:23:24.425000
UW NN21 P 2016-01-02T17:36:24.845000
CC VALT P 2016-07-05T16:46:23.700000
CC VALT S 2016-07-05T16:46:21.800000
CC VALT S 2016-07-05T16:46:25.300000
CC SVIC S 2017-12-12T18:19:01.390000
CC SVIC S 2017-12-12T18:19:07.790000
CC STD S 2016-03-16T14:05:11.160000
CC STD S 2016-03-16T14:05:14.160000
CC TMBU P 2019-01-02T05:11:38.380000
CC TMBU S 2019-01-02T05:11:38.880000
CC TMBU S 2019-01-02T05:11:41.580000
CC CIHL S 2016-03-08T12:23:21.780000
CC SWNB S 2017-12-11T17:05:43.680000
UW NN21 S 2019-01-02T05:10:36.680000
CC OBSR S 2018-09-11T07:56:37.110000
UW STAR P 2017-09-28T06:51:13.900008
UW STAR P 2017-09-28T06:51:21.100008
UW STAR S 2017-09-28T06:51:19.400008
UW NN21 S 2016-03-08T12:23:22.685000
CC PR05 P 2018-09-11T07:56:38.100000
CC PR05 S 2018-09-11T07:56:41.100000
UW LON S 2017-09-08T15:04:36.270000
UW STAR P 2017-03-23T03:29:36.850085
CC SWF2 S 2019-01-17T05:07:05.260000
UW NN21 S 2017-12-13T17:12:47.112000
CC KWBU S 2017-12-11T17:05:41
CC STD S 2019-01-17T05:07:04.885000
CC NORM S 2016-04-13T11:35:19.760000
CC OBSR S 2017-04-03T06:25:55.080000
CC OBSR S 2017-04-03T06:26:02.080000
UW NN19 P 2019-01-02T05:10:34.690000
UW NN19 S 2019-01-02T05:10:36.790000
UW BERY P 2019-06-11T11:49:24.460000
UW BERY S 2019-06-11T11:49:24.860000
UW BERY S 2019-06-11T11:49:32.760000
UW STAR P 2017-03-13T03:16:29.580022
UW STAR S 2017-03-13T03:16:30.480022
CC NORM S 2017-12-13T17:12:46.460000
UW NN19 P 2017-12-12T18:54:02.720000
UW NN19 S 2017-12-12T18:54:04.720000
UW LON S 2018-09-11T07:56:40.385000
CC PANH S 2019-07-26T00:16:35.120000
UW NN21 S 2017-12-12T18:54:03.308000
CC NORM S 2016-03-08T12:23:21.480000
UW NN19 P 2019-01-02T05:11:38.090000
UW NN19 S 2019-01-02T05:11:40.290000
CC VALT P 2018-10-31T09:46:58.060000
CC VALT S 2018-10-31T09:46:57.260000
CC VALT S 2018-10-31T09:46:59.360000
CC SEP P 2016-02-15T19:26:24.860000
CC OBSR P 2018-05-31T18:52:08.710000
CC OBSR S 2018-05-31T18:52:11.010000
