CC OBSR P 2019-06-14T19:35:18.325000
CC OBSR S 2019-06-14T19:35:19.825000
CC OBSR S 2019-06-14T19:35:22.525000
UO BUCK P 2018-09-28T18:58:02.539998
UO BUCK S 2018-09-28T18:58:08.239998
CC PR05 P 2019-07-30T18:37:10.080000
CC PR05 S 2019-07-30T18:37:06.780000
CC PR05 S 2019-07-30T18:37:13.980000
UW JCW P 2019-06-03T21:31:54.870000
UW JCW S 2019-06-03T21:31:56.670000
UW YACT S 2019-01-28T20:06:24.158393
CN SNB P 2018-10-30T17:59:53.680000
CN SNB S 2018-10-30T18:00:01.380000
CC STD P 2019-05-04T00:20:47.085000
CC STD S 2019-05-04T00:20:47.885000
CC STD S 2019-05-04T00:20:53.785000
UW YACT P 2018-07-05T23:19:39.098393
UW YACT S 2018-07-05T23:19:43.598393
UW GBB S 2019-03-15T17:06:19.670000
CC HIYU P 2018-05-31T18:47:06.040000
CC HIYU S 2018-05-31T18:47:07.240000
CC HIYU S 2018-05-31T18:47:11.340000
UW BERY P 2019-04-22T21:29:34.663130
UW BERY S 2019-04-22T21:29:37.963130
UW DAVN S 2018-02-22T10:20:43.400000
UW CCRK S 2018-03-09T21:13:08.950000
UW OMAK S 2019-03-27T21:11:19.475000
UW GBB S 2019-06-11T17:10:17.230000
UO RAIN P 2019-03-26T22:00:19.048394
UO RAIN S 2019-03-26T22:00:22.448394
UW LON P 2018-04-18T20:45:38.530000
UW LON S 2018-04-18T20:45:43.930000
CC STD P 2018-05-03T16:17:41.945000
CC STD S 2018-05-03T16:17:49.445000
UW YACT P 2018-08-30T19:28:26.068393
UW YACT S 2018-08-30T19:28:31.268393
CC WIFE S 2018-08-09T20:34:23.720000
UW MOX P 2018-06-27T20:00:47.220000
UW MOX S 2018-06-27T20:00:50.120000
UO BEER S 2018-06-19T16:55:58.998393
UO BEER S 2018-06-19T16:56:06.698393
CN LLLB P 2018-10-02T21:21:19.550000
CN LLLB S 2018-10-02T21:21:27.050000
CC TIMB P 2017-09-28T22:34:24.820000
CC TIMB S 2017-09-28T22:34:25.420000
UO VERN S 2019-06-25T21:01:00.940000
UW WAT2 P 2019-02-17T12:20:05.440000
UW WAT2 S 2019-02-17T12:20:06.740000
UW LTY P 2018-02-02T21:20:37.380000
UW LTY S 2018-02-02T21:20:43.780000
UO DRAN S 2018-06-05T17:04:51.428394
UO NATH P 2018-09-11T18:46:16.308393
UO NATH P 2018-09-11T18:46:24.508393
UO NATH S 2018-09-11T18:46:17.108393
UO NATH S 2018-09-11T18:46:22.208393
UO RAIN P 2018-09-20T21:26:30.538393
UO RAIN S 2018-09-20T21:26:37.738393
UO RAIN P 2018-03-06T23:27:34.278394
UO RAIN S 2018-03-06T23:27:37.978394
CC PR05 S 2018-02-05T22:30:12.360000
UW FMW P 2019-06-11T21:40:05.440000
UW FMW S 2019-06-11T21:40:06.140000
UW FMW S 2019-06-11T21:40:11.540000
UW OMAK S 2019-03-22T21:05:27.350000
UW STOR S 2018-05-04T17:20:50.408393
UW STOR S 2018-05-04T17:20:53.208393
CN HOPB S 2018-01-01T21:07:53.700000
UW SHUK P 2017-12-19T02:18:37.540000
UW SHUK S 2017-12-19T02:18:36.740000
UW SHUK S 2017-12-19T02:18:39.040000
CC CPCO S 2019-05-22T18:26:56.120000
CC CPCO S 2019-05-22T18:27:00.620000
UW LTY P 2019-04-11T23:27:19.330000
UW LTY S 2019-04-11T23:27:24.630000
CC STD P 2019-03-26T22:00:25.045000
CC STD S 2019-03-26T22:00:32.345000
CC STD P 2019-06-05T00:09:44.845000
CC STD P 2019-06-05T00:09:46.245000
CC STD S 2019-06-05T00:09:45.245000
CC STD S 2019-06-05T00:09:51.845000
UW OMAK S 2019-04-23T21:12:27.475000
CC JRO P 2018-10-19T20:59:01.250000
CC JRO S 2018-10-19T20:59:04.850000
CC VALT S 2019-05-13T21:49:41.580000
UW BLOW S 2018-06-01T23:26:55.648393
UO RAIN P 2019-01-04T23:33:57.608393
UO RAIN S 2019-01-04T23:34:00.808393
UO DRAN S 2019-05-06T18:35:45.628393
UW TUCA S 2019-06-18T19:55:22.618394
UW SWID P 2018-07-11T19:09:20.100000
UW SWID S 2018-07-11T19:09:26
CC SEP P 2018-05-02T16:05:21.580000
CC SEP S 2018-05-02T16:05:23.480000
CC SEP S 2018-05-02T16:05:29.080000
UW SHUK S 2019-03-29T22:19:12.640000
UW OMAK S 2018-10-23T21:08:52.500001
CN SYMB P 2019-07-17T21:21:55.860000
CN SYMB S 2019-07-17T21:21:56.360000
CN SYMB S 2019-07-17T21:21:58.760000
UW MRBL S 2018-01-31T22:12:21.298393
UW YACT S 2018-06-21T18:51:06.958393
UO DBO S 2018-03-30T23:06:06.490000
UW YACT P 2019-08-02T00:36:22.518394
UW YACT S 2019-08-02T00:36:24.418394
UO DBO P 2018-09-25T19:30:04.169999
UO DBO S 2018-09-25T19:30:11.569999
UW RVW2 S 2019-07-11T17:58:28.710000
UW LCCR P 2018-03-07T20:51:35.028393
UW LCCR S 2018-03-07T20:51:40.828393
UW EARN S 2019-08-27T21:07:22.960000
UW EARN S 2019-08-27T21:07:26.160000
UW GMO P 2018-11-07T00:16:55.290000
UW GMO S 2018-11-07T00:16:54.990000
UW GMO S 2018-11-07T00:16:55.990000
CC PR05 P 2018-12-05T00:08:49.640000
CC PR05 S 2018-12-05T00:08:53.540000
UW MRBL S 2017-10-09T23:06:30.358393
UW LON S 2018-08-03T21:32:11.335000
UW LON S 2018-08-03T21:32:17.235000
UW FISH P 2018-05-04T20:19:30.178393
UW FISH S 2018-05-04T20:19:32.478393
CC OBSR P 2018-12-06T19:44:44.870000
CC OBSR S 2018-12-06T19:44:49.870000
UW HOG S 2019-05-13T19:43:29.800000
UW HOG S 2019-05-13T19:43:33
UO FHAC P 2018-08-09T20:34:03.798393
UO FHAC P 2018-08-09T20:34:05.998393
UO FHAC S 2018-08-09T20:34:10.598393
UO DRAN P 2019-06-26T15:52:41.898393
UO DRAN S 2019-06-26T15:52:46.198393
UW FMW P 2019-02-05T20:26:38.970000
UW FMW S 2019-02-05T20:26:40.170000
UW FMW S 2019-02-05T20:26:43.370000
UO NATH P 2018-07-31T03:01:06.188393
UO NATH S 2018-07-31T03:01:06.488393
UO NATH S 2018-07-31T03:01:12.088393
UO NATH S 2018-07-31T03:01:19.788393
UW BLOW P 2017-12-28T21:22:40.998393
UW BLOW S 2017-12-28T21:22:48.598393
CC JRO P 2018-05-02T16:05:23.335000
CC JRO S 2018-05-02T16:05:29.535000
UO DRAN P 2018-04-13T16:37:36.438393
UO DRAN S 2018-04-13T16:37:36.638393
UO DRAN S 2018-04-13T16:37:40.638393
UO DBO P 2018-09-25T16:05:30.479999
UO DBO S 2018-09-25T16:05:31.779999
UO DBO S 2018-09-25T16:05:37.779999
CC PR05 P 2018-10-12T00:45:59.540000
CC PR05 S 2018-10-12T00:46:05.140000
UW GNW S 2018-04-27T23:27:23.220000
CN VGZ P 2018-10-30T17:59:51.920000
CN VGZ S 2018-10-30T17:59:59.120000
CN PNT P 2018-01-16T20:59:40.170000
CN PNT S 2018-01-16T20:59:38.770000
UW TUCA S 2019-03-28T19:47:12.888393
UW LTY P 2019-07-26T01:41:12.770000
UW LTY S 2019-07-26T01:41:16.470000
UO RSBO S 2019-05-31T17:20:53.540000
UO RSBO S 2019-05-31T17:20:57.840000
UW FHE S 2018-10-31T18:15:29.870663
UW FHE S 2018-10-31T18:15:34.870663
UW LTY S 2019-03-18T20:45:52.830000
UW FMW P 2019-03-15T17:05:32.650000
UW FMW S 2019-03-15T17:05:34.050000
UW FMW S 2019-03-15T17:05:37.250000
CN PGC S 2018-10-30T18:00:02.890000
UW GNW P 2018-10-03T19:44:45.950000
UW GNW S 2018-10-03T19:44:51.750000
UW PRO P 2018-06-29T16:57:27.750000
UW PRO S 2018-06-29T16:57:28.650000
UW PRO S 2018-06-29T16:57:32.650000
UW HEBO S 2019-01-30T19:37:46.180000
UW DOSE P 2019-04-15T18:43:10.890000
UW DOSE S 2019-04-15T18:43:15.490000
UW DDRF S 2018-03-26T01:31:19.828393
UW DDRF S 2018-03-26T01:31:24.228393
UW BLOW P 2017-12-22T21:13:47.258393
UW BLOW S 2017-12-22T21:13:54.358393
UW JEDS S 2018-09-05T16:35:44.309999
UW GNW S 2018-01-02T23:56:23.180000
UW WISH P 2019-03-11T17:14:29.520000
UW WISH S 2019-03-11T17:14:32.720000
UW BLOW S 2018-11-12T21:07:52.398393
BK HUMO P 2018-03-30T23:05:44.228391
BK HUMO S 2018-03-30T23:05:47.428391
UW WOLL P 2018-08-15T20:22:09.898393
CC STD P 2018-07-11T19:56:56.225000
CC STD S 2018-07-11T19:56:59.225000
CC PR05 P 2018-12-03T23:51:18.120000
CC PR05 S 2018-12-03T23:51:19.620000
UW WOLL P 2019-08-09T18:46:43.008393
UW WOLL S 2019-08-09T18:46:44.808393
UW CCRK S 2018-02-02T21:20:51.390000
UW YACT P 2018-05-31T21:31:40.998393
UW YACT S 2018-05-31T21:31:45.998393
CN VGZ P 2019-01-25T01:07:23.120000
CN VGZ S 2019-01-25T01:07:26.620000
UW DOSE P 2019-01-09T22:26:46.815000
UW DOSE S 2019-01-09T22:26:51.415000
UW H2O S 2017-12-18T20:06:19.350000
UO PINE S 2019-07-30T22:48:49.040001
UO DRAN S 2018-08-03T19:43:22.688393
UO RSBO P 2019-07-23T16:57:12.340000
UO RSBO S 2019-07-23T16:57:20.340000
UO RSBO S 2019-07-23T16:57:27.340000
UW BRAN S 2017-10-05T21:08:26.625000
CC PRLK P 2018-09-25T19:30:27.820000
CC PRLK S 2018-09-25T19:30:29.520000
UW SHUK S 2017-12-18T21:59:56
UW LON P 2018-07-25T18:12:21.035000
UW LON S 2018-07-25T18:12:26.435000
UO RSBO P 2018-05-01T22:09:18.280000
UO RSBO S 2018-05-01T22:09:24.780000
CN HOPB P 2019-01-31T22:14:18.950000
UW LON S 2019-03-01T20:43:14.765000
CC SVIC S 2018-01-12T22:15:12.570000
CN HNBB S 2018-02-08T21:05:07.520000
CN HNBB S 2018-02-08T21:05:14.520000
UW TUCA S 2019-01-03T00:09:49.668391
UW TUCA S 2019-01-03T00:09:52.768391
UO LAIR P 2019-07-02T17:35:07.288393
UO LAIR S 2019-07-02T17:35:07.788393
UO LAIR S 2019-07-02T17:35:12.188393
UO DRAN P 2018-07-11T18:21:11.918393
UO DRAN S 2018-07-11T18:21:13.118393
UW JCW P 2018-11-09T23:32:17.430000
UW JCW S 2018-11-09T23:32:19.130000
UO MINN S 2019-01-30T19:37:31.158391
UW LON P 2019-05-11T00:31:33.265000
UW LON S 2019-05-11T00:31:39.265000
UW BLOW P 2018-10-19T22:18:43.898393
UW BLOW S 2018-10-19T22:18:45.298393
UW BLOW S 2018-10-19T22:18:51.298393
CC PALM S 2017-11-07T20:06:46.100000
UW SVOH P 2018-10-30T17:59:46.210000
UW SVOH S 2018-10-30T17:59:49.010000
UW OMAK S 2018-11-06T22:12:46.300000
UW LCCR P 2018-09-27T20:33:16.328393
UW LCCR S 2018-09-27T20:33:09.428393
UW YACT S 2018-10-12T00:46:15.888393
UO DRAN S 2017-12-13T21:07:11.738393
UO DRAN S 2017-12-13T21:07:17.938393
UW MARY S 2019-02-28T02:06:05.630000
UW STOR P 2018-06-22T18:42:17.558393
UW STOR S 2018-06-22T18:42:18.458393
UW STOR S 2018-06-22T18:42:23.158393
CC TMBU S 2018-11-14T00:45:59.860000
CN HNBB S 2018-05-05T02:09:32.580000
UW FHE S 2017-10-20T18:11:23.500007
UO DRAN P 2019-06-24T22:35:08.678393
UO DRAN S 2019-06-24T22:35:09.878393
UO DRAN S 2019-06-24T22:35:12.478393
CC VALT S 2018-11-27T22:14:03.260000
UO NATH S 2018-07-29T14:10:59.528393
UO NATH S 2018-07-29T14:11:06.928393
UO MINN P 2019-06-25T21:00:50.608393
UO MINN P 2019-06-25T21:00:57.608393
UO MINN S 2019-06-25T21:00:50.908393
UO MINN S 2019-06-25T21:00:58.308393
UW RATT S 2019-05-02T21:30:15.020000
UW YPT P 2019-03-14T15:47:49.800000
UW YPT S 2019-03-14T15:47:50.900000
UW YPT S 2019-03-14T15:47:53
UO DRAN P 2019-07-30T18:10:13.298393
UO DRAN S 2019-07-30T18:10:16.198393
CC PR05 P 2019-08-12T17:38:13.640000
CC PR05 S 2019-08-12T17:38:17.840000
UO RSBO P 2018-07-31T03:01:03.700000
UO RSBO S 2018-07-31T03:01:08.100000
UW LNO P 2019-06-27T19:52:51.180000
UW LNO S 2019-06-27T19:52:58.380000
UO BUCK P 2018-09-05T16:35:34.219999
UO BUCK P 2018-09-05T16:35:41.419999
CN PNT S 2018-02-24T20:52:08.700000
UW FHE S 2018-02-03T01:06:16.521120
UW PRO P 2018-06-06T20:13:25.090000
UW PRO S 2018-06-06T20:13:26.390000
UW PRO S 2018-06-06T20:13:32.390000
CN HNBB S 2018-09-04T19:54:53.720000
CC PR05 P 2019-03-18T22:47:55.740000
CC PR05 S 2019-03-18T22:48:00.540000
UW OMAK S 2019-08-17T17:13:35.025000
UW MDW S 2019-06-10T21:29:35.520000
UO PINE S 2018-12-05T22:40:06.960000
CC PR05 P 2018-10-22T18:22:10.980000
CC PR05 S 2018-10-22T18:22:14.580000
UO CAVE S 2018-09-25T18:09:26.208393
UO DBO P 2018-12-07T18:51:10.110000
UW LCCR S 2018-09-28T18:58:23.278393
UW YACT P 2018-05-18T22:43:41.498393
UW YACT S 2018-05-18T22:43:49.498393
UW OMAK P 2019-03-28T19:47:31.300000
UW OMAK S 2019-03-28T19:47:30.200000
CC AWST S 2019-02-04T22:51:02.160000
UW GNW P 2018-09-06T19:08:20.325000
UW GNW S 2018-09-06T19:08:28.425000
UW RATT P 2019-03-15T17:05:33.620000
UW RATT S 2019-03-15T17:05:38.020000
UW YACT P 2017-12-14T19:16:48.328393
UW YACT S 2017-12-14T19:16:50.428393
CC SEP S 2019-02-04T22:50:47.460000
CC SEP S 2019-02-04T22:50:54.160000
CN HOPB S 2018-07-20T19:49:45.780000
CC HIYU P 2018-07-12T22:56:42.720000
CC HIYU S 2018-07-12T22:56:46.920000
UW OMAK S 2019-05-04T21:16:30.075000
UW LEBA P 2017-10-06T21:55:21.128391
UW LEBA S 2017-10-06T21:55:22.828391
UW LEBA S 2017-10-06T21:55:29.028391
UW MOX S 2017-11-04T00:10:50.030000
UW LON S 2019-06-05T00:10:08.180000
CC STD S 2018-08-15T23:51:13.065000
CC STD S 2018-08-15T23:51:19.465000
CC PANH P 2019-02-05T20:26:40.660000
CC PANH S 2019-02-05T20:26:42.360000
CC PANH S 2019-02-05T20:26:46.260000
UW DOSE P 2018-10-03T19:44:44.340000
UW DOSE S 2018-10-03T19:44:49.040000
UW BBO S 2019-05-20T19:25:32.220000
UW BBO S 2019-05-20T19:25:38.520000
UO PINE S 2018-06-27T17:37:27.400000
UO PINE S 2018-06-27T17:37:35.300000
CN VGZ S 2018-05-07T23:01:13.760000
UW GNW S 2018-02-13T23:05:12.580000
CN PNT S 2018-04-04T21:07:50.040000
UW NIKE P 2019-08-13T19:01:39.148393
UW NIKE S 2019-08-13T19:01:43.948393
UW BLOW P 2018-01-05T21:27:56.088393
UW BLOW S 2018-01-05T21:27:56.888393
UW GMO P 2019-01-24T00:16:27.280000
UW GMO S 2019-01-24T00:16:29.880000
UW OMAK S 2018-12-10T23:23:43.300000
UW BLOW P 2017-12-11T23:47:52.268393
UW BLOW S 2017-12-11T23:48:00.168393
UW YACT P 2018-08-15T23:51:06.158393
UW YACT S 2018-08-15T23:51:08.158393
UW DDRF P 2019-06-10T19:35:01.148393
UW DDRF S 2019-06-10T19:35:08.048393
UW LTY P 2018-08-30T00:49:54.180000
UW LTY S 2018-08-30T00:49:57.880000
UW YACT P 2018-03-12T23:48:38.368393
UW YACT S 2018-03-12T23:48:42.768393
UO DRAN S 2019-08-29T02:22:21.278393
UO DRAN S 2019-08-29T02:22:28.678393
UW RCM P 2019-05-13T21:49:32.070000
UW RCM P 2019-05-13T21:49:33.270000
UW RCM S 2019-05-13T21:49:39.070000
CC CIHL P 2019-06-19T17:48:04.700000
CC STD P 2018-08-30T19:28:28.785000
CC STD S 2018-08-30T19:28:29.985000
CC STD S 2018-08-30T19:28:36.185000
UW WOLL S 2018-03-23T20:02:17.078391
UW FMW P 2019-03-01T20:43:05.830000
UW FMW S 2019-03-01T20:43:07.130000
UW FMW S 2019-03-01T20:43:10.030000
UW GMO S 2019-02-20T00:38:43.720000
CN PGC P 2019-07-17T21:21:54.160000
CN PGC S 2019-07-17T21:21:55.760000
UO RSBO S 2018-06-01T17:07:09.800000
CC TCBU S 2018-10-23T00:44:20.060000
CC TCBU S 2018-10-23T00:44:28.260000
UW WOLL S 2019-06-10T21:29:15.448393
UW ALVY P 2018-07-29T14:10:49.570000
UW ALVY S 2018-07-29T14:10:50.870000
UW ALVY S 2018-07-29T14:10:53.770000
UW LCCR P 2019-09-05T22:17:22.898393
UW LCCR S 2019-09-05T22:17:25.298393
UW LCCR S 2019-09-05T22:17:28.898393
CC TMBU S 2018-12-05T00:38:52.580000
UO WLOO P 2019-06-11T21:11:00.978394
UO WLOO S 2019-06-11T21:11:03.378394
CC OBSR S 2018-03-17T21:17:10.585000
CC SHRK P 2019-05-16T20:05:45.290000
CC SHRK S 2019-05-16T20:05:51.690000
UO MARQ P 2018-11-09T00:00:53.290000
UO MARQ S 2018-11-09T00:00:56.290000
UW JCW P 2019-04-02T18:29:38.880000
UW JCW S 2019-04-02T18:29:40.480000
UO RAIN P 2018-06-27T21:11:51.218391
UO RAIN S 2018-06-27T21:11:54.618391
UW GBB S 2018-09-19T00:21:58.080000
CC OBSR S 2018-11-21T21:50:14.050000
CC OBSR S 2018-11-21T21:50:14.750000
CC OBSR S 2018-11-21T21:50:19.750000
UW OMAK S 2018-07-21T21:14:23.725000
UO DRAN S 2018-06-06T20:35:57.148393
UO BEER S 2018-03-12T21:08:03.708393
UW STOR P 2018-04-18T20:45:37.668393
UW STOR S 2018-04-18T20:45:38.168393
UW STOR S 2018-04-18T20:45:42.768393
UW OMAK S 2019-03-10T21:16:16.450000
UW HEBO S 2019-06-19T21:13:38.060000
UW HEBO S 2019-06-19T21:13:43.060000
UO RSBO S 2019-07-30T15:37:04.980000
UO WOOD P 2017-12-20T23:06:35.338393
UO WOOD S 2017-12-20T23:06:42.138393
CC VALT S 2018-03-19T21:24:41.420000
UW TOLT P 2019-03-14T20:40:50.565000
UW TOLT S 2019-03-14T20:40:51.365000
UW TOLT S 2019-03-14T20:40:55.065000
UO RSBO S 2018-10-03T22:06:32.740000
UW SHUK S 2018-10-02T21:22:01.820000
UW MRBL S 2017-12-28T22:06:07.008393
UO WOOD P 2018-06-22T20:34:09.048393
UW BERY P 2018-09-04T22:10:35.413130
UW BERY S 2018-09-04T22:10:36.613130
UW BERY S 2018-09-04T22:10:38.813130
CC HIYU S 2018-05-31T21:32:03.560000
CN PNT S 2017-12-10T22:16:14.690000
UW RATT P 2018-04-24T17:47:44.415000
UW RATT S 2018-04-24T17:47:45.215000
UW RATT S 2018-04-24T17:47:49.615000
UW EPH2 S 2017-10-20T18:11:31.640000
CC STD P 2019-02-04T22:50:45.345000
CC STD S 2019-02-04T22:50:53.045000
UW PRO S 2018-07-20T16:33:53.760000
CC VALT S 2018-05-02T16:05:23.720000
CC VALT S 2018-05-02T16:05:29.320000
UW MDW S 2018-08-17T18:20:57.620000
UW FHE S 2019-05-30T19:38:12.470001
UW H2O P 2019-03-14T15:47:52.200000
UW H2O P 2019-03-14T15:47:58.600000
UW H2O S 2019-03-14T15:47:57.100000
CC VALT P 2017-12-14T19:16:51.860000
CC VALT S 2017-12-14T19:16:57.360000
UW LEBA P 2019-03-13T23:40:05.208391
UW LEBA S 2019-03-13T23:40:05.608391
UW LEBA S 2019-03-13T23:40:12.208391
UO NATH S 2018-10-14T14:31:18.128393
UO NATH S 2018-10-14T14:31:25.128393
UW DOSE S 2017-10-16T18:30:00.615000
UW RCM S 2019-07-19T22:47:11.770000
UW RCM S 2019-07-19T22:47:16.770000
UW LEBA S 2019-03-11T17:14:44.998393
CC PR05 P 2018-07-25T18:12:19.220000
CC PR05 S 2018-07-25T18:12:23.220000
UW OMAK S 2018-08-31T19:43:20.600001
UW FHE S 2018-09-17T23:21:33.411053
UW BLOW S 2019-02-20T00:39:11.468393
UW WOLL S 2019-03-28T19:47:17.208393
CC STD S 2019-08-28T20:17:25.045000
CC STD S 2019-08-28T20:17:26.145000
UW ALVY P 2018-10-14T14:31:07.950000
UW ALVY S 2018-10-14T14:31:09.350000
UW ALVY S 2018-10-14T14:31:12.150000
UO RSBO S 2019-07-10T18:55:45.700000
UO RSBO S 2019-07-10T18:55:53.900000
UW SHUK S 2018-01-31T22:12:20.620000
UW WAT2 S 2019-09-10T17:16:43.450000
CN PNT S 2017-10-05T18:47:50.240000
CN HNBB S 2018-06-30T21:16:56.160000
UW GNW S 2019-04-15T18:43:12.645000
UW GNW S 2019-04-15T18:43:18.145000
UW YACT S 2018-06-15T20:34:46.738394
UW YACT S 2018-06-15T20:34:54.238394
UW JEDS P 2019-07-02T17:35:11.870000
UW JEDS S 2019-07-02T17:35:19.870000
UW MDW S 2018-02-09T20:26:22.200000
CN SYMB S 2019-06-11T20:18:15.010000
UW MOX P 2018-04-06T19:09:47.780000
UW MOX S 2018-04-06T19:09:50.680000
UW PRO S 2017-11-04T00:10:42.110000
CC PR05 P 2018-11-13T19:55:01.680000
CC PR05 S 2018-11-13T19:55:05.580000
UW BERY P 2018-10-25T21:30:57.583130
UW BERY S 2018-10-25T21:31:00.883130
UW RVW2 S 2019-05-15T22:17:27.830000
UW RVW2 S 2019-05-15T22:17:31.830000
UW RADR P 2019-07-18T17:00:34.209999
UW RADR S 2019-07-18T17:00:40.609999
UW H2O S 2018-05-09T16:54:52.440000
UW H2O S 2018-05-09T16:54:53.840000
UW DDRF S 2019-01-15T23:28:37.808393
UW DDRF S 2019-01-15T23:28:41.108393
UW MDW S 2018-10-17T22:15:37.930000
CC CARB P 2019-08-12T17:38:12.040000
UW GNW P 2019-02-20T22:05:27.420000
UW GNW S 2019-02-20T22:05:29.520000
UO LAIR P 2018-06-06T20:35:45.138393
UO LAIR S 2018-06-06T20:35:51.138393
UW LEBA P 2018-02-09T22:13:42.758391
UW LEBA S 2018-02-09T22:13:43.258391
UW LEBA S 2018-02-09T22:13:50.258391
UW LEBA S 2018-02-09T22:13:55.058391
UW EPH2 P 2019-09-05T22:11:57.450000
UW EPH2 S 2019-09-05T22:12:02.050000
UW FMW P 2019-05-11T00:31:35.330000
UW FMW S 2019-05-11T00:31:42.730000
CC PR05 P 2018-06-22T18:42:17.320000
CC PR05 S 2018-06-22T18:42:21.220000
UW LCCR S 2017-11-07T20:06:24.858393
UW LCCR S 2017-11-07T20:06:29.558393
UW WOLL P 2019-06-11T17:09:56.258393
UW WOLL S 2018-06-08T16:07:05.868393
CC JRO P 2019-02-19T15:04:19.510000
UW RATT P 2018-06-27T21:50:06.215000
UW RATT S 2018-06-27T21:50:07.915000
CN PNT S 2018-05-02T21:16:08.560000
UW DOSE S 2018-12-03T23:51:18.565000
UO RAIN S 2018-05-03T16:17:39.428391
CC PR05 P 2019-07-19T22:47:09
CC PR05 S 2019-07-19T22:47:13
CC STD S 2019-02-19T15:04:19.865000
CC STD S 2019-02-19T15:04:27.065000
UW OMAK S 2019-02-26T00:39:15.400001
CN SYMB P 2019-07-26T20:15:46.420000
CN SYMB S 2019-07-26T20:15:49.320000
UW WOLL S 2018-02-22T10:20:56.768393
UO FHAC S 2018-08-24T00:00:40.358393
UW NN21 S 2018-06-07T21:40:55.388000
UW NN21 S 2018-06-07T21:40:59.288000
UO RAIN P 2019-03-21T18:30:58.768393
UO RAIN S 2019-03-21T18:31:01.968393
UW OT3 S 2019-07-23T19:00:44.460000
CN PNT S 2018-04-11T21:15:01.420000
UW LON P 2018-11-28T21:14:54.170000
UW LON S 2018-11-28T21:14:59.470000
UW GHW S 2019-03-05T20:08:35.030000
UW EPH2 S 2018-02-03T01:06:14.300000
UW BERY P 2019-04-02T18:29:40.623131
UW BERY S 2019-04-02T18:29:44.123131
UW GNW P 2018-05-17T20:22:10.870000
UW GNW S 2018-05-17T20:22:16.770000
CC JRO P 2019-06-25T18:08:31.830000
CC JRO S 2019-06-25T18:08:34.730000
UO DRAN P 2017-11-29T17:27:32.778393
UO DRAN S 2017-11-29T17:27:33.678393
UO DRAN S 2017-11-29T17:27:38.278393
UW BLOW P 2018-05-24T17:58:55.098393
UW BLOW S 2018-05-24T17:59:02.698393
UW FHE S 2018-04-20T00:45:33.600495
UW RCM S 2019-03-15T17:05:34.500000
UW RCM S 2019-03-15T17:05:38.600000
CN VGZ S 2018-09-17T22:14:27.330000
CC OBSR S 2019-07-19T22:47:11.460000
CC OBSR S 2019-07-19T22:47:15.360000
CC WIFE S 2018-12-05T22:40:07.680000
UO WLOO S 2018-06-01T23:26:44.368393
UO DRAN S 2018-09-05T16:35:30.518393
UO DRAN S 2018-09-05T16:35:34.818393
UW MRBL S 2017-12-29T22:37:57.778393
CC SHRK S 2019-08-13T20:35:16.890000
CC SHRK S 2019-08-13T20:35:22.690000
UW TOLT P 2018-04-24T21:38:45.410000
UW TOLT S 2018-04-24T21:38:52.110000
UO DRAN S 2019-05-28T21:57:28.608393
UO DRAN S 2019-05-28T21:57:36.308393
UW RVW2 S 2019-01-24T21:07:06.100000
UW RVW2 S 2019-01-24T21:07:09.900000
UW OMAK S 2018-07-21T17:17:13.125000
UO PINE P 2018-12-06T00:25:04.640000
UO PINE S 2018-12-06T00:25:05.840000
UO PINE S 2018-12-06T00:25:12.640000
UW GHW P 2019-07-30T18:37:07.280000
UW GHW S 2019-07-30T18:37:08.980000
UW ALST S 2018-08-30T19:28:27.050000
CC PR04 P 2018-05-18T23:36:56.900000
CC PR04 S 2018-05-18T23:36:53.300000
CC PR04 S 2018-05-18T23:37:00
UO RSBO S 2018-11-16T17:23:32.140000
CN HOPB S 2017-10-05T18:47:40.790000
UO DBO S 2019-06-21T02:40:03.100000
UW YACT P 2017-12-13T01:04:50.518393
UW YACT S 2017-12-13T01:04:54.918393
UW H2O P 2019-04-30T16:04:30.660000
UW H2O S 2019-04-30T16:04:36.160000
UW OMAK S 2019-08-10T21:13:22.475000
UW MDW S 2018-04-20T00:45:42.030000
UW YACT P 2018-05-02T16:05:17.678393
UW YACT S 2018-05-02T16:05:21.378393
UO RSBO S 2019-08-09T19:32:13.260000
UW BLOW S 2018-07-05T18:57:52.338393
UO BUCK P 2019-07-10T18:55:36.540000
UO BUCK S 2019-07-10T18:55:39.240000
UO DRAN P 2019-06-28T16:35:37.868393
UO DRAN S 2019-06-28T16:35:38.668393
UO DRAN S 2019-06-28T16:35:44.768393
UW LCCR S 2018-11-27T21:33:22.418393
UW LCCR S 2018-11-27T21:33:25.118393
UO BUCK S 2019-06-24T22:35:12.910000
UO BUCK S 2019-06-24T22:35:19.310000
UW JCW P 2018-07-20T21:35:21.400000
UW JCW S 2018-07-20T21:35:23.100000
UW OMAK S 2019-05-15T21:08:07.250000
UO RAIN P 2018-05-18T22:43:34.618393
UO RAIN S 2018-05-18T22:43:37.718393
UW HSO S 2019-02-19T19:55:51.020000
UW YPT S 2019-01-03T22:40:18.610000
CC TCBU S 2018-10-10T00:48:50.660000
CC TCBU S 2018-10-10T00:48:58.560000
UW LTY P 2018-08-01T18:05:24.480000
UW LTY S 2018-08-01T18:05:30.980000
UW YACT S 2018-12-14T21:40:48.888393
UW SNI2 P 2018-02-09T20:26:08.840000
UW SNI2 S 2018-02-09T20:26:17.040000
UW CCRK P 2019-03-29T18:30:53.570000
UW CCRK S 2019-03-29T18:30:55.370000
UW CCRK S 2019-03-29T18:31:00.470000
UW GBB S 2018-06-29T16:57:41.300000
UO NATH P 2018-08-22T18:28:08.208393
UO NATH S 2018-08-22T18:28:09.308393
UO NATH S 2018-08-22T18:28:14.708393
UO RSBO S 2019-07-08T21:11:25.060000
CN PNT S 2018-03-07T22:15:30.610000
UW H2O P 2019-02-25T21:40:28.610000
UW H2O S 2019-02-25T21:40:31.210000
UO MINN P 2018-06-18T22:12:12.948393
UO MINN S 2018-06-18T22:12:14.748393
UW EARN S 2019-07-17T22:35:03.430000
UW EARN S 2019-07-17T22:35:06.430000
CN PNT S 2018-02-25T22:11:34.020000
CC STD P 2018-09-20T21:26:29.885000
CC STD S 2018-09-20T21:26:30.885000
CC STD S 2018-09-20T21:26:35.385000
UW IZEE S 2018-07-25T00:03:51.788391
UO MARQ S 2018-09-24T22:02:01.030000
CC HIYU S 2017-09-28T00:35:08.700000
UW BERY P 2019-08-19T23:13:39.539998
UW BERY S 2019-08-19T23:13:41.039998
UW BERY S 2019-08-19T23:13:42.939998
UW STOR S 2018-07-25T18:12:20.458393
UW STOR S 2018-07-25T18:12:24.958393
UW SHUK S 2017-10-15T19:48:47.240000
UO DBO P 2018-09-25T18:09:04.590000
UO DBO S 2018-09-25T18:09:09.590000
UW OMAK S 2018-05-28T17:14:10.600000
UW DDRF S 2019-02-25T21:40:33.118393
UW DDRF S 2019-02-25T21:40:39.318393
UW MDW S 2018-07-17T21:07:31.530000
UW MDW S 2018-07-17T21:07:39.530000
UW H2O P 2018-02-09T20:26:05.840000
UW H2O S 2018-02-09T20:26:10.940000
UO MINN P 2019-04-29T22:12:41.838393
UO MINN S 2019-04-29T22:12:42.438393
UO MINN S 2019-04-29T22:12:48.238393
UW OMAK S 2018-09-07T21:16:17.750000
UW OMAK S 2018-09-07T21:16:21.050000
UW YPT S 2019-04-30T18:12:41.360000
UW YPT S 2019-04-30T18:12:47.160000
UO BUCK S 2018-08-22T18:28:06.409998
UO BUCK S 2018-08-22T18:28:12.109998
UO NATH P 2017-12-13T21:07:08.948393
UO NATH S 2017-12-13T21:07:09.848393
UO NATH S 2017-12-13T21:07:14.548393
UW YACT P 2017-12-22T00:24:16.548394
UW YACT S 2017-12-22T00:24:21.048394
UW MRBL S 2017-10-21T21:17:19.758393
UW MRBL S 2017-10-21T21:17:22.958393
CC JRO P 2018-01-30T23:02:26.735000
CC JRO S 2018-01-30T23:02:31.635000
UW PHIN S 2019-04-30T18:12:40.758393
UW PHIN S 2019-04-30T18:12:42.158393
UW PHIN S 2019-04-30T18:12:46.358393
UO MINN S 2018-08-24T00:06:19.158393
UW OT3 P 2018-10-31T18:15:27.720000
UW RCM S 2019-06-14T19:35:18.660000
UW RCM S 2019-06-14T19:35:25.660000
UW DAVN S 2019-07-02T11:22:58.475000
UW DAVN S 2019-07-02T11:23:04.075000
UO DBO P 2018-04-24T16:44:45.090000
UO DBO S 2018-04-24T16:44:49.290000
UW WOLL S 2018-10-31T18:15:32.508393
UW WOLL S 2018-10-31T18:15:38.608393
UO MARQ P 2019-05-08T20:14:14.730000
UO MARQ S 2019-05-08T20:14:19.430000
UW RAW P 2019-03-15T17:05:32.735000
UW RAW S 2019-03-15T17:05:36.735000
UW BLOW P 2019-03-15T19:38:57.258393
UW BLOW S 2019-03-15T19:39:04.758393
UO NATH S 2017-12-10T15:52:57.268393
UO NATH S 2017-12-10T15:53:04.768393
UO MINN S 2019-09-05T22:17:27.488394
UO MINN S 2019-09-05T22:17:35.188394
UO BUCK P 2018-07-29T14:10:50.329999
UO BUCK P 2018-07-29T14:10:52.129999
UW LEBA S 2018-04-03T01:09:35.178393
UO DRAN P 2018-03-20T19:12:53.548393
UO DRAN S 2018-03-20T19:12:59.248393
CC VALT P 2019-03-15T22:03:05.560000
CC VALT S 2019-03-15T22:03:12.060000
UW STAR S 2019-08-12T17:38:15.370000
UO DRAN P 2018-05-07T20:26:50.308393
UO DRAN S 2018-05-07T20:26:50.908393
UO DRAN S 2018-05-07T20:26:54.808393
UW YPT P 2018-02-09T20:26:03.490000
UW YPT S 2018-02-09T20:26:06.990000
UO RAIN P 2018-02-05T23:23:11.398393
UO RAIN S 2018-02-05T23:23:14.298393
UW OMAK P 2018-10-02T21:08:55.975000
UW OMAK S 2018-10-02T21:08:57.675000
UO FHAC P 2019-07-16T00:37:18.188393
UO FHAC S 2019-07-16T00:37:21.988393
UO FHAC S 2019-06-19T17:48:18.718393
UW DDRF S 2018-02-13T20:43:12.388393
UW DDRF S 2018-02-13T20:43:18.388393
UW LON S 2018-07-02T19:27:18.450000
UW SNI2 P 2019-08-10T04:36:38.560000
UW SNI2 S 2019-08-10T04:36:45.360000
UW TUCA S 2018-02-22T10:20:43.598393
UW STOR P 2018-06-28T18:48:54.858393
UW STOR P 2018-06-28T18:48:59.758393
CC PR05 P 2018-11-21T21:50:12.960000
CC PR05 S 2018-11-21T21:50:16.760000
UW LON P 2018-02-28T01:02:09.765000
UW LON S 2018-02-28T01:02:15.065000
UW WOLL S 2018-08-31T19:43:30.358393
CC STD S 2017-11-07T20:06:59.625000
UO BUCK P 2018-05-03T22:08:15.085000
UO BUCK S 2018-05-03T22:08:22.385000
CN HOPB S 2018-09-04T19:54:43.530000
UW DOSE S 2018-10-30T18:00:07.065000
UO CAVE S 2019-04-25T17:05:21.108393
UO CAVE S 2019-04-25T17:05:25.308393
UW GBB S 2018-07-20T19:11:59.690000
UW WAT2 P 2019-01-11T04:47:05.350000
UW WAT2 S 2019-01-11T04:47:07.550000
UW SHUK S 2018-01-04T20:52:05.660000
UW UMAT P 2018-08-17T18:20:26.888393
UW UMAT S 2018-08-17T18:20:33.488393
UW MOX P 2018-09-19T00:21:37.700000
UW MOX S 2018-09-19T00:21:43.100000
CN HOPB P 2019-02-14T20:53:56.270000
UW LON P 2019-08-12T17:38:15.860000
UW LON S 2019-08-12T17:38:21.260000
CC JRO P 2019-09-04T17:13:49.350000
CC JRO S 2019-09-04T17:13:52.450000
UW DDRF S 2018-05-09T16:54:46.688393
UW COLT S 2018-11-09T00:00:53.270000
UW RAW P 2019-03-01T20:43:05.215000
UW RAW S 2019-03-01T20:43:09.515000
UW OMAK S 2019-03-26T17:15:48.125000
UO FHAC P 2018-12-05T00:38:33.338393
UO FHAC S 2018-12-05T00:38:38.938393
UW OMAK S 2018-02-19T00:03:44.100000
UW LEBA S 2018-08-31T22:25:09.008391
UW WAT2 S 2019-07-09T21:14:30.330000
UO WOOD S 2019-05-02T21:12:07.218394
UO WOOD S 2019-05-02T21:12:14.118394
UO RAIN P 2019-08-30T22:49:42.538391
UO RAIN S 2019-08-30T22:49:46.838391
CC STD P 2019-09-04T17:13:49.305000
CC STD S 2019-09-04T17:13:52.505000
UO MARQ P 2019-02-07T21:08:53.560000
UW MRBL P 2017-12-21T22:14:56.778393
UW RCM P 2019-03-18T22:47:58.280000
UW SHUK S 2018-01-16T20:59:38
UW SHUK S 2018-01-16T20:59:45.600000
UO RSBO P 2018-09-28T20:18:56.080000
UO RSBO S 2018-09-28T20:18:56.680000
UO RSBO S 2018-09-28T20:19:01.080000
UW OMAK S 2019-06-25T17:11:27.700000
UW WOLL S 2018-05-18T23:54:19.218393
UW MOX S 2018-08-17T18:21:03.800000
CN HOPB S 2018-09-19T23:54:05.790000
UW STOR S 2019-02-05T20:26:36.698393
UW STOR S 2019-02-05T20:26:39.098393
UW LNO S 2018-02-09T20:26:23.870000
CC NORM S 2018-05-05T02:03:47.080000
CC CLBH S 2017-12-20T23:06:49.825000
UO WLOO P 2018-09-04T20:20:35.078393
UO WLOO S 2018-09-04T20:20:36.378393
UO WLOO S 2018-09-04T20:20:42.878393
UO RAIN S 2019-05-24T21:58:47.858391
UW BERY P 2018-11-09T23:32:19.193130
UW BERY S 2018-11-09T23:32:22.493130
UW HOOD S 2019-02-07T21:09:13.380000
CC STD S 2019-01-18T19:35:58.625000
UO RSBO S 2018-08-22T18:28:11.180000
UW GNW S 2019-08-19T23:14:02.280001
CC STD S 2018-05-18T21:29:10.805000
CC STD S 2018-05-18T21:29:18.305000
CC STD S 2017-12-13T00:50:43.325000
CC STD S 2017-12-13T00:50:51.325000
UW OMAK S 2018-06-16T21:18:08.899998
UW MRIN S 2017-11-07T20:06:27.070000
UW MRIN S 2017-11-07T20:06:28.270000
CC SWF2 P 2019-09-04T17:13:49.795000
CC SWF2 S 2019-09-04T17:13:51.595000
CC SWF2 P 2018-05-01T16:56:34.390000
CC SWF2 S 2018-05-01T16:56:35.390000
CC SWF2 S 2018-05-01T16:56:38.190000
UW YACT P 2018-05-07T23:34:59.638393
UW YACT S 2018-05-07T23:35:02.038393
UW EYES S 2018-06-18T22:12:12.620000
CC SWNB P 2018-07-09T19:23:03.020000
CC SWNB S 2018-07-09T19:23:04.320000
CC SWNB S 2018-07-09T19:23:09.020000
CC TMBU S 2018-11-08T00:14:17.940000
UO MINN P 2019-06-19T21:13:38.108393
UO MINN S 2019-06-19T21:13:38.808393
UO MINN S 2019-06-19T21:13:43.508393
UW OMAK S 2018-05-05T19:13:45.825000
UW OMAK S 2018-05-05T19:13:48.825000
UW OMAK S 2019-09-07T17:12:38.600000
UW GBB S 2018-02-03T01:06:22.120000
UW BERY P 2019-05-17T16:37:31.903130
UW YACT P 2018-08-02T23:39:56.898393
UW YACT S 2018-08-02T23:39:58.998393
UW STW S 2018-10-30T18:00:07.850000
UW WOLL S 2018-02-03T01:06:01.518391
UW WOLL S 2018-02-03T01:06:05.018391
CC PR05 P 2018-08-03T21:32:10.020000
CC PR05 S 2018-08-03T21:32:15.320000
UO BEER P 2018-05-03T22:08:12.618393
UO BEER S 2018-05-03T22:08:19.018393
CC SWF2 P 2017-12-14T19:16:51.440000
CC SWF2 S 2017-12-14T19:16:52.340000
UW LON P 2018-01-29T22:14:57.105000
UW LON S 2018-01-29T22:15:02.305000
UW FHE S 2018-02-02T21:20:52.330015
UO NATH S 2019-03-10T14:56:04.398393
UO NATH S 2019-03-10T14:56:12.198393
CC SWF2 P 2018-05-02T16:05:22.410000
CC SWF2 S 2018-05-02T16:05:22.810000
CC SWF2 S 2018-05-02T16:05:28.010000
UW MBPA S 2018-04-04T23:19:10.665000
UO WOOD S 2018-04-04T20:05:31.158393
UO WOOD S 2018-04-04T20:05:37.258393
UW RATT P 2018-06-28T18:49:04.640000
UW RATT S 2018-06-28T18:49:05.640000
UW RATT S 2018-06-28T18:49:10.040000
UW GNW S 2019-04-22T21:29:57.320000
CC STD P 2018-09-27T20:46:52.625000
CC STD S 2018-09-27T20:46:52.825000
CC STD S 2018-09-27T20:46:56.825000
CC TCBU S 2018-06-27T17:37:32.820000
UW LNO S 2019-03-21T21:27:58.720000
UO PINE S 2018-08-24T00:00:42.700000
UW BBO P 2019-07-30T15:36:49.669998
UW BBO S 2019-07-30T15:36:57.169998
UW MRBL S 2017-12-10T22:16:29.698393
UW MRBL S 2017-12-10T22:16:33.398393
UW STOR P 2018-04-19T21:26:16.888393
UW STOR S 2018-04-19T21:26:19.888393
UW UMAT S 2019-06-28T20:29:57.518393
CC AWST S 2018-12-28T00:14:13.920000
CC PR05 S 2019-07-15T21:52:55.560000
CC PR05 S 2019-07-15T21:52:59.960000
UW DAVN P 2018-06-18T19:35:11
UW DAVN S 2018-06-18T19:35:18
UW RCM P 2019-03-01T20:43:07.310000
UW RCM S 2019-03-01T20:43:12.510000
UO NATH S 2018-06-19T18:28:20.338393
UO NATH S 2018-06-19T18:28:24.538393
UW OMAK S 2019-08-28T21:10:10.200000
UW MBPA S 2017-12-12T22:34:09.285000
UO RSBO P 2017-12-26T20:39:33.120000
UO RSBO S 2017-12-26T20:39:41.220000
UW LON P 2019-02-05T20:26:47.535000
CC STD S 2018-05-01T16:56:34.085000
CC STD S 2018-05-01T16:56:36.985000
UO MARQ S 2018-10-30T21:41:08.520000
UW UWFH P 2018-10-30T17:59:49.160000
UW UWFH S 2018-10-30T17:59:54.060000
UW GNW S 2018-12-03T23:51:14.675000
CN LLLB S 2019-04-15T21:09:26.250000
UW PHIN P 2018-12-19T23:35:38.628393
UW PHIN S 2018-12-19T23:35:44.928393
UW NN19 S 2019-05-22T18:26:57.300000
UW BRAN S 2018-03-23T20:02:36.375000
CC STD S 2019-03-15T22:03:06.005000
CC STD S 2019-03-15T22:03:12.105000
UO DRAN S 2018-06-25T15:22:17.778393
UW GNW S 2018-10-30T18:00:10.775000
UW CCRK P 2018-02-09T18:54:56.200000
UW CCRK S 2018-02-09T18:54:58
UW CCRK S 2018-02-09T18:55:02
UO RSBO S 2018-09-19T23:02:48.760000
UW BERY P 2018-12-19T00:17:51.783130
UW BERY S 2018-12-19T00:17:55.183130
UW WOLL S 2018-03-30T20:47:20.098393
UW DOSE P 2018-05-17T20:22:09.365000
UW DOSE S 2018-05-17T20:22:13.965000
UO DRAN S 2018-05-03T22:08:28.718393
UW LTY P 2018-09-26T22:35:11.530000
UW LTY S 2018-09-26T22:35:12.230000
UW GNW S 2018-09-28T21:30:31
CN PNT P 2018-01-23T22:15:38.660000
CN PNT S 2018-01-23T22:15:46.660000
UW OMAK S 2019-01-23T22:18:55.425000
CN HOPB S 2018-10-02T21:21:46.110000
CC HIYU S 2018-05-24T17:59:05.480000
CC ASBU P 2018-10-30T01:02:39.280000
CC ASBU S 2018-10-30T01:02:41.180000
CN GOBB S 2018-05-30T17:10:03.170000
CC SEP P 2017-10-03T22:22:40.180000
CC SEP S 2017-10-03T22:22:40.680000
CN PGC S 2019-07-26T20:15:46.190000
UW YACT S 2018-11-20T19:36:04.848393
UW OMAK S 2018-08-11T20:56:42.650000
CC PRLK P 2018-07-11T18:33:42.600000
CC PRLK S 2018-07-11T18:33:48.500000
CC JRO P 2018-03-19T21:24:34.335000
CC JRO S 2018-03-19T21:24:35.135000
CC JRO S 2018-03-19T21:24:39.535000
UW OMAK S 2019-05-07T21:13:36.800000
UW YACT P 2018-10-31T23:14:11.978393
UW YPT S 2018-07-26T21:08:41.530000
UW YPT S 2018-07-26T21:08:45.630000
UO DBO P 2019-07-30T18:10:19.320000
UO DBO S 2019-07-30T18:10:27.120000
UW MBPA S 2018-09-04T22:10:39.010000
UW LON P 2018-10-12T00:45:58.380000
UW LON S 2018-10-12T00:46:02.880000
UO DRAN S 2018-07-03T18:45:00.748393
UO DRAN S 2018-07-03T18:45:03.148393
CN VGZ P 2019-06-11T19:21:17.100000
CN VGZ S 2019-06-11T19:21:19.300000
UW YACT P 2018-12-28T00:13:56.418393
UW YACT S 2018-12-28T00:14:00.318393
UW BLOW S 2019-04-18T17:00:43.698393
UW OMAK S 2018-12-14T22:18:13
CC WIZ S 2019-04-16T21:04:52.900000
CC WIZ S 2019-02-22T18:08:23.760000
CN PNT P 2018-04-23T17:57:28.770000
CN PNT S 2018-04-23T17:57:28.070000
UW BERY P 2018-09-28T21:30:08.163131
UW BERY S 2018-09-28T21:30:09.563131
UW BERY S 2018-09-28T21:30:11.663131
CC PRLK P 2018-11-12T20:50:31.440000
CC PRLK S 2018-11-12T20:50:33.540000
CC PRLK S 2018-11-12T20:50:38.340000
CN PNT S 2018-01-01T21:08:02.140000
CN PNT S 2017-10-07T21:16:09.230000
CN PNT S 2017-10-07T21:16:15.930000
UW EPH2 S 2018-04-20T00:45:31.630000
UW PHIN P 2018-11-27T22:43:53.658393
UW PHIN S 2018-11-27T22:43:54.258393
UW PHIN S 2018-11-27T22:43:59.558393
UW MJ2 S 2018-10-31T18:15:29.130000
UW MJ2 S 2018-10-31T18:15:32.830000
UO RAIN P 2019-04-15T20:14:56.968393
UO RAIN S 2019-04-15T20:15:01.068393
UW GNW P 2019-04-21T11:44:33.545000
UW GNW S 2019-04-21T11:44:37.445000
UO FHAC S 2017-10-18T00:31:24.678393
CC WIZ S 2019-07-30T15:37:03.320000
UW OMAK S 2018-08-04T20:45:06.675000
UW SHUK S 2018-07-20T19:50:00.540000
UO BUCK P 2018-06-01T23:26:37.235000
UO BUCK S 2018-06-01T23:26:37.835000
UO BUCK S 2018-06-01T23:26:45.135000
UW COLT S 2019-02-07T21:08:52.790000
UW BLOW S 2018-06-01T23:33:00.128393
CN HOPB S 2018-05-05T02:09:14.540000
UW LNO P 2018-05-09T16:54:42.530000
UW LNO S 2018-05-09T16:54:36.630000
UW GBB S 2019-03-29T18:30:55.710000
UW GBB S 2019-03-29T18:30:59.810000
UW WOLL S 2018-05-09T16:54:53.318393
UO DRAN P 2019-09-03T16:42:47.498393
UO DRAN S 2019-09-03T16:42:48.798393
UW OMAK S 2019-03-25T21:13:21.050000
UO DRAN P 2017-12-13T18:49:18.758393
UO DRAN S 2017-12-13T18:49:19.358393
UO DRAN S 2017-12-13T18:49:24.158393
UW LON P 2019-07-30T18:37:11.760000
UW GBB S 2019-07-03T18:38:37.520000
UW OMAK S 2018-01-09T22:17:14.275000
UW OMAK S 2019-08-23T21:14:39.200001
UO MINN P 2018-10-30T21:40:54.298393
UO MINN S 2018-10-30T21:40:55.198393
UO MINN S 2018-10-30T21:41:00.298393
UW FISH S 2019-08-30T22:49:50.228393
UW FISH S 2019-08-30T22:49:58.128393
UO BUCK S 2019-09-03T16:43:07.830000
UW YACT P 2018-07-16T17:58:59.398393
CC STD S 2019-03-06T23:37:10.565000
CC STD S 2019-03-06T23:37:16.565000
UW BLOW P 2019-05-31T21:14:43.148393
UW BLOW S 2019-05-31T21:14:50.548393
UW BEND P 2019-03-14T14:00:22.890000
UW BEND S 2019-03-14T14:00:24.490000
CN PNT S 2018-02-27T22:12:46.850000
UO NATH P 2017-12-26T20:39:30.868393
UO NATH S 2017-12-26T20:39:31.568393
UO NATH S 2017-12-26T20:39:36.268393
UW DDRF P 2018-03-26T07:35:47.168393
UW DDRF S 2018-03-26T07:35:46.268393
CN PNT S 2018-02-21T22:15:58.240000
UW GNW S 2019-02-01T22:32:12.090000
UW OMAK S 2019-03-13T21:30:24.325000
UW OMAK S 2019-06-26T17:13:33.625000
UW STOR S 2018-03-21T17:12:52.568393
UW STOR S 2018-03-21T17:12:56.768393
CC PANH P 2019-07-15T21:52:56.140000
CC PANH S 2019-07-15T21:53:02.340000
UO RAIN P 2019-08-20T01:35:37.738391
UO RAIN S 2019-08-20T01:35:41.138391
CC PR05 P 2019-07-01T21:33:29.980000
CC PR05 S 2019-07-01T21:33:34.180000
UW DAVN S 2011-12-04T20:05:58.750000
CN HOPB S 2018-05-10T19:47:56.740000
UW RATT S 2018-04-30T23:37:04.915000
UW TOLT P 2018-05-16T23:05:22.785000
UW TOLT S 2018-05-16T23:05:28.885000
CC NORM P 2018-08-30T23:38:41.440000
CC NORM S 2018-08-30T23:38:44.140000
UW BLOW S 2019-08-28T19:52:48.078394
CN PNT P 2018-01-09T22:16:49.300000
CN PNT S 2018-01-09T22:16:53.300000
CN HNBB S 2018-05-27T21:15:59.600000
CN HNBB S 2018-05-27T21:16:02.400000
CC PRLK S 2018-08-24T00:00:54.560000
UW LRIV S 2018-05-17T20:22:23.780000
UW TUCA S 2018-02-03T01:06:01.668393
UW TUCA S 2018-02-03T01:06:06.668393
UW OMAK S 2019-07-16T21:14:15.675000
UW UMAT S 2018-05-09T16:54:58.688393
UW HGBL S 2019-03-14T15:48:04.830000
UW FMW P 2019-07-26T22:05:17.310000
UW FMW S 2019-07-26T22:05:18.310000
UW FMW S 2019-07-26T22:05:21.810000
UW FMW P 2019-08-27T18:04:17.660000
UW FMW S 2019-08-27T18:04:19.660000
UW LCCR S 2018-06-01T17:06:50.638391
UW LCCR S 2018-06-01T17:06:55.938391
UW OMAK S 2018-06-05T21:19:21.750000
UO RAIN P 2018-10-29T21:16:09.658391
UO RAIN S 2018-10-29T21:16:13.258391
UW FMW P 2019-03-11T20:06:12.390000
UW FMW S 2019-03-11T20:06:13.590000
UW FMW S 2019-03-11T20:06:16.690000
UW H2O P 2019-03-29T18:30:49.940000
UW H2O S 2019-03-29T18:30:52.840000
UW SHUK P 2018-08-22T22:11:16.180000
UW SHUK S 2018-08-22T22:11:17.580000
UW TUCA P 2018-05-09T16:54:24.038393
UW TUCA S 2018-05-09T16:54:28.338393
UW RATT S 2018-07-12T21:46:28.390000
UW BLOW P 2019-06-26T19:43:46.328394
UW BLOW S 2019-06-26T19:43:47.628394
UW BLOW S 2019-06-26T19:43:53.728394
UW LTY P 2019-07-02T23:27:52.700000
UW LTY S 2019-07-02T23:27:56.300000
UW STAR P 2018-01-29T22:15:01.710005
UW STAR S 2018-01-29T22:14:56.710005
CC WIFE P 2018-06-15T22:07:26.900000
CN HOPB P 2018-04-11T21:14:53.080000
UW FISH S 2018-08-24T00:06:18.668393
CC WIFE P 2018-05-05T02:03:43.780000
UW NN19 S 2018-03-14T23:45:10.240000
CC TIMB S 2018-10-17T21:51:43.540000
UW YPT S 2018-10-11T21:48:35.350000
UW YPT S 2018-10-11T21:48:40.450000
UW TOLT S 2018-02-08T21:05:47.035000
UO FHAC P 2018-12-05T22:39:50.128393
UO FHAC S 2018-12-05T22:39:55.428393
UW LON S 2018-04-19T21:26:22.655000
UW LON S 2018-04-19T21:26:28.255000
UO RAIN P 2018-01-18T19:15:08.188393
UO RAIN S 2018-01-18T19:15:10.988393
CN VGZ P 2017-12-10T00:12:43.760000
CN VGZ S 2017-12-10T00:12:46.260000
CC SWNB P 2018-06-07T21:40:51.920000
CC SWNB S 2018-06-07T21:40:56.620000
UW OMAK S 2019-05-27T17:15:07.250000
UO RSBO P 2018-07-11T18:33:40.720000
UO RSBO S 2018-07-11T18:33:45.320000
UW DAVN S 2018-05-18T23:54:02.050000
UW DAVN S 2018-05-18T23:54:09.350000
UO BUCK P 2018-10-14T14:31:08.710000
UO BUCK S 2018-10-14T14:31:11.010000
UW EPH2 S 2018-05-18T23:54:29.010000
UW BERY S 2018-08-28T17:10:42.543131
UW MRBL S 2018-01-04T20:52:12.568393
UW MRBL S 2018-01-04T20:52:16.468393
CC PR05 P 2019-03-05T20:08:37.540000
CC PR05 S 2019-03-05T20:08:41.340000
UW OMAK P 2018-09-22T17:27:38.100000
UW OMAK S 2018-09-22T17:27:39.700000
UW NN21 P 2018-07-09T19:23:01.748000
UW NN21 S 2018-07-09T19:23:03.648000
CN VGZ P 2018-10-11T21:43:28.280000
UW MRBL P 2017-12-24T22:17:10.798393
UW MRBL S 2017-12-24T22:17:11.498393
UW MRBL S 2017-12-24T22:17:15.098393
UW OMAK S 2019-08-04T21:10:45.550000
UO RAIN P 2019-01-07T21:01:22.068393
UO RAIN S 2019-01-07T21:01:21.168393
UO RAIN S 2019-01-07T21:01:22.968393
UO RAIN S 2019-01-07T21:01:25.468393
UW YACT P 2018-04-05T22:40:07.408393
UW OMAK S 2019-06-09T21:10:08.375000
UW YACT P 2018-05-18T21:29:04.968393
UW YACT S 2018-05-18T21:29:10.168393
UW LCW2 S 2019-01-08T21:42:00.200000
UW DDRF S 2017-10-20T18:11:10.408393
CC SUG S 2018-06-29T21:28:37.560000
CC SUG S 2018-06-29T21:28:43.560000
UW H2O P 2018-07-20T19:11:43.730000
UW H2O S 2018-07-20T19:11:50.730000
UW BLOW P 2019-01-29T19:21:37.688393
UW BLOW S 2019-01-29T19:21:38.488393
UW BLOW S 2019-01-29T19:21:41.388393
CN WSLR S 2018-09-19T23:54:08.810000
UO BEER S 2018-06-11T23:18:19.818393
UW OMAK P 2019-01-04T22:13:17.075000
UW OMAK S 2019-01-04T22:13:16.075000
UW GMO P 2018-10-10T00:48:41.400000
UW GMO S 2018-10-10T00:48:44.300000
CC SHRK S 2017-10-05T23:26:41.310000
UW DDRF S 2018-06-29T16:57:29.488394
UW DDRF S 2018-06-29T16:57:35.888394
UO ROGE S 2019-06-21T02:40:00.138393
UW TKEY P 2019-05-31T17:25:27.850000
UW TKEY S 2019-05-31T17:25:33.750000
UW PGO S 2017-10-05T23:26:24.490000
UW PGO S 2017-10-05T23:26:29.190000
CN HOPB S 2018-11-12T21:51:19.390000
UW DOSE P 2018-07-11T19:09:19.590000
UW DOSE S 2018-07-11T19:09:24.190000
UW TOLT S 2019-03-08T00:01:48.715000
UW TOLT S 2019-03-08T00:01:54.815000
UO WOOD P 2019-04-16T21:04:38.158393
UO VERN P 2019-01-14T18:56:57.200000
UO VERN S 2019-01-14T18:56:59.200000
UW OMAK S 2019-08-08T17:15:14.700000
UW MDW S 2019-04-18T03:35:15.900000
UW BABR S 2019-06-19T21:13:41.560001
UW BABR S 2019-06-19T21:13:49.460001
UW JCW P 2019-03-08T00:01:42.470000
UW JCW S 2019-03-08T00:01:44.370000
CC PR05 P 2019-06-04T20:27:20.120000
CC PR05 S 2019-06-04T20:27:24.220000
UW OMAK S 2018-02-02T23:32:16.800000
UW BERY P 2019-08-05T18:32:47.350003
UW BERY S 2019-08-05T18:32:50.750003
CN HOPB S 2018-10-14T22:08:48.220000
UW BABR P 2018-11-09T22:39:15.580000
UW BABR S 2018-11-09T22:39:16.280000
UW BABR S 2018-11-09T22:39:23.980000
UW TUCA S 2017-11-15T00:36:19.598393
CC SWF2 P 2018-08-15T23:51:11.830000
CC SWF2 S 2018-08-15T23:51:13.030000
CC SWF2 S 2018-08-15T23:51:18.130000
CC WIFE S 2018-11-22T00:04:31
UO BUCK P 2017-10-01T14:20:23.160000
UO BUCK S 2017-10-01T14:20:23.760000
UO BUCK S 2017-10-01T14:20:25.460000
CN WSLR S 2019-02-14T20:53:58.430000
UO FHAC P 2019-04-05T21:23:51.618391
UO FHAC S 2019-04-05T21:23:57.318391
UW PHIN S 2019-02-08T21:31:38.988393
CC NORM S 2018-10-21T20:23:23.020000
UW FHE S 2018-03-23T20:02:29.200294
UW JCW S 2019-06-20T19:15:57.060000
UO WLOO P 2018-10-19T22:18:39.298393
UO WLOO S 2018-10-19T22:18:43.698393
UW TUCA S 2018-06-05T00:09:34.488393
UW OMAK S 2019-02-17T12:19:41.425000
UW OMAK S 2019-02-17T12:19:44.625000
UW DDRF S 2018-07-26T21:08:44.608393
UW DDRF S 2018-07-26T21:08:50.108393
UW GNW P 2018-09-20T23:08:17.725000
UW GNW S 2018-09-20T23:08:23.425000
UO DRAN P 2019-06-14T19:53:42.108393
UO DRAN S 2019-06-14T19:53:49.508393
UW FHE S 2018-02-22T10:21:09.200008
UW DAVN P 2018-08-31T19:42:55.950000
UW DAVN S 2018-08-31T19:42:57.850000
UW DAVN S 2018-08-31T19:43:03.350000
UO DRAN S 2019-07-02T17:35:21.328393
UO NATH S 2017-11-29T17:27:44.968393
UW LTY P 2018-03-14T20:01:09.530000
UW LTY S 2018-03-14T20:01:14.730000
CC PANH P 2019-01-15T23:13:34.040000
CC PANH S 2019-01-15T23:13:35.840000
CC PANH S 2019-01-15T23:13:39.740000
UW SHUK S 2018-01-04T23:08:21.720000
UW YACT P 2018-06-25T23:13:08.428393
UW OMAK S 2019-04-15T21:09:18
UW WAT2 S 2019-03-25T21:13:34.860000
UW OMAK S 2018-09-30T15:25:48.925000
UW OMAK S 2018-09-30T15:25:52.125000
UO RAIN P 2018-05-04T20:19:27.028393
UW H2O S 2018-10-11T21:48:49.170000
UW LON P 2019-03-18T22:47:57.385000
UW LON S 2019-03-18T22:48:03.685000
UW OMAK S 2018-09-26T21:12:01.750001
UW OMAK S 2019-06-06T17:15:23.525000
CC CARB P 2019-08-27T18:04:14.660000
CC CARB S 2019-08-27T18:04:17.360000
UW WOLL S 2017-10-20T18:11:16.638393
UO BUCK S 2019-07-09T21:07:03.529999
UW NN19 P 2019-06-19T17:48:06.640000
CC STD S 2018-05-31T21:31:53.905000
UW SOUA P 2018-11-01T22:25:17.790000
UW SOUA S 2018-11-01T22:25:19.990000
CN HOPB S 2018-10-15T19:57:08.260000
UW YACT P 2018-05-24T14:30:29.488394
UW YACT S 2018-05-24T14:30:32.188394
UW OMAK S 2019-08-31T21:17:16.800001
UO BEER P 2018-06-05T17:04:42.088393
UO BEER S 2018-06-05T17:04:42.788393
UO BEER S 2018-06-05T17:04:47.488393
UO RSBO S 2018-11-08T00:14:26.620000
UW MRBL S 2017-10-19T21:14:33.118391
UW MRBL S 2017-10-19T21:14:37.018391
UW YACT P 2019-06-06T20:35:04.618393
UW YACT S 2019-06-06T20:35:08.218393
UW H2O P 2019-07-03T18:38:23.390000
UW H2O S 2019-07-03T18:38:29.190000
CC CRBU S 2018-10-21T20:23:37.300000
UO RAIN S 2019-01-18T19:35:49.738393
UO RAIN S 2019-01-18T19:35:54.238393
CC PR05 P 2018-05-18T23:36:58.120000
CC PR05 S 2018-05-18T23:37:02.020000
UW DDRF S 2019-03-14T15:47:53.658393
UW DDRF S 2019-03-14T15:47:59.658393
UW DAVN S 2019-06-21T19:16:13.700001
UW DOSE P 2019-02-28T02:05:49.165000
UW DOSE S 2019-02-28T02:05:51.965000
UW UMAT S 2018-07-25T00:03:28.798393
CC SR41 S 2018-04-19T21:26:21.720000
CC SR41 S 2018-04-19T21:26:26.920000
UW PHIN S 2017-11-04T00:10:32.048394
UW WOLL S 2019-02-06T17:51:29.528393
UW PHIN S 2018-06-06T20:13:26.798394
UW PHIN S 2018-06-06T20:13:34.098394
UW OMAK S 2011-12-04T20:06:03.200000
UW SHUK S 2018-05-16T23:05:40.760000
CC STD S 2018-06-19T18:52:45.525000
CN WSLR S 2018-09-04T19:54:47.730000
UW WOLL S 2018-09-17T23:21:20.868391
UW LON P 2018-11-21T21:50:14.710000
UW LON S 2018-11-21T21:50:19.710000
UW ALVY P 2018-08-22T18:28:03.030000
UW ALVY S 2018-08-22T18:28:03.530000
UW ALVY S 2018-08-22T18:28:04.330000
UO BUCK P 2018-12-07T21:11:36.470000
UO BUCK S 2018-12-07T21:11:37.070000
UW LON S 2018-05-09T21:12:21.655000
CN PNT P 2018-04-06T21:06:18.520000
CN PNT S 2018-04-06T21:06:26.520000
UO FHAC P 2018-10-18T00:45:59.098393
UO FHAC S 2018-10-18T00:46:04.198393
UW MDW P 2018-10-31T18:15:32.460000
UW MDW S 2018-10-31T18:15:39.660000
UW SNI2 P 2018-05-08T22:03:39.390000
UW SNI2 S 2018-05-08T22:03:41.290000
UW SNI2 S 2018-05-08T22:03:44.990000
UW DDRF S 2018-03-01T22:08:38.358393
UW DDRF S 2018-03-01T22:08:44.458393
UW TOLT P 2018-03-13T22:24:48.135000
UW TOLT S 2018-03-13T22:24:49.135000
UW TOLT S 2018-03-13T22:24:55.235000
CC PR05 P 2019-03-11T20:06:14.100000
CC PR05 S 2019-03-11T20:06:19.500000
CN PNT S 2018-02-06T22:25:26.110000
CC STD P 2017-10-23T21:34:20.285000
CC STD S 2017-10-23T21:34:23.085000
UO JESE S 2018-04-17T00:46:56.628394
UW YACT S 2018-05-03T16:17:38.538393
UW YACT S 2018-05-03T16:17:44.538393
UW OMAK S 2019-02-13T22:55:36.275000
UO RSBO S 2019-07-17T16:10:25.980000
UO DBO P 2019-07-30T15:36:47.500000
UO DBO S 2019-07-30T15:36:54.300000
UW RATT P 2019-03-11T20:06:12.670000
UW RATT S 2019-03-11T20:06:13.570000
UW RATT S 2019-03-11T20:06:17.770000
CC STD S 2018-03-07T01:48:07.425000
CC STD S 2018-03-07T01:48:14.625000
UW SHUK P 2018-04-17T18:38:46.800000
UW SHUK S 2018-04-17T18:38:47.800000
UW YACT P 2018-11-28T00:10:08.528393
UW YACT S 2018-11-28T00:10:09.128393
UW YACT S 2018-11-28T00:10:13.128393
UW SNI2 P 2019-03-29T18:30:51.080000
UW SNI2 P 2019-03-29T18:30:55.680000
UW SNI2 S 2019-03-29T18:30:53.880000
UW FHE S 2018-09-30T15:26:33.071325
CC PR01 S 2018-05-18T23:36:58.960000
UW STOR P 2018-06-27T21:50:02.218393
UW STOR S 2018-06-27T21:50:03.718393
UW OMAK S 2018-09-12T21:15:12.875000
UW PHIN S 2019-08-10T04:36:33.848393
UW PHIN S 2019-08-10T04:36:36.948393
UW PHIN S 2019-08-10T04:36:37.748393
UW DAVN S 2018-09-06T22:28:09.675001
CN SYMB P 2019-06-11T19:21:18.520000
CN SYMB S 2019-06-11T19:21:22.420000
UW TOLT P 2018-01-02T23:56:04.635000
UW TOLT S 2018-01-02T23:56:11.335000
CC SHRK P 2018-10-23T17:43:12.470000
CC SHRK S 2018-10-23T17:43:18.070000
UO WLOO S 2018-09-11T18:46:36.078393
CN SNB P 2019-01-12T22:39:25.890000
CN SNB S 2019-01-12T22:39:31.190000
UW OMAK S 2019-02-21T22:23:00.325000
UW GNW P 2018-07-11T19:09:21.195000
UW GNW S 2018-07-11T19:09:26.795000
UO RSBO S 2018-07-10T17:56:23.620000
UW LTY S 2019-04-24T20:32:38.430000
CN VGZ S 2019-01-12T22:39:27.350000
UW YACT P 2018-03-29T21:10:20.088393
UW YACT S 2018-03-29T21:10:25.688393
CN PGC S 2019-06-11T20:18:16.760000
CN HOPB S 2017-10-15T19:48:32.390000
UW SHUK S 2019-08-05T18:33:09.520000
UW WOLL S 2019-03-21T18:13:00.328393
UW LEBA P 2019-03-11T21:06:42.078393
UW LEBA S 2019-03-11T21:06:42.778393
UW LEBA S 2019-03-11T21:06:49.478393
UW WAT2 S 2019-05-01T17:37:54.510000
UW WOLL S 2011-12-04T20:06:25.450000
UW YACT P 2018-11-27T22:13:55.098393
UW YACT S 2018-11-27T22:13:57.598393
UW H2O P 2018-06-29T16:57:27.060000
UW H2O S 2018-06-29T16:57:31.860000
UW BLOW P 2019-07-17T16:10:10.568393
UW BLOW S 2019-07-17T16:10:15.768393
CC TCBU S 2018-12-05T00:38:46.440000
UO DRAN P 2018-02-07T01:07:15.768393
UO DRAN S 2018-02-07T01:07:22.568393
CC PANH S 2019-07-17T18:48:13.800000
CC PANH S 2019-07-17T18:48:20
UW WOLL S 2018-08-01T20:49:52.598393
UW WOLL S 2018-08-01T20:49:54.198393
UW YPT S 2018-02-22T10:21:06.260000
UW OMAK S 2019-01-24T18:49:27.700000
UO SISQ S 2019-02-22T18:08:13.200000
UO SISQ S 2019-02-22T18:08:20.800000
CC STD S 2018-02-05T22:30:00.225000
CC STD S 2018-02-05T22:30:05.325000
UW MRBL S 2017-10-15T21:08:33.698393
UW LON P 2019-04-03T21:14:43.740000
UW LON S 2019-04-03T21:14:49.140000
UW LEBA P 2019-07-29T21:09:42.228391
UW LEBA S 2019-07-29T21:09:49.728391
UO RSBO S 2018-07-29T14:11:07.380000
UO MINN S 2018-07-30T21:45:13.278393
UO MINN S 2018-07-30T21:45:20.078393
UW MRBL S 2018-01-04T23:08:29.048393
CN VGZ P 2018-09-12T23:19:10.850000
CN VGZ S 2018-09-12T23:19:13.650000
CC PR05 P 2018-04-18T20:45:36.740000
CC PR05 S 2018-04-18T20:45:40.640000
UO BUCK P 2019-04-05T21:18:21.349999
UO BUCK S 2019-04-05T21:18:26.049999
CC STD P 2019-08-02T18:59:12.485000
CC STD S 2019-08-02T18:59:13.385000
CC STD S 2019-08-02T18:59:19.885000
UO MARQ S 2018-11-12T20:50:47.690000
UW LEBA P 2019-08-02T21:10:23.848393
UW LEBA S 2019-08-02T21:10:24.948393
UW LEBA S 2019-08-02T21:10:31.748393
UO RAIN P 2018-11-29T22:36:11.698393
UO RAIN S 2018-11-29T22:36:14.698393
UW TREE S 2018-04-18T15:06:49.628393
UW OMAK S 2018-06-21T17:18:45.575000
UO FHAC P 2019-01-31T00:54:51.708391
UO FHAC S 2019-01-31T00:54:56.708391
UW BABR P 2018-09-21T22:13:06.400000
UW BABR S 2018-09-21T22:13:11.700000
UO DBO P 2018-04-18T22:32:59.140000
UO DBO S 2018-04-18T22:33:00.340000
UO DBO S 2018-04-18T22:33:03.540000
CN PGC S 2019-01-12T22:39:22.790000
CC STD P 2019-05-17T22:51:07.185000
CC STD S 2019-05-17T22:51:10.185000
CN SYMB P 2019-08-29T22:57:19.530000
CN SYMB S 2019-08-29T22:57:22.330000
UO BUCK P 2018-04-08T14:12:03.160000
UO BUCK P 2018-04-08T14:12:04.960000
UO BUCK S 2018-04-08T14:12:03.860000
UW OMAK S 2019-04-19T21:12:10.150000
CC STD S 2019-05-13T21:49:40.345000
UW DOSE P 2019-01-02T20:01:58.990000
UW DOSE S 2019-01-02T20:01:59.890000
UW DOSE S 2019-01-02T20:02:04.290000
CN VGZ P 2018-03-12T22:13:05.200000
CN VGZ S 2018-03-12T22:13:07.600000
CC PR02 P 2018-12-05T00:08:47.440000
CC PR02 S 2018-12-05T00:08:49.940000
CN WSLR S 2019-01-14T21:00:58.890000
UW FMW P 2019-07-30T18:37:12.620000
UW FMW S 2019-07-30T18:37:13.220000
UW FMW S 2019-07-30T18:37:18.320000
UO RSBO P 2018-07-04T17:43:58.280000
UO RSBO S 2018-07-04T17:44:02.180000
CC PRLK P 2018-07-31T03:01:07.340000
CC PRLK S 2018-07-31T03:01:14.440000
UW BRAN S 2018-04-26T18:32:19.150000
UW WOLL S 2018-04-26T18:32:00.388393
UW CCRK S 2018-07-20T19:11:59.650000
UW BLOW P 2019-09-05T22:17:27.458394
UW BLOW S 2019-09-05T22:17:28.758394
UW BLOW S 2019-09-05T22:17:35.258394
UW RATT S 2017-12-14T20:28:18.340000
UW SQM S 2019-02-28T02:05:54.400000
UW SQM S 2019-02-28T02:05:59.700000
UO WLOO P 2019-07-23T16:57:05.048393
UO WLOO S 2019-07-23T16:57:07.648393
UW LTY S 2018-08-17T20:54:31.655000
UW LTY S 2018-08-17T20:54:35.155000
UW LTY S 2018-04-30T23:36:52.255000
UW LTY S 2018-04-30T23:36:59.555000
UW PERL S 2019-06-25T21:00:52.250000
UW OMAK S 2018-11-13T22:12:32.575000
UW WAT2 S 2019-03-15T17:06:11.960000
UW DAVN S 2019-02-17T12:20:04.850000
UW SHUK S 2019-08-01T21:14:06.080000
UW GNW P 2019-02-28T02:05:52.395000
UW GNW S 2019-02-28T02:05:57.395000
CC VALT P 2019-03-26T21:38:14.640000
CC VALT S 2019-03-26T21:38:21.440000
UW FHE S 2018-03-26T01:31:33.710017
UW DOSE P 2018-03-12T21:36:22.665000
UW DOSE S 2018-03-12T21:36:27.365000
UO MINN S 2018-09-06T19:05:08.098394
UO MINN S 2018-09-06T19:05:08.698394
UW YACT S 2018-10-18T21:54:38.938393
UW YACT S 2018-10-18T21:54:42.638393
CC SWF2 S 2018-02-26T08:21:12.490000
UO NATH S 2018-04-08T14:12:12.158393
UO NATH S 2018-04-08T14:12:20.058393
UW EGRN P 2019-05-31T17:25:24.020000
UW EGRN S 2019-05-31T17:25:26.620000
UW NIKE P 2019-08-10T04:36:36.678393
UW NIKE S 2019-08-10T04:36:37.678393
UW NIKE S 2019-08-10T04:36:43.778393
UW HEBO S 2019-06-25T21:01:06.810000
UW OMAK S 2018-09-02T21:06:02.799998
CC PRLK S 2018-07-18T18:33:14.960000
UW LON P 2019-05-13T21:49:31.340000
UW LON S 2019-05-13T21:49:31.740000
UW LON S 2019-05-13T21:49:36.040000
CC PR04 P 2018-07-24T21:46:19.320000
CC PR04 S 2018-07-24T21:46:23.620000
UW DAVN S 2018-03-30T20:47:10.775000
UW NN19 S 2018-10-21T20:23:21.740000
UW NN19 S 2018-10-21T20:23:28.840000
UW BLOW P 2018-09-13T17:10:58.648394
UW BLOW S 2018-09-13T17:11:06.048394
UW TREE P 2018-01-12T22:14:38.538394
UW TREE S 2018-01-12T22:14:45.038394
UW DAVN S 2019-06-11T17:09:30.575000
UW OMAK S 2018-06-28T17:28:21.725000
UW RATT P 2018-06-28T18:29:21.190000
UW RATT S 2018-06-28T18:29:25.890000
UO TOOM S 2018-07-09T19:23:20.138393
CC TMBU S 2019-05-22T18:27:01.800000
UW LNO P 2018-07-18T19:05:45.270000
UW OMAK S 2019-03-05T22:15:10.500000
UW H2O S 2018-04-06T18:56:27.400000
UO RSBO S 2019-06-28T16:35:56.440000
UW FMW P 2019-03-05T20:08:39.930000
UW FMW S 2019-03-05T20:08:40.530000
UW FMW S 2019-03-05T20:08:45.630000
CC CPCO S 2019-06-19T17:48:07.880000
CC CPCO S 2019-06-19T17:48:08.980000
CC AWST S 2019-06-06T20:35:22.580000
UW LCCR P 2018-03-29T19:21:07.118393
UW LCCR S 2018-03-29T19:21:09.918393
UW IZEE S 2018-08-27T19:57:07.428393
UW IZEE S 2018-08-27T19:57:14.928393
UW RVW2 S 2019-01-18T19:35:49.060000
CC WIZ S 2018-12-07T16:00:48.020000
UW LON P 2019-03-05T20:08:39.565000
UW LON S 2019-03-05T20:08:44.565000
CC STD P 2018-05-24T14:30:33.685000
CC STD S 2018-05-24T14:30:34.085000
CC STD S 2018-05-24T14:30:39.785000
UW SQM P 2018-10-30T17:59:52.500000
UW SQM S 2018-10-30T18:00:00.100000
UO NATH S 2018-07-11T18:21:33.228393
UW DDRF S 2018-10-31T18:15:31.128393
UW DDRF S 2018-10-31T18:15:37.128393
UW STAR P 2018-04-12T18:09:24.620153
UW STAR P 2018-04-12T18:09:25.620153
UW STAR S 2018-04-12T18:09:23.620153
UW STAR S 2018-04-12T18:09:25.220153
UW STAR S 2018-04-12T18:09:26.620153
CN PNT S 2018-04-24T21:20:10.370000
UO FHAC P 2019-03-14T23:45:19.558393
UO FHAC S 2019-03-14T23:45:25.258393
UW STOR S 2019-05-20T20:28:25.768393
UW STOR S 2019-05-20T20:28:30.068393
UW GBB S 2018-07-17T21:07:37.800000
UW SHUK S 2018-05-17T17:32:22.920000
UW SHUK S 2018-05-17T17:32:27.620000
CN PNT S 2018-03-30T21:22:37.330000
UW YPT S 2018-06-06T20:13:22.310000
UW YPT S 2018-06-06T20:13:27.210000
CC PR02 P 2019-06-04T20:27:17.920000
CC PR02 S 2019-06-04T20:27:20.620000
UW RCM P 2019-03-05T20:08:39.870000
UW RCM S 2019-03-05T20:08:45.370000
UW LRIV S 2017-10-16T19:32:29.790000
UO NATH S 2018-09-28T19:00:19.178393
UW YACT S 2018-09-18T23:44:26.518393
CN SNB P 2019-03-09T01:34:15.540000
CN SNB S 2019-03-09T01:34:21.640000
UW MRBL S 2017-12-31T22:07:03.688393
UW OT3 S 2019-02-01T00:03:12.940000
CC TIMB P 2018-11-12T22:24:35.480000
CC TIMB S 2018-11-12T22:24:36.780000
UW OMAK S 2019-06-28T17:09:36.425000
CN PNT S 2018-03-27T21:16:29.900000
UW MBPA S 2018-01-02T23:56:00.865000
UW MBPA S 2018-01-02T23:56:03.965000
UO BUCK P 2019-03-20T19:31:46.620000
UO BUCK S 2019-03-20T19:31:49.320000
UO DRAN S 2018-06-19T16:56:04.308393
UO DRAN S 2018-06-19T16:56:11.008393
CN PNT P 2017-10-21T21:16:57.120000
CN PNT S 2017-10-21T21:17:05.120000
CC PALM S 2019-03-15T19:39:08.700000
CC STD S 2019-02-07T00:32:21.765000
CC STD S 2019-02-07T00:32:28.565000
UW RCM S 2019-02-05T20:26:45.990000
UW JCW P 2019-08-05T18:32:45.620000
UW JCW S 2019-08-05T18:32:47.620000
CN HNBB P 2018-05-15T19:49:37.530000
CN HNBB S 2018-05-15T19:49:40.530000
CC SVIC P 2018-06-07T21:40:54.700000
CC SVIC S 2018-06-07T21:40:59.100000
UO BEER P 2019-05-31T17:20:27.118393
UO BEER S 2019-05-31T17:20:32.518393
UO BUCK P 2019-03-10T14:55:55.530000
UO BUCK S 2019-03-10T14:55:56.430000
UW BLOW P 2019-06-11T21:11:08.298393
UW BLOW S 2019-06-11T21:11:15.498393
UW LCCR P 2019-05-23T19:08:46.998393
UW LCCR S 2019-05-23T19:08:49.398393
UW LEBA S 2018-09-05T19:14:40.218391
UO BEER S 2019-09-03T16:43:08.728393
UO WLOO P 2019-05-08T20:14:14.988393
UO WLOO S 2019-05-08T20:14:20.488393
CC ASBU P 2018-07-09T19:23:00.225000
CC ASBU S 2018-07-09T19:23:02.525000
CC PALM S 2019-05-02T22:02:42.460000
CC SR41 S 2018-04-24T17:47:46.700000
CC SR41 S 2018-04-24T17:47:51.900000
UW BERY P 2019-02-01T22:31:49.293130
UW BERY S 2019-02-01T22:31:50.693130
UW BERY S 2019-02-01T22:31:52.693130
UO DRAN S 2017-12-26T20:39:36.568393
UW YACT P 2019-01-04T23:34:01.188393
UW YACT S 2019-01-04T23:34:06.288393
UW LEBA P 2017-10-02T22:09:17.348391
UW LEBA S 2017-10-02T22:09:25.448391
UO RSBO P 2017-12-22T19:22:19.420000
UO RSBO S 2017-12-22T19:22:27.120000
UW GNW S 2018-04-04T23:19:29.845000
UW LUMI S 2018-06-12T18:13:12.160001
UW OMAK S 2019-07-03T17:20:18.375000
UO ROGE S 2018-03-30T23:06:03.818391
UW RATT P 2018-07-31T18:25:20.940000
UW RATT S 2018-07-31T18:25:25.940000
CN PNT S 2018-04-03T21:14:44.270000
UW SNI2 S 2018-10-11T21:48:52.280000
UW OMAK S 2019-04-02T21:16:15.850000
UW BLOW S 2019-08-09T19:32:13.148393
UW YACT P 2018-10-19T23:30:07.258393
UW YACT S 2018-10-19T23:30:12.558393
BK HUMO P 2018-09-25T18:09:03.128393
BK HUMO S 2018-09-25T18:09:07.328393
CN PNT S 2018-01-14T22:13:13.220000
UW LTY P 2018-10-17T18:30:11.255000
UW LTY S 2018-10-17T18:30:17.455000
UW GMO S 2018-10-23T00:44:11.260000
CC PR05 P 2018-01-29T22:14:55.220000
CC PR05 S 2018-01-29T22:14:59.220000
UO RAIN P 2019-06-06T18:25:16.088391
UO RAIN S 2019-06-06T18:25:19.588391
UW MRBL S 2018-01-21T22:16:21.798393
UW JEDS S 2019-06-24T22:35:27.080000
UW ALST P 2019-05-24T21:58:44.140000
UW ALST S 2019-05-24T21:58:47.140000
UW GNW P 2017-10-16T19:32:16.830000
UW GNW S 2017-10-16T19:32:22.530000
CC STD S 2018-07-06T22:30:18.165000
CC STD S 2018-07-06T22:30:22.965000
UW WOLL P 2018-03-26T01:31:22.668393
UW WOLL S 2018-03-26T01:31:23.468393
UW WOLL S 2018-03-26T01:31:28.468393
UO WLOO S 2018-11-09T22:39:17.568393
UO WLOO S 2018-11-09T22:39:23.468393
CC PR05 P 2019-06-11T21:40:02.020000
CC PR05 S 2019-06-11T21:40:05.820000
UW OMAK S 2018-11-11T22:16:15.875000
UW OMAK S 2018-11-11T22:16:16.975000
UO MINN S 2018-08-16T17:10:40.778393
UO MINN S 2018-08-16T17:10:43.878393
UW EPH2 S 2019-05-30T19:38:17.380000
UW FMW P 2018-10-22T18:22:12.890000
UW FMW S 2018-10-22T18:22:18.890000
UW WOLL S 2019-01-03T00:09:50.648393
UO NATH S 2017-12-22T19:22:31.688393
UW DOSE P 2017-10-16T19:32:15.215000
UW DOSE S 2017-10-16T19:32:19.915000
UW BLOW P 2019-07-09T21:06:59.318391
UW BLOW S 2019-07-09T21:07:01.618391
UW BLOW S 2019-07-09T21:07:06.718391
CC PANH P 2019-07-19T22:47:12.240000
CC PANH S 2019-07-19T22:47:18.640000
CC HIYU S 2018-06-01T17:07:09.260000
UW GNW S 2018-05-16T23:05:41.395000
UW BERY P 2019-03-08T00:01:44.183130
UW BERY S 2019-03-08T00:01:47.683130
UW GNW P 2018-03-12T21:36:24.345000
UW GNW S 2018-03-12T21:36:30.045000
UW OMAK S 2018-08-08T21:18:39.625000
UO NATH P 2018-09-25T19:30:05.028393
UO NATH S 2018-09-25T19:30:12.328393
CC OBSR P 2018-02-28T01:02:08.745000
CC OBSR S 2018-02-28T01:02:13.045000
UW BERY P 2019-06-20T19:15:58.070000
UW BERY S 2019-06-20T19:16:00.570000
UW BLOW P 2019-05-08T20:14:15.998394
UW BLOW S 2019-05-08T20:14:21.998394
UW DDRF P 2019-02-06T22:20:15.568393
UW DDRF S 2019-02-06T22:20:16.668393
UW DDRF S 2019-02-06T22:20:22.168393
UO DRAN P 2019-04-18T21:30:38.888393
UO DRAN S 2019-04-18T21:30:45.588393
UO FHAC P 2019-02-20T00:38:45.318391
UO FHAC S 2019-02-20T00:38:50.118391
CN HNBB S 2018-12-02T22:22:59.560000
UW YACT P 2018-10-15T23:37:27.418393
UW YACT S 2018-10-15T23:37:32.118393
CC AWST S 2018-11-21T21:50:34.700000
UW MANO P 2018-09-19T00:21:39.500000
UW MANO S 2018-09-19T00:21:46
CC PR05 P 2019-06-14T19:35:17.900000
CC PR05 S 2019-06-14T19:35:21.600000
UW CCRK S 2018-02-09T20:26:15.090000
UW CCRK S 2018-02-09T20:26:22.290000
UW DOSE P 2018-09-20T23:08:14.340000
UW DOSE S 2018-09-20T23:08:17.740000
UW CCRK S 2018-04-20T00:45:44.330000
UW BRAN S 2019-03-28T19:47:23
CN SHB S 2018-02-08T21:05:39.150000
UW YPT S 2017-10-18T20:21:14.280000
UW YPT S 2017-10-18T20:21:19.480000
UO NATH P 2018-09-25T16:05:31.118394
UO NATH S 2018-09-25T16:05:38.318394
CC STD S 2019-03-26T21:38:15.205000
CC STD S 2019-03-26T21:38:21.605000
CC PR04 S 2018-02-05T22:30:13.700000
CC TIMB S 2018-11-27T21:33:25.200000
UO MINN S 2018-06-01T17:07:06.038393
UO RSBO P 2018-01-05T21:27:54.040000
UO RSBO S 2018-01-05T21:27:58.840000
UW LTY P 2018-08-10T17:53:21.030000
UW LTY S 2018-08-10T17:53:26.530000
CC SHRK P 2018-07-12T18:00:50.350000
CC SHRK S 2018-07-12T18:00:50.650000
CC SHRK S 2018-07-12T18:00:56.150000
UO RSBO S 2018-09-04T20:20:59.640000
UW BLOW S 2018-09-11T18:46:43.508393
UW GNW P 2017-10-16T18:29:52.305000
UO WOOD P 2018-12-08T00:25:27.378393
UO WOOD S 2018-12-08T00:25:34.178393
UO MARQ S 2019-06-19T21:13:54.660000
CC PR05 P 2018-11-28T21:14:52.320000
CC PR05 S 2018-11-28T21:14:56.320000
UW HWIW P 2018-06-29T16:57:27.330000
UW HWIW S 2018-06-29T16:57:32.330000
UO DBO P 2018-03-20T18:05:24.315000
UO DBO S 2018-03-20T18:05:28.315000
UW H2O S 2018-07-20T16:33:56.340000
UW NN19 P 2018-06-07T21:40:54.150000
UW GMO P 2018-03-06T19:42:59.050000
UW GMO S 2018-03-06T19:43:00.950000
UW GMO S 2018-03-06T19:43:02.450000
UO RAIN P 2019-05-15T22:17:20.708393
UO RAIN P 2019-05-15T22:17:25.608393
UO RAIN S 2019-05-15T22:17:28.608393
UW OMAK S 2019-06-18T21:26:49.925000
UW LRIV S 2018-10-03T19:44:58.940000
CC SUG P 2018-05-02T16:05:23.340000
CC SUG S 2018-05-02T16:05:29.840000
UW H2O P 2019-04-30T18:12:42.510000
UW H2O S 2019-04-30T18:12:49.610000
UW WOLL P 2017-10-05T21:08:07.968393
UW WOLL S 2017-10-05T21:08:07.268393
UO NATH S 2017-12-13T18:49:24.888393
UW YACT P 2018-05-23T23:17:17.978393
UW YACT S 2018-05-23T23:17:22.478393
UW GNW S 2018-05-31T15:53:25.470000
CN HOPB S 2019-08-04T21:10:22.590000
UW BLOW P 2019-01-08T19:19:27.538393
UW BLOW P 2019-01-08T19:19:34.738393
UW BLOW S 2019-01-08T19:19:35.438393
CC PR05 P 2018-02-28T01:02:07.820000
CC PR05 S 2018-02-28T01:02:11.820000
UO WOOD P 2018-06-29T15:12:47.648393
UO WOOD S 2018-06-29T15:12:49.248393
UO WLOO P 2018-11-16T17:23:13.068394
UO WLOO S 2018-11-16T17:23:15.368394
UW LON P 2018-11-13T19:55:03.260000
UW LON S 2018-11-13T19:55:03.760000
UW LON S 2018-11-13T19:55:08.960000
UW WAT2 S 2019-06-21T21:20:59.070000
UW MRBL P 2018-01-02T23:56:06.968393
UW MRBL S 2018-01-02T23:56:14.968393
UW DAVN S 2019-07-01T18:23:20.325000
UW DAVN S 2019-07-01T18:23:28.125000
UW STAR P 2019-07-19T22:47:15.220000
UW STAR S 2019-07-19T22:47:10.620000
UW WAT2 S 2019-05-13T19:07:11.890000
UO DRAN P 2018-07-24T17:18:44.948393
UO DRAN S 2018-07-24T17:18:45.848393
UO DRAN S 2018-07-24T17:18:50.548393
UO VERN P 2019-08-30T22:49:48.460000
UO VERN S 2019-08-30T22:49:49.360000
UO VERN S 2019-08-30T22:49:55.660000
UW EPH2 S 2018-03-23T20:02:27.280000
UO DRAN S 2019-05-31T17:20:29.708393
UO DRAN S 2019-05-31T17:20:36.408393
UW LRIV S 2018-07-11T19:09:34.055000
UO BUCK P 2018-07-31T03:01:04.180001
UO BUCK S 2018-07-31T03:01:04.780001
UO BUCK S 2018-07-31T03:01:09.280001
UW YACT P 2018-10-22T23:05:42.838393
UW YACT S 2018-10-22T23:05:46.938393
CC SWNB S 2018-05-05T02:03:46.080000
UO RAIN S 2018-06-19T18:52:32.628391
UO RAIN S 2018-06-19T18:52:35.428391
CC STD P 2018-12-28T00:13:58.705000
CC STD S 2018-12-28T00:13:59.605000
CC STD S 2018-12-28T00:14:04.905000
UW EPH2 S 2019-06-10T21:29:26.100000
UW PGO S 2018-05-23T23:17:17.750000
UW PGO S 2018-05-23T23:17:18.050000
UW PGO S 2018-05-23T23:17:22.750000
UW SQM P 2018-05-17T20:22:11.040000
UO WOOD S 2018-04-18T22:33:22.838393
UO RAIN P 2018-04-04T22:25:22.808393
UO RAIN S 2018-04-04T22:25:25.608393
UW RATT S 2017-10-07T17:00:50.440000
CC KWBU P 2018-08-30T23:38:41.180000
UO MARQ P 2018-09-27T20:33:04.570000
UO MARQ S 2018-09-27T20:33:09.970000
UW OMAK P 2018-06-12T21:15:43.375000
UW OMAK S 2018-06-12T21:15:41.075000
BK HUMO P 2018-11-01T22:25:25.608393
BK HUMO S 2018-11-01T22:25:33.008393
UW WAT2 P 2019-05-29T19:01:33.260000
UW WAT2 S 2019-05-29T19:01:34.960000
CC OBSR P 2018-07-02T19:27:12.050000
CC OBSR S 2018-07-02T19:27:12.550000
UW YACT P 2018-08-09T17:08:50.478393
UW YACT S 2018-08-09T17:08:50.678393
UW YACT S 2018-08-09T17:08:52.878393
CN HOPB S 2019-01-14T21:00:51.850000
UW LON P 2019-03-11T20:06:20.965000
UW LON S 2019-03-11T20:06:15.265000
UW LTY S 2018-10-17T22:15:39.580000
CC STD P 2018-05-02T16:05:22.765000
CC STD S 2018-05-02T16:05:28.665000
UO RAIN S 2018-03-07T01:48:01.508391
UO RAIN S 2018-03-07T01:48:04.508391
UW OMAK S 2018-11-04T22:16:19.675000
UW EYES S 2019-06-25T21:00:48.470000
UO RAIN P 2019-06-18T23:50:05.258391
UO RAIN S 2019-06-18T23:50:08.758391
UW HOPR S 2019-08-19T23:13:58.650000
UW BERY P 2019-06-03T21:31:56.640001
UW BERY S 2019-06-03T21:32:00.140001
UO OTLW P 2019-07-16T00:37:19.160000
UO OTLW S 2019-07-16T00:37:20.460000
CN SYMB P 2019-01-12T22:39:22.890000
CN SYMB S 2019-01-12T22:39:25.690000
UO MINN S 2017-11-07T20:06:28.458393
UO MINN S 2017-11-07T20:06:36.058393
UW SHUK S 2018-09-12T21:15:05.740000
UW GNW S 2018-06-01T21:30:27.345000
UO WLOO P 2017-11-07T20:06:28.538393
UO WLOO S 2017-11-07T20:06:29.938393
UO WLOO S 2017-11-07T20:06:36.538393
UO ROGE S 2018-12-07T16:00:48.148393
UW OT3 S 2018-03-23T20:02:28.380000
UW SNI2 S 2019-03-14T15:47:55.700000
UW SNI2 S 2019-03-14T15:48:02.700000
UW SNI2 S 2018-04-20T00:45:42.120000
UO FHAC P 2019-01-04T00:20:22.378391
UO FHAC S 2019-01-04T00:20:26.978391
UO DBO S 2019-09-03T16:43:05.450000
UW WA2 P 2019-04-18T03:35:09.390000
UW WA2 S 2019-04-18T03:35:10.490000
UW LON P 2018-06-28T18:49:07.450000
UW LON S 2018-06-28T18:49:13.450000
UW DDRF P 2019-02-01T00:03:11.258393
UW DDRF S 2019-02-01T00:03:15.658393
UW TREE P 2018-05-16T00:09:51.778393
UW TREE S 2018-05-16T00:09:56.178393
UW RATT S 2018-01-04T21:44:13.015000
UW RATT S 2018-01-04T21:44:17.515000
CC KWBU P 2018-06-07T21:40:54.760000
UW LNO S 2018-09-06T22:28:14.430000
UW EPH2 S 2019-02-06T17:51:45.680000
UW EPH2 S 2019-02-06T17:51:48.380000
UO RAIN P 2019-01-04T22:14:26.598391
UO RAIN S 2019-01-04T22:14:22.098391
UO RAIN S 2019-01-04T22:14:29.698391
UW PRO P 2019-08-10T04:36:33.470000
UW PRO S 2019-08-10T04:36:33.670000
UW PRO S 2019-08-10T04:36:36.470000
UW DAVN S 2018-04-20T00:45:04.800000
UW DAVN S 2018-04-20T00:45:11.500000
CC SHRK S 2018-10-15T17:38:01.970000
CC WIFE P 2018-08-30T23:38:46.860000
CC SVIC S 2018-08-30T23:38:42.880000
CC SVIC S 2018-08-30T23:38:47.780000
CC STD P 2019-05-20T23:55:10.225000
CC STD S 2019-05-20T23:55:10.725000
CC STD S 2019-05-20T23:55:17.325000
CC STD S 2018-04-18T20:33:04.105000
CC STD S 2018-04-18T20:33:08.805000
UO BEER S 2019-08-09T19:32:15.138393
CC STD P 2018-03-19T21:24:34.605000
CC STD S 2018-03-19T21:24:35.705000
CC STD S 2018-03-19T21:24:40.505000
UW HSO S 2018-06-25T15:22:09.690000
UW GBB S 2019-07-01T18:24:10.620000
UW SWID P 2018-10-30T17:59:51.790000
UW SWID S 2018-10-30T17:59:58.490000
CN VGZ P 2019-03-28T20:53:47.880000
CN VGZ S 2019-03-28T20:53:50.380000
UW WOLL S 2019-03-21T21:28:02.428393
UW FHE P 2018-08-15T20:22:12.180106
UW PGO S 2018-02-16T00:25:08.990000
UW PGO S 2018-02-16T00:25:13.690000
UW STAR P 2017-10-07T17:00:45.120028
UW STAR S 2017-10-07T17:00:48.520028
UW OMAK S 2018-11-17T22:08:45.275000
UW H2O P 2018-07-17T21:07:23.010000
UW H2O S 2018-07-17T21:07:28.010000
CC PANH P 2019-03-01T20:43:07.340000
CC PANH S 2019-03-01T20:43:13.140000
CC PANH S 2019-03-01T20:43:20.340000
CN PGC S 2019-08-29T22:57:19.250000
UW BERY P 2019-07-02T20:14:48.440000
UW BERY S 2019-07-02T20:14:51.840000
CC PR05 P 2018-07-02T19:27:11.160000
CC PR05 S 2018-07-02T19:27:15.060000
UW LCW2 S 2019-07-15T19:36:33.880000
UW BLOW P 2018-03-07T20:51:34.198393
UW BLOW S 2018-03-07T20:51:39.198393
UW LCCR P 2019-06-25T21:00:51.158394
UW LCCR S 2019-06-25T21:00:51.958394
UW LCCR S 2019-06-25T21:00:58.958394
UW KENT P 2019-05-28T21:59:42.838391
UW LCCR P 2019-05-31T21:14:36.238393
UW LCCR S 2019-05-31T21:14:38.638393
