CC NORM S 2013-07-18T17:04:42.660000
CC NORM S 2013-07-18T17:04:46.960000
TA F05D P 2014-03-21T19:35:17.100000
TA F05D P 2014-03-21T19:35:23.700000
CC CIHL S 2018-05-29T18:35:09
CC CIHL S 2018-05-29T18:35:12.400000
CC NORM S 2015-01-06T18:34:12.520000
CC CIHL S 2014-01-14T16:43:03.900000
UW BLOW S 2012-06-19T18:24:41.350000
CC CPCO P 2018-08-05T03:44:14.380000
CC CPCO S 2018-08-05T03:44:15.280000
CC SEP S 2014-03-21T19:12:06.700000
CC SWNB P 2018-04-30T21:16:17.880000
CC SWNB S 2018-04-30T21:16:15.680000
CC SEP S 2014-03-21T19:13:58.600000
CC CPCO S 2015-07-14T17:03:56.920000
CC CPCO S 2015-07-14T17:04:00.220000
CC ASBU S 2012-07-15T05:16:16.440000
CC SEP S 2014-03-21T19:33:40.600000
CC SEP S 2014-03-21T19:33:46.900000
CC SWF2 P 2013-12-27T17:26:18.380000
CC SWF2 S 2013-12-27T17:26:20.380000
CC STD P 2012-06-10T20:17:44.180000
CC STD S 2012-06-10T20:17:45.080000
CC TMBU S 2014-06-09T18:17:43.640000
CC NORM P 2018-08-05T03:46:17.260000
CC NORM S 2018-08-05T03:46:18.660000
CC CPCO S 2012-10-11T13:02:39.540000
CC TMBU S 2012-10-09T17:15:48.360000
CC CIHL S 2012-06-21T23:58:30
CC CPCO P 2018-08-05T03:31:51.080000
CC CPCO S 2018-08-05T03:31:56.180000
CC CPCO S 2018-08-05T03:32:02.880000
CC CIHL S 2015-07-06T19:32:15.900000
UW STAR P 2014-03-21T19:34:12.100174
UW STAR S 2014-03-21T19:34:17.600174
UW DAVN P 2013-01-11T14:30:01.100000
CC CPCO S 2018-06-28T15:40:51.120000
CC CPCO S 2018-03-14T18:30:29.560000
CC CPCO S 2018-03-14T18:30:36.560000
CC CIHL S 2013-05-08T17:20:42.140000
CC CIHL S 2013-05-08T17:20:47.140000
CC CIHL S 2013-05-08T17:20:48.840000
CC CIHL S 2013-05-08T17:20:52.340000
CC KWBU P 2014-02-04T19:36:15.940000
CC KWBU S 2014-02-04T19:36:20.040000
CC CPCO P 2018-08-05T03:22:29.900000
CC CPCO S 2018-08-05T03:22:31
CC SWNB P 2012-01-24T00:34:48.020000
CC SWNB S 2012-01-24T00:34:50.320000
CC SVIC S 2018-07-16T23:12:29.870000
CC SWF2 P 2014-03-21T19:35:06.900000
CC CIHL S 2012-03-26T17:28:57.580000
CC CIHL S 2015-07-06T19:29:33.020000
CC CIHL S 2013-06-05T17:41:53.100000
CC SWNB P 2012-06-21T21:07:25.500000
CC SWNB S 2012-06-21T21:07:27.300000
CC TMBU S 2012-08-12T18:55:24.280000
CC CPCO P 2012-06-23T09:05:07.400000
CC CPCO S 2012-06-23T09:05:08
CC SWNB S 2012-04-10T02:54:12.180000
CC SWNB P 2012-06-21T23:52:56.840000
CC NORM P 2012-06-23T09:05:08.540000
CC NORM S 2012-06-23T09:05:09.440000
CC KWBU P 2014-02-04T20:08:14.400000
CC KWBU P 2014-02-04T20:08:18.200000
CC CPCO S 2015-01-06T18:33:56.040000
CC CPCO S 2015-01-06T18:33:58.640000
CC CPCO S 2015-01-06T18:34:07.040000
CC TMBU S 2018-07-02T16:29:33.940000
CC TMBU S 2018-07-02T16:29:41.140000
CC SWNB P 2012-04-02T15:43:34
UW LTY S 2014-03-21T19:33:45.105000
CC NORM S 2018-03-14T18:30:37.260000
CC NORM S 2018-03-14T18:30:42.860000
CC TMBU S 2018-06-27T15:58:57.500000
CC TMBU S 2018-06-27T15:59:04.400000
CC CPCO S 2016-03-23T18:02:32.440000
CC CPCO S 2016-03-23T18:02:35.940000
CC CIHL S 2015-07-06T19:38:07.940000
CC NORM S 2018-04-30T21:16:16.720000
CC NORM S 2018-04-30T21:16:19.620000
CC SWFL S 2012-10-24T23:53:24.100000
CC SWFL S 2012-10-24T23:53:28.400000
CC SWFL S 2012-10-24T23:53:32
UW RATT S 2014-03-21T19:14:35.515000
CC SWNB S 2015-07-14T17:04:02.600000
CC SWNB S 2015-07-14T17:04:06.100000
CC SWNB S 2015-07-14T17:04:12.800000
CC CIHL S 2013-07-24T15:34:30.340000
CC CIHL S 2013-04-25T17:48:35.920000
CC CIHL S 2013-04-25T17:48:40.920000
UO BUCK P 2014-03-21T19:15:14.105000
UO BUCK S 2014-03-21T19:15:10.705000
CC SWFL S 2012-09-09T06:24:38.660000
UO PINE P 2013-07-18T17:04:17.645000
UO PINE S 2013-07-18T17:04:09.245000
CC NORM P 2015-07-14T17:04:15.040000
CC NORM S 2015-07-14T17:04:04.740000
CC NORM S 2015-07-14T17:04:08.440000
UW GNW S 2014-03-21T19:35:34.715000
CC TMBU S 2012-01-24T00:34:53.660000
CC TMBU S 2012-01-24T00:34:55.860000
CC CPCO P 2013-04-02T17:14:38.860000
CC CPCO S 2013-04-02T17:14:40.460000
CC CPCO P 2012-07-06T20:20:42.880000
CC CPCO S 2012-07-06T20:20:43.680000
CC TMBU S 2012-08-02T01:06:09.300000
CC TMBU S 2014-07-16T18:09:16.640000
CC TMBU S 2014-07-16T18:09:20.640000
UO HUO P 2014-03-21T19:35:06.700047
UO HUO S 2014-03-21T19:35:11.400047
CC TMBU S 2013-05-08T17:20:11.160000
CC TMBU S 2013-05-08T17:20:19.860000
CC SWNB S 2018-05-08T05:41:42.620000
TA G05D P 2014-03-21T19:34:51.224998
CC VALT P 2013-03-21T20:32:31.160000
CC VALT S 2013-03-21T20:32:28.260000
CC VALT S 2013-03-21T20:32:32.960000
UW OMAK S 2014-03-21T19:14:16.300000
CC NORM P 2012-06-23T08:57:59.340000
CC NORM S 2012-06-23T08:58:00.040000
CC NORM P 2012-06-21T23:47:06.520000
CC NORM S 2012-06-21T23:47:03.620000
CC NORM S 2012-06-21T23:47:08.120000
CC CIHL S 2018-03-14T18:30:25.080000
CC CIHL S 2018-03-14T18:30:29.580000
CC CIHL S 2015-01-07T18:45:26.020000
CC NORM S 2018-07-02T16:30:11.600000
CC NORM S 2018-07-02T16:30:19.200000
CC ASBU S 2015-07-14T17:04:43.980000
CC CIHL S 2013-04-25T16:55:31.920000
CC CIHL S 2013-04-25T16:55:36.020000
CC NORM S 2012-10-08T18:04:40.820000
CC NORM S 2012-10-08T18:04:52.120000
CC CIHL S 2013-07-18T17:04:31.400000
CC CIHL S 2013-07-18T17:04:37.200000
CC TMBU S 2015-07-31T17:34:15.340000
CC TMBU S 2015-07-31T17:34:19.940000
CC CIHL S 2013-07-25T05:22:40.560000
CC CPCO P 2012-06-23T08:57:57.460000
UW IZEE P 2014-03-21T19:34:13.008391
UW IZEE P 2014-03-21T19:34:16.108391
UO HUO S 2014-03-21T19:14:22.300165
UO HUO S 2014-03-21T19:14:24.400165
CC CIHL S 2013-04-02T17:14:35.200000
CC CIHL S 2013-04-02T17:14:36.100000
CC CIHL P 2012-06-23T08:57:59.520000
CC CIHL S 2012-06-23T08:58:00.820000
CC CPCO P 2014-07-09T00:27:47.920000
CC CPCO S 2014-07-09T00:27:48.420000
CC TMBU S 2013-06-05T17:41:48.440000
CC CPCO P 2018-04-30T21:16:11.720000
CC CPCO S 2018-04-30T21:16:08.920000
CC CPCO S 2014-03-14T16:58:03.880000
CC CPCO P 2018-07-16T23:12:28.740000
CC CPCO S 2018-07-16T23:12:30.940000
CC CPCO S 2018-07-16T23:12:35.940000
CC CPCO S 2014-07-02T21:14:42.720000
CC CPCO S 2014-07-02T21:14:49.120000
CC NORM P 2012-04-02T15:43:34.600000
CC NORM S 2012-04-02T15:43:36.100000
CC STD P 2019-07-18T23:05:16.085000
CC STD S 2019-07-18T23:05:17.085000
BK HUMO S 2014-03-21T19:13:37.608393
CC CPCO P 2012-06-21T23:52:48.480000
CC CPCO P 2012-06-21T23:52:53.280000
CC CPCO S 2012-06-21T23:52:49.080000
CC CPCO S 2012-06-21T23:52:54.480000
CC CPCO P 2012-06-21T23:47:00.200000
CC CPCO S 2012-06-21T23:46:59.200000
CC CPCO S 2012-06-21T23:47:03.400000
CC NORM S 2013-04-02T17:14:46.420000
CC NORM S 2019-04-16T17:22:14.840000
CC NORM S 2019-04-16T17:22:17.840000
CC NORM S 2019-04-16T17:22:21.140000
CC NORM S 2019-04-16T17:22:25.140000
CC TMBU S 2018-05-29T18:34:54.740000
CC TMBU S 2018-05-29T18:34:58.640000
UW RATT P 2014-03-21T19:33:51.915000
CC SWNB P 2014-07-02T21:11:20.160000
CC SWNB S 2014-07-02T21:11:22.060000
CC NORM P 2018-08-05T03:44:08.780000
CC NORM S 2018-08-05T03:44:10.780000
CC SWNB P 2015-02-11T16:06:07.780000
CC SWNB S 2015-02-11T16:06:09.380000
CC CPCO S 2012-06-21T17:24:34.620000
CC TMBU S 2018-05-24T16:32:32.500000
CC TMBU S 2018-05-24T16:32:40.300000
CC CIHL S 2018-04-30T21:16:04.340000
CC NORM P 2012-06-21T23:52:51.420000
CC NORM S 2012-06-21T23:52:54.820000
CC SWNB P 2013-04-25T16:55:47.780000
CC SWNB S 2013-04-25T16:55:48.780000
UO PINE S 2012-06-21T23:47:07.695000
UO PINE S 2012-06-21T23:47:14.395000
CC SWNB S 2013-04-02T17:14:43.760000
CC CPCO S 2013-06-05T17:21:13.700000
CC CPCO S 2013-04-25T16:55:35.280000
CC CPCO S 2013-04-25T16:55:40.080000
CC CPCO P 2012-09-17T09:20:49.200000
CC CPCO S 2012-09-17T09:20:50.900000
CC CIHL S 2015-07-16T17:17:47.660000
CC CIHL S 2015-07-16T17:17:49.160000
CC CIHL S 2015-07-16T17:17:52.660000
CC NORM P 2012-07-06T20:20:44.080000
CC NORM S 2012-07-06T20:20:44.880000
CC ASBU S 2018-12-28T18:44:52.145000
CC CIHL P 2012-06-21T23:52:45.380000
CC CIHL S 2012-06-21T23:52:53.180000
CC CIHL S 2012-06-21T23:52:56.180000
CC CIHL S 2015-01-06T18:34:02.320000
CC NORM S 2014-07-09T00:29:00.420000
CC CIHL S 2018-08-05T17:50:22.700000
CC TMBU P 2018-07-20T15:56:12.540000
CC TMBU S 2018-07-20T15:56:16.740000
CC TMBU S 2018-07-20T15:56:19.740000
CC CIHL S 2012-06-23T09:05:10.200000
UO TOOM P 2018-07-03T23:57:51.208393
CC ASBU P 2012-04-02T15:43:36.320000
CC ASBU S 2012-04-02T15:43:37.420000
