CC SVIC S 2019-08-09T04:44:45.480000
CC CPCO P 2013-07-31T20:05:09.800000
CC CPCO S 2013-07-31T20:05:11.600000
UW NN19 P 2014-08-18T03:37:55.032000
UW NN19 S 2014-08-18T03:37:53.532000
UW NN19 S 2014-08-18T03:37:56.232000
CC SVIC P 2019-07-09T05:41:16.660000
CC SVIC S 2019-07-09T05:41:17.860000
CC SVIC S 2019-07-09T05:41:23.060000
CC KWBU P 2015-07-10T22:37:45.140000
CC TMBU S 2019-06-10T21:34:25.100000
CC TMBU S 2019-06-10T21:34:27.900000
CC ASBU P 2013-07-31T20:05:20.680000
CC ASBU S 2013-07-31T20:05:21.780000
UW NN17 P 2014-06-10T17:20:19.900000
UW NN17 S 2014-06-10T17:20:21.300000
CC WIFE P 2012-08-06T02:48:34.800000
CC WIFE S 2012-08-06T02:48:36.300000
UW NN21 P 2014-08-18T03:37:53.200000
CC SVIC S 2019-08-09T04:47:18.970000
CC NORM S 2013-07-31T20:05:12.220000
CC NORM S 2013-07-31T20:05:16.020000
CC CIHL S 2019-06-21T16:55:16.820000
CC CIHL S 2019-06-21T16:55:19.120000
CC CPCO S 2014-07-30T02:10:37.220000
CC CPCO S 2019-05-30T18:03:28.440000
CC CPCO P 2019-07-01T01:31:10.760000
CC CPCO S 2019-07-01T01:31:06.960000
CC CPCO S 2019-07-01T01:31:13.760000
CC CPCO P 2018-05-24T22:40:37.600000
CC CPCO S 2018-05-24T22:40:35.300000
CC CPCO S 2018-05-24T22:40:39.500000
CC SWNB S 2019-07-05T05:25:13.100000
CC TMBU S 2019-06-11T18:56:42.280000
CC TMBU P 2019-05-30T18:27:03.300000
CC TMBU S 2019-05-30T18:27:05.300000
CC TMBU S 2019-05-30T18:27:07.600000
CC CPCO P 2014-08-12T01:40:57.540000
CC CPCO S 2014-08-12T01:41:01.240000
CC KWBU P 2013-09-17T20:50:46.910000
CC KWBU S 2013-09-17T20:50:47.210000
CC KWBU S 2013-09-17T20:50:50.110000
CC CIHL P 2013-05-08T03:31:09.420000
CC CIHL S 2013-05-08T03:31:09.920000
CC CIHL S 2013-05-08T03:31:14.720000
UW NN17 S 2014-07-31T22:26:33.996000
CC NORM S 2018-05-24T22:40:39.520000
CC NORM S 2018-05-24T22:40:40.520000
CC KWBU P 2015-07-10T22:34:43.800000
CC KWBU S 2015-07-10T22:34:44.700000
CC CPCO S 2014-08-18T03:37:40.820000
CC CPCO S 2014-08-18T03:37:50.720000
CC NORM P 2019-05-30T18:15:43.780000
CC NORM S 2019-05-30T18:15:45.680000
CC CPCO P 2013-09-17T11:57:19.100000
CC CPCO S 2013-09-17T11:57:21.700000
CC SWNB S 2013-05-08T04:08:10.580000
CC SWNB S 2013-05-08T04:08:14.380000
CC SWNB S 2013-05-08T04:08:16.680000
CC TMBU S 2019-06-26T18:06:26.640000
UW NN17 P 2014-07-31T22:33:10.100000
UW NN17 S 2014-07-31T22:33:10.600000
CC CIHL P 2019-07-01T02:06:29.440000
CC CIHL S 2019-07-01T02:06:29.040000
CC CIHL S 2019-07-01T02:06:31.140000
CC TMBU S 2019-06-17T14:39:03.480000
CC CPCO S 2015-06-04T17:37:59.120000
CC CPCO S 2015-06-04T17:38:03.020000
CC TMBU S 2017-09-08T17:42:26.880000
CC TMBU S 2017-09-08T17:42:31.980000
CC TMBU S 2017-09-08T17:42:35.680000
CC NORM P 2014-08-12T01:52:20.740000
CC NORM S 2014-08-12T01:52:21.640000
CC JRO P 2019-08-10T06:39:22.250000
CC CPCO P 2019-05-30T18:31:57.520000
CC CPCO S 2019-05-30T18:32:00.120000
CC CIHL P 2013-05-08T03:40:47.480000
CC CIHL P 2013-05-08T03:40:48.380000
CC CIHL S 2013-05-08T03:40:48.080000
CC CIHL S 2013-05-08T03:40:50.480000
UW NN21 P 2014-07-31T21:03:41.708000
UW NN21 S 2014-07-31T21:03:50.808000
UW NN21 S 2014-07-31T21:03:52.908000
CC CPCO P 2018-05-24T23:15:59.360000
CC CPCO S 2018-05-24T23:15:52.160000
CC CPCO S 2018-05-24T23:16:00.360000
CC CPCO S 2018-05-24T23:16:06.160000
UW NN17 P 2015-07-13T20:52:29.342000
UW NN17 S 2015-07-13T20:52:30.942000
CC CPCO P 2013-08-01T17:14:56.660000
CC CPCO S 2013-08-01T17:14:53.160000
CC CPCO S 2013-08-01T17:14:54.560000
CC CPCO S 2013-08-01T17:14:57.160000
CC NORM P 2013-05-08T04:01:00.020000
CC NORM S 2013-05-08T04:01:01.320000
CC NORM P 2013-07-31T20:07:24.800000
CC NORM S 2013-07-31T20:07:25.400000
CC KWBU P 2014-08-01T21:39:17.630000
CC KWBU S 2014-08-01T21:39:14.830000
CC ASBU P 2018-05-24T23:15:48.145000
CC ASBU S 2018-05-24T23:15:47.545000
CC ASBU S 2018-05-24T23:15:49.145000
UW NN21 P 2013-07-31T20:05:14.060000
UW NN21 S 2013-07-31T20:05:12.460000
CC CIHL P 2019-07-01T02:13:00.160000
CC CIHL S 2019-07-01T02:13:01.560000
CC VALT P 2012-04-23T09:13:35.960000
CC NORM P 2019-07-01T02:59:42.900000
CC NORM S 2019-07-01T02:59:44.900000
CC OBSR S 2019-08-10T07:17:17.980000
CC OBSR S 2019-08-10T07:17:21.180000
CC TMBU P 2019-05-30T17:47:39.120000
CC TMBU S 2019-05-30T17:47:41.120000
CC CIHL S 2013-05-08T17:34:42.540000
CC CIHL S 2013-05-08T17:34:47.540000
UW NN21 P 2014-07-29T23:04:35.932000
UW NN21 P 2014-07-29T23:04:38.432000
CC NORM S 2019-05-30T18:25:36.080000
CC NORM S 2019-05-30T18:25:37.880000
CC NORM S 2019-05-30T18:25:38.780000
CC NORM S 2019-05-30T18:25:42.380000
CC CPCO P 2019-06-12T21:05:54.840000
CC CPCO S 2019-06-12T21:05:56.140000
CC CPCO S 2019-06-12T21:06:01.040000
CC CPCO P 2019-05-30T18:08:20.460000
CC CPCO S 2019-05-30T18:08:22.960000
CC NORM S 2015-06-04T17:37:57.240000
CC NORM S 2015-06-04T17:38:07.440000
CC NORM S 2015-06-04T17:38:11.140000
CC NORM P 2018-05-24T22:37:37.760000
CC NORM S 2018-05-24T22:37:39.260000
CC NORM S 2018-05-24T22:37:44.760000
CC SWNB P 2013-05-08T04:09:54.220000
CC SWNB S 2013-05-08T04:09:56.920000
CC SWNB S 2013-05-08T04:10:02.020000
CC NORM P 2013-08-01T17:14:49.360000
CC NORM S 2013-08-01T17:14:50.860000
CC NORM S 2013-08-01T17:14:53.560000
UW NN21 P 2014-07-31T21:14:21.656000
UW NN21 P 2014-07-31T21:14:24.056000
UW NN21 P 2014-07-31T21:14:25.156000
UW NN21 S 2014-07-31T21:14:24.556000
UW NN21 S 2014-07-31T21:14:25.856000
CC CPCO S 2015-07-14T23:06:14.260000
CC CIHL S 2015-06-04T17:37:47.980000
CC CIHL S 2015-06-04T17:37:53.680000
CC CIHL S 2015-06-04T17:37:57.480000
UW NN21 P 2013-07-31T20:07:24.508000
UW NN21 P 2013-07-31T20:07:28.208000
CC SWNB S 2018-06-20T21:45:23.760000
CC SWNB S 2018-06-20T21:45:29.160000
CC KWBU S 2015-07-13T21:12:47.040000
CC KWBU S 2015-07-13T21:12:50.940000
CC SWNB P 2012-08-06T03:43:37.040000
CC SWNB S 2012-08-06T03:43:39.640000
CC CPCO P 2013-07-31T20:07:21.360000
CC CPCO S 2013-07-31T20:07:22.960000
CC NORM S 2014-08-18T03:37:52.780000
CC SWNB S 2013-08-01T17:14:46.980000
CC SVIC S 2019-07-01T01:03:50.780000
CC SVIC P 2014-08-18T03:37:57.640000
CC SVIC S 2014-08-18T03:37:59.240000
CC NORM S 2014-07-29T23:04:38.660000
CC KWBU P 2014-07-31T21:14:27.480000
CC KWBU S 2014-07-31T21:14:20.380000
CC KWBU S 2014-07-31T21:14:23.380000
CC KWBU S 2014-07-31T21:14:27.680000
CC TMBU P 2019-06-12T16:09:51.220000
CC ASBU S 2013-08-01T17:12:14.500000
CC ASBU S 2013-08-01T17:12:26.800000
CC CIHL S 2019-06-12T21:11:08.580000
CC KWBU P 2015-07-13T21:13:46.640000
CC KWBU S 2015-07-13T21:13:44.740000
CC TMBU S 2019-08-16T17:54:12.840000
CC TMBU S 2019-08-16T17:54:13.840000
CC TMBU S 2019-08-16T17:54:19.640000
CC CPCO S 2015-04-14T21:35:10.080000
CC ASBU S 2015-07-10T22:32:37.140000
CC ASBU S 2015-07-10T22:32:41.940000
UW NN19 P 2019-07-01T01:45:08.500000
CC SVIC P 2019-07-01T01:01:50.700000
CC SVIC S 2019-07-01T01:01:53.900000
CC NORM S 2018-06-20T21:45:24.200000
CC CIHL S 2015-06-02T17:13:56.180000
CC CIHL S 2015-06-02T17:14:01.080000
UW NN19 P 2015-07-10T22:32:34.434000
UW NN19 S 2015-07-10T22:32:37.234000
CC NORM P 2018-05-24T23:15:53.060000
CC NORM S 2018-05-24T23:15:54.760000
CC NORM S 2018-06-20T21:51:49.800000
CC TMBU S 2015-06-15T16:07:57.960000
CC CPCO P 2018-07-24T23:21:11.860000
CC CPCO S 2018-07-24T23:21:14.660000
UW NN19 P 2015-07-13T20:54:07.558000
UW NN19 P 2015-07-13T20:54:09.058000
CC CPCO P 2014-07-29T23:04:39.220000
CC CPCO S 2014-07-29T23:04:40.120000
CC CIHL P 2015-05-17T23:45:14.780000
CC CIHL P 2015-05-17T23:45:19.380000
CC CIHL S 2015-05-17T23:45:20.980000
CC NORM S 2018-05-24T22:34:32.700000
CC NORM S 2018-05-24T22:34:35.600000
CC NORM S 2018-05-24T22:34:38.200000
CC CPCO P 2014-08-12T01:45:22.120000
CC CPCO S 2014-08-12T01:45:24.120000
CC CIHL S 2019-06-10T17:07:35.000000
CC CIHL S 2019-06-10T17:07:40.400000
CC KWBU P 2014-08-18T03:37:54.300000
CC CIHL S 2015-04-08T18:14:21.700000
CC NORM S 2018-06-20T21:55:41.860000
CC TMBU P 2019-05-30T17:57:13.320000
CC TMBU S 2019-05-30T17:57:18.420000
UW NN17 S 2014-08-18T03:37:54.756000
CC TMBU P 2019-07-09T05:41:15.740000
CC TMBU S 2019-07-09T05:41:15.940000
CC TMBU S 2019-07-09T05:41:22.040000
CC SWNB S 2015-06-04T17:38:07.720000
CC SWNB S 2015-06-04T17:38:12.620000
