EQS N nan
EQS N nan
EQS N nan
EQS S 0.00461
EQS S 0.0
EQS N nan
EQS N nan
EQS S 0.00035
EQS S 0.20123
EQS N nan
EQS S 0.00274 6.80274
EQS N nan
EQS N nan
EQS N nan
EQS N nan
EQS S 0.391247
EQS N nan
EQS S 0.01875
EQS N nan
EQS N nan
EQS S 7.991109 0.191109
EQS S 0.10026
EQS S 5.79918 0.39918
EQS N nan
EQS N nan
EQS S 0.0
EQS S 0.002681
EQS S 0.08082 6.21918
EQS S 7.497387 6.597387 0.497387
EQS N nan
EQS S 0.20024
EQS N nan
EQS S 6.299907 0.300093
EQS S 0.0004
EQS N nan
EQS S 0.10013
EQS S 0.00127
EQS N nan
EQS N nan
EQS N nan
EQS S 0.1068
EQS S 0.2936
EQS S 0.0
EQS N nan
EQS S 0.00629
EQS S 0.201621
EQS N nan
EQS N nan
EQS S 0.0
EQS N nan
EQS N nan
EQS S 0.08103
EQS N nan
EQS S 0.19577
EQS S 2.99896 0.00104
EQS N nan
EQS N nan
EQS N nan
EQS N nan
EQS N nan
EQS S 0.00062
EQS S 0.00936
EQS N nan
EQS N nan
EQS S 2.89846 0.10154
EQS N nan
EQS N nan
EQS N nan
EQS N nan
EQS S 0.00075
EQS N nan
EQS S 7.29502 0.00498
EQS S 0.19033
EQS N nan
EQS S 0.09983
EQS S 0.00575
EQS N nan
EQS S 5.29881 0.00119
EQS S 0.09896
EQS S 7.67617 0.17617
EQS N nan
EQS S 0.19374
EQS N nan
EQS N nan
EQS N nan
EQS S 0.00787
EQS S 0.1
EQS S 0.10152
EQS S 0.1
EQS S 0.001983
EQS S 0.00044
EQS N nan
EQS N nan
EQS N nan
EQS N nan
EQS S 0.200993
EQS N nan
EQS S 0.00137
EQS N nan
EQS N nan
EQS S 0.01006
EQS S 0.00936
EQS N nan
EQS N nan
EQS S 0.19898
EQS N nan
EQS S 0.09626
EQS S 2.3994
EQS S 7.29791 0.10209
EQS S 0.20206
EQS N nan
EQS S 0.11129
EQS S 0.10078
EQS N nan
EQS N nan
EQS S 0.10034
EQS N nan
EQS S 3.39068 0.10932
EQS S 0.12418
EQS N nan
EQS S 0.17528
EQS N nan
EQS S 0.20958
EQS S 0.20892
EQS S 0.20024
EQS N nan
EQS S 0.09874
EQS S 0.0014
EQS S 3.0943 0.0057
EQS N nan
EQS N nan
EQS S 0.00109
EQS N nan
EQS S 0.0011
EQS N nan
EQS S 0.00144
EQS N nan
EQS N nan
EQS N nan
EQS S 0.10075
EQS S 0.19786
EQS S 4.88654 0.01346
EQS N nan
EQS N nan
EQS S 0.00467
EQS N nan
EQS N nan
EQS N nan
EQS N nan
EQS S 0.10171
EQS N nan
EQS S 0.19924
EQS S 0.09893
EQS N nan
EQS N nan
EQS S 0.4
EQS N nan
EQS S 6.27586 0.02414
EQS S 0.00141
EQS S 0.02396
EQS S 0.008333
EQS N nan
EQS N nan
EQS N nan
EQS N nan
EQS N nan
EQS N nan
EQS N nan
EQS N nan
EQS S 0.09983
EQS N nan
EQS N nan
EQS N nan
EQS N nan
EQS S 0.095689
EQS N nan
EQS N nan
EQS N nan
EQS N nan
EQS N nan
EQS N nan
EQS N nan
EQS N nan
EQS S 0.08018
EQS S 0.39245
EQS N nan
EQS N nan
EQS N nan
EQS S 0.00122
EQS N nan
EQS S 0.01971
EQS S 0.497627
EQS N nan
EQS S 0.02474
EQS S 0.09546
EQS S 0.0981
EQS N nan
EQS S 0.00854
EQS N nan
EQS S 0.19577
EQS N nan
EQS S 0.09757
EQS N nan
EQS S 0.00299
EQS N nan
EQS S 0.0
EQS N nan
EQS S 6.09576 0.00424
EQS S 0.200993
EQS N nan
EQS N nan
EQS N nan
EQS S 0.09968
EQS N nan
EQS S 0.2005
EQS S 0.2936
EQS S 0.005953
EQS N nan
EQS N nan
EQS S 0.00103
EQS S 0.10968
EQS N nan
EQS S 0.17651
EQS S 0.10236
EQS N nan
EQS S 0.00918
EQS S 0.09893
EQS N nan
EQS S 0.009041
EQS N nan
EQS N nan
EQS S 0.10739
EQS N nan
EQS N nan
EQS N nan
EQS S 0.10242
EQS S 0.02389
EQS N nan
EQS N nan
EQS N nan
EQS S 0.09757
EQS N nan
EQS N nan
EQS N nan
EQS N nan
EQS S 0.00013
EQS S 2.59741 0.10259
EQS S 0.01951
EQS S 0.19699
EQS S 0.0
EQS N nan
EQS N nan
EQS N nan
EQS S 0.09963
EQS S 0.00056
EQS S 0.896227
EQS S 0.00165
EQS S 0.10013
EQS N nan
EQS N nan
EQS S 7.29791 0.10209
EQS S 0.19786
EQS S 3.79968 0.10032
EQS N nan
EQS N nan
EQS N nan
EQS S 0.00128
EQS N nan
EQS S 0.10236
EQS N nan
EQS S 1.297697
EQS N nan
EQS N nan
EQS S 0.09907
EQS S 0.28042
EQS S 0.099737
EQS S 0.09893
EQS N nan
EQS S 0.0106
EQS S 0.10165
EQS N nan
EQS S 0.00461
EQS S 0.00075
EQS S 6.994357 0.094357
EQS S 0.10013
EQS N nan
EQS N nan
EQS N nan
EQS S 0.00124
EQS S 0.00107
EQS S 6.69583 2.89583
EQS N nan
EQS N nan
EQS N nan
EQS S 0.02393
EQS N nan
EQS S 0.09963
EQS N nan
EQS N nan
EQS N nan
EQS S 0.30512
EQS S 0.099907
EQS N nan
EQS S 0.008763
EQS S 0.00068
EQS S 0.0006
EQS S 0.09663
EQS N nan
EQS S 0.10231
EQS N nan
EQS N nan
EQS S 0.105259
EQS N nan
EQS N nan
EQS N nan
EQS S 5.69944 0.10056
EQS N nan
EQS N nan
EQS S 0.79751
EQS N nan
EQS N nan
EQS N nan
EQS S 0.10081
EQS N nan
EQS N nan
EQS S 0.00147
EQS S 0.29974
EQS N nan
EQS S 0.01808
EQS N nan
EQS N nan
EQS S 0.19119
EQS S 0.08976
EQS S 0.00415
EQS N nan
EQS N nan
EQS S 0.102034
EQS N nan
EQS N nan
EQS S 0.09767
EQS N nan
EQS S 0.100993
EQS N nan
EQS N nan
EQS N nan
EQS N nan
EQS N nan
EQS S 0.09603
EQS S 0.18485
EQS S 0.18045
EQS N nan
EQS S 0.194119
EQS S 0.09601
EQS N nan
EQS N nan
EQS S 0.10023
EQS N nan
EQS S 0.02396
EQS N nan
EQS S 0.19902
EQS S 0.10052
EQS N nan
EQS N nan
EQS N nan
EQS N nan
EQS N nan
EQS N nan
EQS S 0.10135
EQS S 0.00408
EQS N nan
EQS S 0.00051
EQS N nan
EQS S 0.109903
EQS N nan
EQS N nan
EQS S 3.79746 0.09746
EQS N nan
EQS S 0.08264
EQS N nan
EQS S 0.10812
EQS N nan
EQS N nan
EQS S 0.00131
EQS S 0.0006
EQS S 0.00915
EQS S 0.01972
EQS S 0.00122
EQS S 0.19966
EQS P 3.29819
EQS N nan
EQS N nan
EQS S 0.00149 1.80149
EQS N nan
EQS N nan
EQS N nan
EQS S 0.10025
EQS S 0.19905
EQS S 0.09776
EQS S 0.00132
EQS S 0.09893
EQS N nan
EQS S 0.00101
EQS N nan
EQS S 0.00136
EQS S 0.48396
EQS S 0.00644
EQS N nan
EQS S 0.10593
EQS S 0.203351
EQS S 0.0981
EQS S 0.09552
EQS S 5.59908 0.19908
EQS S 3.49715 0.00285
EQS N nan
EQS S 0.0225
EQS S 0.89927
EQS N nan
EQS N nan
EQS S 0.00044
EQS S 0.01888
EQS S 0.002713
EQS S 0.17625
EQS N nan
EQS S 0.29839
EQS S 0.10162
EQS S 0.10939
EQS N nan
EQS S 0.00134
EQS N nan
EQS S 5.4 0.1
EQS S 0.17608
EQS S 0.10141
EQS N nan
EQS S 0.00138
EQS N nan
EQS N nan
EQS S 0.02396
EQS N nan
EQS S 0.002713
EQS S 0.01558
EQS N nan
EQS N nan
EQS S 0.10052
EQS S 0.209567
EQS N nan
EQS S 0.008843
EQS N nan
EQS N nan
EQS N nan
EQS N nan
EQS S 1.90305
EQS S 0.02454
EQS S 0.01966
EQS S 6.09181 0.10819
EQS N nan
EQS N nan
EQS N nan
EQS N nan
EQS N nan
EQS S 0.0977
EQS S 6.69927 0.00073
EQS N nan
EQS S 0.10012
EQS S 0.599637
EQS N nan
EQS N nan
EQS S 2.7802 0.0198
EQS S 0.17584
EQS N nan
EQS N nan
EQS N nan
EQS S 0.10104
EQS S 0.00966
EQS N nan
EQS N nan
EQS N nan
EQS N nan
EQS S 0.19096
EQS N nan
EQS S 0.01788
EQS N nan
EQS N nan
EQS N nan
EQS N nan
EQS S 0.79751
EQS S 0.08031
EQS S 0.11937
EQS S 0.19925
EQS S 5.19185 0.00815
EQS N nan
EQS N nan
EQS N nan
EQS N nan
EQS N nan
EQS S 0.0
EQS S 0.00071
EQS N nan
EQS S 0.09871
EQS S 3.99803 0.10197
EQS N nan
EQS N nan
EQS N nan
EQS N nan
EQS N nan
EQS S 0.08013
EQS S 0.00467
EQS N nan
EQS S 0.00115
EQS N nan
EQS S 2.7802 0.0198
EQS S 0.10201
EQS N nan
EQS S 0.01953
EQS N nan
EQS N nan
EQS S 0.00026
EQS N nan
EQS S 0.00985
EQS N nan
EQS N nan
EQS N nan
EQS N nan
EQS S 0.30366
EQS N nan
EQS S 0.01871
EQS N nan
EQS N nan
EQS S 0.08031
EQS S 7.17546 0.07546
EQS S 0.09256
EQS N nan
EQS S 0.00665
EQS N nan
EQS S 0.090046
EQS N nan
EQS N nan
EQS N nan
EQS S 0.102034
EQS N nan
EQS N nan
EQS N nan
EQS N nan
EQS N nan
EQS N nan
EQS S 0.107073
EQS N nan
EQS N nan
EQS N nan
EQS N nan
EQS S 0.00056
EQS S 0.02257
EQS N nan
EQS S 0.29248
EQS S 0.008333
EQS S 0.09887
EQS N nan
EQS N nan
EQS S 0.01972
EQS S 0.4
EQS N nan
EQS S 0.10164
EQS N nan
EQS S 0.19969
EQS S 0.09985
EQS N nan
EQS N nan
EQS N nan
EQS S 0.00173
EQS N nan
EQS N nan
EQS S 0.00136
EQS N nan
EQS S 0.00675
EQS S 3.990677 1.190677
EQS S 7.797847 4.597847 0.002153
EQS S 0.00021
EQS S 7.97592 0.07592
EQS S 0.00378
EQS S 0.00862
EQS N nan
EQS S 0.09197
EQS N nan
EQS N nan
EQS N nan
EQS S 0.11752
EQS S 0.09871
EQS N nan
EQS S 0.00078
EQS N nan
EQS S 0.00238
EQS N nan
EQS S 0.5194
EQS N nan
EQS N nan
EQS N nan
EQS S 0.0005
EQS N nan
EQS S 0.0021
EQS N nan
EQS N nan
EQS N nan
EQS N nan
EQS S 0.10078
EQS N nan
EQS N nan
EQS S 0.20024
EQS S 0.00858
EQS N nan
EQS S 0.00041
EQS N nan
EQS S 0.19966
EQS N nan
EQS N nan
EQS N nan
EQS S 0.290307
EQS S 0.01922
EQS S 1.70413
EQS N nan
EQS N nan
EQS S 0.00882
EQS S 0.08004
EQS N nan
EQS N nan
EQS S 0.09796
EQS N nan
EQS N nan
EQS S 0.19096
EQS N nan
EQS N nan
EQS N nan
EQS S 0.0008
EQS N nan
EQS N nan
EQS S 0.00922
EQS S 0.69823
EQS N nan
EQS S 0.27662
EQS S 0.09977
EQS S 0.08403
EQS N nan
EQS S 0.490837
EQS N nan
EQS N nan
EQS N nan
EQS S 0.00041
EQS N nan
EQS N nan
EQS S 0.09907
EQS N nan
EQS N nan
EQS S 0.791127
EQS N nan
EQS N nan
EQS S 0.10076
EQS N nan
EQS S 0.10152
EQS S 3.29981 0.39981
EQS N nan
EQS S 5.199797 0.100203
EQS S 0.00966
EQS N nan
EQS N nan
EQS S 0.20943
EQS S 4.99718 0.79718
EQS P 2.8803
EQS N nan
EQS N nan
EQS N nan
EQS S 0.00173
EQS S 0.19912
EQS N nan
EQS S 0.00957
EQS N nan
EQS N nan
EQS S 0.10119
EQS N nan
EQS N nan
EQS N nan
EQS N nan
EQS N nan
EQS N nan
EQS S 0.19953
EQS S 0.1
EQS S 0.02396
EQS N nan
EQS N nan
EQS S 0.09589
EQS S 0.09829
EQS N nan
EQS S 0.00427
EQS N nan
EQS S 0.090046
EQS N nan
EQS S 0.00101
EQS N nan
EQS S 0.00167
EQS N nan
EQS N nan
EQS S 0.01248
EQS S 0.198459
EQS N nan
EQS S 0.01248
EQS N nan
EQS S 0.10968
EQS S 0.19953
EQS S 0.00174
EQS S 0.07593
EQS N nan
EQS S 3.29981 0.39981
EQS S 0.0197
EQS S 0.01339
EQS N nan
EQS N nan
EQS S 0.20958
EQS S 0.19699
EQS N nan
EQS N nan
EQS S 7.67617 0.17617
EQS S 0.00113
EQS S 0.08301
EQS N nan
EQS N nan
EQS N nan
EQS N nan
EQS S 0.00068
EQS N nan
EQS N nan
EQS S 0.20958
EQS N nan
EQS S 0.009893
EQS N nan
EQS S 0.30105
EQS S 0.101123
EQS N nan
EQS S 5.69866 0.00134
EQS N nan
EQS N nan
EQS S 2.09756 0.00244
EQS N nan
EQS N nan
EQS N nan
EQS S 0.10103
EQS N nan
EQS N nan
EQS S 0.10375
EQS S 0.1095
EQS N nan
EQS P 3.29974
EQS N nan
EQS S 2.59741 0.10259
EQS N nan
EQS S 6.49917 0.00083
EQS S 0.00084
EQS S 0.00854
EQS N nan
EQS S 0.599907
EQS S 0.19924
EQS N nan
EQS S 0.10026
EQS N nan
EQS S 0.02394
EQS N nan
EQS N nan
EQS N nan
EQS S 0.00442
EQS N nan
EQS N nan
EQS S 3.99803 0.10197
EQS S 0.106883
EQS S 0.19976
EQS N nan
EQS S 0.006853
EQS S 0.00174
EQS N nan
EQS N nan
EQS S 2.69964 0.00036
EQS N nan
EQS N nan
EQS S 0.002633
EQS S 0.00994
EQS N nan
EQS P 1.0982
EQS S 0.293
EQS S 0.10181
EQS S 7.998227 0.101773
EQS N nan
EQS S 0.1
EQS S 0.0021
EQS N nan
EQS S 0.09976
EQS N nan
EQS N nan
EQS N nan
EQS S 0.29019
EQS N nan
EQS N nan
EQS S 0.00089
EQS N nan
EQS S 0.00055
EQS N nan
EQS S 0.1
EQS N nan
EQS N nan
EQS N nan
EQS S 0.00123
EQS S 0.00249
EQS N nan
EQS N nan
EQS N nan
EQS N nan
EQS N nan
EQS S 1.297697
EQS N nan
EQS S 0.01919
EQS N nan
EQS N nan
EQS N nan
EQS N nan
EQS N nan
EQS N nan
EQS N nan
EQS N nan
EQS S 0.37587
EQS S 4.19915 0.10085
EQS N nan
EQS N nan
EQS N nan
EQS N nan
EQS N nan
EQS N nan
EQS S 0.00571
EQS N nan
EQS S 0.09907
EQS N nan
EQS S 5.59219 2.79219
EQS N nan
EQS S 0.10135
EQS S 0.1068
EQS N nan
EQS S 0.00966
EQS N nan
EQS S 0.20123
EQS N nan
EQS N nan
EQS S 7.89934 0.30066
EQS S 0.17596
EQS S 5.199797 0.100203
EQS N nan
EQS S 4.69847 0.10153
EQS N nan
EQS N nan
EQS N nan
EQS N nan
EQS S 0.199797
EQS S 0.00302
EQS N nan
EQS N nan
EQS N nan
EQS N nan
EQS S 0.10131
EQS N nan
EQS S 0.00109
EQS S 0.00147
EQS N nan
EQS N nan
EQS S 0.10013
EQS N nan
EQS N nan
EQS S 0.17625
EQS S 0.39353
EQS S 0.00052
EQS S 4.68138 0.38138
EQS N nan
EQS N nan
EQS S 0.0009
EQS N nan
EQS N nan
EQS S 0.00142
EQS S 0.00149 1.80149
EQS S 5.8991 0.0009
EQS S 0.00644
EQS N nan
EQS S 0.00076
EQS N nan
EQS S 0.0
EQS N nan
EQS S 0.09745
EQS N nan
EQS N nan
EQS S 0.298697
EQS S 0.00644
EQS N nan
EQS N nan
EQS S 0.09965
EQS N nan
EQS N nan
EQS N nan
EQS S 5.28787 0.01213
EQS N nan
EQS S 0.01377
EQS S 0.09282
EQS S 2.99908 1.00092
EQS N nan
EQS S 0.00185
EQS S 0.2
EQS S 0.10354
EQS S 0.11922
EQS S 0.0011
EQS S 0.198967
EQS N nan
EQS N nan
EQS S 0.1
EQS N nan
EQS N nan
EQS S 5.99793 0.00207
EQS N nan
EQS N nan
EQS S 0.12387
EQS N nan
EQS N nan
EQS N nan
EQS S 0.198939
EQS N nan
EQS S 0.09887
EQS S 0.0004
EQS N nan
EQS N nan
EQS N nan
EQS N nan
EQS N nan
EQS N nan
EQS N nan
EQS S 0.0
EQS P 2.8803
EQS N nan
EQS S 0.001423
EQS S 0.00026
EQS N nan
EQS S 0.002233
EQS S 0.00879
EQS S 0.00124
EQS N nan
EQS S 0.10126
EQS S 0.00206
EQS N nan
EQS N nan
EQS S 0.11584
EQS N nan
EQS S 0.29866
EQS S 0.00997
EQS S 0.00202
EQS S 0.00236
EQS N nan
EQS N nan
EQS S 0.298697
EQS N nan
EQS S 0.101193
EQS S 0.29248
EQS S 0.0013
EQS N nan
EQS S 0.10226
EQS N nan
EQS N nan
EQS N nan
EQS S 0.00174
EQS S 0.69828
EQS N nan
EQS S 0.02454
EQS N nan
EQS S 0.30964
EQS N nan
EQS N nan
EQS S 0.19775
EQS N nan
EQS S 0.01201
EQS S 0.20073
EQS S 4.09865 0.00135
EQS S 0.00444
EQS S 0.00764
EQS S 0.00821
EQS N nan
EQS N nan
EQS S 0.1
EQS S 0.00122
EQS N nan
EQS S 0.00177
EQS N nan
EQS N nan
EQS N nan
EQS S 0.10043
EQS N nan
EQS S 0.59155
EQS N nan
EQS N nan
EQS N nan
EQS S 0.01642
EQS N nan
EQS N nan
EQS S 0.01864
EQS S 4.99718 0.79718
EQS S 0.09113
EQS S 2.19793 0.09793
EQS N nan
EQS N nan
EQS S 0.00061
EQS N nan
EQS N nan
EQS S 0.1
EQS S 6.69927 0.00073
EQS N nan
EQS N nan
EQS S 0.0009
EQS N nan
EQS S 0.00213
EQS S 0.0008
EQS N nan
EQS N nan
EQS N nan
EQS S 0.20077
EQS S 0.00854
EQS N nan
EQS S 0.00031
EQS S 0.02452
EQS S 5.19185 0.00815
EQS S 0.11101
EQS S 0.00553
EQS S 0.09944
EQS S 0.07628
EQS N nan
EQS S 0.0
EQS N nan
EQS N nan
EQS S 5.79964 0.09964
EQS S 0.39885
EQS S 6.89692 0.09692
EQS S 0.29839
EQS S 0.09956
EQS N nan
EQS S 0.10052
EQS S 0.00402
EQS N nan
EQS N nan
EQS N nan
EQS S 0.09847
EQS S 0.100243
EQS N nan
EQS S 0.10886 3.90886
EQS N nan
EQS S 0.1911
EQS N nan
EQS N nan
EQS S 0.01788
EQS N nan
EQS N nan
EQS S 0.10076
EQS N nan
EQS S 0.00994
EQS N nan
EQS S 0.09956
EQS N nan
EQS S 0.00094
EQS S 0.09968
EQS S 0.19577
EQS S 3.39934 0.19934
EQS S 0.09153
EQS N nan
EQS S 0.0
EQS S 0.01942
EQS S 0.00132
EQS N nan
EQS S 0.2985
EQS S 0.00015
EQS S 0.590719
EQS N nan
EQS S 0.00752
EQS S 0.00071
EQS N nan
EQS S 0.02454
EQS N nan
EQS S 0.17651
EQS S 0.00185
EQS N nan
EQS S 0.0005
EQS N nan
EQS S 0.00044
EQS S 0.00069
EQS S 3.898817 0.101183
EQS S 0.17625
EQS N nan
EQS S 0.00046
EQS N nan
EQS N nan
EQS S 0.00358
EQS N nan
EQS S 0.00111
EQS N nan
EQS N nan
EQS S 0.19232
EQS N nan
EQS S 0.01951
EQS N nan
EQS S 0.00198
EQS S 0.01788
EQS S 0.00402
EQS N nan
EQS S 0.10654
EQS N nan
EQS S 0.39873
EQS S 0.39364
EQS S 0.00402
EQS N nan
EQS S 0.10211
EQS S 0.10152
EQS S 0.20077
EQS N nan
EQS N nan
EQS N nan
EQS S 0.00082
EQS S 0.0
EQS S 0.10119
EQS S 0.00021
EQS N nan
EQS N nan
EQS N nan
EQS N nan
EQS N nan
EQS S 0.194119
EQS S 6.09181 0.10819
EQS N nan
EQS N nan
EQS S 0.00124
EQS N nan
EQS S 0.02427
EQS N nan
EQS S 0.59155
EQS N nan
EQS S 0.00111
EQS N nan
EQS N nan
EQS S 0.10152
EQS S 0.00079
EQS S 0.0013
EQS S 0.00161
EQS S 7.67617 0.17617
EQS S 0.20883
EQS S 0.00058
EQS N nan
EQS S 0.10112
EQS N nan
EQS N nan
EQS N nan
EQS N nan
EQS N nan
EQS N nan
EQS N nan
EQS N nan
EQS S 0.01922
EQS S 0.0981
EQS N nan
EQS S 0.09977
EQS N nan
EQS S 0.00358
EQS S 0.00113
EQS S 5.69928 0.10072
EQS S 0.19976
EQS S 0.00575
EQS N nan
EQS N nan
EQS N nan
EQS N nan
EQS S 0.09896
EQS S 0.00122
EQS S 0.0846
EQS S 0.19374
EQS N nan
EQS S 0.09869
EQS S 0.19577
EQS N nan
EQS S 0.1
EQS N nan
EQS S 0.00039
EQS N nan
EQS N nan
EQS N nan
EQS N nan
EQS S 0.00136
EQS S 3.39835 0.10165
EQS N nan
EQS N nan
EQS S 2.29721
EQS S 0.001703
EQS S 0.10948
EQS S 0.02429
EQS S 0.00913
EQS S 0.103413
EQS N nan
EQS N nan
EQS S 5.28812 0.01188
EQS S 0.09938
EQS S 7.88119 0.08119
EQS N nan
EQS S 0.00052
EQS S 0.20123
EQS N nan
EQS N nan
EQS S 0.0006
EQS S 0.10092
EQS S 0.095859
EQS S 0.10977
EQS N nan
EQS N nan
EQS N nan
EQS S 0.293
EQS S 2.09797
EQS S 7.199317 6.199317 0.100683
EQS N nan
EQS N nan
EQS N nan
EQS N nan
EQS N nan
EQS S 0.19976
EQS S 6.499297 0.299297
EQS S 0.00922
EQS S 0.00551
EQS S 0.07582
EQS S 0.40043 6.00043
EQS S 0.20492
EQS N nan
EQS S 0.02427
EQS N nan
EQS N nan
EQS S 0.12465
EQS S 0.20018
EQS S 4.88654 0.01346
EQS N nan
EQS N nan
EQS N nan
EQS N nan
EQS S 0.00109
EQS S 0.0171
EQS S 0.00136
EQS N nan
EQS S 0.200093
EQS S 0.00951
EQS S 0.08018
EQS N nan
EQS N nan
EQS S 0.20892
EQS S 0.10171
EQS S 0.006
EQS S 0.00151
EQS S 0.0009
EQS S 2.87689
EQS N nan
EQS N nan
EQS S 0.01122
EQS N nan
EQS S 0.00212
EQS N nan
EQS N nan
EQS S 0.095859
EQS N nan
EQS S 0.29946
EQS N nan
EQS S 0.0095
EQS S 0.00145
EQS S 0.89767
EQS N nan
EQS S 0.00059
EQS N nan
EQS S 0.08112
EQS N nan
EQS N nan
EQS S 5.69928 0.10072
EQS N nan
EQS N nan
EQS N nan
EQS N nan
EQS N nan
EQS S 0.09092
EQS N nan
EQS N nan
EQS N nan
EQS S 0.00063
EQS S 7.2951 0.0951
EQS N nan
EQS N nan
EQS N nan
EQS S 0.37587
EQS N nan
EQS S 0.0
EQS N nan
EQS N nan
EQS N nan
EQS S 5.69944 0.10056
EQS N nan
EQS N nan
EQS S 0.11866
EQS S 0.00044
EQS S 0.0977
EQS S 0.00467
EQS N nan
EQS N nan
EQS N nan
EQS S 0.00097
EQS N nan
EQS S 0.19786
EQS N nan
EQS N nan
EQS N nan
EQS S 0.10027
EQS N nan
EQS N nan
EQS S 0.00665
EQS S 0.09767
EQS N nan
EQS S 0.08088
EQS S 0.290417
EQS S 0.00472
EQS N nan
EQS N nan
EQS N nan
EQS S 0.0999
EQS S 0.09985
EQS S 0.00075
EQS S 0.00644
EQS N nan
EQS N nan
EQS N nan
EQS N nan
EQS S 0.08106
EQS N nan
EQS S 0.0009
EQS S 0.00455
EQS S 0.10171
EQS N nan
EQS N nan
EQS S 0.37587
EQS N nan
EQS S 0.00575
EQS N nan
EQS S 9.15292
EQS S 0.19786
EQS S 0.00148
EQS S 0.00079
EQS S 1.88515
EQS S 0.002681
EQS N nan
EQS S 0.00148
EQS N nan
EQS S 0.2
EQS S 0.10147
EQS N nan
EQS N nan
EQS N nan
EQS N nan
EQS N nan
EQS N nan
EQS S 0.00575
EQS N nan
EQS S 0.00132
EQS S 0.00037
EQS S 0.00752
EQS N nan
EQS N nan
EQS S 0.02396
EQS S 0.00839
EQS S 0.08106
EQS S 0.09197
EQS S 0.00529
EQS N nan
EQS N nan
EQS S 0.09092
EQS N nan
EQS N nan
EQS N nan
EQS S 0.00132
EQS S 0.39245
EQS S 0.095859
EQS S 0.00249
EQS S 0.00929
EQS N nan
EQS N nan
EQS S 0.00259
EQS S 5.39929 0.29929
EQS N nan
EQS S 0.199267
EQS N nan
EQS S 0.10084
EQS S 0.89767
EQS N nan
EQS N nan
EQS S 0.00068
EQS N nan
EQS N nan
EQS N nan
EQS N nan
EQS N nan
EQS N nan
EQS S 0.0
EQS N nan
EQS N nan
EQS S 0.10052
EQS N nan
EQS N nan
EQS S 0.1
EQS N nan
EQS N nan
EQS S 0.00439
EQS N nan
EQS N nan
EQS N nan
EQS S 0.01003
EQS N nan
EQS N nan
EQS N nan
EQS S 0.09847
EQS N nan
EQS N nan
EQS S 0.00094
EQS S 0.00018
EQS N nan
EQS N nan
EQS S 0.0977
EQS N nan
EQS S 0.40043 6.00043
EQS S 0.11129
EQS N nan
EQS N nan
EQS N nan
EQS N nan
EQS N nan
EQS N nan
EQS N nan
EQS N nan
EQS N nan
EQS S 0.09506
EQS N nan
EQS S 0.01987
EQS N nan
EQS S 0.11114
EQS S 0.0005
EQS S 0.00174
EQS S 0.090827
EQS S 0.002379
EQS N nan
EQS N nan
EQS S 0.002103
EQS N nan
EQS N nan
EQS S 0.09153
EQS S 0.19356
EQS N nan
EQS N nan
EQS N nan
EQS N nan
EQS S 0.09048
EQS S 0.09086
EQS N nan
EQS S 7.798686 1.698686 0.001314
EQS N nan
EQS S 0.08042
EQS S 6.99963 0.00037
EQS S 0.103614
EQS S 0.29839
EQS S 0.09113
EQS S 0.1
EQS N nan
EQS S 0.00133
EQS S 5.69944 0.10056
EQS S 0.20158
EQS S 0.00061
EQS N nan
EQS N nan
EQS N nan
EQS S 0.00103
EQS N nan
EQS S 5.8991 0.0009
EQS S 0.17625
EQS S 0.00044
EQS N nan
EQS N nan
EQS N nan
EQS N nan
EQS N nan
EQS N nan
EQS N nan
EQS S 0.19096
EQS S 0.004791
EQS N nan
EQS N nan
EQS N nan
EQS N nan
EQS S 0.00575
EQS S 0.17595
EQS S 0.10126
EQS N nan
EQS N nan
EQS N nan
EQS N nan
EQS S 0.17595
EQS S 0.006
EQS S 0.00234
EQS S 0.00091
EQS S 0.19924
EQS N nan
EQS N nan
EQS N nan
EQS N nan
EQS S 0.19904
EQS S 0.11438
EQS S 0.02257
EQS N nan
EQS N nan
EQS N nan
EQS S 2.29904
EQS S 0.1
EQS N nan
EQS N nan
EQS N nan
EQS N nan
EQS N nan
EQS N nan
EQS S 0.00033
EQS N nan
EQS S 3.0943 0.0057
EQS S 0.00942
EQS S 0.20902
EQS S 0.69882
EQS N nan
EQS S 0.39364
EQS S 0.00103
EQS N nan
EQS S 0.00071
EQS N nan
EQS N nan
EQS S 0.10029
EQS N nan
EQS S 0.00415
EQS P 3.49387 0.30613
EQS N nan
EQS S 7.29962 3.59962 0.09962 7.80038
EQS S 0.00043
EQS N nan
EQS S 0.0
EQS S 0.00011
EQS S 0.20194
EQS S 0.101193
EQS N nan
EQS N nan
EQS N nan
EQS S 0.1
EQS S 3.0943 0.0057
EQS N nan
EQS S 0.02429
EQS S 0.10078
EQS N nan
EQS N nan
EQS S 0.19786
EQS S 6.69477 0.00523
EQS S 0.01808
EQS N nan
EQS S 0.10104
EQS S 0.19976
EQS N nan
EQS S 0.00101
EQS S 0.108713
EQS S 0.29243
EQS S 0.00111
EQS N nan
EQS S 0.00131
EQS N nan
EQS N nan
EQS S 4.3991 0.1991
EQS N nan
EQS S 0.001151
EQS S 0.00644
EQS N nan
EQS N nan
EQS S 0.00044
EQS N nan
EQS S 0.00179
EQS S 0.19577
EQS N nan
EQS S 0.20123
EQS S 0.10171
EQS S 0.08057
EQS N nan
EQS N nan
EQS S 0.0981
EQS N nan
EQS S 0.0092
EQS S 0.109363
EQS S 0.19902
EQS S 0.0004
EQS N nan
EQS S 3.29981 0.39981
EQS N nan
EQS N nan
EQS N nan
EQS N nan
EQS S 0.00042
EQS N nan
EQS N nan
EQS N nan
EQS N nan
EQS S 0.00124
EQS S 0.07542
EQS S 0.00123
EQS N nan
EQS N nan
EQS S 6.99963 0.00037
EQS N nan
EQS S 2.19793 0.09793
EQS S 0.00955
EQS N nan
EQS N nan
EQS N nan
EQS N nan
EQS S 0.00115
EQS S 0.01987
EQS N nan
EQS N nan
EQS N nan
EQS S 0.00259
EQS N nan
EQS N nan
EQS N nan
EQS N nan
EQS S 0.00046
EQS S 0.01935
EQS S 3.68023 0.08023
EQS S 0.18036
EQS S 0.00936
EQS S 0.09885
EQS S 0.09359
EQS S 0.506943
EQS S 0.10593
EQS N nan
EQS N nan
EQS S 0.01558
EQS S 6.499297 0.299297
EQS N nan
EQS N nan
EQS S 0.00011
EQS S 0.30366
EQS N nan
EQS S 0.10052
EQS N nan
EQS S 0.10194
EQS S 0.09968
EQS S 0.00031
EQS N nan
EQS N nan
EQS N nan
EQS N nan
EQS N nan
EQS N nan
EQS N nan
EQS S 0.30366
EQS S 0.1
EQS S 0.00013
EQS N nan
EQS S 0.01201
EQS N nan
EQS S 0.10236
EQS S 0.10012
EQS N nan
EQS N nan
EQS N nan
EQS S 0.00062
EQS N nan
EQS S 0.00922
EQS S 0.1014
EQS S 0.02257
EQS N nan
EQS N nan
EQS S 0.09871
EQS N nan
EQS N nan
EQS S 0.01951
EQS N nan
EQS N nan
EQS N nan
EQS N nan
EQS N nan
EQS S 0.09958
EQS N nan
EQS S 0.19933
EQS S 0.393209
EQS S 0.00032 7.80032
EQS S 0.10126
EQS N nan
EQS S 3.990677 1.190677
EQS S 0.09871
EQS S 0.0
EQS N nan
EQS S 0.10013
EQS S 0.10163
EQS S 0.02257
EQS N nan
EQS N nan
EQS N nan
EQS S 0.01989
EQS S 0.10193
EQS N nan
EQS N nan
EQS N nan
EQS N nan
EQS N nan
EQS S 0.39825
EQS N nan
EQS S 0.00164
EQS S 0.00472
EQS N nan
EQS S 0.09931
EQS S 0.10012
EQS N nan
EQS N nan
EQS N nan
EQS S 0.201621
EQS N nan
EQS N nan
EQS N nan
EQS S 0.00011
EQS N nan
EQS N nan
EQS S 0.00031
EQS S 0.0007
EQS S 0.09776
EQS N nan
EQS N nan
EQS N nan
EQS N nan
EQS N nan
EQS S 0.2
EQS N nan
EQS S 0.1014
EQS N nan
EQS N nan
EQS N nan
EQS N nan
EQS N nan
EQS N nan
EQS S 0.19033
EQS S 0.0
EQS S 0.002103
EQS N nan
EQS N nan
EQS S 3.48093 0.01907
EQS S 0.02393
EQS S 0.00039
EQS S 0.08057
EQS N nan
EQS N nan
EQS N nan
EQS S 0.02476
EQS N nan
EQS S 0.09359
EQS N nan
EQS N nan
EQS S 0.02261
EQS N nan
EQS S 0.02449
EQS S 1.195416
EQS S 0.01928
EQS S 0.00238
EQS N nan
EQS N nan
EQS N nan
EQS S 0.00872
EQS S 0.08976
EQS S 0.01918
EQS N nan
EQS N nan
EQS S 0.40043 6.00043
EQS S 0.10013
EQS S 0.10003
EQS N nan
EQS N nan
EQS N nan
EQS N nan
EQS N nan
EQS S 3.29981 0.39981
EQS S 5.69928 0.10072
EQS N nan
EQS N nan
EQS S 6.79145 0.19145
EQS S 0.01339
EQS N nan
EQS S 6.79975 0.19975
EQS N nan
EQS N nan
EQS N nan
EQS S 0.00279
EQS S 0.00173
EQS S 0.0982
EQS N nan
EQS S 0.09952
EQS N nan
EQS S 0.2
EQS S 0.00044
EQS S 0.19772
EQS S 0.10003
EQS S 0.02257
EQS S 0.89767
EQS N nan
EQS S 0.00338
EQS N nan
EQS S 3.29981 0.39981
EQS N nan
EQS N nan
EQS S 0.00136
EQS S 0.07593
EQS N nan
EQS S 0.201621
EQS S 0.00249
EQS S 0.100243
EQS N nan
EQS N nan
EQS S 0.10308
EQS S 0.10126
EQS S 0.006423
EQS N nan
EQS N nan
EQS S 0.09045
EQS N nan
EQS S 0.009763
EQS S 0.105259
EQS N nan
EQS S 0.01919
EQS N nan
EQS S 0.19699
EQS N nan
EQS N nan
EQS S 0.4903
EQS N nan
EQS N nan
EQS S 0.19356
EQS N nan
EQS S 0.0009
EQS S 0.11129
EQS S 0.8
EQS N nan
EQS N nan
EQS N nan
EQS S 0.00525
EQS S 0.100193
EQS S 0.00946
EQS S 0.28042
EQS S 0.0977
EQS S 0.00078
EQS S 0.09968
EQS N nan
EQS N nan
EQS S 0.00052
EQS S 0.2
EQS S 0.00225
EQS N nan
EQS N nan
EQS N nan
EQS S 0.09871
EQS N nan
EQS N nan
EQS N nan
EQS N nan
EQS S 0.00161
EQS N nan
EQS S 0.19902
EQS N nan
EQS S 0.0028
EQS S 0.29019
EQS S 0.02476
EQS N nan
EQS S 0.09952
EQS S 0.00059
EQS S 0.00136
EQS S 0.09399
EQS N nan
EQS S 0.09757
EQS N nan
EQS S 0.1
EQS S 0.10027
EQS S 7.39743 0.00257
EQS N nan
EQS S 0.599907
EQS N nan
EQS N nan
EQS S 0.00651
EQS N nan
EQS S 0.02393
EQS N nan
EQS S 0.10094 2.80094
EQS N nan
EQS N nan
EQS N nan
EQS N nan
EQS N nan
EQS S 1.70413
EQS N nan
EQS S 5.99919 0.30081
EQS S 0.00048
EQS N nan
EQS N nan
EQS N nan
EQS S 2.59988 0.00012
EQS S 0.00427
EQS N nan
EQS N nan
EQS S 0.00203
EQS N nan
EQS N nan
EQS S 5.29968 0.00032
EQS S 0.01808
EQS S 0.00044
EQS N nan
EQS N nan
EQS S 0.00626
EQS N nan
EQS N nan
EQS S 0.00089
EQS S 0.09054
EQS S 6.69927 0.00073
EQS S 6.499297 0.299297
EQS N nan
EQS N nan
EQS S 0.0011
EQS N nan
EQS N nan
EQS S 0.39364
EQS N nan
EQS S 0.093327
EQS S 0.00045
EQS N nan
EQS N nan
EQS N nan
EQS S 0.09256
EQS N nan
EQS S 1.89936 0.00064
EQS S 0.00145
EQS N nan
EQS S 0.194119
EQS N nan
EQS S 0.02396
EQS S 0.17615
EQS N nan
EQS S 0.00165
EQS N nan
EQS N nan
EQS N nan
EQS S 0.19775
EQS S 0.00439
EQS N nan
EQS S 0.10759
EQS N nan
EQS S 7.497387 6.597387 0.497387
EQS N nan
EQS N nan
EQS N nan
EQS S 0.0
EQS N nan
EQS S 5.19185 0.00815
EQS N nan
EQS N nan
EQS S 0.11926
EQS S 0.00132
EQS N nan
EQS N nan
EQS N nan
EQS N nan
EQS S 0.08055
EQS S 0.01975
EQS N nan
EQS N nan
EQS N nan
EQS S 0.00951
EQS N nan
EQS S 0.2
EQS N nan
EQS N nan
EQS S 0.09617
EQS S 0.19915
EQS S 0.00022
EQS N nan
EQS S 0.01918
EQS S 0.1
EQS N nan
EQS S 5.199797 0.100203
EQS S 0.28042
EQS S 0.21907
EQS N nan
EQS S 7.28082 0.08082
EQS S 0.099787
EQS N nan
EQS S 0.01432
EQS S 0.01937
EQS S 0.1011
EQS N nan
EQS N nan
EQS S 0.00444
EQS S 6.27586 0.02414
EQS S 0.002633
EQS N nan
EQS S 0.00101
EQS S 3.4988 0.0988
EQS N nan
EQS S 0.00644
EQS N nan
EQS N nan
EQS S 5.09839 0.00161
EQS N nan
EQS S 0.10141
EQS N nan
EQS S 5.69944 0.10056
EQS S 0.18456
EQS N nan
EQS S 0.00181
EQS S 0.12418
EQS S 0.09095
EQS S 0.00058
EQS S 0.0
EQS N nan
EQS N nan
EQS N nan
EQS N nan
EQS S 7.67617 0.17617
EQS S 0.0
EQS S 0.00053
EQS S 0.09095
EQS S 0.29856
EQS S 0.09164
EQS N nan
EQS S 0.09663
EQS S 0.09737
EQS S 0.17595
EQS S 0.09893
EQS S 2.190147 0.109853
EQS N nan
EQS N nan
EQS S 0.09874
EQS N nan
EQS S 0.09893
EQS N nan
EQS S 0.09663
EQS S 0.00053
EQS N nan
EQS S 0.10023
EQS N nan
EQS N nan
EQS N nan
EQS N nan
EQS N nan
EQS N nan
EQS N nan
EQS S 0.1911
EQS N nan
EQS N nan
EQS N nan
EQS N nan
EQS N nan
EQS N nan
EQS N nan
EQS S 3.39761 0.10239
EQS S 0.00211
EQS N nan
EQS S 0.099787
EQS S 0.006853
EQS S 0.02454
EQS N nan
EQS S 0.20126
EQS N nan
EQS S 0.00079
EQS N nan
EQS N nan
EQS S 3.0943 0.0057
EQS N nan
EQS N nan
EQS S 7.690947 0.209053
EQS N nan
EQS N nan
EQS S 0.00665
EQS N nan
EQS N nan
EQS N nan
EQS S 0.09892
EQS N nan
EQS S 0.10152
EQS S 0.00231
EQS S 0.09113
EQS S 0.19997
EQS N nan
EQS S 0.11937
EQS S 0.10003
EQS N nan
EQS N nan
EQS S 1.88515
EQS S 5.8991 0.0009
EQS N nan
EQS S 0.10056
EQS S 0.0014
EQS S 0.199267
EQS N nan
EQS S 0.09961
EQS N nan
EQS S 0.10088
EQS N nan
EQS N nan
EQS N nan
EQS N nan
EQS N nan
EQS S 0.099787
EQS S 0.09702
EQS N nan
EQS S 0.00259
EQS N nan
EQS N nan
EQS S 0.00467
EQS S 0.00115
EQS S 0.1977
EQS N nan
EQS S 0.10023
EQS S 0.19692
EQS N nan
EQS N nan
EQS S 3.0943 0.0057
EQS N nan
EQS N nan
EQS N nan
EQS N nan
EQS N nan
EQS S 3.998939 0.001061
EQS N nan
EQS S 0.0
EQS N nan
EQS S 0.19356
EQS S 0.00177
EQS N nan
EQS N nan
EQS S 0.00111
EQS S 0.00985
EQS S 0.39833
EQS N nan
EQS N nan
EQS S 0.0
EQS S 0.39882
EQS S 0.1
EQS S 0.89916
EQS S 0.01937
EQS N nan
EQS N nan
EQS S 0.093327
EQS S 0.12408
EQS P 2.99737
EQS N nan
EQS P 1.09525
EQS S 0.11114
EQS S 0.00821
EQS N nan
EQS S 0.29427
EQS N nan
EQS S 0.09959
EQS S 6.394857 0.194857
EQS N nan
EQS S 0.09663
EQS S 0.07941
EQS N nan
EQS S 0.1972
EQS N nan
EQS N nan
EQS N nan
EQS N nan
EQS N nan
EQS S 0.00071
EQS S 0.1
EQS N nan
EQS S 0.19874
EQS N nan
EQS N nan
EQS N nan
EQS N nan
EQS N nan
EQS S 0.01006
EQS N nan
EQS N nan
EQS N nan
EQS S 5.29968 0.00032
EQS S 5.99793 0.00207
EQS N nan
EQS S 0.002053
EQS S 0.09796
EQS S 5.39929 0.29929
EQS N nan
EQS N nan
EQS S 0.1
EQS S 0.1
EQS N nan
EQS N nan
EQS N nan
EQS N nan
EQS N nan
EQS N nan
EQS S 0.00061
EQS N nan
EQS N nan
EQS N nan
EQS S 0.10003
EQS N nan
EQS S 3e-05
EQS N nan
EQS S 0.0008
EQS S 0.00946
EQS S 0.10234
EQS N nan
EQS S 0.09907
EQS N nan
EQS S 0.47538
EQS S 0.00124
EQS N nan
EQS S 0.995027 0.004973
EQS N nan
EQS S 0.01898
EQS S 0.01945
EQS N nan
EQS N nan
EQS S 0.02398
EQS S 0.00872
EQS S 0.0
EQS S 0.0015
EQS S 0.12453
EQS S 6.79145 0.19145
EQS S 0.200093
EQS N nan
EQS N nan
EQS N nan
EQS S 2.78741 0.18741
EQS S 0.00072
EQS S 0.00082
EQS S 0.001983
EQS S 0.10023
EQS S 0.0007
EQS S 0.01862
EQS S 0.008763
EQS S 4.68138 0.38138
EQS S 0.08146
EQS S 0.00537
EQS N nan
EQS N nan
EQS S 0.0247
EQS N nan
EQS N nan
EQS N nan
EQS S 0.29243
EQS S 0.00097
EQS S 6.28564 0.18564
EQS S 0.17615
EQS N nan
EQS N nan
EQS N nan
EQS S 1.908704
EQS N nan
EQS S 0.00098
EQS S 0.19915
EQS N nan
EQS N nan
EQS S 0.01122
EQS S 0.49904
EQS S 0.10157
EQS S 7.89934 0.30066
EQS S 0.00101
EQS N nan
EQS S 0.08082 6.21918
EQS S 0.01642
EQS N nan
EQS N nan
EQS N nan
EQS N nan
EQS N nan
EQS N nan
EQS N nan
EQS N nan
EQS N nan
EQS N nan
EQS N nan
EQS S 0.0011
EQS S 0.00107
EQS S 0.18087
EQS N nan
EQS S 0.100243
EQS N nan
EQS S 0.02396
EQS S 0.09197
EQS S 1.090397
EQS S 0.00053
EQS S 0.10026
EQS N nan
EQS S 0.090537
EQS S 0.101983
EQS S 0.20056
EQS N nan
EQS N nan
EQS S 0.0005
EQS S 0.1
EQS S 0.08264
EQS N nan
EQS N nan
EQS N nan
EQS S 0.0813 6.0187
EQS S 0.00461
EQS S 0.10181
EQS S 0.00642
EQS N nan
EQS S 0.20943
EQS S 0.00151
EQS S 0.00427
EQS S 0.20123
EQS S 0.09872
EQS N nan
EQS S 0.08128
EQS S 4.7
EQS N nan
EQS S 0.00065
EQS S 6.99963 0.00037
EQS S 0.10052
EQS P 3.49387 0.30613
EQS S 0.20011
EQS N nan
EQS N nan
EQS N nan
EQS N nan
EQS N nan
EQS S 0.00025
EQS N nan
EQS N nan
EQS N nan
EQS S 0.5
EQS S 3.0943 0.0057
EQS N nan
EQS N nan
EQS N nan
EQS N nan
EQS S 0.1
EQS N nan
EQS N nan
EQS N nan
EQS N nan
EQS N nan
EQS N nan
EQS S 3.29981 0.39981
EQS N nan
EQS N nan
EQS S 0.0092
EQS N nan
EQS S 0.29866
EQS S 0.19745
EQS N nan
EQS S 0.20056
EQS N nan
EQS S 0.390807
EQS S 0.01855
EQS N nan
EQS S 0.19983
EQS N nan
EQS N nan
EQS N nan
EQS S 0.40201
EQS S 0.00178
EQS S 0.29808
EQS S 0.09872
EQS N nan
EQS N nan
EQS S 0.00178
EQS S 0.004723
EQS S 0.497877
EQS S 0.006
EQS S 0.10948
EQS N nan
EQS S 0.102034
EQS N nan
EQS N nan
EQS N nan
EQS N nan
EQS N nan
EQS N nan
EQS N nan
EQS S 0.19356
EQS S 0.12418
EQS N nan
EQS N nan
EQS N nan
EQS S 0.10003
EQS S 0.11584
EQS S 0.02432
EQS N nan
EQS S 0.00169
EQS S 0.10028
EQS N nan
EQS N nan
EQS S 0.08028
EQS N nan
EQS S 0.39825
EQS N nan
EQS N nan
EQS S 2.3994
EQS N nan
EQS N nan
EQS N nan
EQS N nan
EQS N nan
EQS S 0.10056
EQS S 1.90305
EQS N nan
EQS N nan
EQS S 0.01987
EQS S 0.19925
EQS S 0.01905
EQS S 0.1096
EQS S 0.0014
EQS S 0.00052
EQS N nan
EQS S 0.1096
EQS S 0.10987
EQS N nan
EQS S 3.48093 0.01907
EQS S 0.29386
EQS N nan
EQS S 0.0
EQS S 0.00061
EQS N nan
EQS N nan
EQS N nan
EQS S 0.09704
EQS S 0.09924
EQS S 2.59988 0.00012
EQS S 0.10758
EQS N nan
EQS S 0.00652
EQS S 0.101133
EQS N nan
EQS S 0.10033
EQS N nan
EQS N nan
EQS S 0.10013
EQS S 0.097537
EQS N nan
EQS N nan
EQS S 0.0
EQS N nan
EQS S 0.00467
EQS N nan
EQS S 0.00049
EQS N nan
EQS S 6.09181 0.10819
EQS N nan
EQS N nan
EQS S 0.00642
EQS N nan
EQS N nan
EQS N nan
EQS S 0.20024
EQS N nan
EQS S 0.1017
EQS S 0.02257
EQS S 7.17546 0.07546
EQS S 0.001151
EQS N nan
EQS N nan
EQS S 2.99896 0.00104
EQS N nan
EQS S 0.01339
EQS N nan
EQS N nan
EQS S 0.10078
EQS S 0.00966
EQS S 0.00082
EQS N nan
EQS S 0.01558
EQS S 0.009383
EQS S 0.09907
EQS N nan
EQS N nan
EQS S 0.09968
EQS S 0.0006
EQS N nan
EQS S 1.49926
EQS S 0.09786
EQS S 0.00957
EQS N nan
EQS S 0.198459
EQS S 7.39881
EQS S 0.09011
EQS N nan
EQS N nan
EQS S 3.59075 0.00925
EQS S 0.09956
EQS N nan
EQS S 1.00186
EQS S 0.10089
EQS S 0.20883
EQS N nan
EQS N nan
EQS N nan
EQS N nan
EQS N nan
EQS N nan
EQS N nan
EQS N nan
EQS S 0.09934
EQS N nan
EQS S 0.00442
EQS N nan
EQS S 0.01928
EQS S 0.599907
EQS S 0.109363
EQS N nan
EQS S 0.00136
EQS N nan
EQS N nan
EQS S 0.0028
EQS N nan
EQS N nan
EQS N nan
EQS N nan
EQS N nan
EQS S 0.10084
EQS N nan
EQS S 0.598626
EQS S 0.099737
EQS N nan
EQS S 3.37553 0.17553
EQS N nan
EQS N nan
EQS N nan
EQS S 0.00212 6.00212 0.08212 5.98212
EQS N nan
EQS N nan
EQS S 0.00097
EQS N nan
EQS S 0.00011
EQS N nan
EQS N nan
