PXS S 0.29336
PXS S 5.89694 0.00306
PXS N nan
PXS N nan
PXS S 0.21091
PXS N nan
PXS N nan
PXS N nan
PXS S 0.20099
PXS N nan
PXS N nan
PXS S 0.69939
PXS N nan
PXS N nan
PXS S 6.392016 0.607984
PXS N nan
PXS S 0.202475
PXS S 0.101224
PXS N nan
PXS S 1.87579
PXS S 2.899197 0.099197
PXS S 1.29385
PXS N nan
PXS S 0.29831
PXS N nan
PXS S 0.21091
PXS N nan
PXS S 2.3803
PXS N nan
PXS S 0.100893
PXS N nan
PXS N nan
PXS S 0.016601
PXS S 2.29173 0.10827
PXS N nan
PXS N nan
PXS N nan
PXS N nan
PXS N nan
PXS S 3.69079 2.69079
PXS N nan
PXS N nan
PXS S 0.298607
PXS S 0.4
PXS N nan
PXS N nan
PXS P 0.49862
PXS N nan
PXS N nan
PXS N nan
PXS S 4.19747 0.10253
PXS S 0.02381
PXS S 0.12375
PXS N nan
PXS S 0.690177
PXS N nan
PXS S 9.3e-05
PXS S 0.898307
PXS N nan
PXS N nan
PXS N nan
PXS S 0.202475
PXS N nan
PXS N nan
PXS N nan
PXS N nan
PXS S 0.30062
PXS S 0.09939
PXS N nan
PXS N nan
PXS P 7.59921
PXS S 0.298866
PXS N nan
PXS S 6.298647 0.298647
PXS N nan
PXS S 0.69981
PXS N nan
PXS N nan
PXS N nan
PXS S 6.392016 0.607984
PXS S 1.29385
PXS S 5.897897 0.102103
PXS S 0.00873
PXS N nan
PXS N nan
PXS N nan
PXS S 0.40332
PXS N nan
PXS S 0.208933
PXS N nan
PXS N nan
PXS N nan
PXS N nan
PXS N nan
PXS N nan
PXS N nan
PXS S 0.10235
PXS S 2.10057
PXS S 0.90145
PXS N nan
PXS N nan
PXS N nan
PXS S 0.00746
PXS P 0.49862
PXS S 0.12375
PXS S 0.00739
PXS S 0.598977
PXS S 0.09954
PXS S 1.09306
PXS N nan
PXS N nan
PXS N nan
PXS N nan
PXS S 2.594179
PXS S 2.29173 0.10827
PXS S 5.499249 0.199249
PXS S 7.89651 0.30349
PXS N nan
PXS S 6.199276 0.300724
PXS S 0.31316
PXS N nan
PXS N nan
PXS S 0.10168
PXS S 0.09785
PXS S 0.190169
PXS S 1.1
PXS S 0.198617
PXS N nan
PXS N nan
PXS S 0.69939
PXS N nan
PXS N nan
PXS S 5.69867 0.49867
PXS S 0.00281
PXS N nan
PXS N nan
PXS N nan
PXS S 0.6071
PXS S 5.897897 0.102103
PXS N nan
PXS S 7.098837 0.098837
PXS P 2.0997
PXS S 9.3e-05
PXS S 2.594179
PXS N nan
PXS S 0.890209
PXS N nan
PXS N nan
PXS S 0.00311
PXS S 1.19735
PXS S 1.99587
PXS S 7.598706 0.098706
PXS N nan
PXS S 0.10843
PXS N nan
PXS N nan
PXS N nan
PXS S 0.50182
PXS S 0.198617
PXS N nan
PXS N nan
PXS N nan
PXS N nan
PXS N nan
PXS S 0.1074
PXS S 0.21091
PXS P 4.5
PXS N nan
PXS S 0.08258
PXS N nan
PXS N nan
PXS N nan
PXS N nan
PXS S 0.208933
PXS N nan
PXS S 0.298157
PXS N nan
PXS N nan
PXS S 0.00104
PXS N nan
PXS N nan
PXS N nan
PXS S 0.100653
PXS S 0.10215
PXS S 5.89937
PXS N nan
PXS S 0.5999
PXS S 0.39854
PXS N nan
PXS S 3.89762 0.20238
PXS S 0.39928
PXS S 0.09093
PXS N nan
PXS S 0.201561
PXS N nan
PXS N nan
PXS P 6.69214
PXS N nan
PXS N nan
PXS S 0.10497
PXS S 0.19981
PXS S 0.10497
PXS S 0.00595
PXS S 6.99953 0.00047
PXS N nan
PXS N nan
PXS N nan
PXS S 0.002813
PXS N nan
PXS S 0.67595
PXS S 0.99864
PXS S 0.21091
PXS S 0.102273
PXS N nan
PXS N nan
PXS S 1.20064
PXS S 0.49362
PXS N nan
PXS N nan
PXS N nan
PXS S 0.09785
PXS S 0.97542
PXS N nan
PXS S 0.19224
PXS S 7.892397 0.007603
PXS N nan
PXS P 2.9
PXS P 2.999907
PXS N nan
PXS S 0.208933
PXS N nan
PXS S 0.10085
PXS S 0.6071
PXS P 6.5892
PXS S 0.01966
PXS S 0.009251
PXS P 2.9
PXS S 0.11153
PXS N nan
PXS N nan
PXS N nan
PXS N nan
PXS N nan
PXS S 5.499249 0.199249
PXS N nan
PXS N nan
PXS S 0.101123
PXS N nan
PXS N nan
PXS N nan
PXS N nan
PXS S 0.00686
PXS S 0.202475
PXS S 1.89917
PXS N nan
PXS N nan
PXS N nan
PXS S 0.00991
PXS S 0.00015
PXS N nan
PXS S 0.103073
PXS N nan
PXS S 0.09969
PXS S 4.38098 0.01902
PXS P 0.49862
PXS N nan
PXS S 1.49999
PXS S 0.302073
PXS S 0.29831
PXS S 0.19981
PXS S 0.00042
PXS N nan
PXS S 0.21091
PXS N nan
PXS N nan
PXS S 0.0009
PXS S 1.39955
PXS S 0.69939
PXS N nan
PXS N nan
PXS S 3.18148
PXS S 0.1074
PXS S 2.29689
PXS S 0.11939
PXS S 5.798387 0.298387
PXS S 0.0971
PXS N nan
PXS S 0.108873
PXS S 0.50763
PXS N nan
PXS N nan
PXS S 1.29385
PXS N nan
PXS S 0.00595
PXS S 0.490037
PXS N nan
PXS S 0.10235
PXS N nan
PXS N nan
PXS P 2.9
PXS S 3.89762 0.20238
PXS N nan
PXS S 0.298167
PXS S 0.10546
PXS S 7.892397 0.007603
PXS S 0.298167
PXS N nan
PXS S 0.19952
PXS N nan
PXS S 1.29798
PXS S 1.99997 3e-05
PXS S 4.399257 0.199257
PXS S 4.38098 0.01902
PXS S 3.00233
PXS S 0.50763
PXS S 7.29702 0.00298
PXS S 0.30022
PXS P 6.69214
PXS S 0.009234
PXS S 0.10546
PXS S 0.10804 2.90804
PXS S 0.00015
PXS N nan
PXS N nan
PXS S 5.897897 0.102103
PXS S 5.499249 0.199249
PXS S 3.89762 0.20238
PXS N nan
PXS S 0.30211
PXS S 6.098266 0.001734
PXS S 0.00482
PXS S 0.00686
PXS S 0.10487
PXS P 6.5892
PXS N nan
PXS N nan
PXS S 0.208933
PXS S 5.59619 0.00381
PXS N nan
PXS P 4.5
PXS S 0.11939
PXS S 0.009633
PXS N nan
PXS N nan
PXS N nan
PXS N nan
PXS S 7.08071 1.08071
PXS S 1.20064
PXS S 0.00991
PXS S 0.5999
PXS N nan
PXS N nan
PXS N nan
PXS N nan
PXS S 0.1002
PXS N nan
PXS N nan
PXS S 0.009463
PXS S 0.59931
PXS N nan
PXS N nan
PXS S 0.49362
PXS S 0.890209
PXS N nan
PXS S 0.00042
PXS N nan
PXS S 0.39558
PXS S 6.298647 0.298647
PXS S 5.798387 0.298387
PXS N nan
PXS S 0.21091
PXS S 0.100833
PXS S 0.39876 2.80124
PXS S 0.298607
PXS S 0.29876
PXS N nan
PXS N nan
PXS S 5.59917 0.10083
PXS N nan
PXS S 0.101224
PXS S 0.00037
PXS N nan
PXS S 0.00703
PXS S 0.11153
PXS S 0.00104
PXS N nan
PXS S 5.897897 0.102103
PXS N nan
PXS S 0.201561
PXS S 5.59619 0.00381
PXS N nan
PXS S 0.50763
PXS S 2.6905 0.0095
PXS S 3.00233
PXS N nan
PXS S 0.40332
PXS S 0.00304
PXS S 3.5942 0.1058
PXS S 5.899157 0.200843
PXS S 6.49951 0.39951
PXS S 0.10185
PXS S 0.000584
PXS S 0.20099
PXS S 0.1
PXS N nan
PXS N nan
PXS S 3.89762 0.20238
PXS S 0.39876 2.80124
PXS S 0.00104
PXS N nan
PXS N nan
PXS N nan
PXS N nan
PXS N nan
PXS N nan
PXS N nan
PXS S 0.007423
PXS N nan
PXS S 0.009463
PXS N nan
PXS S 6.499407 0.200593
PXS N nan
PXS S 0.10487
PXS S 3.00233
PXS N nan
PXS S 0.09927
PXS S 0.31316
PXS S 3.299547 1.699547
PXS S 0.21091
PXS N nan
PXS S 0.59923
PXS S 3.000283
PXS N nan
PXS N nan
PXS N nan
PXS N nan
PXS N nan
PXS S 0.00275
PXS N nan
PXS N nan
PXS N nan
PXS S 1.799429
PXS N nan
PXS S 3.293
PXS N nan
PXS S 1.20064
PXS N nan
PXS S 7.29702 0.00298
PXS S 6.392016 0.607984
PXS N nan
PXS N nan
PXS N nan
PXS N nan
PXS N nan
PXS N nan
PXS N nan
PXS S 0.99864
PXS S 6.392016 0.607984
PXS N nan
PXS S 0.00042
PXS S 0.298866
PXS S 0.10034
PXS S 0.29831
PXS P 5.69049
PXS N nan
PXS S 0.10215
PXS S 4.99879 0.10121
PXS N nan
PXS S 0.11153
PXS S 0.59893
PXS S 4.99879 0.10121
PXS N nan
PXS S 0.399147
PXS N nan
PXS N nan
PXS N nan
PXS S 4.99879 0.10121
PXS N nan
PXS S 0.098627
PXS N nan
PXS N nan
PXS N nan
PXS S 6.98096 0.18096
PXS N nan
PXS P 0.49862
PXS S 0.009463
PXS P 4.5
PXS S 4.19747 0.10253
PXS S 1.89917
PXS S 0.490227
PXS N nan
PXS S 0.298167
PXS S 5.69867 0.49867
PXS S 1.99997 3e-05
PXS N nan
PXS N nan
PXS N nan
PXS N nan
PXS N nan
PXS S 0.09899
PXS S 0.29876
PXS S 0.00686
PXS N nan
PXS S 0.69461
PXS S 0.009251
PXS N nan
PXS S 0.009377
PXS S 3.399367 0.299367
PXS N nan
PXS N nan
PXS S 5.499249 0.199249
PXS N nan
PXS N nan
PXS S 0.39558
PXS N nan
PXS S 2.594179
PXS S 0.10012
PXS N nan
PXS S 1.1
PXS N nan
PXS N nan
PXS N nan
PXS N nan
PXS S 5.89937
PXS N nan
PXS S 5.499249 0.199249
PXS S 0.09954
PXS N nan
PXS S 5.79801 0.29801
PXS S 0.11986
PXS S 1.192617
PXS P 2.0997
PXS N nan
PXS S 0.08258
PXS S 0.09927
PXS N nan
PXS N nan
PXS P 4.5
PXS N nan
PXS S 0.00746
PXS S 0.12375
PXS N nan
PXS S 0.10497
PXS N nan
PXS S 0.22426
PXS S 2.597637
PXS S 0.1039
PXS N nan
PXS N nan
PXS N nan
PXS S 7.892397 0.007603
PXS N nan
PXS S 0.002033
PXS P 6.5892
PXS N nan
PXS N nan
PXS S 0.99952
PXS N nan
PXS N nan
PXS N nan
PXS P 6.69214
PXS N nan
PXS N nan
PXS N nan
PXS S 3.293
PXS N nan
PXS S 6.392016 0.607984
PXS N nan
PXS S 0.29336
PXS N nan
PXS N nan
PXS S 0.59893
PXS N nan
PXS S 5.897897 0.102103
PXS N nan
PXS S 1.790689
PXS S 0.298167
PXS S 2.598597
PXS P 4.5
PXS N nan
PXS S 2.6905 0.0095
PXS N nan
PXS S 1.99997 3e-05
PXS P 6.69214
PXS P 6.69214
PXS N nan
PXS N nan
PXS S 0.00991
PXS N nan
PXS N nan
PXS N nan
PXS S 7.8992 0.1008
PXS S 0.00127
PXS S 6.392016 0.607984
