EQP P 0.01978
EQP P 0.00073
EQP N nan
EQP N nan
EQP N nan
EQP N nan
EQP P 0.01922
EQP N nan
EQP N nan
EQP P 1.1989
EQP N nan
EQP P 0.150559
EQP P 0.02126
EQP N nan
EQP N nan
EQP P 0.11067
EQP P 0.150559
EQP N nan
EQP N nan
EQP P 0.0008
EQP P 0.00137
EQP P 0.58
EQP N nan
EQP N nan
EQP P 0.2
EQP N nan
EQP P 0.191607
EQP N nan
EQP N nan
EQP P 0.01115
EQP P 0.00056 5.10056
EQP N nan
EQP N nan
EQP N nan
EQP N nan
EQP P 0.00065
EQP N nan
EQP P 0.0
EQP N nan
EQP N nan
EQP N nan
EQP N nan
EQP P 0.03603
EQP P 0.02675
EQP N nan
EQP N nan
EQP N nan
EQP P 0.19184
EQP P 0.00084
EQP P 0.091607
EQP S 6.8
EQP P 0.021606
EQP N nan
EQP N nan
EQP N nan
EQP S 6.5
EQP N nan
EQP P 0.091607
EQP N nan
EQP N nan
EQP P 0.01922
EQP N nan
EQP N nan
EQP N nan
EQP N nan
EQP N nan
EQP P 0.2
EQP N nan
EQP N nan
EQP S 3.40281
EQP N nan
EQP P 0.040093
EQP S 0.395 2.105 7.005
EQP N nan
EQP P 0.001653
EQP N nan
EQP P 0.021606
EQP N nan
EQP N nan
EQP P 0.075 6.025 0.095 6.005
EQP P 0.39706
EQP P 0.00199
EQP S 0.7
EQP N nan
EQP P 0.02793
EQP N nan
EQP P 0.19802
EQP N nan
EQP P 0.00199
EQP N nan
EQP P 0.106213
EQP P 0.00928
EQP S 1.601
EQP N nan
EQP P 0.00023
EQP S 4.20011
EQP P 0.00056 5.10056
EQP P 5.39937 0.20063
EQP P 0.1
EQP P 0.040093
EQP N nan
EQP N nan
EQP P 2.225
EQP P 0.00927 7.30927
EQP N nan
EQP N nan
EQP N nan
EQP N nan
EQP N nan
EQP N nan
EQP N nan
EQP N nan
EQP N nan
EQP N nan
EQP P 0.198977
EQP N nan
EQP N nan
EQP N nan
EQP N nan
EQP N nan
EQP P 0.59411
EQP N nan
EQP P 0.150559
EQP N nan
EQP N nan
EQP P 0.68
EQP N nan
EQP N nan
EQP N nan
EQP P 0.008394
EQP N nan
EQP N nan
EQP N nan
EQP N nan
EQP N nan
EQP N nan
EQP N nan
EQP N nan
EQP P 0.001303
EQP P 0.12
EQP N nan
EQP P 0.04848
EQP P 0.06
EQP N nan
EQP N nan
EQP S 0.3
EQP N nan
EQP N nan
EQP N nan
EQP P 0.2
EQP P 0.0
EQP N nan
EQP P 0.040093
EQP N nan
EQP S 1.1 4.6
EQP N nan
EQP P 0.2
EQP P 0.1
EQP N nan
EQP N nan
EQP P 0.021607
EQP N nan
EQP P 0.09814
EQP N nan
EQP P 0.2
EQP P 0.50074
EQP N nan
EQP N nan
EQP N nan
EQP N nan
EQP N nan
EQP P 0.391607
EQP N nan
EQP N nan
EQP N nan
EQP S 2.47579
EQP N nan
EQP N nan
EQP N nan
EQP N nan
EQP N nan
EQP P 0.00927 7.30927
EQP N nan
EQP N nan
EQP N nan
EQP N nan
EQP N nan
EQP N nan
EQP P 0.0
EQP S 7.9
EQP N nan
EQP N nan
EQP N nan
EQP N nan
EQP N nan
EQP P 1.0
EQP N nan
EQP N nan
EQP P 0.6
EQP N nan
EQP N nan
EQP N nan
EQP N nan
EQP P 0.40348
EQP N nan
EQP N nan
EQP N nan
EQP P 0.0
EQP P 0.1
EQP N nan
EQP N nan
EQP N nan
EQP N nan
EQP N nan
EQP N nan
EQP N nan
EQP N nan
EQP N nan
EQP N nan
EQP P 0.7
EQP P 0.00624
EQP P 0.491607
EQP P 0.001673
EQP N nan
EQP P 0.09092
EQP N nan
EQP N nan
EQP N nan
EQP P 0.00199
EQP N nan
EQP N nan
EQP N nan
EQP P 0.58
EQP N nan
EQP N nan
EQP N nan
EQP N nan
EQP S 0.8
EQP N nan
EQP P 0.008394
EQP N nan
EQP P 1.5
EQP P 0.00659
EQP N nan
EQP P 0.00026
EQP P 0.12
EQP P 0.005
EQP N nan
EQP N nan
EQP N nan
EQP N nan
EQP N nan
EQP N nan
EQP N nan
EQP N nan
EQP P 0.00226
EQP N nan
EQP N nan
EQP P 0.02793
EQP N nan
EQP P 0.1
EQP N nan
EQP N nan
EQP N nan
EQP N nan
EQP P 0.3
EQP S 0.21245
EQP N nan
EQP P 0.375
EQP N nan
EQP N nan
EQP N nan
EQP N nan
EQP N nan
EQP P 0.0
EQP P 0.01978
EQP N nan
EQP N nan
EQP P 0.008393
EQP N nan
EQP P 0.40348
EQP N nan
EQP N nan
EQP N nan
EQP N nan
EQP P 0.00251
EQP N nan
EQP N nan
EQP P 0.008393
EQP N nan
EQP N nan
EQP P 0.00624
EQP P 0.00015
EQP N nan
EQP N nan
EQP P 0.0
EQP S 2.31234
EQP N nan
EQP N nan
EQP N nan
EQP P 0.1
EQP P 0.0
EQP N nan
EQP N nan
EQP P 0.009933
EQP P 0.09015
EQP N nan
EQP N nan
EQP N nan
EQP N nan
EQP N nan
EQP N nan
EQP N nan
EQP N nan
EQP N nan
EQP P 0.3
EQP N nan
EQP N nan
EQP P 0.18
EQP N nan
EQP N nan
EQP P 0.892947
EQP P 0.0
EQP P 0.008391
EQP P 0.0003
EQP P 0.191607
EQP P 0.00012
EQP N nan
EQP N nan
EQP N nan
EQP P 0.040093
EQP N nan
EQP N nan
EQP P 0.00114
EQP P 0.008393
EQP N nan
EQP N nan
EQP N nan
EQP N nan
EQP N nan
EQP P 0.04664
EQP P 0.000533 3.300533
EQP S 1.0013
EQP P 0.00012
EQP P 0.01978
EQP N nan
EQP N nan
EQP N nan
EQP N nan
EQP P 0.00067
EQP N nan
EQP N nan
EQP N nan
EQP P 1.89781
EQP P 0.7
EQP N nan
EQP N nan
EQP N nan
EQP N nan
EQP N nan
EQP N nan
EQP P 0.00868
EQP P 0.091607
EQP N nan
EQP P 0.00428
EQP N nan
EQP N nan
EQP N nan
EQP N nan
EQP N nan
EQP P 0.2
EQP N nan
EQP N nan
EQP N nan
EQP N nan
EQP P 0.0
EQP N nan
EQP N nan
EQP N nan
EQP N nan
EQP N nan
EQP N nan
EQP P 0.08017
EQP N nan
EQP N nan
EQP P 0.008393
EQP N nan
EQP N nan
EQP N nan
EQP P 0.10266
EQP N nan
EQP N nan
EQP N nan
EQP P 0.12
EQP P 0.491607
EQP N nan
EQP N nan
EQP P 0.00624
EQP P 0.0
EQP N nan
EQP N nan
EQP N nan
EQP N nan
EQP P 0.099807
EQP P 0.2
EQP N nan
EQP N nan
EQP N nan
EQP N nan
EQP N nan
EQP P 0.02675
EQP N nan
EQP N nan
EQP P 0.0
EQP N nan
EQP N nan
EQP P 0.000974
EQP N nan
EQP N nan
EQP N nan
EQP P 0.40348
EQP N nan
EQP N nan
EQP N nan
EQP N nan
EQP N nan
EQP N nan
EQP N nan
EQP N nan
EQP P 0.01
EQP P 0.21
EQP N nan
EQP P 0.19801
EQP S 0.2903
EQP N nan
EQP P 0.12
EQP P 0.10011
EQP P 0.0
EQP S 1.01926
EQP N nan
EQP N nan
EQP P 7.898897 0.301103
EQP P 0.191607
EQP N nan
EQP N nan
EQP P 0.00721
EQP N nan
EQP N nan
EQP N nan
EQP P 0.00064
EQP N nan
EQP P 0.001653
EQP P 0.09015
EQP P 0.01978
EQP N nan
EQP N nan
EQP N nan
EQP N nan
EQP S 6.5
EQP P 0.00986
EQP N nan
EQP N nan
EQP P 0.0
EQP P 0.02879
EQP N nan
EQP P 0.191607
EQP P 0.099907 5.900093
EQP N nan
EQP P 0.59411
EQP N nan
EQP P 0.001673
EQP P 0.09845
EQP P 0.021606
EQP N nan
EQP N nan
EQP N nan
EQP N nan
EQP P 0.2
EQP N nan
EQP N nan
EQP P 0.09905
EQP N nan
EQP N nan
EQP P 0.2
EQP P 0.0
EQP P 0.2
EQP N nan
EQP N nan
EQP N nan
EQP P 1.61
EQP N nan
EQP N nan
EQP N nan
EQP N nan
EQP P 0.09964
EQP N nan
EQP P 0.1
EQP N nan
EQP P 0.00988
EQP N nan
EQP P 0.0
EQP P 1.04 0.9
EQP N nan
EQP P 0.009933
EQP N nan
EQP N nan
EQP P 0.199721
EQP P 0.21
EQP N nan
EQP P 0.04664
EQP P 0.0
EQP P 0.15
EQP N nan
EQP P 0.2
EQP N nan
EQP N nan
EQP N nan
EQP P 0.00355
EQP N nan
EQP P 0.00068 4.60068
EQP N nan
EQP N nan
EQP P 0.00044
EQP P 0.021606
EQP N nan
EQP N nan
EQP N nan
EQP N nan
EQP N nan
EQP S 3.80021
EQP P 0.02
EQP N nan
EQP N nan
EQP N nan
EQP N nan
EQP N nan
EQP N nan
EQP P 0.4
EQP P 0.1
EQP N nan
EQP P 0.02
EQP N nan
EQP N nan
EQP N nan
EQP N nan
EQP N nan
EQP N nan
EQP N nan
EQP N nan
EQP N nan
EQP N nan
EQP N nan
EQP N nan
EQP N nan
EQP P 1.1989
EQP P 0.0023
EQP N nan
EQP N nan
EQP P 0.108394
EQP N nan
EQP S 2.47579
EQP P 0.04848
EQP N nan
EQP N nan
EQP N nan
EQP P 0.00184
EQP P 0.00196
EQP P 0.005
EQP N nan
EQP P 0.00927 7.30927
EQP N nan
EQP N nan
EQP N nan
EQP P 0.19863
EQP N nan
EQP N nan
EQP N nan
EQP P 0.0
EQP P 3.22147
EQP N nan
EQP N nan
EQP P 0.108394
EQP N nan
EQP P 0.00056 5.10056
EQP N nan
EQP P 0.001673
EQP P 0.009933
EQP N nan
EQP P 0.00252
EQP P 0.008391
EQP P 0.01577
EQP N nan
EQP N nan
EQP S 0.90046
EQP N nan
EQP N nan
EQP N nan
EQP P 0.001303
EQP N nan
EQP N nan
EQP N nan
EQP P 0.099297
EQP P 0.09092
EQP N nan
EQP P 1.1989
EQP N nan
EQP P 0.0
EQP N nan
EQP N nan
EQP P 0.02793
EQP N nan
EQP N nan
EQP P 0.03
EQP N nan
EQP N nan
EQP N nan
EQP N nan
EQP P 0.0
EQP N nan
EQP N nan
EQP P 0.001607
EQP S 0.50889 6.40889
EQP N nan
EQP P 0.15
EQP N nan
EQP P 0.04664
EQP S 4.705
EQP P 1.89781
EQP N nan
EQP P 0.2
EQP N nan
EQP S 2.60906
EQP N nan
EQP N nan
EQP P 0.04664
EQP P 0.09
EQP P 0.008393
EQP P 0.00015
EQP N nan
EQP P 0.191606
EQP N nan
EQP P 0.00035
EQP N nan
EQP S 0.9017
EQP N nan
EQP N nan
EQP N nan
EQP N nan
EQP N nan
EQP N nan
EQP N nan
EQP N nan
EQP P 0.001607
EQP N nan
EQP N nan
EQP N nan
EQP P 0.040093
EQP P 0.2
EQP P 0.7
EQP P 0.00306
EQP P 0.009623
EQP P 0.1
EQP N nan
EQP N nan
EQP N nan
EQP P 0.298039
EQP N nan
EQP N nan
EQP P 0.2
EQP N nan
EQP P 0.10266
EQP P 0.09905
EQP P 0.0023
EQP N nan
EQP N nan
EQP N nan
EQP P 0.041063
EQP N nan
EQP N nan
EQP S 2.70047
EQP N nan
EQP N nan
EQP P 0.00147
EQP S 4.104213
EQP N nan
EQP N nan
EQP N nan
EQP P 0.00078
EQP P 0.108394
EQP P 0.005
EQP P 0.39515
EQP N nan
EQP N nan
EQP P 0.3
EQP N nan
EQP P 0.1
EQP N nan
EQP N nan
EQP N nan
EQP P 0.001181 7.101181
EQP N nan
EQP P 0.00026
EQP P 7.7
EQP N nan
EQP N nan
EQP N nan
EQP S 0.21018 5.41018
EQP N nan
EQP N nan
EQP P 0.7
EQP N nan
EQP N nan
EQP P 0.0
EQP N nan
EQP N nan
EQP P 0.1
EQP P 0.01978
EQP P 0.39706
EQP N nan
EQP N nan
EQP N nan
EQP N nan
EQP N nan
EQP N nan
EQP N nan
EQP P 0.40348
EQP N nan
EQP P 0.00927 7.30927
EQP P 0.29985
EQP N nan
EQP N nan
EQP P 0.04664
EQP N nan
EQP N nan
EQP P 0.00067
EQP P 0.02675
EQP N nan
EQP N nan
EQP N nan
EQP N nan
EQP P 0.00914
EQP P 0.00428
EQP S 6.5
EQP N nan
EQP N nan
EQP P 0.1
EQP P 0.00107
EQP N nan
EQP P 0.12
EQP S 4.705
EQP N nan
EQP N nan
EQP N nan
EQP N nan
EQP N nan
EQP P 0.3
EQP N nan
EQP N nan
EQP N nan
EQP N nan
EQP P 0.008393
EQP P 8.58694
EQP P 0.2
EQP N nan
EQP N nan
EQP P 4.3
EQP N nan
EQP N nan
EQP N nan
EQP P 1.04 0.9
EQP N nan
EQP N nan
EQP P 1.1989
EQP N nan
EQP N nan
EQP P 0.00043
EQP N nan
EQP N nan
EQP P 0.01577
EQP P 0.091609
EQP P 0.01889
EQP P 1.0
EQP N nan
EQP P 3.22147
EQP P 0.0
EQP N nan
EQP N nan
EQP N nan
EQP N nan
EQP N nan
EQP P 0.00199
EQP N nan
EQP P 0.19184
EQP P 0.00035
EQP N nan
EQP N nan
EQP N nan
EQP P 0.00105
EQP N nan
EQP N nan
EQP N nan
EQP N nan
EQP N nan
EQP P 0.1
EQP P 0.0024
EQP P 0.108394
EQP P 1.61
EQP P 0.008393
EQP S 7.4 2.5 5.8
EQP N nan
EQP N nan
EQP S 0.5
EQP P 0.01083
EQP N nan
EQP P 0.040093
EQP N nan
EQP N nan
EQP N nan
EQP P 0.4
EQP N nan
EQP N nan
EQP N nan
EQP N nan
EQP N nan
EQP P 0.09915
EQP N nan
EQP S 4.705
EQP N nan
EQP N nan
EQP P 0.40348
EQP N nan
EQP P 0.00698
EQP N nan
EQP N nan
EQP P 0.0
EQP N nan
EQP P 0.09923
EQP N nan
EQP N nan
EQP N nan
EQP N nan
EQP N nan
EQP N nan
EQP P 0.008391
EQP N nan
EQP N nan
EQP N nan
EQP N nan
EQP S 2.47579
EQP N nan
EQP P 0.0
EQP P 0.01387
EQP N nan
EQP N nan
EQP P 0.09915
EQP N nan
EQP P 0.29985
EQP P 0.09905
EQP N nan
EQP N nan
EQP N nan
EQP N nan
EQP N nan
EQP N nan
EQP N nan
EQP P 0.001303
EQP N nan
EQP N nan
EQP N nan
EQP N nan
EQP N nan
EQP N nan
EQP N nan
EQP N nan
EQP P 3.7
EQP N nan
EQP P 0.191606
EQP N nan
EQP N nan
EQP P 0.00927 7.30927
EQP N nan
EQP N nan
EQP N nan
EQP N nan
EQP N nan
EQP N nan
EQP N nan
EQP P 0.008391
EQP N nan
EQP N nan
EQP P 0.000511
EQP N nan
EQP P 0.08356
EQP N nan
EQP P 0.00533
EQP P 0.041063
EQP N nan
EQP N nan
EQP N nan
EQP P 0.09935
EQP N nan
EQP P 0.01
EQP N nan
EQP N nan
EQP N nan
EQP N nan
EQP N nan
EQP P 0.00147
EQP N nan
EQP P 0.02113
EQP P 0.00533
EQP P 0.0
EQP N nan
EQP P 0.0023
EQP N nan
EQP P 0.00555
EQP N nan
EQP N nan
EQP P 0.00252
EQP S 0.8
EQP N nan
EQP P 0.002223
EQP N nan
EQP P 0.08064
EQP P 0.000511
EQP N nan
EQP N nan
EQP P 0.0
EQP N nan
EQP N nan
EQP P 0.0
EQP P 0.00873
EQP N nan
EQP N nan
EQP P 0.58
EQP N nan
EQP P 0.091607
EQP P 0.02675
EQP N nan
EQP P 5.39937 0.20063
EQP N nan
EQP P 0.19863
EQP P 0.2
EQP P 0.09
EQP P 0.00928
EQP N nan
EQP S 3.4
EQP N nan
EQP N nan
EQP N nan
EQP P 0.01
EQP N nan
EQP S 7.408393
EQP P 0.00184
EQP P 7.7
EQP N nan
EQP P 0.09
EQP P 0.06
EQP P 0.04664
EQP P 0.00389
EQP P 0.19964
EQP N nan
EQP P 0.009623
EQP N nan
EQP P 0.04848
EQP N nan
EQP N nan
EQP N nan
EQP P 0.091607
EQP N nan
EQP P 0.892947
EQP N nan
EQP S 0.591607
EQP N nan
EQP N nan
EQP P 0.09015
EQP P 0.01922
EQP N nan
EQP P 0.09905
EQP P 0.1
EQP N nan
EQP N nan
EQP N nan
EQP N nan
EQP N nan
EQP N nan
EQP N nan
EQP N nan
EQP N nan
EQP N nan
EQP P 0.21
EQP N nan
EQP N nan
EQP N nan
EQP N nan
EQP P 0.385 6.315
EQP P 0.00965
EQP N nan
EQP N nan
EQP P 0.00143 0.40143
EQP P 0.00114
EQP P 0.0
EQP N nan
EQP N nan
EQP N nan
EQP N nan
EQP N nan
EQP P 0.191607
EQP P 0.0
EQP N nan
EQP N nan
EQP P 0.40348
EQP P 1.5
EQP S 7.408393
EQP N nan
EQP P 0.009643
EQP S 1.4 7.2
EQP P 0.58
EQP N nan
EQP N nan
EQP N nan
EQP S 6.5
EQP N nan
EQP N nan
EQP P 4.59984 0.00016
EQP N nan
EQP N nan
EQP S 0.30174
EQP P 0.00045
EQP N nan
EQP N nan
EQP P 0.009083
EQP N nan
EQP N nan
EQP P 0.20934
EQP N nan
EQP P 0.008391
EQP N nan
EQP P 0.000643
EQP N nan
EQP N nan
EQP P 0.00199
EQP N nan
EQP P 0.892947
EQP N nan
EQP P 5.99256
EQP N nan
EQP N nan
EQP N nan
EQP P 0.001034
EQP P 0.00199
EQP N nan
EQP N nan
EQP P 0.19453
EQP P 0.001653
EQP N nan
EQP N nan
EQP N nan
EQP P 0.00516
EQP P 0.298039
EQP P 0.021607
EQP P 0.09756
EQP N nan
EQP P 0.09915
EQP S 2.30145
EQP P 0.19184
EQP N nan
EQP S 0.53908
EQP P 0.0
EQP S 2.2
EQP N nan
EQP N nan
EQP N nan
EQP N nan
EQP N nan
EQP N nan
EQP N nan
EQP N nan
EQP N nan
EQP S 0.21245
EQP N nan
EQP P 0.00252
EQP P 0.191606
EQP N nan
EQP N nan
EQP N nan
EQP N nan
EQP N nan
EQP P 0.00298
EQP P 0.7
EQP N nan
EQP N nan
EQP N nan
EQP N nan
EQP N nan
EQP N nan
EQP P 0.1
EQP P 0.15
EQP N nan
EQP N nan
EQP P 3.22147
EQP N nan
EQP N nan
EQP P 0.0
EQP N nan
EQP P 0.005
EQP P 0.108394
EQP N nan
EQP N nan
EQP N nan
EQP N nan
EQP N nan
EQP N nan
EQP N nan
EQP N nan
EQP N nan
EQP P 0.01301
EQP P 0.000511
EQP N nan
EQP N nan
EQP N nan
EQP N nan
EQP P 0.0
EQP P 0.02
EQP N nan
EQP N nan
EQP P 0.00203
EQP P 0.391607
EQP P 0.00101
EQP N nan
EQP P 0.10011
EQP P 0.05
EQP P 0.1
EQP N nan
EQP N nan
EQP N nan
EQP N nan
EQP N nan
EQP N nan
EQP P 8.58694
EQP P 0.00143 0.40143
EQP N nan
EQP S 0.1073
EQP P 0.025
EQP P 0.7
EQP N nan
EQP N nan
EQP N nan
EQP N nan
EQP N nan
EQP P 0.19184
EQP N nan
EQP P 1.84
EQP P 0.09029
EQP N nan
EQP N nan
EQP N nan
EQP N nan
EQP P 0.085
EQP P 0.09906 3.00094
EQP N nan
EQP P 0.00226
EQP N nan
EQP P 0.04664
EQP N nan
EQP P 0.00068 4.60068
EQP N nan
EQP N nan
EQP N nan
EQP N nan
EQP P 0.690477
EQP P 0.00068 4.60068
EQP N nan
EQP P 0.09853
EQP N nan
EQP N nan
EQP N nan
EQP P 0.2
EQP N nan
EQP N nan
EQP N nan
EQP N nan
EQP N nan
EQP N nan
EQP N nan
EQP N nan
EQP N nan
EQP P 0.01889
EQP N nan
EQP N nan
EQP S 1.30108
EQP P 0.2
EQP P 0.001653
EQP N nan
EQP N nan
EQP P 0.22 4.98
EQP N nan
EQP N nan
EQP P 0.005
EQP P 0.00043
EQP N nan
EQP P 0.001607
EQP N nan
EQP P 0.191607
EQP N nan
EQP N nan
EQP N nan
EQP N nan
EQP N nan
EQP P 0.40348
EQP P 0.02
EQP N nan
EQP N nan
EQP N nan
EQP P 0.00026
EQP N nan
EQP N nan
EQP P 0.00184
EQP N nan
EQP P 0.085
EQP N nan
EQP N nan
EQP N nan
EQP P 0.0024
EQP N nan
EQP P 3.191607 2.091607 1.808393
EQP N nan
EQP P 0.18
EQP N nan
EQP N nan
EQP N nan
EQP N nan
EQP N nan
EQP N nan
EQP P 0.09693
EQP P 0.09092
EQP N nan
EQP N nan
EQP P 0.1
EQP N nan
EQP P 0.009623
EQP P 1.84
EQP N nan
EQP N nan
EQP N nan
EQP N nan
EQP S 1.4239 5.5239
EQP N nan
EQP P 0.00199
EQP N nan
EQP N nan
EQP N nan
EQP S 0.58209 2.71791
EQP N nan
EQP N nan
EQP N nan
EQP N nan
EQP N nan
EQP N nan
EQP N nan
EQP S 1.00804
EQP N nan
EQP P 7.7
EQP P 0.0
EQP P 0.3
EQP N nan
EQP N nan
EQP P 0.00965
EQP P 0.40348
EQP N nan
EQP P 0.09756
EQP N nan
EQP N nan
EQP P 0.0
EQP N nan
EQP N nan
EQP N nan
EQP P 0.701607
EQP P 0.108394
EQP P 0.01387
EQP P 0.40348
EQP N nan
EQP N nan
EQP N nan
EQP N nan
EQP N nan
EQP P 1.0
EQP P 0.01115
EQP N nan
EQP N nan
EQP P 0.091609
EQP P 0.00063
EQP N nan
EQP N nan
EQP N nan
EQP N nan
EQP N nan
EQP P 0.199721
EQP P 0.09923
EQP N nan
EQP N nan
EQP N nan
EQP N nan
EQP S 0.90046
EQP N nan
EQP N nan
EQP N nan
EQP N nan
EQP N nan
EQP P 0.00045
EQP P 0.005
EQP N nan
EQP N nan
EQP N nan
EQP N nan
EQP N nan
EQP N nan
EQP N nan
EQP P 0.00965
EQP N nan
EQP N nan
EQP N nan
EQP S 4.4
EQP N nan
EQP P 7.7
EQP S 7.408393
EQP P 0.0
EQP P 0.198337
EQP P 0.2
EQP P 0.01687
EQP N nan
EQP P 0.009623
EQP P 0.108823
EQP N nan
EQP N nan
EQP P 0.66081
EQP N nan
EQP N nan
EQP N nan
EQP S 0.35061
EQP N nan
EQP N nan
EQP N nan
EQP S 2.47579
EQP N nan
EQP N nan
EQP N nan
EQP P 0.09078
EQP P 0.00192
EQP P 0.09923
EQP N nan
EQP N nan
EQP N nan
EQP P 1.0
EQP P 0.00143 0.40143
EQP N nan
EQP N nan
EQP P 0.6
EQP N nan
EQP P 0.00868
EQP P 0.040093
EQP N nan
EQP N nan
EQP N nan
EQP P 0.094601
EQP N nan
EQP S 0.591607
EQP N nan
EQP N nan
EQP N nan
EQP P 0.298039
EQP N nan
EQP N nan
EQP P 0.2
EQP P 0.19184
EQP P 0.09029
EQP P 0.01977
EQP S 6.5
EQP N nan
EQP P 0.01989
EQP P 0.02
EQP P 0.108394
EQP N nan
EQP N nan
EQP P 0.09964
EQP P 0.0
EQP N nan
EQP P 0.0
EQP N nan
EQP N nan
EQP N nan
EQP N nan
EQP N nan
EQP N nan
EQP N nan
EQP N nan
EQP N nan
EQP N nan
EQP N nan
EQP N nan
EQP N nan
EQP P 0.041063
EQP P 0.2
EQP P 1.5
EQP P 0.399999
EQP N nan
EQP N nan
EQP N nan
EQP N nan
EQP N nan
EQP P 0.10053
EQP P 0.701607
EQP P 0.0195
EQP N nan
EQP P 0.11067
EQP P 0.22 4.98
EQP P 0.10266
EQP S 6.8
EQP P 1.5
EQP P 0.02675
EQP P 0.29914
EQP N nan
EQP P 0.00516
EQP P 0.00199
EQP P 0.00143 0.40143
EQP N nan
EQP N nan
EQP N nan
EQP P 0.00516
EQP P 0.0
EQP N nan
EQP P 0.69734
EQP N nan
EQP N nan
EQP N nan
EQP S 0.12418 7.92418
EQP N nan
EQP N nan
EQP N nan
EQP N nan
EQP N nan
EQP N nan
EQP P 0.0
EQP N nan
EQP N nan
EQP S 1.1 4.6
EQP N nan
EQP N nan
EQP P 0.190001
EQP N nan
EQP P 0.1
EQP P 0.00143 0.40143
EQP N nan
EQP N nan
EQP N nan
EQP N nan
EQP P 0.1
EQP N nan
EQP N nan
EQP P 0.00298
EQP N nan
EQP P 0.00252
EQP N nan
EQP N nan
EQP N nan
EQP N nan
EQP P 0.0
EQP N nan
EQP P 0.08356
EQP S 0.9017
EQP N nan
EQP N nan
EQP N nan
EQP N nan
EQP N nan
EQP N nan
EQP P 0.05939
EQP N nan
EQP P 0.01202
EQP N nan
EQP N nan
EQP N nan
EQP N nan
EQP P 0.02675
EQP N nan
EQP P 0.0046
EQP N nan
EQP N nan
EQP P 0.2
EQP P 0.12
EQP P 0.18124
EQP N nan
EQP N nan
EQP N nan
EQP P 0.004743
EQP N nan
EQP P 0.59411
EQP N nan
EQP N nan
EQP P 0.5
EQP N nan
EQP P 0.39515
EQP P 0.59411
EQP N nan
EQP N nan
EQP P 0.12
EQP N nan
EQP P 0.191606
EQP N nan
EQP P 0.02675
EQP N nan
EQP N nan
EQP P 0.191607
EQP N nan
EQP S 3.90322
EQP N nan
EQP N nan
EQP N nan
EQP N nan
EQP P 0.091606
EQP P 0.00143 0.40143
EQP N nan
EQP P 0.1
EQP N nan
EQP P 0.69902
EQP N nan
EQP N nan
EQP N nan
EQP N nan
EQP N nan
EQP P 0.201253
EQP N nan
EQP S 6.5
EQP P 0.01115
EQP N nan
EQP P 0.01301
EQP N nan
EQP N nan
EQP P 0.19453
EQP N nan
EQP P 0.0
EQP N nan
EQP N nan
EQP P 0.00733
EQP N nan
EQP N nan
EQP N nan
EQP N nan
EQP N nan
EQP N nan
EQP N nan
EQP N nan
EQP N nan
EQP P 0.19453
EQP N nan
EQP N nan
EQP N nan
EQP N nan
EQP N nan
EQP N nan
EQP N nan
EQP N nan
EQP N nan
EQP P 4.59984 0.00016
EQP P 0.00927 7.30927
EQP P 0.0
EQP P 1.2
EQP S 6.5
EQP N nan
EQP N nan
EQP N nan
EQP P 0.00114
EQP N nan
EQP N nan
EQP P 0.009933
EQP N nan
EQP P 0.298039
EQP N nan
EQP N nan
EQP N nan
EQP N nan
EQP N nan
EQP N nan
EQP P 0.2
EQP N nan
EQP P 4.59984 0.00016
EQP N nan
EQP P 0.892947
EQP N nan
EQP N nan
EQP N nan
EQP P 0.2
EQP P 0.00298
EQP N nan
EQP P 1.3
EQP N nan
EQP P 0.40348
EQP N nan
EQP N nan
EQP N nan
EQP P 0.001863
EQP P 0.12
EQP N nan
EQP N nan
EQP N nan
EQP P 0.2
EQP P 0.0002
EQP N nan
EQP P 0.308393
EQP P 0.0
EQP P 0.7
EQP S 1.30108
EQP P 0.2
EQP P 0.00184
EQP N nan
EQP N nan
EQP P 0.891607
EQP N nan
EQP N nan
EQP N nan
EQP N nan
EQP P 0.18
EQP N nan
EQP P 0.01301
EQP N nan
EQP N nan
EQP P 0.01202
EQP N nan
EQP N nan
EQP N nan
EQP N nan
EQP N nan
EQP P 0.01147
EQP P 0.892947
EQP P 0.29985
EQP P 1.2
EQP N nan
EQP N nan
EQP N nan
EQP N nan
EQP N nan
EQP N nan
EQP N nan
EQP N nan
EQP N nan
EQP S 6.8
EQP N nan
EQP S 6.5
EQP N nan
EQP N nan
EQP N nan
EQP N nan
EQP P 0.021606
EQP N nan
EQP N nan
EQP P 0.2
EQP N nan
EQP N nan
EQP N nan
EQP N nan
EQP P 0.01301
EQP N nan
EQP N nan
EQP P 0.2
EQP N nan
EQP N nan
EQP N nan
EQP N nan
EQP P 0.01922
EQP N nan
EQP P 0.2
EQP P 0.108394
EQP P 0.00143 0.40143
EQP N nan
EQP N nan
EQP P 0.00143 0.40143
EQP P 0.209999
EQP N nan
EQP N nan
EQP P 0.0
EQP P 0.1
EQP P 0.0
EQP N nan
EQP N nan
EQP P 0.00023
EQP N nan
EQP P 0.09923
EQP S 4.705
EQP N nan
EQP N nan
EQP N nan
EQP N nan
EQP N nan
EQP S 3.20095
EQP N nan
EQP P 0.0
EQP N nan
EQP S 0.21245
EQP N nan
EQP N nan
EQP P 0.12
EQP P 0.00012
EQP N nan
EQP N nan
EQP N nan
EQP N nan
EQP P 0.01147
EQP N nan
EQP N nan
EQP N nan
EQP N nan
EQP P 0.1
EQP N nan
EQP S 1.00804
EQP P 0.09015
EQP N nan
EQP N nan
EQP N nan
EQP N nan
EQP N nan
EQP N nan
EQP N nan
EQP S 0.20261
EQP P 0.18
EQP P 0.1
EQP P 0.00965
EQP P 0.00624
EQP N nan
EQP N nan
EQP P 0.0
EQP P 0.2
EQP N nan
EQP N nan
EQP N nan
EQP N nan
EQP N nan
EQP N nan
EQP S 3.60261
EQP N nan
EQP P 0.021606
EQP P 0.39706
EQP P 0.40348
EQP N nan
EQP N nan
EQP P 0.002223
EQP N nan
EQP N nan
EQP N nan
EQP N nan
EQP P 0.009623
EQP N nan
EQP N nan
EQP N nan
EQP N nan
EQP N nan
EQP N nan
EQP N nan
EQP N nan
EQP P 0.00068 4.60068
EQP N nan
EQP P 0.1
EQP N nan
EQP N nan
EQP N nan
EQP N nan
EQP N nan
EQP N nan
EQP N nan
EQP P 0.0
EQP N nan
EQP P 0.12
EQP P 0.000471
EQP P 0.09923
EQP P 0.006793 7.606793
EQP N nan
EQP P 0.00298
EQP N nan
EQP P 0.10011
EQP P 0.00199
EQP P 0.09
EQP S 2.70047
EQP N nan
EQP P 0.2
EQP N nan
EQP P 0.10053
EQP N nan
EQP N nan
EQP P 1.0
EQP N nan
EQP N nan
EQP P 0.2
EQP N nan
EQP P 0.00306
EQP N nan
EQP P 0.40348
EQP P 0.150559
EQP S 0.32
EQP N nan
EQP N nan
EQP N nan
EQP N nan
EQP P 0.000584
EQP P 0.49838
EQP N nan
EQP P 0.2
EQP P 0.10011
EQP P 0.00147
EQP N nan
EQP P 0.385 6.315
EQP P 0.11067
EQP N nan
EQP N nan
EQP N nan
EQP P 1.09304
EQP N nan
EQP P 1.0
EQP N nan
EQP N nan
EQP P 0.02003
EQP N nan
EQP N nan
EQP N nan
EQP N nan
EQP P 0.001293
EQP N nan
EQP N nan
EQP N nan
EQP N nan
EQP S 0.29943
EQP N nan
EQP N nan
EQP N nan
EQP N nan
EQP N nan
EQP N nan
EQP N nan
EQP N nan
EQP N nan
EQP N nan
EQP N nan
EQP N nan
EQP N nan
EQP P 0.0016
EQP N nan
EQP N nan
EQP P 0.29914
EQP N nan
EQP N nan
EQP P 0.108394
EQP P 0.009623
EQP P 0.0195
EQP N nan
EQP N nan
EQP N nan
EQP N nan
EQP N nan
EQP P 0.099587
EQP N nan
EQP P 0.10011
EQP N nan
EQP N nan
EQP N nan
EQP P 3.49373 0.19373
EQP P 0.0
EQP N nan
EQP P 0.1
EQP P 0.0083
EQP N nan
EQP N nan
EQP N nan
EQP N nan
EQP S 0.1073
EQP P 0.01289
EQP P 0.001607
EQP N nan
EQP N nan
EQP N nan
EQP P 0.05
EQP P 0.08081
EQP N nan
EQP N nan
EQP N nan
EQP N nan
EQP N nan
EQP N nan
EQP N nan
EQP P 0.00043
EQP P 0.6
EQP N nan
EQP N nan
EQP P 0.000511
EQP N nan
EQP P 0.59837
EQP P 0.0008
EQP N nan
EQP N nan
EQP P 0.009623
EQP P 0.01289
EQP N nan
EQP N nan
EQP P 0.00733
EQP S 0.201193
EQP N nan
EQP N nan
EQP P 0.150559
EQP P 0.0
EQP N nan
EQP N nan
EQP P 0.108394
EQP P 0.1
EQP N nan
EQP N nan
EQP P 0.002221
EQP N nan
EQP P 0.1
EQP N nan
EQP N nan
EQP N nan
EQP N nan
EQP N nan
EQP P 0.009933
EQP P 0.091607
EQP N nan
EQP N nan
EQP N nan
EQP N nan
EQP P 0.2
EQP N nan
EQP N nan
EQP N nan
EQP N nan
EQP N nan
EQP N nan
EQP N nan
EQP P 0.008391
EQP P 0.00721
EQP P 0.021607
EQP N nan
EQP N nan
EQP N nan
EQP P 0.02
EQP P 0.0
EQP P 0.4
EQP P 0.09693
EQP N nan
EQP P 0.0
EQP P 0.004743
EQP N nan
EQP S 2.47579
EQP N nan
EQP N nan
EQP N nan
EQP P 0.02675
EQP P 0.892947
EQP N nan
EQP N nan
EQP N nan
EQP P 0.108394
EQP P 4.3
EQP P 0.008391
EQP N nan
EQP N nan
EQP P 0.000293
EQP P 0.021606
EQP P 0.12
EQP N nan
EQP N nan
EQP P 0.091607
EQP P 0.2
EQP P 0.0
EQP P 0.40348
EQP P 0.7
EQP P 0.68
EQP P 0.09906 3.00094
EQP N nan
EQP N nan
EQP N nan
EQP S 4.705
EQP N nan
EQP N nan
EQP P 0.2
EQP N nan
EQP N nan
EQP N nan
EQP N nan
EQP N nan
EQP P 0.0
EQP N nan
EQP P 0.00624
EQP P 4.69025 0.29025
EQP N nan
EQP N nan
EQP P 0.0
EQP N nan
EQP P 0.4
EQP N nan
EQP N nan
EQP N nan
EQP P 0.10011
EQP P 0.375
EQP N nan
EQP P 0.00428
EQP N nan
EQP P 0.2
EQP P 0.10428
EQP N nan
EQP N nan
EQP P 0.0995
EQP N nan
EQP N nan
EQP N nan
EQP N nan
EQP N nan
EQP P 0.0
EQP P 0.2
EQP P 0.701607
EQP S 0.53908
EQP N nan
EQP P 0.0
EQP N nan
EQP N nan
EQP N nan
EQP N nan
EQP P 0.2
EQP P 0.11067
EQP N nan
EQP N nan
EQP N nan
EQP N nan
EQP N nan
EQP P 0.1
EQP P 0.05
EQP N nan
EQP N nan
EQP N nan
EQP P 0.09693
EQP N nan
EQP N nan
EQP P 0.05
EQP N nan
EQP P 0.00123
EQP P 0.00143 0.40143
EQP N nan
EQP P 0.0
EQP P 0.2
EQP P 1.2
EQP N nan
EQP N nan
EQP N nan
EQP P 0.091607
EQP P 1.84
EQP N nan
EQP N nan
EQP P 0.2
EQP P 0.001607
EQP N nan
EQP P 0.1
EQP N nan
EQP N nan
EQP N nan
EQP P 0.2
EQP P 0.03
EQP N nan
EQP P 0.298039
EQP P 0.7
EQP N nan
EQP N nan
EQP P 3.191607 2.091607 1.808393
EQP P 0.00012
EQP S 0.30174
EQP N nan
EQP N nan
EQP P 0.009623
EQP N nan
EQP N nan
EQP P 0.01922
EQP N nan
EQP N nan
EQP N nan
EQP N nan
EQP N nan
EQP P 0.0995
EQP N nan
EQP N nan
EQP P 0.2
EQP N nan
EQP N nan
EQP P 1.0
EQP P 0.18
EQP N nan
EQP N nan
EQP N nan
EQP N nan
EQP N nan
EQP N nan
EQP N nan
EQP N nan
EQP N nan
EQP N nan
EQP P 0.10077
EQP N nan
EQP N nan
EQP P 0.05
EQP N nan
EQP N nan
EQP N nan
EQP S 0.1073
EQP P 0.04664
EQP P 0.1
EQP N nan
EQP N nan
EQP N nan
EQP N nan
EQP N nan
EQP P 0.09693
EQP S 0.2 7.8
EQP N nan
EQP N nan
EQP N nan
EQP P 0.16
EQP P 0.2
EQP N nan
EQP N nan
EQP P 0.002281
EQP N nan
EQP N nan
EQP P 1.0
EQP N nan
EQP N nan
EQP N nan
EQP N nan
EQP N nan
EQP N nan
EQP N nan
EQP N nan
EQP N nan
EQP N nan
EQP N nan
EQP S 6.5
EQP P 0.09212
EQP N nan
EQP N nan
EQP P 0.00105
EQP N nan
EQP N nan
EQP P 0.19982
EQP P 0.2
EQP N nan
EQP P 0.2
EQP N nan
EQP N nan
EQP N nan
EQP N nan
EQP N nan
EQP P 0.0
EQP P 0.0
EQP N nan
EQP N nan
EQP S 0.32
EQP N nan
EQP P 0.0
EQP N nan
EQP P 0.0
EQP N nan
EQP P 0.2
EQP N nan
EQP P 0.22 4.98
EQP N nan
EQP P 0.29914
EQP N nan
EQP N nan
EQP P 0.00298
EQP N nan
EQP P 2e-06
EQP N nan
EQP P 0.0984
EQP N nan
EQP P 0.091607
EQP N nan
EQP P 0.094601
EQP N nan
EQP P 0.191609
EQP P 0.2
EQP P 0.0197
EQP N nan
EQP P 0.08023
EQP N nan
EQP N nan
EQP N nan
EQP N nan
EQP N nan
EQP N nan
EQP N nan
EQP N nan
EQP P 0.00873
EQP P 0.7
EQP P 0.308393
EQP P 0.081
EQP N nan
EQP N nan
EQP N nan
EQP P 0.01922
EQP N nan
EQP P 0.09935
EQP N nan
EQP S 1.9
EQP P 0.01983
EQP N nan
EQP N nan
EQP N nan
EQP N nan
EQP N nan
EQP P 0.0
EQP N nan
EQP N nan
EQP S 0.3
EQP P 3.22147
EQP N nan
EQP N nan
EQP N nan
EQP P 0.00023
EQP P 0.00147
EQP P 0.01989
EQP N nan
EQP P 0.22 4.98
EQP S 2.40213
EQP P 0.115
EQP N nan
EQP N nan
EQP P 0.021606
EQP N nan
EQP N nan
EQP P 0.091607
EQP P 0.058393
EQP P 0.05939
EQP N nan
EQP P 0.66081
EQP P 0.08346
EQP N nan
EQP P 0.00063
EQP N nan
EQP N nan
EQP P 0.08072 5.31928
EQP P 0.00252
EQP N nan
EQP N nan
EQP N nan
EQP N nan
EQP N nan
EQP N nan
EQP N nan
EQP N nan
EQP N nan
EQP N nan
EQP N nan
EQP N nan
EQP P 0.02
EQP N nan
EQP P 0.19833
EQP P 0.021606
EQP N nan
EQP P 0.0
EQP N nan
EQP N nan
EQP P 0.00389
EQP P 0.04664
EQP N nan
EQP N nan
EQP N nan
EQP P 0.001293
EQP N nan
EQP S 0.35061
EQP P 0.03
EQP P 0.1
EQP N nan
EQP N nan
EQP P 0.0
EQP N nan
EQP S 0.30174
EQP N nan
EQP N nan
EQP N nan
EQP P 0.00143 0.40143
EQP P 0.1
EQP P 5.39937 0.20063
EQP P 0.38058
EQP N nan
EQP N nan
EQP S 2.47579
EQP N nan
EQP N nan
EQP N nan
EQP N nan
EQP N nan
EQP S 0.30174
EQP N nan
EQP P 0.10053
EQP N nan
EQP N nan
EQP S 6.5
EQP P 0.10011
EQP N nan
EQP P 0.1
EQP N nan
EQP N nan
EQP P 0.03
EQP N nan
EQP N nan
EQP N nan
EQP N nan
EQP N nan
EQP N nan
EQP P 0.09756
EQP N nan
EQP P 0.000481
EQP P 0.209999
EQP N nan
EQP P 0.00511
EQP P 0.00306
EQP S 4.20011
EQP P 0.00103
EQP N nan
EQP N nan
EQP N nan
EQP N nan
EQP P 0.108394
EQP N nan
EQP P 0.2
EQP P 0.0
EQP N nan
EQP N nan
EQP N nan
EQP P 0.10266
EQP S 2.47579
EQP P 0.01161
EQP N nan
EQP N nan
EQP N nan
EQP N nan
EQP P 0.008393
EQP P 0.01083
EQP N nan
EQP P 0.08017
EQP P 0.009623
EQP P 0.2
EQP P 0.1
EQP N nan
EQP N nan
EQP P 0.04848
EQP N nan
EQP N nan
EQP P 0.02381
EQP N nan
EQP N nan
EQP P 0.01983
EQP N nan
EQP S 4.705
EQP N nan
EQP N nan
EQP P 5.39937 0.20063
EQP S 6.60253
EQP P 0.000471
EQP N nan
EQP S 0.12418 7.92418
EQP N nan
EQP P 0.115
EQP P 0.002221
EQP P 0.08346
EQP P 0.191609
EQP P 0.0
EQP N nan
EQP N nan
EQP N nan
EQP N nan
EQP P 1.84
EQP P 0.701607
EQP N nan
EQP S 2.80076
EQP P 0.19184
EQP P 0.0
EQP N nan
EQP N nan
EQP P 0.0995
EQP S 1.10051
EQP S 0.30174
EQP P 9.3e-05
EQP N nan
EQP P 0.1
EQP N nan
EQP N nan
EQP N nan
EQP N nan
EQP N nan
EQP N nan
EQP P 0.09257
EQP N nan
EQP P 0.0
EQP N nan
EQP P 0.00965
EQP P 0.10266
EQP N nan
EQP N nan
EQP N nan
EQP P 0.091609
EQP P 0.040093
EQP N nan
EQP N nan
EQP N nan
EQP P 0.0
EQP P 2.31
EQP N nan
EQP N nan
EQP P 0.000293
EQP P 0.191607
EQP N nan
EQP N nan
EQP N nan
EQP P 0.00143 0.40143
EQP N nan
EQP N nan
EQP N nan
EQP N nan
EQP N nan
EQP N nan
EQP N nan
EQP P 0.005
EQP N nan
EQP N nan
EQP N nan
EQP N nan
EQP N nan
EQP P 0.00143 0.40143
EQP N nan
EQP N nan
EQP P 0.891607
EQP N nan
EQP P 0.1
EQP S 6.5
EQP N nan
EQP N nan
EQP N nan
EQP P 0.150559
EQP N nan
EQP P 0.01301
EQP N nan
EQP P 0.2
EQP S 0.35061
EQP P 0.002221
EQP N nan
EQP P 0.19184
EQP P 0.08
EQP P 0.058393
EQP N nan
EQP N nan
EQP N nan
EQP N nan
EQP P 0.2
EQP P 0.040093
EQP N nan
EQP P 2.225
EQP P 0.02793
EQP N nan
EQP P 0.091607
EQP N nan
EQP S 7.4 2.5 5.8
EQP N nan
EQP N nan
EQP P 0.68
EQP N nan
EQP P 0.2
EQP N nan
EQP S 0.20867 3.90867
EQP N nan
EQP P 0.381607
EQP N nan
EQP N nan
EQP P 0.69902
EQP N nan
EQP P 0.385 6.315
EQP P 0.0
EQP P 0.005
EQP P 0.2
EQP N nan
EQP N nan
EQP P 0.00085
EQP N nan
EQP N nan
EQP P 0.08072 5.31928
EQP P 0.021607
EQP N nan
EQP S 3.60261
EQP P 3.22147
EQP N nan
EQP N nan
EQP P 0.05
EQP N nan
EQP N nan
EQP N nan
EQP N nan
EQP P 3.7
EQP N nan
EQP N nan
EQP N nan
EQP N nan
EQP N nan
EQP P 0.09257
EQP P 0.001607
EQP N nan
EQP P 0.021606
EQP N nan
EQP N nan
EQP N nan
EQP N nan
EQP N nan
EQP N nan
EQP P 0.10244
EQP N nan
EQP P 0.00928
EQP P 0.0
EQP N nan
EQP N nan
EQP N nan
EQP N nan
EQP P 0.0
EQP N nan
EQP P 0.001607
EQP P 0.701607
EQP N nan
EQP N nan
EQP P 0.1
EQP N nan
EQP S 0.1 4.4
EQP N nan
EQP N nan
EQP P 0.09029
EQP N nan
EQP N nan
EQP N nan
EQP S 7.9
EQP N nan
EQP N nan
EQP N nan
EQP N nan
EQP N nan
EQP N nan
EQP N nan
EQP P 0.10011
EQP P 0.00965
EQP N nan
EQP P 0.2
EQP N nan
EQP N nan
EQP N nan
EQP P 0.009933
EQP P 0.00511
EQP N nan
EQP N nan
EQP N nan
EQP S 0.20611
EQP N nan
EQP N nan
EQP N nan
EQP N nan
EQP P 0.19833
EQP N nan
EQP N nan
EQP N nan
EQP N nan
EQP N nan
EQP N nan
EQP P 0.09769
EQP P 0.0126
EQP S 0.20867 3.90867
EQP N nan
EQP N nan
EQP N nan
EQP P 0.00114
EQP P 0.00084
EQP N nan
EQP P 0.1
EQP N nan
EQP N nan
EQP S 1.00093
EQP P 0.0023
EQP N nan
EQP N nan
EQP S 1.40201
EQP N nan
EQP N nan
EQP P 0.150559
EQP N nan
EQP P 0.005
EQP N nan
EQP P 1.3
EQP N nan
EQP N nan
EQP S 6.8
EQP N nan
EQP N nan
EQP N nan
EQP N nan
EQP P 0.7
EQP N nan
EQP P 0.10011
EQP N nan
EQP N nan
EQP P 0.2
EQP P 0.01147
EQP N nan
EQP N nan
EQP N nan
EQP N nan
EQP N nan
EQP P 0.04848
EQP N nan
EQP N nan
EQP N nan
EQP P 0.00063
EQP P 0.08017
EQP P 0.01383
EQP N nan
EQP N nan
EQP N nan
EQP P 0.0195
EQP P 0.2
EQP N nan
EQP N nan
EQP P 0.2
EQP P 0.0023
EQP P 0.0
EQP N nan
EQP P 0.008393
EQP P 0.00624
EQP N nan
EQP N nan
EQP P 0.00148
EQP N nan
EQP N nan
EQP N nan
EQP N nan
EQP N nan
EQP P 0.1
EQP N nan
EQP P 0.0
EQP P 0.108394
EQP N nan
EQP P 0.00986
EQP P 0.40348
EQP P 0.01977
EQP P 0.040093
EQP N nan
EQP P 0.040093
EQP N nan
EQP P 0.0
EQP P 0.00199
EQP P 0.00059
EQP S 0.70084
EQP S 5.39438 1.80562
EQP N nan
EQP P 0.001303
EQP N nan
EQP P 0.09078
EQP N nan
EQP P 0.04848
EQP P 1.0
EQP N nan
EQP N nan
EQP N nan
EQP N nan
EQP N nan
EQP N nan
EQP N nan
EQP N nan
EQP P 0.002221
EQP N nan
EQP S 0.5
EQP N nan
EQP P 0.008391
EQP N nan
EQP P 0.892947
EQP N nan
EQP S 1.0021
EQP N nan
EQP P 0.308393
EQP N nan
EQP N nan
EQP N nan
EQP N nan
EQP N nan
EQP N nan
EQP S 0.53908
EQP N nan
EQP N nan
EQP P 0.00147
EQP P 0.108394
EQP N nan
EQP N nan
EQP P 0.091607
EQP N nan
EQP N nan
EQP N nan
EQP N nan
EQP N nan
EQP N nan
EQP N nan
EQP P 0.01922
EQP N nan
EQP N nan
EQP P 0.008391
EQP N nan
EQP N nan
EQP N nan
EQP P 0.59837
EQP P 0.09002
EQP N nan
EQP P 0.0
EQP P 0.00833
EQP P 0.10011
EQP P 0.085
EQP P 0.5
EQP N nan
EQP N nan
EQP N nan
EQP N nan
EQP P 0.1
EQP P 0.06
EQP N nan
EQP N nan
EQP P 0.00928
EQP P 0.3
EQP N nan
EQP P 0.009623
EQP P 0.00927 7.30927
EQP N nan
EQP N nan
EQP P 0.01577
EQP N nan
EQP P 1.3
EQP N nan
EQP N nan
EQP P 0.5
EQP N nan
EQP S 0.5
EQP N nan
EQP N nan
EQP N nan
EQP N nan
EQP N nan
EQP N nan
EQP P 0.00143 0.40143
EQP P 0.09693
EQP P 0.39706
EQP N nan
EQP P 0.0984
EQP N nan
EQP P 0.008393
EQP P 0.10053
EQP P 1.04 0.9
EQP N nan
EQP N nan
EQP N nan
EQP P 0.01922
EQP P 1.10118
EQP P 0.01083
EQP N nan
EQP N nan
EQP N nan
EQP P 0.091606
EQP P 0.00252
EQP P 0.01289
EQP P 1.3
EQP N nan
EQP P 0.000584
EQP N nan
EQP P 0.025
EQP N nan
EQP N nan
EQP N nan
EQP N nan
EQP N nan
EQP N nan
EQP P 0.40348
EQP N nan
EQP N nan
EQP P 0.12
EQP N nan
EQP N nan
EQP N nan
EQP P 0.009623
EQP P 0.00143 0.40143
EQP P 0.00516
EQP N nan
EQP S 7.4 2.5 5.8
EQP P 0.191606
EQP N nan
EQP N nan
EQP N nan
EQP P 0.00949
EQP N nan
EQP N nan
EQP P 0.00868
EQP P 0.298039
EQP N nan
EQP N nan
EQP P 1.0
EQP P 0.0
EQP P 0.091606
EQP N nan
EQP N nan
EQP P 0.191607
EQP N nan
EQP P 0.191609
EQP N nan
EQP N nan
EQP N nan
EQP N nan
EQP N nan
EQP P 0.009623
EQP N nan
EQP N nan
EQP P 0.01922
EQP P 0.19964
EQP N nan
EQP N nan
EQP N nan
EQP N nan
EQP P 0.191606
EQP N nan
EQP P 0.892947
EQP S 1.1 4.6
EQP S 0.103423 4.903423
EQP N nan
EQP P 0.2
EQP N nan
EQP N nan
EQP P 0.091607
EQP N nan
EQP S 0.30174
EQP N nan
EQP N nan
EQP N nan
EQP N nan
EQP N nan
EQP N nan
EQP N nan
EQP P 0.08346
EQP P 0.2
EQP N nan
EQP N nan
EQP N nan
EQP S 0.8
EQP N nan
EQP N nan
EQP N nan
EQP P 0.12
EQP N nan
EQP N nan
EQP N nan
EQP N nan
EQP P 0.507953
EQP N nan
EQP N nan
EQP N nan
EQP N nan
EQP N nan
EQP N nan
EQP N nan
EQP N nan
EQP N nan
EQP N nan
EQP N nan
EQP N nan
EQP P 0.099587
EQP N nan
EQP S 0.12418 7.92418
EQP N nan
EQP P 0.1
EQP P 0.0
EQP P 0.009173
EQP N nan
EQP P 0.391607
EQP N nan
EQP N nan
EQP S 0.200119 7.500119
EQP N nan
EQP N nan
EQP N nan
EQP N nan
EQP N nan
EQP N nan
EQP P 0.02
EQP P 0.2
EQP N nan
EQP P 0.191606
EQP P 0.091607
EQP N nan
EQP P 0.10882
EQP N nan
EQP N nan
EQP P 0.0126
EQP N nan
EQP N nan
EQP N nan
EQP P 0.00026
EQP P 0.001303
EQP P 0.001181 7.101181
EQP N nan
EQP N nan
EQP P 0.10882
EQP S 0.29943
EQP P 0.0058
EQP N nan
EQP P 0.09756
EQP N nan
EQP N nan
EQP S 1.1 4.6
EQP N nan
EQP P 0.1
EQP N nan
EQP N nan
EQP N nan
EQP N nan
EQP P 0.00868
EQP N nan
EQP N nan
EQP P 0.04848
EQP P 0.01577
EQP N nan
EQP P 0.01882
EQP N nan
EQP P 0.058393
EQP N nan
EQP P 2.225
EQP S 0.200119 7.500119
EQP P 0.1
EQP P 3.7
