THP N nan
THP S -0.400000
THP P -1.001370
THP P -3.600430
THP P -0.100000
THP P -0.909420
THP S 0.180290 -2.619710
THP P -1.000360
THP P -1.901350
THP P -1.502020
THP P -2.201750
THP S -0.202310
THP S -2.702530 -6.502530
THP S -0.700820 -3.000820
THP S -1.000620
THP S -2.601200
THP P 0.898980
THP P 0.798510
THP S -1.302760
THP S -0.300240
THP P 0.599580
THP P -1.802690
THP P 1.299330
THP P -2.000170
THP S -1.901510
THP S 0.298620 -0.701380
THP P -0.808650
THP S 7.599330 -2.300670
THP P 0.199220
THP P -2.402050
THP S -1.703000 -5.503000 -7.803000
THP S -2.401530
THP P -2.101460
THP P -0.501110
THP N nan
THP S -7.816350
THP S -2.301890 -6.201890
THP S 5.080270 -0.019730 -3.719730
THP P -2.002050
THP P 0.099630
THP P 2.297550
THP P -1.302060 -2.202060
THP P 7.500000
THP P 0.197610
THP P -0.900400
THP P -5.601260
THP P -1.900500
THP P -2.000000
THP N nan
THP P -0.000470
THP P 0.197630
THP P -1.901340
THP P 0.097530
THP P -2.902080
THP S 0.100000 -3.100000
THP P 0.297870
THP S 2.799260 -2.200740
THP P 1.694960 -0.805040
THP S 2.198050 0.398050 -0.501950 -4.101950
THP P -0.100000
THP P 0.697760
THP S -1.914800 -6.814800
THP P 0.597650
THP P 0.599580
THP P -2.000230
THP P 1.399020 -1.000980 -2.100980
THP S -4.000590
THP S 3.581550 -2.118450 -5.918450
THP P -1.300840 -5.000840
THP S -0.300850 -5.700850
THP S -0.502030 -4.402030
THP P -1.400390
THP P -0.801310
THP P -2.201750
THP S -1.700220
THP S 0.399770
THP P -2.100490
THP S -2.300000
THP P -6.301140
THP P 4.499100
THP S 7.698470 -4.601530
THP S -0.400560
THP P -3.301950
THP S 0.695540 -0.304460 -6.104460
THP S -2.802830
THP S -1.100190 -5.900190
THP P 5.299290
THP P 0.799720
THP S -0.300850 -5.700850
THP S -2.019300 -6.919300
THP P -1.000000
THP P 0.699720
THP S -0.101940
THP S -1.401400
THP P -0.200810
THP P 0.499670 -1.000330
THP P 1.694960 -0.805040
THP P 3.399730 -1.200270
THP S -0.200000 -3.100000 -5.700000
THP P -2.000700
THP S 7.898630 2.498630
THP S -2.700230
THP S -2.000750
THP S -1.201670
THP P -0.001320
THP S -2.700230
THP P -0.019520
THP S -1.914800 -6.814800
