SUP,P,1.00136,5.10136
SUP,N,nan
SUP,N,nan
SUP,S,2.20042
SUP,S,0.3,4.6
SUP,N,nan
SUP,S,0.21502
SUP,N,nan
SUP,P,0.7811
SUP,N,nan
SUP,N,nan
SUP,N,nan
SUP,N,nan
SUP,N,nan
SUP,S,0.9
SUP,S,2.10148
SUP,N,nan
SUP,N,nan
SUP,N,nan
SUP,N,nan
SUP,N,nan
SUP,N,nan
SUP,N,nan
SUP,S,7.79937,3.79937
SUP,N,nan
SUP,N,nan
SUP,N,nan
SUP,S,2.61945,7.41945
SUP,P,0.299459,4.100541
SUP,N,nan
SUP,N,nan
SUP,N,nan
SUP,N,nan
SUP,S,1.71916
SUP,S,1.7
SUP,N,nan
SUP,N,nan
SUP,P,5.0
SUP,S,1.48046
SUP,S,2.10088,7.20088
SUP,P,0.19776
SUP,N,nan
SUP,S,1.10018
SUP,S,1.9
SUP,S,2.10121
SUP,N,nan
SUP,S,0.31965,5.61965
SUP,S,4.50247
SUP,S,2.91955
SUP,S,1.40137,4.70137
SUP,S,4.50232
SUP,P,0.09885
SUP,N,nan
SUP,N,nan
SUP,P,0.00043
SUP,N,nan
SUP,N,nan
SUP,S,3.41041
SUP,S,4.00082
SUP,S,0.49959,7.40041
SUP,S,0.19945,3.60055
SUP,S,4.10249
SUP,P,0.69948
SUP,S,0.88116,2.21884
SUP,S,0.60265
SUP,N,nan
SUP,S,2.102,6.302
SUP,N,nan
SUP,P,0.10047
SUP,S,0.89875
SUP,P,0.91976
SUP,P,1.09848
SUP,P,3.49885
SUP,N,nan
SUP,N,nan
SUP,N,nan
SUP,P,0.193279
SUP,N,nan
SUP,N,nan
SUP,N,nan
SUP,N,nan
SUP,N,nan
SUP,N,nan
SUP,P,0.59974
SUP,P,0.7992
SUP,N,nan
SUP,S,2.80245
SUP,S,5.20059
SUP,S,1.8006
SUP,P,0.0037
SUP,S,7.98039,0.48039,3.61961
SUP,N,nan
SUP,S,0.41899
SUP,N,nan
SUP,P,0.2022
SUP,S,2.60069
SUP,S,2.00026
SUP,P,3.29984
SUP,P,2.19961
SUP,S,3.11963
SUP,N,nan
SUP,S,0.90103
SUP,S,0.89989,1.00011
SUP,S,2.102
SUP,S,0.80145
SUP,P,0.40486
SUP,P,0.819
SUP,S,0.78031
SUP,S,1.81938
SUP,P,0.11984
SUP,P,0.0
SUP,S,5.00032
SUP,P,0.00113
SUP,P,0.00157
SUP,S,0.20453
SUP,N,nan
SUP,P,0.01083
SUP,N,nan
SUP,N,nan
SUP,S,4.30321
SUP,P,0.10475
SUP,N,nan
SUP,P,0.89813
SUP,P,0.2
SUP,P,0.10032
SUP,S,1.10218
SUP,N,nan
SUP,N,nan
SUP,N,nan
SUP,P,0.20033
SUP,N,nan
SUP,N,nan
SUP,P,0.30079
SUP,N,nan
SUP,P,0.09282
SUP,S,2.40403
SUP,S,0.60018
SUP,S,1.40681
SUP,N,nan
SUP,S,0.40051
SUP,N,nan
SUP,P,0.59981
SUP,P,0.00033
SUP,S,2.20185
SUP,P,0.39911
SUP,P,0.00097
SUP,S,2.8
SUP,P,0.19154
SUP,S,1.21568
SUP,S,1.91364
SUP,P,0.09181
SUP,P,0.39864
SUP,N,nan
SUP,P,0.10013
SUP,P,0.19731
SUP,N,nan
SUP,N,nan
SUP,P,1.28068
SUP,S,4.48117,0.91883,5.41883
SUP,N,nan
SUP,P,0.00152
SUP,P,0.10072
SUP,S,1.20311
SUP,N,nan
SUP,N,nan
SUP,P,0.20263
SUP,N,nan
SUP,P,1.29821
SUP,N,nan
SUP,P,0.00278
SUP,N,nan
SUP,S,0.7195,5.5195
SUP,S,1.60074
SUP,S,0.301,6.501
SUP,N,nan
SUP,S,6.5138
SUP,P,0.20025
SUP,N,nan
SUP,S,0.90542
SUP,N,nan
SUP,S,0.1978
SUP,P,0.19863
SUP,S,0.30247
SUP,N,nan
SUP,P,0.10188
SUP,N,nan
SUP,N,nan
SUP,N,nan
SUP,N,nan
SUP,N,nan
SUP,N,nan
SUP,N,nan
SUP,N,nan
SUP,N,nan
SUP,N,nan
SUP,N,nan
SUP,S,1.61988
SUP,N,nan
SUP,S,1.21921
SUP,S,1.19872
SUP,S,1.80138,7.30138
SUP,S,2.30452
SUP,S,1.90067
SUP,S,3.50081
SUP,P,0.41953
SUP,P,0.0
SUP,P,0.01988
SUP,N,nan
SUP,S,2.71988
SUP,N,nan
SUP,N,nan
SUP,P,0.0013
SUP,P,2.398677
SUP,P,0.09934
SUP,N,nan
SUP,N,nan
SUP,P,1.09911
SUP,P,0.17587
SUP,S,3.2
SUP,P,0.40109
SUP,N,nan
SUP,P,0.0
SUP,P,0.10182
SUP,P,0.102
SUP,N,nan
SUP,S,0.41916
SUP,N,nan
SUP,S,0.30301
SUP,P,4.49971
SUP,N,nan
SUP,S,1.20202
SUP,P,0.00061
SUP,S,2.30077,7.10077
SUP,P,0.10156
SUP,P,0.19878
SUP,S,2.70139
SUP,P,0.299
SUP,P,0.0021
SUP,N,nan
SUP,P,5.9988,0.0012
SUP,N,nan
SUP,P,0.1
SUP,P,0.10108
SUP,S,0.29966,4.40034
SUP,P,1.39839,7.30161
SUP,P,0.60191
SUP,S,3.01928,7.81928
SUP,S,0.20277,4.10277
SUP,S,1.28032,0.38032
SUP,N,nan
SUP,N,nan
SUP,P,1.09968,1.70032
SUP,N,nan
SUP,N,nan
SUP,N,nan
SUP,S,1.7,3.3
SUP,N,nan
SUP,N,nan
SUP,N,nan
SUP,P,0.1
SUP,N,nan
SUP,S,5.70187
SUP,N,nan
SUP,S,0.60062
SUP,N,nan
SUP,P,0.7027
SUP,P,0.20151
SUP,N,nan
SUP,N,nan
SUP,N,nan
SUP,S,1.4996,0.4004,1.8004
SUP,P,0.00513
SUP,P,5.39397
SUP,N,nan
SUP,N,nan
SUP,P,0.08107
SUP,P,1.509791
SUP,P,5.2
SUP,S,0.30045
SUP,S,0.61936
SUP,S,1.40013
SUP,N,nan
SUP,S,1.60039
SUP,S,0.50194,7.60194
SUP,S,2.40155
SUP,S,1.09795
SUP,N,nan
SUP,N,nan
SUP,N,nan
SUP,N,nan
SUP,N,nan
SUP,P,0.68108
SUP,N,nan
SUP,N,nan
SUP,P,1.08023
SUP,P,0.0163
SUP,N,nan
SUP,S,1.91304
SUP,N,nan
SUP,N,nan
SUP,N,nan
SUP,S,0.501
SUP,N,nan
SUP,S,2.29862,1.40138,5.40138
SUP,P,0.298455,7.601545
SUP,N,nan
SUP,S,0.68195
SUP,S,0.91824
SUP,N,nan
SUP,P,0.60176
SUP,S,1.89808
SUP,S,2.99969,1.90031
SUP,P,7.80145
SUP,S,1.01773
SUP,P,0.59877
SUP,S,4.28143,3.71857
SUP,S,0.59865
SUP,S,0.90064,5.90064
SUP,N,nan
SUP,S,3.58103,2.31897
SUP,P,0.80188
SUP,P,2.50311
SUP,P,0.78087
SUP,P,0.20011
SUP,P,0.01988
SUP,N,nan
SUP,P,7.19878
SUP,P,0.89629
SUP,S,2.80192
SUP,S,1.19928,2.90072
SUP,S,4.28106,0.81894,2.41894
SUP,S,0.71946,3.71946
SUP,S,1.60051,4.60051
SUP,S,0.19908
SUP,P,0.1
SUP,N,nan
SUP,N,nan
SUP,S,2.31889
SUP,P,5.08061
SUP,S,0.10048
SUP,S,3.10268,5.70268
SUP,P,0.11904
SUP,S,0.19911,6.10089
SUP,S,4.09924
SUP,N,nan
SUP,S,1.91943
SUP,S,0.31943,6.11943
SUP,N,nan
SUP,P,0.40083
SUP,S,1.00075
SUP,S,0.6
SUP,S,3.70046
SUP,S,0.3002,7.7002
SUP,S,0.6
SUP,S,2.6007
SUP,S,7.081,1.319
SUP,N,nan
SUP,N,nan
SUP,P,0.00259
SUP,N,nan
SUP,N,nan
SUP,N,nan
SUP,P,0.39851
SUP,P,0.09757
SUP,N,nan
SUP,N,nan
SUP,P,0.30012
SUP,N,nan
SUP,N,nan
SUP,N,nan
SUP,S,0.70304
SUP,S,1.5
SUP,S,1.0996
SUP,S,0.21945
SUP,S,1.10117
SUP,N,nan
SUP,N,nan
SUP,P,0.59792
SUP,S,0.30264,3.90264
SUP,N,nan
SUP,N,nan
SUP,N,nan
SUP,P,0.21906
SUP,N,nan
SUP,S,5.11945
SUP,S,0.49892,3.60108
SUP,P,0.0,4.8
SUP,S,1.20053
SUP,P,0.00224,3.90224
SUP,S,0.19859
SUP,N,nan
SUP,P,1.59976
SUP,P,0.09946
SUP,N,nan
SUP,S,0.2
SUP,P,0.00252
SUP,N,nan
SUP,S,0.29982
SUP,N,nan
SUP,N,nan
SUP,N,nan
SUP,S,1.69
SUP,N,nan
SUP,N,nan
SUP,N,nan
SUP,N,nan
SUP,S,0.595
SUP,N,nan
SUP,N,nan
SUP,N,nan
SUP,N,nan
SUP,P,2.991609
SUP,P,0.8
SUP,N,nan
SUP,S,0.999999
SUP,N,nan
SUP,N,nan
SUP,S,2.4
SUP,N,nan
SUP,S,1.408391
SUP,N,nan
SUP,S,4.091607,5.908393
SUP,P,0.308393
SUP,N,nan
SUP,N,nan
SUP,P,3.20283
SUP,S,6.39813,1.60187
SUP,S,0.8011
SUP,N,nan
SUP,N,nan
SUP,N,nan
SUP,S,0.49975
SUP,P,0.09908
SUP,P,0.00125
SUP,N,nan
SUP,N,nan
SUP,N,nan
SUP,S,1.10114
SUP,P,0.19661
SUP,S,1.00987,3.00987
SUP,N,nan
SUP,S,0.00306,7.70306
SUP,P,1.0975
SUP,S,1.4007
SUP,P,3.90124
SUP,P,0.09822
SUP,S,4.59835,0.30165,6.80165
SUP,S,0.6938,5.1062
SUP,S,0.91966
SUP,P,0.28104
SUP,P,5.40104
SUP,P,0.20078
SUP,S,0.28072
SUP,S,1.81847
SUP,P,4.3805
SUP,S,0.69986
SUP,N,nan
SUP,N,nan
SUP,S,1.60149
SUP,P,3.70128
SUP,S,1.80234
SUP,P,0.00149
SUP,N,nan
SUP,P,0.69873
SUP,S,0.1
SUP,S,3.10243
SUP,P,6.71948
SUP,P,0.1007
SUP,S,2.70036
SUP,S,0.90254
SUP,N,nan
SUP,P,0.79877,0.60123
SUP,P,0.0
SUP,N,nan
SUP,P,0.29933
SUP,N,nan
SUP,N,nan
SUP,N,nan
SUP,P,0.20037
SUP,S,0.81973,3.01973,5.91973
SUP,S,2.68032,0.28032
SUP,S,0.8993
SUP,S,1.08163,7.01837
SUP,S,1.89701
SUP,N,nan
SUP,N,nan
SUP,S,0.3024
SUP,P,1.39577
SUP,P,2.69582
SUP,S,3.21707
SUP,S,1.70188
SUP,N,nan
SUP,S,1.01924
SUP,S,0.80117
SUP,S,1.1
SUP,P,0.00135
SUP,P,1.20131
SUP,P,7.70036
SUP,P,2.89971
SUP,S,3.60098
SUP,S,0.30714
SUP,S,1.00378
SUP,N,nan
SUP,S,3.41512
SUP,P,0.40278
SUP,S,1.00681
SUP,N,nan
SUP,P,1.38213
SUP,N,nan
SUP,N,nan
SUP,P,1.68157
SUP,S,0.30081
SUP,P,5.3,0.2
SUP,S,0.7978
SUP,P,0.00129
SUP,N,nan
SUP,N,nan
SUP,P,0.2
SUP,N,nan
SUP,N,nan
SUP,S,7.98034,2.41966
SUP,N,nan
SUP,P,0.50024
SUP,N,nan
SUP,S,1.91171
SUP,P,1.1924
SUP,N,nan
SUP,P,0.00083
SUP,N,nan
SUP,N,nan
SUP,S,2.10034
SUP,S,0.49885
SUP,N,nan
SUP,N,nan
SUP,N,nan
SUP,P,3.0005,7.4005
SUP,N,nan
SUP,N,nan
SUP,P,4.10162
SUP,N,nan
SUP,S,3.401
SUP,P,4.91921,6.11921
SUP,P,0.10075
SUP,N,nan
SUP,S,1.60019
SUP,N,nan
SUP,N,nan
SUP,N,nan
SUP,N,nan
SUP,P,2.79
SUP,N,nan
SUP,N,nan
SUP,N,nan
SUP,N,nan
SUP,S,4.908393
SUP,N,nan
SUP,N,nan
SUP,N,nan
SUP,N,nan
SUP,N,nan
SUP,N,nan
SUP,S,1.89
SUP,N,nan
SUP,N,nan
SUP,N,nan
SUP,N,nan
SUP,N,nan
SUP,N,nan
SUP,N,nan
SUP,N,nan
SUP,N,nan
SUP,N,nan
SUP,S,0.808393
SUP,N,nan
SUP,S,1.275002
SUP,N,nan
SUP,N,nan
SUP,N,nan
SUP,N,nan
SUP,S,1.10055
SUP,S,0.11956
SUP,S,0.20096
SUP,N,nan
SUP,N,nan
SUP,N,nan
SUP,P,0.39803
SUP,S,0.79929,2.00071
SUP,S,0.50212
SUP,P,1.20041
SUP,S,1.3
SUP,S,4.50076
SUP,S,0.8998,4.2002
SUP,S,0.70126
SUP,P,1.50063
SUP,S,1.38093,5.91907
SUP,N,nan
SUP,N,nan
SUP,P,0.29658,3.20342
SUP,P,0.79838
SUP,N,nan
SUP,S,2.69907,0.00093
SUP,S,3.8802,0.3198,3.4198
SUP,N,nan
SUP,N,nan
SUP,P,0.00024
SUP,S,0.09907
SUP,S,1.20042
SUP,S,2.69852
SUP,P,0.61772
SUP,P,2.00203
SUP,P,0.10249
SUP,S,1.70089
SUP,S,3.60013
SUP,P,0.71
SUP,P,2.00919
SUP,S,0.20237
SUP,N,nan
SUP,N,nan
SUP,N,nan
SUP,N,nan
SUP,P,0.29829
SUP,N,nan
SUP,N,nan
SUP,N,nan
SUP,N,nan
SUP,N,nan
SUP,N,nan
SUP,N,nan
SUP,P,4.491607
SUP,N,nan
SUP,P,0.50043
SUP,P,3.21964
SUP,P,0.10148
SUP,P,0.798
SUP,S,0.59986
SUP,N,nan
SUP,P,0.10167
SUP,P,0.0
SUP,P,0.6
SUP,P,0.10135
SUP,S,0.79943
SUP,P,5.89937
SUP,S,0.1
SUP,N,nan
SUP,P,0.00081
SUP,N,nan
SUP,P,7.402099
SUP,P,0.99934
SUP,N,nan
SUP,S,0.50212
SUP,P,1.09778,0.40222
SUP,P,1.300495
SUP,S,0.50063
SUP,P,2.200588
SUP,P,1.499996,1.100004
SUP,S,1.00033
SUP,P,1.18039
SUP,P,0.08013
SUP,P,0.01893
SUP,N,nan
SUP,N,nan
SUP,N,nan
SUP,S,0.00013,4.10013
SUP,P,0.100991
SUP,N,nan
SUP,N,nan
SUP,N,nan
SUP,P,1.39951
SUP,N,nan
SUP,S,2.30097
SUP,N,nan
SUP,N,nan
SUP,P,0.19933
SUP,P,0.00082
SUP,S,1.80094
SUP,N,nan
SUP,S,1.10084
SUP,P,2.28139
SUP,P,0.88068
SUP,N,nan
SUP,N,nan
SUP,P,2.28138
SUP,N,nan
SUP,N,nan
SUP,N,nan
SUP,N,nan
SUP,P,3.599326,0.000674
SUP,N,nan
SUP,N,nan
SUP,S,2.41939
SUP,S,1.11983
SUP,N,nan
SUP,N,nan
SUP,P,0.11962
SUP,P,0.39889
SUP,N,nan
SUP,N,nan
SUP,P,5.08088
SUP,P,0.51938
SUP,P,0.01901
SUP,S,1.1
SUP,N,nan
SUP,S,0.90116
SUP,S,1.50038
SUP,P,0.00156
SUP,S,0.30092,5.90092
SUP,N,nan
SUP,P,1.1
SUP,P,1.09935
SUP,P,0.00167
SUP,N,nan
SUP,P,0.0
SUP,N,nan
SUP,P,0.09893
SUP,N,nan
SUP,P,0.00104
SUP,N,nan
SUP,N,nan
SUP,N,nan
SUP,N,nan
SUP,P,0.299255
SUP,P,0.09866
SUP,N,nan
SUP,P,0.19071
SUP,N,nan
SUP,N,nan
SUP,S,0.40063
SUP,N,nan
SUP,N,nan
SUP,P,0.00059
SUP,S,2.41888
SUP,N,nan
SUP,S,0.90068
SUP,N,nan
SUP,P,0.898795
SUP,N,nan
SUP,P,1.08098
SUP,P,0.00045
SUP,S,5.10167
SUP,P,0.11821,2.61821
SUP,S,4.1991,0.8991
SUP,P,0.40057
SUP,S,4.309401
SUP,S,7.39866,0.40134
SUP,P,0.1
SUP,P,0.00185
SUP,P,0.00028
SUP,N,nan
SUP,N,nan
SUP,N,nan
SUP,P,5.90181
SUP,S,2.29832,2.60168
SUP,S,0.49905,7.80095
SUP,P,0.10097
SUP,N,nan
SUP,N,nan
SUP,S,1.500011,7.100011
SUP,N,nan
SUP,P,0.11938
SUP,N,nan
SUP,P,7.700736
SUP,N,nan
SUP,P,0.1007
SUP,N,nan
SUP,N,nan
SUP,N,nan
SUP,S,0.000498
SUP,N,nan
SUP,S,1.80113
SUP,N,nan
SUP,S,2.21915
SUP,P,0.201383
SUP,N,nan
SUP,N,nan
SUP,S,7.89957,0.99957,0.10043,4.00043
SUP,P,1.899928,0.900072
SUP,N,nan
SUP,N,nan
SUP,P,0.19844
SUP,P,2.39923,0.00077
SUP,S,1.80261
SUP,S,0.0
SUP,P,0.7971
SUP,N,nan
SUP,S,4.00519
SUP,S,1.0027
SUP,S,2.60158
SUP,S,2.31604,5.31604
SUP,N,nan
SUP,P,4.10127
SUP,P,0.10022
SUP,P,0.5019
SUP,S,3.6019
SUP,N,nan
SUP,P,0.60203
SUP,N,nan
SUP,P,0.00075
SUP,S,0.502
SUP,N,nan
SUP,P,1.00049
SUP,S,3.59029,2.40971
SUP,N,nan
SUP,P,0.50068
SUP,S,1.0012
SUP,S,1.51975
SUP,S,1.60029
SUP,S,2.7
SUP,P,0.100523,6.800523
SUP,P,1.00217
SUP,S,0.30295
SUP,S,0.30076,1.70076
SUP,N,nan
SUP,P,5.49999,0.29999
SUP,S,5.98065,1.81935,5.91935
SUP,N,nan
SUP,N,nan
SUP,P,0.10278
SUP,N,nan
SUP,N,nan
SUP,N,nan
SUP,N,nan
SUP,N,nan
SUP,P,1.609646
SUP,N,nan
SUP,S,1.40136
SUP,P,0.197967,3.602033
SUP,N,nan
SUP,P,0.9804
SUP,S,0.40075
SUP,P,0.40207
SUP,N,nan
SUP,P,0.10259
SUP,P,0.69975
SUP,N,nan
SUP,N,nan
SUP,N,nan
SUP,N,nan
SUP,N,nan
SUP,N,nan
SUP,N,nan
SUP,S,1.00149,3.60149
SUP,N,nan
SUP,N,nan
SUP,N,nan
SUP,N,nan
SUP,N,nan
SUP,P,0.79897
SUP,S,2.0019
SUP,S,1.09818
SUP,S,0.00605
SUP,P,0.00152
SUP,P,3.08081,0.38081
SUP,P,0.10259
SUP,P,0.00061
SUP,N,nan
SUP,P,0.1015
SUP,N,nan
SUP,N,nan
SUP,N,nan
SUP,S,0.59774
SUP,S,0.30027,5.20027
SUP,S,2.40191
SUP,N,nan
SUP,S,1.19769
SUP,S,1.20083
SUP,N,nan
SUP,N,nan
SUP,N,nan
SUP,N,nan
SUP,P,0.08043
SUP,S,2.31927
SUP,S,1.29909
SUP,P,0.70088
SUP,P,1.79904,0.20096
SUP,N,nan
SUP,N,nan
SUP,N,nan
SUP,N,nan
SUP,N,nan
SUP,N,nan
SUP,P,0.00163
SUP,N,nan
SUP,P,0.31968
SUP,P,0.01955
SUP,N,nan
SUP,P,0.00045
SUP,N,nan
SUP,N,nan
SUP,S,0.601091
SUP,N,nan
SUP,N,nan
SUP,N,nan
SUP,P,0.19978
SUP,N,nan
SUP,N,nan
SUP,P,0.099997
SUP,P,0.38043
SUP,N,nan
SUP,N,nan
SUP,S,0.2811
SUP,S,1.1
SUP,P,5.40031
SUP,S,1.50068
SUP,S,0.299254,3.000746
SUP,P,2.69989
SUP,P,0.2024
SUP,S,2.01987
SUP,S,3.2196
SUP,S,2.40047
SUP,S,1.09877
SUP,N,nan
SUP,P,0.2
SUP,S,0.29921,1.10079
SUP,P,7.298833,0.901167
SUP,P,0.09868
SUP,P,0.100906,7.700906
SUP,P,0.31935
SUP,P,6.700305
SUP,P,0.00168
SUP,P,0.101627
SUP,P,0.59976
SUP,P,0.30044
SUP,N,nan
SUP,P,0.20233
SUP,P,0.19324
SUP,P,0.89884
SUP,N,nan
SUP,N,nan
SUP,N,nan
SUP,N,nan
SUP,P,1.51948,5.81948
SUP,N,nan
SUP,P,0.202782
SUP,N,nan
SUP,P,0.10082
SUP,P,0.50236
SUP,S,0.59755
SUP,P,3.18042,0.08042
SUP,N,nan
SUP,P,0.39918
SUP,P,4.08079,0.18079
SUP,N,nan
SUP,S,4.21919
SUP,S,0.58101,6.71899
SUP,P,0.099368
SUP,N,nan
SUP,S,1.91914,5.41914
SUP,N,nan
SUP,N,nan
SUP,N,nan
SUP,P,2.800011,6.000011
SUP,P,0.69987
SUP,S,0.10045
SUP,P,0.00039
SUP,S,4.78101,1.41899
SUP,N,nan
SUP,N,nan
SUP,P,0.10073
SUP,N,nan
SUP,S,2.0
SUP,N,nan
SUP,P,0.10104
SUP,P,2.89966
SUP,S,1.3195
SUP,S,2.6,0.8,0.7
SUP,P,5.80125
SUP,N,nan
SUP,N,nan
SUP,N,nan
SUP,N,nan
SUP,P,0.00049
SUP,S,1.0
SUP,S,1.60229
SUP,S,6.9,0.8
SUP,S,7.70102
SUP,P,0.100221,2.000221
SUP,S,0.50224
SUP,P,1.200185
SUP,N,nan
SUP,S,0.7
SUP,P,0.0197,1.0197
SUP,S,4.29889,1.40111
SUP,P,0.1
SUP,P,0.89912
SUP,P,5.99817
SUP,P,0.69988
SUP,N,nan
SUP,P,5.00021
SUP,P,0.3
SUP,S,1.70077,7.00077
SUP,P,2.1
SUP,S,0.90094,4.10094
SUP,P,4.38068
SUP,N,nan
SUP,S,0.79842
SUP,N,nan
SUP,S,7.99899,0.59899
SUP,P,0.68089,1.71911
SUP,P,0.509714
SUP,S,1.51951
SUP,S,2.50113,5.00113
SUP,S,0.20078,6.90078
SUP,P,2.800517
SUP,S,0.60115
SUP,P,0.11943
SUP,S,1.89947,4.30053
SUP,N,nan
SUP,S,5.190225,0.309775
SUP,S,0.09937,1.70063
SUP,S,1.91922
SUP,P,0.11976
SUP,P,0.00173
SUP,P,0.00167
SUP,S,2.60038
SUP,S,1.4012,4.4012
SUP,P,0.30186
SUP,P,2.49904
SUP,S,1.80151
SUP,P,0.902328,4.402328
SUP,S,1.60182
SUP,P,0.40127
SUP,S,0.59918,1.30082
SUP,P,0.00023
SUP,P,0.009237
SUP,P,7.60099
SUP,S,1.70227,4.00227
SUP,P,0.00274
SUP,P,0.1002
SUP,N,nan
SUP,P,1.609259
SUP,S,0.80031
SUP,P,1.51984
SUP,S,0.50039
SUP,S,1.40075
SUP,S,2.20136
SUP,N,nan
SUP,S,0.300857,7.200857
SUP,P,0.900149,2.400149
SUP,N,nan
SUP,N,nan
SUP,N,nan
SUP,N,nan
SUP,N,nan
SUP,P,5.19931,0.29931
SUP,N,nan
SUP,N,nan
SUP,S,1.10267
SUP,P,1.69943,1.30057
SUP,N,nan
SUP,S,1.80097
SUP,P,0.39723,3.50277
SUP,N,nan
SUP,P,0.9003
SUP,P,0.099109
SUP,S,6.49977,2.60023
SUP,S,3.09896,0.00104,6.70104
SUP,P,0.01896
SUP,N,nan
SUP,S,1.7004
SUP,N,nan
SUP,N,nan
SUP,P,0.21963
SUP,P,1.68026
SUP,P,0.00052
SUP,N,nan
SUP,N,nan
SUP,N,nan
SUP,P,0.00088
SUP,N,nan
SUP,S,0.70125
SUP,N,nan
SUP,N,nan
SUP,N,nan
SUP,S,4.00125
SUP,N,nan
SUP,N,nan
SUP,P,0.600509
SUP,P,0.00137
SUP,P,0.5
SUP,N,nan
SUP,P,1.61979
SUP,N,nan
SUP,P,0.0198
SUP,N,nan
SUP,P,0.29922
SUP,N,nan
SUP,N,nan
SUP,P,0.100816,1.400816
SUP,P,0.11943
SUP,P,2.8
SUP,P,0.08753
SUP,N,nan
SUP,N,nan
SUP,N,nan
SUP,N,nan
SUP,N,nan
SUP,N,nan
SUP,P,0.00095
SUP,N,nan
SUP,N,nan
SUP,N,nan
SUP,N,nan
SUP,N,nan
SUP,P,2.199022
SUP,P,1.300435,6.800435
SUP,N,nan
SUP,S,0.298685
SUP,P,0.00166
SUP,N,nan
SUP,N,nan
SUP,N,nan
SUP,N,nan
SUP,P,2.099674,1.499674,0.200326
SUP,N,nan
SUP,N,nan
SUP,S,0.190686,6.509314
SUP,N,nan
SUP,P,0.601056
SUP,N,nan
SUP,N,nan
SUP,P,0.0
SUP,N,nan
SUP,N,nan
SUP,P,0.08104
SUP,P,0.08022
SUP,N,nan
SUP,P,0.498211
SUP,N,nan
SUP,N,nan
SUP,N,nan
SUP,P,0.600644
SUP,P,0.00077
SUP,N,nan
SUP,P,0.799376,2.900624
SUP,N,nan
SUP,P,0.400021
SUP,S,0.202694,7.402694
SUP,N,nan
SUP,P,0.301453
SUP,P,0.102,1.102
SUP,N,nan
SUP,S,1.90266
SUP,N,nan
SUP,N,nan
SUP,N,nan
SUP,N,nan
SUP,N,nan
SUP,P,0.1011
SUP,N,nan
SUP,N,nan
SUP,P,7.400004
SUP,N,nan
SUP,P,0.999206
SUP,N,nan
SUP,N,nan
SUP,P,0.10013
SUP,N,nan
SUP,N,nan
SUP,P,0.10052
SUP,N,nan
SUP,N,nan
SUP,P,0.00103
SUP,N,nan
SUP,N,nan
SUP,N,nan
SUP,N,nan
SUP,P,0.499464
SUP,N,nan
SUP,P,7.892082,0.707918
SUP,N,nan
SUP,N,nan
SUP,P,0.19373
SUP,N,nan
SUP,N,nan
SUP,N,nan
SUP,P,0.000178
SUP,N,nan
SUP,N,nan
SUP,N,nan
SUP,S,6.89928,0.60072
SUP,P,0.901574
SUP,N,nan
SUP,N,nan
SUP,N,nan
SUP,P,0.402645
SUP,P,0.00223
SUP,N,nan
SUP,S,0.390696
SUP,P,0.102619,2.502619
SUP,N,nan
SUP,P,4.00101
SUP,N,nan
SUP,N,nan
SUP,N,nan
SUP,N,nan
SUP,S,0.60906
SUP,N,nan
SUP,P,0.198087
SUP,N,nan
SUP,S,0.80458
SUP,P,0.398043,3.101957
SUP,P,0.699665
SUP,N,nan
SUP,N,nan
SUP,S,2.2
SUP,P,1.90022
SUP,P,1.00272
SUP,N,nan
SUP,N,nan
SUP,P,1.00108
SUP,N,nan
SUP,P,0.90036
SUP,N,nan
SUP,N,nan
SUP,P,1.00048
SUP,P,1.00315
SUP,N,nan
SUP,N,nan
SUP,S,3.11873
SUP,P,0.90814
SUP,N,nan
SUP,N,nan
SUP,N,nan
SUP,N,nan
SUP,N,nan
SUP,N,nan
SUP,N,nan
SUP,N,nan
SUP,N,nan
SUP,P,0.80036
SUP,P,1.101459
SUP,N,nan
SUP,P,0.80173
SUP,N,nan
SUP,P,0.39822
SUP,N,nan
SUP,N,nan
SUP,P,0.9
SUP,S,0.70104,2.10104
SUP,N,nan
SUP,P,1.00105
SUP,P,1.01986
SUP,N,nan
SUP,P,1.000457
SUP,P,0.9
SUP,N,nan
SUP,N,nan
SUP,P,0.91368
SUP,N,nan
SUP,P,1.10115
SUP,P,1.200583
SUP,N,nan
SUP,S,0.21968,2.91968
SUP,S,3.8
SUP,N,nan
SUP,N,nan
SUP,P,1.40094
SUP,N,nan
SUP,P,1.00107
SUP,N,nan
SUP,N,nan
SUP,N,nan
SUP,N,nan
SUP,P,1.01957
SUP,N,nan
SUP,P,0.01946
SUP,S,1.81907
SUP,P,0.50196
SUP,P,0.101258
SUP,N,nan
SUP,N,nan
SUP,P,1.10134
SUP,N,nan
SUP,N,nan
SUP,N,nan
SUP,S,0.09907
SUP,P,1.00069
SUP,N,nan
SUP,N,nan
SUP,P,1.00061
SUP,N,nan
SUP,N,nan
SUP,P,0.40117
SUP,P,0.59853
SUP,N,nan
SUP,P,1.20053
SUP,N,nan
SUP,N,nan
SUP,P,1.50134
SUP,N,nan
SUP,P,1.00254
SUP,N,nan
SUP,N,nan
SUP,P,0.90086
SUP,P,0.29775
SUP,N,nan
SUP,P,0.9
SUP,N,nan
SUP,P,1.01956
SUP,N,nan
SUP,N,nan
SUP,S,1.60109
SUP,N,nan
SUP,P,0.81983
SUP,S,3.2015
SUP,N,nan
SUP,P,0.90025
SUP,N,nan
SUP,N,nan
SUP,N,nan
SUP,N,nan
SUP,N,nan
SUP,N,nan
SUP,S,3.50031
SUP,P,1.90128
SUP,N,nan
SUP,S,4.40048
SUP,N,nan
SUP,S,0.60252,3.60252
SUP,N,nan
SUP,N,nan
SUP,N,nan
SUP,S,0.30218
SUP,N,nan
SUP,N,nan
SUP,P,0.10143
SUP,P,1.20173
SUP,P,1.10228
SUP,P,1.10177
SUP,N,nan
SUP,P,0.9005
SUP,N,nan
SUP,S,2.40033
SUP,N,nan
SUP,N,nan
SUP,N,nan
SUP,N,nan
SUP,N,nan
SUP,P,0.60181
SUP,N,nan
SUP,N,nan
SUP,N,nan
SUP,N,nan
SUP,P,1.01957
SUP,N,nan
SUP,N,nan
SUP,N,nan
SUP,N,nan
SUP,N,nan
SUP,N,nan
SUP,P,1.10013
SUP,N,nan
SUP,P,1.00137
SUP,N,nan
SUP,N,nan
SUP,S,2.90214
SUP,N,nan
SUP,P,0.10027
SUP,N,nan
SUP,N,nan
SUP,N,nan
SUP,N,nan
SUP,N,nan
SUP,N,nan
SUP,P,1.01954
SUP,N,nan
SUP,N,nan
SUP,N,nan
SUP,N,nan
SUP,N,nan
SUP,N,nan
SUP,N,nan
SUP,N,nan
SUP,P,0.90055
SUP,N,nan
SUP,N,nan
SUP,N,nan
SUP,N,nan
SUP,N,nan
SUP,N,nan
SUP,N,nan
SUP,N,nan
SUP,N,nan
SUP,N,nan
SUP,N,nan
SUP,N,nan
SUP,S,2.90019
SUP,N,nan
SUP,N,nan
SUP,N,nan
SUP,N,nan
SUP,N,nan
SUP,N,nan
SUP,N,nan
SUP,S,3.50305
SUP,N,nan
SUP,S,1.99918
SUP,N,nan
SUP,S,1.51984
SUP,N,nan
SUP,P,2.61978
SUP,S,7.00065
SUP,N,nan
SUP,S,1.29899,1.40101,4.90101
SUP,P,1.000443
SUP,P,2.2011
SUP,P,1.01957
SUP,P,2.00154
SUP,N,nan
SUP,P,1.11928
SUP,N,nan
SUP,N,nan
SUP,N,nan
SUP,N,nan
SUP,S,2.79944
SUP,N,nan
SUP,N,nan
SUP,S,1.3
SUP,S,2.20066
SUP,N,nan
SUP,N,nan
SUP,N,nan
SUP,P,1.59727
SUP,N,nan
SUP,N,nan
SUP,S,6.10118
SUP,N,nan
SUP,P,5.20041
SUP,S,3.70215
SUP,S,1.60189
SUP,N,nan
SUP,N,nan
SUP,S,0.50164,5.00164
SUP,N,nan
SUP,P,4.2
SUP,N,nan
SUP,N,nan
SUP,N,nan
SUP,N,nan
SUP,N,nan
SUP,N,nan
SUP,S,4.78721
SUP,P,0.09848,0.90152
SUP,S,2.50109
SUP,N,nan
SUP,N,nan
SUP,N,nan
SUP,P,1.7011
SUP,N,nan
SUP,N,nan
SUP,N,nan
SUP,N,nan
SUP,N,nan
SUP,S,2.51794
SUP,S,2.01992,5.01992
SUP,N,nan
SUP,N,nan
SUP,N,nan
SUP,N,nan
SUP,N,nan
SUP,N,nan
SUP,N,nan
SUP,N,nan
SUP,P,1.01969
SUP,N,nan
SUP,N,nan
SUP,P,1.20589
SUP,P,1.10127
SUP,N,nan
SUP,S,2.30072
SUP,S,3.00063,7.10063
SUP,N,nan
SUP,P,1.1008
SUP,P,0.10117
SUP,N,nan
SUP,N,nan
SUP,N,nan
SUP,N,nan
SUP,P,1.1009
SUP,N,nan
SUP,N,nan
SUP,P,0.40088
SUP,N,nan
SUP,N,nan
SUP,N,nan
SUP,N,nan
SUP,S,2.50056
SUP,P,1.00032
SUP,S,2.00143
SUP,N,nan
SUP,N,nan
SUP,N,nan
SUP,N,nan
SUP,S,0.91937
SUP,S,0.90053
SUP,S,0.91965
SUP,S,1.1193
SUP,P,1.41924
SUP,N,nan
SUP,P,0.91851
SUP,N,nan
SUP,N,nan
SUP,P,0.70119
SUP,P,0.00119
SUP,N,nan
SUP,N,nan
SUP,P,1.10148
SUP,S,0.40163
SUP,S,1.80409
SUP,S,3.70201
SUP,N,nan
SUP,P,1.10044
SUP,S,6.20106
SUP,P,1.0
SUP,N,nan
SUP,N,nan
SUP,N,nan
SUP,P,0.70103
SUP,P,0.9023
SUP,P,0.40245
SUP,N,nan
SUP,N,nan
SUP,N,nan
SUP,N,nan
SUP,N,nan
SUP,P,1.2002
SUP,N,nan
SUP,N,nan
SUP,N,nan
SUP,N,nan
SUP,N,nan
SUP,N,nan
SUP,S,2.60286
SUP,S,0.30187
SUP,S,2.80027
SUP,S,1.10047
SUP,S,2.11196
SUP,S,2.40189
SUP,S,1.3
SUP,S,1.20123
SUP,S,1.10112
SUP,S,0.70252
SUP,P,1.00024
SUP,S,0.90039,6.30039
SUP,S,2.00147
SUP,P,1.30137
SUP,P,0.49897
SUP,P,1.90175
SUP,P,1.80247
SUP,S,1.60104
SUP,P,0.69987
SUP,S,2.90653
SUP,N,nan
SUP,P,6.6,0.1
SUP,N,nan
SUP,N,nan
SUP,N,nan
SUP,P,3.285
SUP,S,7.69,3.59
SUP,N,nan
SUP,N,nan
SUP,N,nan
SUP,N,nan
SUP,P,0.0008,2.8008
SUP,S,0.8003
SUP,S,1.11146
SUP,S,1.51655
SUP,S,2.5172
SUP,P,1.00343
SUP,S,3.00155
SUP,S,3.50536
SUP,N,nan
SUP,N,nan
SUP,N,nan
SUP,S,4.69917,2.10083
SUP,N,nan
SUP,N,nan
SUP,N,nan
SUP,N,nan
SUP,S,1.50361
SUP,N,nan
SUP,P,0.90182
SUP,N,nan
SUP,N,nan
SUP,N,nan
SUP,N,nan
SUP,P,4.29959
SUP,N,nan
SUP,N,nan
SUP,N,nan
SUP,N,nan
SUP,S,0.71958
SUP,S,3.30078
SUP,N,nan
SUP,N,nan
SUP,N,nan
SUP,P,2.28053
SUP,N,nan
SUP,P,1.00014
SUP,N,nan
SUP,N,nan
SUP,N,nan
SUP,N,nan
SUP,N,nan
SUP,P,1.00096
SUP,N,nan
SUP,P,1.00043
SUP,N,nan
SUP,N,nan
SUP,P,0.3
SUP,N,nan
SUP,N,nan
SUP,N,nan
SUP,N,nan
SUP,P,1.01885
SUP,P,0.11949
SUP,N,nan
SUP,N,nan
SUP,S,4.30052
SUP,P,1.0
SUP,P,0.91889
SUP,N,nan
SUP,S,1.10113
SUP,P,1.00107
SUP,N,nan
SUP,P,1.01969
SUP,P,1.11893
SUP,P,0.80121
SUP,N,nan
SUP,N,nan
SUP,P,1.00049
SUP,P,0.80038
SUP,P,1.30192
SUP,N,nan
SUP,P,0.10169
SUP,P,1.50088
SUP,P,1.9003
SUP,S,0.200179,3.300179,7.000179
SUP,P,1.80166,5.00166
SUP,P,1.00208
SUP,N,nan
SUP,N,nan
SUP,N,nan
SUP,P,0.50258
