SNP N nan
SNP S 0.68076 3.21924
SNP S 5.70064
SNP N nan
SNP N nan
SNP N nan
SNP N nan
SNP S 2.19909 1.10091
SNP N nan
SNP N nan
SNP N nan
SNP N nan
SNP N nan
SNP N nan
SNP S 2.60125
SNP N nan
SNP P 4.29876
SNP N nan
SNP P 1.70076
SNP S 2.90143
SNP S 0.50089 6.10089
SNP S 3.69876 1.30124 3.00124 6.50124
SNP N nan
SNP P 0.18041
SNP S 4.30206 6.50206
SNP S 1.3903
SNP N nan
SNP N nan
SNP S 2.4
SNP S 2.60031
SNP N nan
SNP S 2.60129
SNP N nan
SNP P 2.90749
SNP N nan
SNP S 5.70064
SNP P 3.00158
SNP N nan
SNP S 0.50108 4.00108
SNP N nan
SNP N nan
SNP N nan
SNP S 2.19909 1.10091
SNP S 1.7
SNP N nan
SNP N nan
SNP S 2.19909 1.10091
SNP N nan
SNP N nan
SNP N nan
SNP N nan
SNP N nan
SNP S 4.30206 6.50206
SNP N nan
SNP N nan
SNP N nan
SNP N nan
SNP P 2.10125
SNP N nan
SNP P 3.00031
SNP N nan
SNP S 1.40099
SNP N nan
SNP P 3.40218
SNP N nan
SNP S 0.59857
SNP P 2.30049
SNP S 8.0 3.3
SNP P 1.40011
SNP P 3.00031
SNP N nan
SNP N nan
SNP N nan
SNP P 3.00031
SNP N nan
SNP P 1.70072
SNP S 2.60129
SNP N nan
SNP N nan
SNP N nan
SNP N nan
SNP N nan
SNP S 1.3903
SNP S 3.69857 2.70143
SNP P 3.00158
SNP N nan
SNP S 4.30206 6.50206
SNP N nan
SNP N nan
SNP P 2.90749
SNP P 3.40218
SNP N nan
SNP S 2.40033
SNP S 0.68076 3.21924
SNP N nan
SNP N nan
SNP P 3.40218
SNP N nan
SNP N nan
SNP N nan
SNP S 2.40228
SNP N nan
SNP P 2.90749
SNP P 2.30049
SNP P 3.40218
SNP P 2.0026
SNP N nan
SNP N nan
SNP S 0.00055 1.50055 5.00055
SNP S 3.1193
SNP N nan
SNP P 2.90749
SNP S 4.30206 6.50206
SNP S 5.70064
SNP S 2.60144
SNP P 0.999367
