PXP N nan
PXP N nan
PXP P -0.002053
PXP P -0.100983
PXP P -0.000893
PXP P -0.100390
PXP P 0.598780
PXP P 0.098190
PXP N nan
PXP P -0.019400
PXP N nan
PXP P -0.117860
PXP N nan
PXP S 1.190280
PXP P -0.108350
PXP N nan
PXP P 7.992490 -0.007510 -2.607510
PXP P 0.193560
PXP P 0.198997
PXP P -0.000773
PXP P -0.000873
PXP P -0.019280
PXP P 0.199510 -5.900490
PXP P -0.001810
PXP N nan
PXP P -0.101020
PXP P -0.000690
PXP P 0.875400 -0.724600
PXP N nan
PXP N nan
PXP P 0.090080
PXP P -0.000143
PXP S 0.596910 -1.503090 -7.403090
PXP P -0.203451
PXP P -0.000250
PXP P 0.098160
PXP N nan
PXP P -0.000230
PXP P -0.100300
PXP N nan
PXP P -0.001884
PXP P -0.007230
PXP N nan
PXP P -0.000550
PXP S -0.900520
PXP P -0.018280
PXP P 0.292750
PXP P -0.009961
PXP N nan
PXP N nan
PXP P -0.103910
PXP P 0.198870
PXP N nan
PXP P -0.003900 -1.703900
PXP P 0.099090
PXP P -0.004530
PXP N nan
PXP N nan
PXP P 0.098100
PXP S -2.800100
PXP N nan
PXP N nan
PXP P -0.000233
PXP N nan
PXP N nan
PXP P 0.697897
PXP S -0.624661
PXP P -0.000834
PXP P 0.896660
PXP N nan
PXP N nan
PXP N nan
PXP S -0.602000
PXP P 0.690470
PXP P -0.011920
PXP N nan
PXP S 0.197360
PXP P -0.002223
PXP P -0.001173
PXP P 0.497430
PXP P -0.100713
PXP S -1.902800
PXP P -0.004640
PXP N nan
PXP P 1.299070
PXP N nan
PXP N nan
PXP P -0.000543
PXP N nan
PXP N nan
PXP P -0.001410
PXP P -0.009173
PXP P -0.110770
PXP N nan
PXP S -0.900760
PXP N nan
PXP N nan
PXP P 0.799129
PXP P 0.300000
PXP P 0.399310
PXP P -0.002400
PXP N nan
PXP P -0.008833
PXP P -0.002750
PXP S -2.800100
PXP P 0.480690
PXP S -0.500323
PXP P -0.003680
PXP P -0.009653
PXP P 0.296507
PXP P 0.094150
PXP N nan
PXP N nan
PXP P -0.023960
PXP P -0.409030 -7.209030
PXP P 0.084660
PXP P 6.399030
PXP P 0.199260
PXP P -0.001130
PXP P -0.001680
PXP N nan
PXP N nan
PXP P -0.012950
PXP S -0.102570 -2.902570
PXP N nan
PXP P -0.101980
PXP P -0.200200
PXP P 0.097352
PXP N nan
PXP P -0.000773
PXP N nan
PXP P 0.188010
PXP P 7.800000 0.500000
PXP P 0.097990
PXP P 0.490920
PXP P -0.001360
PXP N nan
PXP P 0.098700
PXP N nan
PXP P -0.101990
PXP P -0.000590
PXP P -0.103880
PXP S -0.100519
PXP S -0.002660
PXP P 0.100000
PXP P -0.001740
PXP P 0.098771
PXP S 0.785410 -0.514590 -5.714590
PXP P -0.001730
PXP P -0.000810
PXP P -0.008963
PXP P 0.394840
PXP P 0.199907
PXP N nan
PXP N nan
PXP P -0.109490
PXP S -0.515040
PXP P -0.400371
PXP P -0.101213
PXP S -6.102843
PXP P -0.102310
PXP S 0.598170 -1.901830
PXP P 0.999090
PXP P -0.101550
PXP S -1.100431 -5.600431
PXP P -0.001440
PXP P 0.099907
PXP S -4.201020
PXP P -0.012900
PXP S -3.007441
PXP P -0.001080
PXP P -0.300940
PXP P -0.108050
PXP N nan
PXP P 0.390120
PXP N nan
PXP P 0.380560
PXP P -0.001493
PXP P -0.000733
PXP N nan
PXP P 0.499240
PXP P -0.105513
PXP P -0.004410
PXP P -0.101933
PXP N nan
PXP P 1.698960
PXP N nan
PXP P -0.001150
PXP N nan
PXP P -0.203310
PXP P -0.040000
PXP N nan
PXP S 0.399047 -5.900953
PXP P -0.100000
PXP P 0.180650
PXP P -0.100260
PXP N nan
PXP P -0.100330
PXP P -0.003120
PXP N nan
PXP P -0.009550
PXP P 1.583610
PXP S -3.008770
PXP P -0.100260
PXP P -0.100193
PXP P 0.299217
PXP P 5.397817 -0.102183
PXP P -0.000973
PXP P -0.200380
PXP P 0.196880
PXP P -0.319120
PXP P 0.298480
PXP N nan
PXP N nan
PXP P 0.298757
PXP P -0.409030 -7.209030
PXP P 0.480720
PXP P 0.699340
PXP N nan
PXP P -0.101380
PXP N nan
PXP P 0.198880
PXP N nan
PXP N nan
PXP P -0.000719
PXP P 4.199650 0.099650
PXP N nan
PXP P 0.688390
PXP S -0.209520 -6.809520
PXP P 0.092860
PXP P 0.093570
PXP N nan
PXP S -1.323690
PXP P -0.001460
PXP P -0.806120
PXP P 0.498967
PXP S -1.803370
PXP P -0.000290
PXP P -0.100904
PXP P -0.009683
PXP N nan
PXP P -0.015570
PXP N nan
PXP N nan
PXP P 0.090520
PXP S 0.898490
PXP P 0.175160
PXP P 0.097870
PXP N nan
PXP N nan
PXP P 0.299900
PXP P -0.101380
PXP N nan
PXP N nan
PXP S -0.900160
PXP S -0.200430
PXP P 1.000000
PXP P 0.299760
PXP N nan
PXP N nan
PXP N nan
PXP S -0.900160
PXP P -0.404410
PXP P -0.119680
PXP N nan
PXP P 0.499300
PXP P -4.304500
PXP P -0.001293
PXP N nan
PXP N nan
PXP P 0.094626
PXP N nan
PXP N nan
PXP P -0.002600
PXP P -0.102490
PXP N nan
PXP N nan
PXP P 1.499460
PXP P -0.006380
PXP N nan
PXP P 0.490127
PXP P -0.001190
PXP N nan
PXP S -3.601140
PXP P -0.003193
PXP P -1.201490
PXP P 0.099970
PXP P -0.000093
PXP P 0.099880
PXP N nan
PXP P -0.005790
PXP P -0.009363
PXP P 0.198907
PXP N nan
PXP P -0.005453
PXP P 1.275850 0.075850
PXP N nan
PXP S -7.802033
PXP N nan
PXP S 4.299397 -1.300603
PXP P -0.007660
PXP N nan
PXP N nan
PXP P 0.294077
PXP S -1.202070
PXP S -0.000640
PXP S -0.204830
PXP N nan
PXP P 0.500000
PXP S -3.400780
PXP P -0.000643
PXP P -0.109921
PXP P -0.001390
PXP P 0.986330
PXP P 0.080800
PXP P 1.199107
PXP S -0.209100
PXP P -0.003640
PXP P 0.094350
PXP N nan
PXP N nan
PXP P -0.009523
PXP P -0.019500
PXP S -1.301550 -5.201550
PXP P -0.302373
PXP S 2.383340
PXP P 1.096040
PXP P 1.299050
PXP S -7.402573
PXP P -0.002840
PXP N nan
PXP P -0.100000
PXP N nan
PXP P 0.092720
PXP S -0.300093
PXP N nan
PXP P 0.498367
PXP N nan
PXP S -0.300000
PXP N nan
PXP P -1.101500
PXP P -0.009543
PXP P 0.099036
PXP S -2.200640
PXP P 0.000000
PXP S 0.296110 -2.103890
PXP P -0.117500
PXP P -0.001440
PXP P 0.098567
PXP P -0.019170
PXP P -0.003870
PXP N nan
PXP N nan
PXP S -0.100310
PXP N nan
PXP P 0.296410
PXP P -0.001900 -2.901900
PXP P 6.098490 -0.001510
PXP P -0.100211
PXP P 0.080190
PXP N nan
PXP P -1.102420
PXP N nan
PXP P 0.295510
PXP N nan
PXP P 0.698910
PXP N nan
PXP N nan
PXP P -0.024270
PXP P -0.000810
PXP P 5.099037 -0.100963
PXP N nan
PXP P -0.024650 -3.324650
PXP N nan
PXP N nan
PXP P -0.000853
PXP P -0.018740
PXP N nan
PXP N nan
PXP P 1.798310
PXP P 0.792910
PXP P -0.100440
PXP N nan
PXP P 0.399907
PXP N nan
PXP N nan
PXP P -0.009384
PXP P 0.099650
PXP N nan
PXP P -0.100613
PXP P 0.290310
PXP P 0.893420
PXP S -0.106780 -3.306780
PXP N nan
PXP P 0.294050
PXP N nan
PXP P -0.024460 -3.324460
PXP P 0.780690
PXP N nan
PXP P 0.790340
PXP P -0.000093
PXP P 0.099027
PXP N nan
PXP P -0.001190
PXP P -0.105519
PXP P 0.600000
PXP P 0.798100
PXP P -0.007530
PXP P -0.001133
PXP P -0.024590 -3.324590
PXP P 0.292527
PXP P 0.299540
PXP S -0.306650
PXP P -0.006180
PXP P 0.690619
PXP P -0.023750
PXP S -1.205420 -5.905420
PXP S -0.215920 -4.415920
PXP N nan
PXP P -0.001060
PXP N nan
PXP N nan
PXP S -0.800710 -6.800710
PXP P -4.000283
PXP N nan
PXP P -0.001010
PXP P -0.101440
PXP P -0.007320
PXP P -0.001520
PXP N nan
PXP N nan
PXP P 0.700000
PXP P -0.003680
PXP N nan
PXP P 0.591019
PXP P 0.183470
PXP N nan
PXP P -0.024460 -3.324460
PXP P -0.003863
PXP P -4.601875
PXP P -0.001750
PXP S -3.400780
PXP P -0.009400
PXP N nan
PXP S 0.380690
PXP P -0.003053
PXP P -0.002350
PXP N nan
PXP P -0.000533
PXP P -0.000310
PXP P -0.008650
PXP P 0.200000
PXP P -0.001877
PXP N nan
PXP S -1.301550 -5.201550
PXP P -0.012950
PXP N nan
PXP P -0.008993
PXP P 0.077680
PXP P 0.699530
PXP N nan
PXP P 0.591317
PXP P -0.006260
PXP P 1.793910
PXP N nan
PXP N nan
PXP N nan
PXP P -0.023750
PXP P -0.000573
PXP P -0.001350
PXP N nan
PXP P 0.199737
PXP P -0.300120
PXP P 0.190520
PXP N nan
PXP P 0.694790
PXP N nan
PXP N nan
PXP N nan
PXP P -0.219830
PXP P -0.001090
PXP P -0.101623
PXP P -0.000093
PXP P 0.099477
PXP P -0.100640
PXP S -1.807340
PXP P 0.495850
PXP N nan
PXP P -0.200380
PXP S -0.203080 -1.803080
PXP P 0.199690
PXP P 1.290220
PXP P -0.001860
PXP P -4.701090
PXP N nan
PXP S -0.101180
PXP P 0.194670
PXP S -1.206190 -5.606190
PXP P 0.090797
PXP S -0.700480
PXP P -0.001304
PXP P 0.092127
PXP S -2.118950
PXP P -0.100920
PXP P -0.009233
PXP P 7.099637 -0.000363
PXP P -0.109321
PXP N nan
PXP P -0.009643
PXP P -5.300860
PXP N nan
PXP P 0.797510 -3.302490
PXP N nan
PXP P 0.600000
PXP N nan
PXP N nan
PXP P 0.797620
PXP S -0.309670 -4.309670
PXP P -0.001403
PXP P -0.000940
PXP N nan
PXP P -0.108783
PXP P -0.000653
PXP P -0.209220
PXP N nan
PXP S -0.704863 -7.704863
PXP S -0.307840
PXP P 5.399907 0.099907
PXP N nan
PXP P -0.000250
PXP N nan
PXP P -0.103880
PXP P -0.201680
PXP N nan
PXP P 0.290157
PXP N nan
PXP N nan
PXP P -0.019820
PXP P 0.599719
PXP P -0.600740
PXP N nan
PXP P 0.099420
PXP P -0.003850
PXP S -0.302350 -4.502350
PXP N nan
PXP P 0.695910
PXP P 0.094640
PXP P -0.001930
PXP P 0.399907
PXP N nan
PXP P -4.000353
PXP P -0.000353
PXP P 0.292520
PXP S -0.118710 -5.918710
PXP P 0.091237
PXP N nan
PXP P -0.201400
PXP P -0.500000
PXP N nan
PXP P -0.009431
PXP P -0.019440
PXP P -0.000340
PXP S -0.200000
PXP P -0.003083
PXP N nan
PXP P -0.002353
PXP P 5.699110 0.099110
PXP N nan
PXP P -0.001040
PXP P 0.299160
PXP S -0.203080 -1.803080
PXP P -0.000120
PXP N nan
PXP P 0.097800
PXP N nan
PXP P -0.200000
PXP P -0.005270
PXP P -0.002283 -0.802283
PXP P -0.001110
PXP N nan
PXP P -0.001110
PXP P 0.780690
PXP P 0.399350
PXP P -0.018380
PXP P -0.000224
PXP P -0.001283
PXP P -0.024610
PXP N nan
PXP N nan
PXP S -0.406740 -6.806740
PXP S -0.309810
PXP P 1.793110
PXP P 0.097550
PXP P -0.003640
PXP P 0.699520 -0.800480
PXP P -0.000860
PXP N nan
PXP P 2.497087 0.297087
PXP S 0.191070 -4.808930
PXP P -0.000393
PXP P -0.001520
PXP P -0.000900
PXP N nan
PXP S -0.100913 -4.100913
PXP P 1.390570
PXP P 0.799160
PXP S -0.400493 -3.300493
PXP S -3.601140
PXP P -0.007770
PXP P 0.099537
PXP P 0.395740
PXP P -0.100000
PXP P 0.291540
PXP P -0.018420
PXP S -0.001190
PXP N nan
PXP P -0.014970
PXP N nan
PXP N nan
PXP N nan
PXP N nan
PXP P -0.000520
PXP P -0.001171
PXP S -1.006350 -7.406350
PXP N nan
PXP P 0.999620 -0.000380
PXP P -0.001160 -2.601160
PXP S -0.807463 -5.507463
PXP N nan
PXP P -0.006040
PXP N nan
PXP N nan
PXP N nan
PXP P 0.198500
PXP N nan
PXP N nan
PXP S -1.202660
PXP N nan
PXP P -0.000940
PXP P 0.598940
PXP P 0.099640
PXP N nan
PXP P -0.000730
PXP P -0.019820
PXP P -0.001610
PXP P 0.098230
PXP P -0.100100
PXP P 0.688390
PXP P -0.000561
PXP P 0.099027
PXP P -0.006040
PXP P 0.095409
PXP P 0.090217
PXP N nan
PXP P 6.195890
PXP P -0.002170
PXP P 0.098860
PXP P 0.096150
PXP P -0.009353
PXP P -0.001520
PXP P 0.099160
PXP P 0.188010
PXP P -0.001380
PXP N nan
PXP P -0.001934
PXP S 0.999749
PXP P -0.009413
PXP P 0.099640
PXP S -0.302350 -4.502350
PXP P -0.000120
PXP N nan
PXP P -0.000360
PXP P -0.009843
PXP P -0.009733
PXP P -0.000561
PXP N nan
PXP N nan
PXP P -0.009123
PXP P 0.095910
PXP P 0.390227
PXP P -0.008403
PXP S -4.100160
PXP N nan
PXP P -0.009730
PXP S -1.205420 -5.905420
PXP P -0.006340
PXP N nan
PXP P 0.698319
PXP N nan
PXP P -0.004410
PXP P 0.198960
PXP N nan
PXP P -0.001450
PXP N nan
PXP S -0.000843
PXP S -1.000140
PXP S -3.800673
PXP S -0.119270 -4.319270
PXP P -0.008120
PXP P -0.002633
PXP P -0.001473
PXP N nan
PXP N nan
PXP N nan
PXP N nan
PXP P -0.001040
PXP P -0.100213
PXP N nan
PXP N nan
PXP N nan
PXP P 6.399030
PXP P 0.187530
PXP P 0.099647
PXP P -0.100600
PXP P -0.009971
PXP P -0.100753
PXP P -0.023930
PXP P -0.300120
PXP P 0.094626
PXP P 4.197530
PXP P 0.099360
PXP N nan
PXP P -0.000770
PXP S 7.099890
PXP P -0.109413
PXP S 0.092570 -5.207430
PXP N nan
PXP N nan
PXP N nan
PXP P 0.480660
PXP S -0.102570 -2.902570
PXP P -0.001460
PXP P -0.009950
PXP P -0.010200
PXP N nan
PXP P 0.099240
PXP P 0.098510
PXP N nan
PXP P 0.600000
PXP P 0.098410
PXP P -0.001840
PXP P -0.008993
PXP P -0.002003
PXP S -0.302693
PXP N nan
PXP P -0.009150
PXP P -2.505710
PXP N nan
PXP P -0.004370
PXP P -0.000220 -3.200220
PXP P -0.000093
PXP P 0.496490
PXP P 0.299290
PXP P -0.101310 -4.701310
PXP P -0.000740
PXP P 1.698710
PXP S -0.304333 -6.104333
PXP P -0.609453
PXP P 0.099957
PXP N nan
PXP N nan
PXP N nan
PXP P 0.190471
PXP P -0.015920
PXP P -0.319120
PXP P 0.198460
PXP P -0.009120 -3.209120
PXP P -0.002250
PXP P -0.002740
PXP P -0.000343
PXP P 0.099160
PXP S -0.202413 -5.202413
PXP N nan
PXP P 0.998730
PXP P 0.800000
PXP N nan
PXP N nan
PXP P -0.019680
PXP P -0.100100
PXP N nan
PXP P -0.008260
PXP N nan
PXP P -0.000420
PXP N nan
PXP S 0.299800
PXP N nan
PXP P 0.090070
PXP N nan
PXP P -0.601070
PXP S -5.901900
PXP N nan
PXP S -0.309731 -5.109731
PXP S -0.000093 -6.400093
PXP S -0.301190
PXP N nan
PXP N nan
PXP N nan
PXP P 0.399450
PXP S -0.308020
PXP N nan
PXP N nan
PXP P 3.899360
PXP S -1.802730
PXP P -0.019200
PXP S -7.202200
PXP N nan
PXP P 0.180410
PXP P -0.001010
PXP N nan
PXP P -0.101220
PXP P -0.208740
PXP P -0.008950
PXP N nan
PXP N nan
PXP N nan
PXP P 3.899360
PXP S 7.877010 -0.822990
PXP N nan
PXP N nan
PXP P -0.002273
PXP N nan
PXP N nan
PXP P -0.000630
PXP P -0.113090
PXP P -0.100261
PXP P -2.501160
PXP N nan
PXP P -0.207250
PXP S 3.185890 -0.214110 -5.414110
PXP S -6.900720
PXP S 0.090410
PXP P 0.193890
PXP P -0.100493
PXP P -0.601583
PXP P -0.000540
PXP S -0.800271
PXP N nan
PXP P 7.697680 -0.002320
PXP P 0.690800
PXP P 0.092080
PXP P -0.200840
PXP N nan
PXP P 0.896647
PXP P -0.007193
PXP N nan
PXP N nan
PXP N nan
PXP P 1.093147 0.093147
PXP N nan
PXP P 0.394660
PXP P -0.001153
PXP S -0.500000
PXP N nan
PXP S -2.002250
PXP P -0.100370
PXP P 0.095957
PXP P 0.099170
PXP N nan
PXP P -0.000690
PXP N nan
PXP P -0.009151
PXP P 0.198967
PXP N nan
PXP S -0.201423
PXP N nan
PXP P -0.001233
PXP P 6.295087 -0.004913
PXP S -0.300000
PXP N nan
PXP P -0.100093
PXP P -0.000120
PXP P 0.098570
PXP P 0.198220
PXP P 0.891367 0.191367
PXP N nan
PXP P 0.588240
PXP P 0.188010
PXP P 0.000000
PXP P 0.491207
PXP P -0.002083
PXP N nan
PXP P -0.102640
PXP N nan
PXP N nan
PXP P 0.098970
PXP P 0.299630
PXP P -0.113030
PXP P -0.007740
PXP P 0.993300
PXP P -0.101433
PXP P -0.009759
PXP S -0.300233
PXP N nan
PXP S -0.201280 -3.101280
PXP P 0.297810
PXP N nan
PXP N nan
PXP P -0.001564
PXP N nan
PXP P -0.000393
PXP P 0.399137
PXP P -0.101623
PXP N nan
PXP N nan
PXP P -0.024510 -3.324510
PXP P -0.109020
PXP N nan
PXP N nan
PXP P -0.200923
PXP P -0.019260
PXP N nan
PXP N nan
PXP N nan
PXP N nan
PXP P 0.575310
PXP N nan
PXP N nan
PXP P -0.101460
PXP N nan
PXP N nan
PXP P 0.390420
PXP N nan
PXP P -0.000813
PXP P -0.107170
PXP P -0.101830
PXP P -0.002853
PXP P 0.199040
PXP S -3.700890
PXP P 0.497280
PXP N nan
PXP P -0.100410
PXP P 0.199650
PXP N nan
PXP P 0.181310
PXP N nan
PXP P -0.001021
PXP P -0.105013
PXP N nan
PXP N nan
PXP P 7.999770 -0.000230
PXP N nan
PXP P 0.499437
PXP N nan
PXP N nan
PXP P -0.802500
PXP P -0.000870
PXP P -0.005113
PXP P -0.100723
PXP P 0.597910
PXP N nan
PXP N nan
PXP P -0.001370
PXP S 0.393340
PXP P -0.003480
PXP S -2.600533
PXP P -0.000530
PXP P -7.008670
PXP N nan
PXP P -0.006551
PXP P -0.101433
PXP P -0.001083
PXP P -0.019580
PXP S -1.206190 -5.606190
PXP P -0.500000
PXP P -0.006030
PXP P -0.219300
PXP P 0.399380
PXP P -0.006920
PXP P -0.109563
PXP N nan
PXP P -0.100900
PXP N nan
PXP P 0.000000
PXP P 0.499760
PXP P 0.090150
PXP P 0.099220
PXP P -0.019010
PXP P -0.019210
PXP N nan
PXP P -0.004083 -7.904083
PXP P -0.101980
PXP P -0.009553
PXP P 0.296860
PXP N nan
PXP P -0.005460
PXP P -0.009220
PXP P -0.000310
PXP P 0.790940
PXP N nan
PXP P -0.101690
PXP P 0.198240
PXP P 1.297880
PXP P -0.018710
PXP P -0.100850
PXP P 0.000000
PXP P -0.100710
PXP P -0.119450
PXP N nan
PXP P -0.009613
PXP N nan
PXP P 0.998530
PXP P -0.100670
PXP N nan
PXP N nan
PXP P -0.001760
PXP P -0.101550
PXP P -0.201120
PXP P 0.292520
PXP S -0.219100
PXP P 0.197650
PXP P 1.499610
PXP N nan
PXP N nan
PXP N nan
PXP P -0.003291
PXP P -0.000093
PXP N nan
PXP N nan
PXP P -0.209220
PXP P 0.196480
PXP N nan
PXP P 1.376120
PXP S -4.503489
PXP P 3.798220
PXP P 0.499637 -1.000363
PXP N nan
PXP S -1.101890
PXP P -0.001881
PXP N nan
PXP N nan
PXP P -0.101920
PXP N nan
PXP P 0.299909
PXP S -0.304370 -5.704370
PXP N nan
PXP P -0.002030
PXP S -0.200490 -7.300490
PXP P -0.009483
PXP N nan
PXP P -0.001993
PXP S -0.208873
PXP N nan
PXP P -0.100960
PXP S -1.618660
PXP N nan
PXP N nan
PXP N nan
PXP N nan
PXP N nan
PXP N nan
PXP P 0.099101
PXP P -0.100414
PXP P 0.299020
PXP S -6.900720
PXP P -0.102860
PXP P 0.198947
PXP P -0.002120
PXP P 0.199310
PXP P 0.098286
PXP N nan
PXP P -0.601070
PXP N nan
PXP P 0.198557
PXP P -0.209220
PXP P 0.398200
PXP P -0.000250
PXP P 1.399350 0.199350
PXP P 0.699367
PXP N nan
PXP N nan
PXP P -0.001144
PXP P 0.697530
PXP P 0.290420
PXP P 0.191189
PXP N nan
PXP N nan
PXP S 0.296840 -4.403160
PXP P 0.098000
PXP P -0.008533
PXP P 2.199392 -0.100608
PXP P 0.197049
PXP P 0.092950
PXP P 0.579520
PXP N nan
PXP N nan
PXP P -0.001330
PXP P 0.493337
PXP P 1.199100
PXP P 0.092749
PXP P 0.398697
PXP N nan
PXP N nan
PXP P 1.076410
PXP N nan
PXP N nan
PXP P 0.099397
PXP N nan
PXP S -0.300690 -6.200690
PXP P -0.100350
PXP P 0.098927
PXP N nan
PXP P 0.080190
PXP P -0.000093
PXP N nan
PXP P -0.403020
PXP N nan
PXP P 0.199516
PXP P -0.203030 -2.203030
PXP N nan
PXP P -0.008180
PXP P -0.100273
PXP N nan
PXP P 0.498690
PXP P 0.193360
PXP P 0.016710
PXP P -0.100900
PXP P -0.001743
PXP P -0.000093
PXP P -0.102170
PXP P 0.090720
PXP P 0.180150
PXP N nan
PXP P 0.099030
PXP P 0.695770
PXP P 1.076270 -0.123730
PXP P -0.119560
PXP P 1.680110
PXP P 0.192790
PXP P -0.002040
PXP N nan
PXP N nan
PXP N nan
PXP S -0.109890 -6.109890
PXP P -0.019690
PXP P 0.291230
PXP P 0.492457
PXP P -0.102040 -3.402040
PXP N nan
PXP S -1.100520
PXP N nan
PXP N nan
PXP N nan
PXP N nan
PXP N nan
PXP P -0.009003
PXP P -0.100093
PXP P 0.898780
PXP P 0.098347
PXP P 1.197990
PXP N nan
PXP S -0.302420
PXP N nan
PXP N nan
PXP P -4.801071
PXP P 0.990279
PXP N nan
PXP S -3.808541
PXP P 0.188010
PXP P 0.390120
PXP S -0.301100 -5.101100
PXP P -0.000840
PXP P 0.095160
PXP N nan
PXP S -5.708863
PXP P -0.009270
PXP P 0.299769
PXP P -0.100130
PXP P -0.000723
PXP P -0.001894
PXP P 6.797890 0.197890
PXP P -0.001030
PXP P 0.080260
PXP S 0.199507 -2.800493
PXP P 0.099160
PXP P 0.795520
PXP P -0.000223
PXP P 0.197980
PXP N nan
PXP N nan
PXP P -0.200710
PXP N nan
PXP N nan
PXP P -0.708840
PXP S -0.900760
PXP P -0.002460
PXP P 0.298890
PXP P 0.000000
PXP N nan
PXP S 5.375250 -0.824750
PXP N nan
PXP N nan
PXP N nan
PXP P -0.508930
PXP N nan
PXP N nan
PXP N nan
PXP P -0.009033
PXP N nan
PXP S -5.708863
PXP S -0.302693
PXP P -0.100580
PXP N nan
PXP P -0.000820
PXP P -0.023560
PXP N nan
PXP P -0.001813
PXP P -0.002050
PXP P 0.298140
PXP S -0.503210 -6.803210
PXP N nan
PXP P 0.198500
PXP P 0.099810
PXP P 0.292467
PXP N nan
PXP P -0.003320
PXP S -0.400810
PXP S -0.200293
PXP N nan
PXP P 1.499640
PXP N nan
PXP P -1.002210
PXP N nan
PXP P -0.004790
PXP P -0.000803
PXP P -0.104640
PXP P 0.290510
PXP S -0.219220
PXP P -0.009353
PXP P -0.009890
PXP P 0.190107
PXP P -0.609843
PXP P -0.000130
PXP P -0.100063 -7.000063
PXP P -0.011470
PXP N nan
PXP P 0.095450
PXP P -0.005920
PXP S -0.200300
PXP P -0.009081
PXP P -0.000933
PXP P 0.097970
PXP P -0.019870
PXP P -0.002050
PXP S -0.300430
PXP P 0.197749
PXP N nan
PXP P 0.081070
PXP P -0.100200
PXP P -0.100490
PXP P -2.800880
PXP N nan
PXP N nan
PXP P 0.798987
PXP P -0.201130
PXP S -0.124750
PXP N nan
PXP P 0.199737
PXP P 0.799837
PXP N nan
PXP N nan
PXP P 0.198737
PXP P -0.001264
PXP N nan
PXP N nan
PXP N nan
PXP N nan
PXP S 1.598690 -0.101310
PXP S -7.701750
PXP S -0.407680 -6.507680
PXP S -0.101473 -4.101473
PXP S -0.101000
PXP P -0.019860
PXP P -0.000543
PXP P -0.003000
PXP N nan
PXP P 0.399616
PXP N nan
PXP P 0.095450
PXP P -0.001980
PXP P -0.506420
PXP N nan
PXP N nan
PXP P 0.599830
PXP P 1.081260
PXP N nan
PXP S 3.099590 -0.200410 -4.100410
PXP P 0.098220
PXP P -0.001083
PXP P -0.006400
PXP P -1.000400
PXP N nan
PXP P -0.024998
PXP N nan
PXP P 0.790940
PXP N nan
PXP P -0.001190
PXP N nan
PXP P -3.211230
PXP P -0.002323 -7.002323
PXP P -7.309323
PXP P 0.098110
PXP P -0.319120
PXP S -0.500323
PXP S 6.999320 -0.200680 -6.300680
PXP P 0.199047
PXP P -0.000583
PXP P -0.100580
PXP S 0.399860 -2.300140
PXP P 2.398857 -0.001143
PXP P -0.100093
PXP P -0.000093
PXP P -0.000461
PXP S -2.600470
PXP P -0.001110
PXP P 0.099120
PXP N nan
PXP P -0.101764
PXP S -0.200403 -6.900403
PXP P 0.498666
PXP P -0.000190 -3.200190
PXP N nan
PXP P 0.196480
PXP S 0.292300 -6.707700
PXP S 0.298040
PXP N nan
PXP S -0.300640
PXP P 2.380520 -0.119480
PXP S -2.319380
PXP P -0.401000
PXP P -0.001171
PXP P -0.319120
PXP N nan
PXP N nan
PXP P 0.075850
PXP P -0.018730
PXP P -0.001190
PXP S -3.400780
PXP N nan
PXP P -0.001110
PXP P 0.681340
PXP P -0.000093
PXP P 0.290740
PXP P -0.000921
PXP P -0.018920
PXP S -2.319380
PXP N nan
PXP N nan
PXP P -0.003510
PXP P 0.093040
PXP S -0.100270 -3.600270
PXP P -0.203230
PXP N nan
PXP P 0.499660
PXP N nan
PXP S -2.200640
PXP P -0.004140
PXP P 0.087680
PXP P -0.100530 -3.300530
PXP P 0.196590
PXP N nan
PXP P -0.001291
PXP N nan
PXP N nan
PXP S -0.119270 -4.319270
PXP P -0.001380 -3.201380
PXP S -0.919170
PXP P -0.003060
PXP P 0.799297
PXP P 0.598180
PXP P 0.099007
PXP P -0.101810 -3.301810
PXP P 0.097420 -2.502580
PXP P -0.003480
PXP P -1.700460
PXP N nan
PXP N nan
PXP P -0.203230
PXP P 1.175002
PXP N nan
PXP S -0.909210
PXP P 0.000000
PXP S -0.200860
PXP P -0.219910
PXP P -0.000853
PXP N nan
PXP P 0.199000
PXP P -0.101490
PXP P 0.095820
PXP P -0.000260
PXP P -0.100140
PXP P -0.019150
PXP P 0.276270
PXP N nan
PXP P 0.199030
PXP N nan
PXP P -0.009353
PXP P -0.202870
PXP P -0.001570
PXP P -0.019870
PXP N nan
PXP P -1.201130
PXP P 1.198609 0.298609
PXP P 0.893050
PXP P -0.014460
PXP P 1.594860
PXP P -0.000360
PXP S 0.099727
PXP S 0.192530
PXP N nan
PXP P 7.598980 -0.001020
PXP S 0.080770 -3.319230
PXP P -0.009403
PXP P -0.000370
PXP N nan
PXP N nan
PXP N nan
PXP P -0.101810 -3.301810
PXP N nan
PXP S -6.300030
PXP P -0.100900
PXP P -0.000120
PXP N nan
PXP P -0.009373
PXP S 1.399397 -4.600603
PXP N nan
PXP P -0.001124
PXP N nan
PXP N nan
PXP P -0.012950
PXP P -0.000393
PXP N nan
PXP P -0.001190
PXP N nan
PXP S 0.492026
PXP P 0.579520
PXP P -0.201400
PXP P 3.375890 0.275890
PXP P -0.600623
PXP N nan
PXP P -0.001230 -2.701230
PXP P 0.687560
PXP S -0.602000
PXP P -0.006920
PXP S 3.999759
PXP N nan
PXP P -0.001173
PXP P -0.003490
PXP S -1.800200
PXP P 1.198217 -0.001783
PXP P -0.000834
PXP P -0.300120
PXP P -0.101003
PXP P 0.499240
PXP P -0.808560
PXP N nan
PXP N nan
PXP P -0.000110
PXP P 0.099060
PXP P -0.000804
PXP N nan
PXP N nan
PXP P -0.001383
PXP S -1.100690
PXP P -0.200634
PXP S -0.909210
PXP S 4.598937 -0.301063 -4.801063
PXP N nan
PXP P 0.299240
PXP P -0.000110
PXP P 0.099907
PXP S -0.700480
PXP P -0.016910
PXP N nan
PXP P -4.304500
PXP N nan
PXP S -0.301610
PXP P 0.299739
PXP P -0.006410
PXP P 0.099170
PXP P -0.102570
PXP P 0.099870
PXP N nan
PXP P 0.080220
PXP P 0.300000
PXP P -0.600250
PXP P -0.001370
PXP N nan
PXP P -0.409640
PXP N nan
PXP N nan
PXP P 0.698431
PXP P -0.002330
PXP P 0.098800
PXP N nan
PXP P 0.193560
PXP P -0.101990
PXP P -0.100260
PXP N nan
PXP P -0.500150
PXP P -0.001573
PXP N nan
PXP P -0.002210
PXP P 0.494489
PXP P 0.399880 -7.000120
PXP N nan
PXP S -0.401210
PXP P -0.100260
PXP S -0.300799 -3.600799
PXP S 0.697710 -5.802290
PXP N nan
PXP N nan
PXP N nan
PXP S -0.100740 -3.200740
PXP P 0.398890
PXP N nan
PXP S -1.805810
PXP S -0.001190
PXP P -0.001030
PXP P -0.009890
PXP P -0.109873
PXP P 0.390630
PXP P 0.099560
PXP N nan
PXP P 0.895540
PXP S 2.798620
PXP P -0.001190
PXP P -0.018740
PXP N nan
PXP P -0.006510
PXP N nan
PXP S -0.501553
PXP P -0.002770
PXP P 0.290740
PXP P -0.019210
PXP P -0.000470
PXP P -0.000870
PXP N nan
PXP P 0.098890
PXP N nan
PXP P -0.001850
PXP N nan
PXP P 0.299907
PXP P -0.001473
PXP P -0.009060
PXP P -0.000453
PXP P -0.008560
PXP N nan
PXP P -0.100759
PXP P -0.105513
PXP P 0.080560
PXP P 0.193560
PXP N nan
PXP S -0.900760
PXP P -0.007010
PXP S -0.800000
PXP P -0.000733
PXP S -0.804500
PXP N nan
PXP P 6.692199 -0.407801
PXP P -0.020120
PXP N nan
PXP P 0.198520
PXP P 0.800000
PXP P -0.000370
PXP N nan
PXP P -0.009120 -3.209120
PXP N nan
PXP N nan
PXP P -0.000430
PXP P -0.000350
PXP P -0.002040
PXP P -0.101053
PXP P -0.101733
PXP N nan
PXP P -0.004740
PXP S -1.206190 -5.606190
PXP P -0.118490
PXP P 0.492457
PXP P -0.018880
PXP P -0.001410
PXP N nan
PXP P 0.299607
PXP P 0.990857
PXP P -0.005790
PXP P 0.099160
PXP P -0.000490
PXP N nan
PXP N nan
PXP N nan
PXP S -0.300140
PXP N nan
PXP N nan
PXP S 5.699780 -0.200220
PXP N nan
PXP P 0.000000
PXP N nan
PXP S 0.298320 -2.901680
PXP S -0.506463 -7.406463
PXP P 3.199510
PXP P 0.400000 -2.800000
PXP P -0.001793
PXP N nan
PXP S -2.200640
PXP P -0.000870
PXP P -0.001440
PXP S -0.401103 -7.801103
PXP P -0.001093
PXP N nan
PXP P -0.000220 -3.200220
PXP P -0.006260
PXP P 0.398650
PXP P 0.197907
PXP P -0.001270
PXP P -0.804303
PXP S -0.315080
PXP P 0.092557
PXP N nan
PXP N nan
PXP P -0.200360
PXP S -0.014970
PXP N nan
PXP N nan
PXP S -0.201773 -7.601773
PXP N nan
PXP P 0.197580
PXP N nan
PXP P -0.009633
PXP P -0.008770
PXP P 0.100000
PXP N nan
PXP P -0.005963
PXP P 1.094520
PXP P -0.101920
PXP P -0.000933
PXP P -0.000350
PXP P 0.697847
PXP S 0.900000
PXP P -0.006970
PXP P 0.298850
PXP N nan
PXP P 0.098987
PXP P -0.006670
PXP S -7.813070
PXP N nan
PXP P 1.699889
PXP P 0.194320
PXP N nan
PXP S -1.001510
PXP P -0.109563
PXP P -0.100170
PXP P -0.001378
PXP P -0.001201
PXP P 0.090071
PXP N nan
PXP P -0.003070
PXP P 0.100000
PXP P 0.475500
PXP S -0.300383 -4.100383
PXP P -0.102090
PXP N nan
PXP N nan
PXP S -0.300000
PXP N nan
PXP S 0.098690
PXP N nan
PXP P 0.098000
PXP P -0.024650 -3.324650
PXP N nan
PXP S -1.101170 -5.501170
PXP N nan
PXP P 1.493630
PXP P -0.001370
PXP P -0.001884
PXP P -0.024580
PXP N nan
PXP P -0.119990
PXP P -0.009983
PXP P 0.293090
PXP P 0.080700
PXP P -0.603890
PXP P -0.002210
PXP P -0.019200
PXP P 0.796880
PXP P -0.001063
PXP N nan
PXP P 0.281300
PXP P -0.001400
PXP N nan
PXP N nan
PXP P -0.406250
PXP P 0.080190
PXP P -2.600780
PXP P -0.006420
PXP N nan
PXP N nan
PXP P -0.019690
PXP N nan
PXP P -0.008823
PXP S -0.102750 -2.902750
PXP P -0.000540
PXP S -0.300690 -6.200690
PXP P -0.023780
PXP P -0.100580
PXP N nan
PXP P -0.001243
PXP P 0.390420
PXP P 0.595330
PXP P 0.897880
PXP P 0.997380
PXP P 0.187150
PXP P 0.080290
PXP P -0.000833
PXP N nan
PXP P -0.000500
PXP S 1.498900
PXP P -0.002100
PXP P 0.090840
PXP P -0.000973
PXP P 0.081160
PXP P -0.004500
PXP P 0.180150
PXP P -0.100093
PXP S -4.019270
PXP P -0.100520
PXP P 0.081160
PXP P 0.499530 -2.800470
PXP P -0.000570
PXP P 0.297377
PXP N nan
PXP N nan
PXP P 0.183770
PXP S -0.300000 -7.000000
PXP N nan
PXP N nan
PXP P -0.009800
PXP P 1.399530
PXP N nan
PXP P -0.007970
PXP P -0.501311
PXP P -0.100980
PXP S -0.500600
PXP N nan
PXP P -0.101641
PXP P -0.005060
PXP P 0.000000
PXP P 0.392230
PXP N nan
PXP S -2.619350
PXP P 0.798090
PXP N nan
PXP P -0.016430
PXP P -0.208740
PXP N nan
PXP S -7.600460
PXP P -0.010590
PXP N nan
PXP P 0.074070
PXP N nan
PXP P 0.199360
PXP N nan
PXP P 0.100000
PXP N nan
PXP P -0.001370
PXP P 0.099017
PXP N nan
PXP S -0.209113
PXP P 0.081240
PXP P -0.500000
PXP P 0.094210 -6.505790
PXP N nan
PXP P -0.000923
PXP P -0.005050
PXP N nan
PXP N nan
PXP N nan
PXP P -0.020500
PXP P -0.000360
PXP P 0.697820
PXP N nan
PXP P -0.000833
PXP P 0.090820
PXP P -0.007480
PXP S -0.209113
PXP P 0.097349
PXP P -0.009190
PXP P -0.209444
PXP N nan
PXP P -0.000360
PXP S -2.400410
PXP N nan
PXP N nan
PXP P -0.009813 -4.309813
PXP P -0.508951
PXP P -0.006180
PXP P -0.019500
PXP N nan
PXP P -0.002790
PXP P -0.001000
PXP N nan
PXP P -0.100990
PXP P -0.000150
PXP N nan
PXP P -0.118280
PXP P 0.191967
PXP N nan
PXP N nan
PXP N nan
PXP P -0.005431
PXP P -0.100640
PXP N nan
PXP P 0.097670
PXP P -0.006083
PXP N nan
PXP N nan
PXP P 0.099026
PXP N nan
PXP P -0.005270
PXP P -0.001113
PXP P -0.000690
PXP P -0.104091
PXP P -0.009081
PXP P -0.000700
PXP P -0.100580
PXP P -2.600920
PXP P -0.118890
PXP P -0.001520
PXP P -0.009060
PXP P 0.097120
PXP N nan
PXP N nan
PXP P 0.399310
PXP P -0.000070
PXP N nan
PXP P -0.001433
PXP P -0.002990
PXP N nan
PXP P 0.297070
PXP P 0.399950
PXP P -0.019500
PXP S 0.200000
PXP P 0.298290
PXP P -0.014970
PXP P -0.000273
PXP P 0.390828
PXP S -7.900513
PXP P -0.000733
PXP P -0.119560
PXP P -0.909111
PXP N nan
PXP P -0.000913
PXP S -0.100310
PXP S -0.800940
PXP S 0.098690
PXP P 0.095820
PXP P 0.188010
PXP N nan
PXP P -0.101080
PXP N nan
PXP P 0.198500
PXP P -0.008934
PXP N nan
PXP P -4.601875
PXP P -0.000203
PXP S -0.100303 -6.800303
PXP N nan
PXP S -1.809480
PXP P -0.000483
PXP P -0.008773
PXP N nan
PXP S -0.124470 -6.324470
PXP S 1.090347
PXP S -1.701483
PXP P -0.003070
PXP P -0.000350
PXP P -0.003389
PXP P -0.000880
PXP N nan
PXP N nan
PXP P -0.001520
PXP N nan
PXP P -0.000750
PXP P -0.000600
PXP N nan
PXP N nan
PXP P -0.000590
PXP N nan
PXP N nan
PXP P -0.000420
PXP S -0.916870
PXP P -0.009493
PXP N nan
PXP P 1.076270 -0.123730
PXP P -0.102220
PXP P 0.692300
PXP P -0.019410
PXP P -0.009423
PXP N nan
PXP N nan
PXP N nan
PXP P -0.301303
PXP N nan
PXP P -0.001620
PXP P -0.024460 -3.324460
PXP N nan
PXP P -0.101380
PXP N nan
PXP N nan
PXP P 0.100000
PXP P -0.112870
PXP P -0.024400
PXP N nan
PXP N nan
PXP P -0.119780
PXP P -0.001933
PXP S -7.900000
PXP N nan
PXP P 0.099810
PXP P -0.300750
PXP P -0.100683
PXP P 0.785489
PXP N nan
PXP P 0.297750
PXP P -0.001113
PXP N nan
PXP P -1.600931
PXP P 0.091237
PXP P -0.200780
PXP S 0.785410 -0.514590 -5.714590
PXP S 7.099890
PXP P -0.006150
PXP P -0.000381
PXP S -0.100310
PXP P 0.290250
PXP N nan
PXP P -0.101341
PXP N nan
PXP P -0.008603
PXP N nan
PXP N nan
PXP S -0.624661
PXP S 0.200000
PXP P 0.291267
PXP P -0.100683
PXP P -0.000110
PXP P 0.595810
PXP P 0.197490
PXP S 0.881620 0.181620
PXP P -0.019580
PXP N nan
PXP P 0.080800
PXP N nan
PXP P 1.099140
PXP P -0.819380
PXP P -0.501743
PXP N nan
PXP P -0.009213
PXP N nan
PXP S -0.401750
PXP P 0.799910
PXP N nan
PXP P 0.098100
PXP P -0.100754
PXP N nan
PXP P 0.299017
PXP N nan
PXP P 0.098247
PXP S -4.302273
PXP N nan
PXP S 5.799310 4.099310
PXP N nan
PXP P 0.290720
PXP N nan
PXP P 0.390100
PXP N nan
PXP S -0.100664 -7.100664
PXP P -0.100931
PXP N nan
PXP N nan
PXP P 0.098870
PXP N nan
PXP P -0.000250
PXP S -1.400760
PXP N nan
PXP P -0.002363
PXP N nan
PXP P -0.124820
PXP P -0.124880
PXP P -0.000274
PXP S 2.894287
PXP N nan
PXP N nan
PXP N nan
PXP N nan
PXP P -0.000870
PXP S -2.409460 -7.009460
PXP N nan
PXP N nan
PXP P -1.419530
PXP N nan
PXP P -0.101410
PXP P 0.900000
PXP P -0.302308
PXP P -0.001290
PXP N nan
PXP P -0.000473
PXP N nan
PXP P -0.000093
PXP N nan
PXP P -0.000160
PXP P -0.404490
PXP N nan
PXP N nan
PXP N nan
PXP P 0.097580
PXP N nan
PXP P 6.797890 0.197890
PXP N nan
PXP S -0.300430
PXP P -0.009183
PXP P 0.099240
PXP S -2.619350
PXP N nan
PXP N nan
PXP N nan
PXP P 1.599200
PXP P 0.099907
PXP S -0.900160
PXP N nan
PXP N nan
PXP P 1.500000
PXP P -0.100530 -3.300530
PXP P -0.612290
PXP S -0.100519
PXP P -0.000733
PXP P -0.100273
PXP P 0.099117
PXP P 0.190090
PXP P -0.001933
PXP S 0.300000 -7.500000
PXP S -1.407284 -7.307284
PXP P 0.490597
PXP S -0.500830 -6.600830
PXP P 1.598697
PXP S -2.619350
PXP N nan
PXP P -0.102220
PXP P 4.284970 -0.015030
PXP P -0.019750
PXP P -0.500320
PXP P 0.100000
PXP N nan
PXP N nan
PXP N nan
PXP P -0.005970
PXP P -0.006120
PXP P 0.095300
PXP N nan
PXP N nan
PXP P -0.000830
PXP S 0.295000
PXP N nan
PXP P -0.000180 -2.700180
PXP P -0.000240
PXP P -0.200000
PXP P -0.003970
PXP P -0.019430
PXP P 0.690350
PXP P -0.008874
PXP P -0.006670
PXP S -7.001430
PXP S -0.201260 -7.101260
PXP N nan
PXP N nan
PXP N nan
PXP P -0.009373
PXP S 0.290977 -3.909023
PXP N nan
PXP P 0.675810
PXP P -0.119270
PXP P 1.399220
PXP P -0.001140
PXP P -0.403020
PXP N nan
PXP N nan
PXP P -0.001190
PXP P -0.001063
PXP P -0.000180
PXP P 0.093740
PXP N nan
PXP P -0.001103
PXP S -0.201260 -7.101260
PXP P -0.009853
PXP N nan
PXP P 0.281710
PXP S -2.300840
PXP P 0.699210
PXP P 0.199187
PXP S 0.991020 0.291020
PXP P -0.009663
PXP P -0.009331
PXP S -0.200910
PXP N nan
PXP N nan
PXP P -0.209220
PXP S -0.201044 -3.201044
PXP P -0.600130
PXP P 0.290377
PXP N nan
PXP P 0.990510
PXP P 0.575670
PXP P 0.699066
PXP P -0.012210
PXP P -0.023970
PXP N nan
PXP S -0.708050 -6.408050
PXP S -4.509064
PXP P -0.319120
PXP P -0.103880
PXP S -0.209253
PXP N nan
PXP N nan
PXP P -0.019120
PXP N nan
PXP N nan
PXP P -0.000823
PXP P -0.000110
PXP P -0.001750
PXP N nan
PXP P 0.397430
PXP N nan
PXP N nan
PXP N nan
PXP P 0.498640
PXP P -0.101473
PXP P -0.001343
PXP N nan
PXP P -0.100994
PXP S -1.205213 -5.405213
PXP P -0.000940
PXP N nan
PXP P -0.002120
PXP S -0.300430
PXP P 0.399740
PXP P -0.009313
PXP N nan
PXP S -0.200320 -6.200320
PXP P 0.299407
PXP N nan
PXP P -0.200140
PXP P -0.102890
PXP P -0.201503
PXP P -0.009603
PXP P 0.399907
PXP S -7.104300
PXP P -0.003073
PXP P 1.698960
PXP P 0.000000
PXP P -0.200930
PXP N nan
PXP P 0.298730
PXP P 0.893420
PXP P -0.100340
PXP S -6.800423
PXP P -0.207250
PXP P -0.119380
PXP P 0.099190
PXP P -0.000250
PXP N nan
PXP P -0.102740
PXP P -0.101843
PXP P -0.000410
PXP P -0.013040
PXP N nan
PXP P -0.109411
PXP P 0.199792
PXP N nan
PXP N nan
PXP P -0.009870
PXP N nan
PXP P -0.000330
PXP N nan
PXP P 0.000000 -4.400000
PXP P -0.019210
PXP S 3.099590 -0.200410 -4.100410
PXP P -0.009753
PXP N nan
PXP P -0.001450
PXP N nan
PXP P 0.099640
PXP N nan
PXP N nan
PXP S -6.901173
PXP P 0.000000
PXP P 0.275170
PXP P -0.000260
PXP N nan
PXP P -0.000560
PXP P -0.002043
PXP P 0.380560
PXP P 0.498260
PXP N nan
PXP P -0.202323
PXP P -0.024900
PXP S -0.300093
PXP P 1.393579
PXP P -0.013710
PXP P 0.096870
PXP P 0.098520
PXP P 0.099500
PXP P 0.695750
PXP P -0.019750
PXP P 0.298997
PXP N nan
PXP P -0.001980
PXP P -0.003213
PXP P 0.299110
PXP P 0.090870
PXP N nan
PXP P 0.199320
PXP P 0.796377
PXP P -0.124000
PXP S -0.100420
PXP S -0.300583
PXP N nan
PXP P 0.897880
PXP P -0.102730
PXP P 0.199320
PXP S -0.800953 -6.100953
PXP P 0.898780
PXP P 0.498850
PXP P -0.001110
PXP S -0.900760
PXP N nan
PXP P 0.390630
PXP N nan
PXP P 1.196770
PXP S -5.300740
PXP N nan
PXP P -0.009390
PXP P 0.099187
PXP P -0.001110
PXP P -0.601800
PXP P -0.019580
PXP P -0.019080
PXP P -0.000570
PXP P -0.000740
PXP P -1.202350
PXP P -0.002013
PXP S -1.102990
PXP P 0.599560
PXP P -0.009623
PXP N nan
PXP N nan
PXP S 0.199257
PXP P -0.002133
PXP P -0.000960
PXP N nan
PXP P -0.000180
PXP P -0.001453
PXP P -0.024000
PXP P -0.008403
PXP P 0.099132
PXP P 6.797890 0.197890
PXP P -0.103180
PXP N nan
PXP S -4.602163
PXP P -0.000393
PXP N nan
PXP P -0.101720
PXP N nan
PXP N nan
PXP S -5.024750
PXP P 1.198790
PXP P 0.497900
PXP P 0.090299
PXP P 3.798220
PXP N nan
PXP P -0.101181
PXP N nan
PXP P -0.001981
PXP N nan
PXP P -0.009720
PXP P 3.798220
PXP P -0.700110
PXP P 0.090476
PXP P -0.022200
PXP P 7.598980 -0.001020
PXP P 1.191946
PXP P 0.698300
PXP S -0.108723
PXP P -0.007269
PXP P 0.099489
PXP N nan
PXP P 0.190090
PXP P -0.001240
PXP N nan
PXP N nan
PXP S 4.297430
PXP P -0.024550
PXP S -1.002560
PXP N nan
PXP N nan
PXP P -0.000413
PXP P -0.013380
PXP P -0.009193
PXP P -0.000720
PXP N nan
PXP S -0.201320
PXP N nan
PXP P -0.001370
PXP P -0.000370
PXP P -0.000870
PXP P -0.007750
PXP P 0.099180
PXP P -0.612290
PXP N nan
PXP S -7.301413
PXP N nan
PXP P -0.009081
PXP P -0.100100
PXP P -0.000650
PXP S 6.999320 -0.200680 -6.300680
PXP P 0.180300
PXP P -0.100460
PXP P -0.000093
PXP P -0.008820
PXP P 0.198380
PXP P -0.006861
PXP N nan
PXP P 5.198307 0.198307
PXP P 0.794330
PXP S -0.101404
PXP P 0.099509
PXP P -0.002730
PXP P -0.212740
PXP P -0.008940
PXP N nan
PXP S -0.900760
PXP N nan
PXP P 0.596110
PXP N nan
PXP S -0.803650
PXP S -1.800200
PXP P -3.704430
PXP S 0.098750
PXP P -0.007320
PXP P 0.098090
PXP S -0.400840
PXP N nan
PXP P -0.002744
PXP N nan
PXP P -0.201430
PXP N nan
PXP S -4.801600
PXP P 0.098590
PXP P 0.098370
PXP P -0.612290
PXP P 0.090837
PXP P -0.001870 -7.601870
PXP S 7.200000
PXP P -0.003593
PXP S -0.100430
PXP N nan
PXP S -2.001730
PXP P 0.299410
PXP P -0.006591
PXP P -0.000160
PXP P 0.399890
PXP P -0.009120 -3.209120
PXP P 0.080190
PXP P -0.002350
PXP N nan
PXP N nan
PXP N nan
PXP P 0.097310
PXP S -0.401933
PXP N nan
PXP P -0.009140
PXP N nan
PXP N nan
PXP P 0.090017
PXP N nan
PXP S -0.101233
PXP P 0.299407
PXP P 0.298650
PXP S -0.101180
PXP P -0.008440
PXP P 5.299340 -0.000660
PXP N nan
PXP P 0.098370
PXP P -0.000670
PXP P 0.094090
PXP P -0.000781
PXP N nan
PXP N nan
PXP P 0.498037
PXP N nan
PXP N nan
PXP P 4.299207 -0.000793
PXP N nan
PXP P -0.002113
PXP S -0.316950 -6.116950
PXP P -0.402150
PXP P -0.000690
PXP P -0.001010
PXP P -0.409603
PXP P 0.690470
PXP P -0.001073
PXP S -1.010761 -6.810761
PXP N nan
PXP N nan
PXP N nan
PXP P -0.200091
PXP P -0.007624
PXP N nan
PXP P -0.000773
PXP N nan
PXP P 1.392620
PXP P -0.100753
PXP S -2.609590
PXP N nan
PXP N nan
PXP P 0.098370
PXP N nan
PXP P -4.700480
PXP P 0.097810
PXP N nan
PXP P 0.097897
PXP P 0.000000
PXP P -0.101460
PXP N nan
PXP S -5.503730
PXP P -2.619900
PXP S -0.300690 -6.200690
PXP P -0.009143
PXP P -0.000253
PXP N nan
PXP S 4.598937 -0.301063 -4.801063
PXP P 0.199786
PXP N nan
PXP N nan
PXP P -0.500790
PXP P 0.590220
PXP P -0.000310
PXP N nan
PXP P 0.191420
PXP N nan
PXP S -0.101404
PXP N nan
PXP P -0.001433
PXP P -0.001300
PXP S 0.496370 -4.603630
PXP N nan
PXP P -0.000260
PXP P -0.100800
PXP P -0.200380
PXP P -0.100580
PXP P -0.006630
PXP N nan
PXP P 0.999190
PXP P 0.190077
PXP P -0.207880
PXP S -0.109890 -6.109890
PXP P 1.499460
PXP P 0.891800
PXP P 0.796880
PXP S -6.800423
PXP P -0.000640
PXP P -0.009010
PXP P 0.092500
PXP N nan
PXP P -0.007633
PXP P 6.595940 -0.204060
PXP P 0.098987
PXP N nan
PXP P -0.007290
PXP N nan
PXP N nan
PXP P -0.010610
PXP P 0.299907
PXP P -0.005470
PXP P 0.597810
PXP P -0.703061
PXP N nan
PXP N nan
PXP P 4.398040 2.598040
PXP N nan
PXP P -0.107350
PXP P -0.001420
PXP P -0.001273
PXP P -0.001200
PXP P 0.898190
PXP N nan
PXP P -0.105513
PXP P -0.102050 -3.202050
PXP P -0.200590
PXP P -0.000733
PXP P -0.001530
PXP P -0.001020
PXP P -0.009603
PXP P -0.102280
PXP P 0.998110
PXP N nan
PXP N nan
PXP N nan
PXP P -0.002650
PXP P -0.200000
PXP S -2.501610 -5.501610
PXP N nan
PXP P -0.009520
PXP S -0.601543 -3.901543
PXP P 0.090307
PXP P -0.100380
PXP P -0.404410
PXP N nan
PXP N nan
PXP P 3.375890 0.275890
PXP P -0.100000
PXP P 0.490190
PXP N nan
PXP P -0.003120
PXP N nan
PXP P -0.204500
PXP P -0.018790
PXP P -0.004863
PXP N nan
PXP S -2.409460 -7.009460
PXP P -0.100093
PXP P -0.005090
PXP S -1.700000
PXP S -7.801580
PXP P -0.002130
PXP P 0.497597
PXP N nan
PXP P 0.999620 -0.000380
PXP N nan
PXP P 0.000000
PXP P -3.211230
PXP S 0.785410 -0.514590 -5.714590
PXP P -0.002383
PXP S -1.800200
PXP P -0.200930
PXP P -0.004530
PXP N nan
PXP P -0.101163
PXP N nan
PXP N nan
PXP S -1.002010 -3.602010 -5.802010
PXP P -0.008980
PXP P 1.376120
PXP P -0.003710
PXP P 0.090160
PXP S -1.114690 -7.814690
PXP P -0.005931
PXP P -0.000110
PXP P -0.001063
PXP P 0.191570
PXP N nan
PXP N nan
PXP P 0.090707
PXP N nan
PXP P -0.024310
PXP N nan
PXP P -0.002609
PXP S 2.698780
PXP P -0.002720
PXP S -0.200710 -5.200710
PXP N nan
PXP P 7.800000 0.500000
PXP P -0.004640
PXP N nan
PXP P -0.101990
PXP P -0.200930
PXP S 6.999320 -0.200680 -6.300680
PXP P 0.095550
PXP S 0.299180
PXP P 0.596912
PXP P 0.098860
PXP N nan
PXP S 0.398487 -4.001513
PXP P 0.693567
PXP N nan
PXP P -0.103983
PXP N nan
PXP P -0.009550
PXP N nan
PXP N nan
PXP N nan
PXP P -0.300750
PXP P -0.001380
PXP S -1.401120
PXP N nan
PXP P -0.009538
PXP P -0.000380
PXP P -0.119150
PXP P 0.175610
PXP S -0.009530
PXP P -0.000403
PXP P -0.100323
PXP P -0.301010
PXP S -2.319380
PXP N nan
PXP P -0.000410
PXP P -0.001680
PXP P 0.096720
PXP P -0.000981
PXP P -0.101380
PXP P -0.004464
PXP P -4.700480
PXP N nan
PXP P 0.576202
PXP N nan
PXP S -0.823951
PXP N nan
PXP P 0.280560
PXP P -0.100809
PXP N nan
PXP P -0.301424
PXP P -0.001070
PXP P -0.019820
PXP S 6.999320 -0.200680 -6.300680
PXP N nan
PXP N nan
PXP P 0.298787
PXP N nan
PXP P -4.000283
PXP P -0.000570
PXP P 0.297260
PXP P 0.175360
PXP P -0.102490
PXP N nan
PXP P 0.590287
PXP P 2.380520 -0.119480
PXP P 0.097550
PXP P -0.403020
PXP P 0.799890
PXP P -0.006240
PXP N nan
PXP S -0.500600
PXP P -0.009353
PXP S -0.803620
PXP P 0.098370
PXP N nan
PXP P -0.009790
PXP P 0.299350
PXP S -0.102523
PXP P 1.199100
PXP P -0.414020
PXP P 0.394280
PXP N nan
PXP P -0.019810
PXP S -0.800750 -7.500750
PXP P -0.001010
PXP P -0.004170
PXP P -0.100403
PXP P -0.102040 -3.402040
PXP P -0.001430
PXP P -0.019280
PXP P -0.007530
PXP P -0.001133
PXP P -0.806120
PXP P 0.098310
PXP P -0.106630
PXP S -0.400710
PXP N nan
PXP P 0.191870
PXP N nan
PXP P 0.099290
PXP N nan
PXP P -0.004424
PXP P -0.002210
PXP P 0.100000
PXP P 0.298640
PXP S -0.702193 -4.902193
PXP P -0.002012
PXP N nan
PXP P -0.000093
PXP S 0.097520
PXP N nan
PXP P 0.298450
PXP N nan
PXP P 0.099907
PXP N nan
PXP N nan
PXP P 0.390350
PXP P 0.193120
PXP S -0.310580 -5.110580
PXP N nan
PXP P 0.000000
PXP S -4.400093
PXP P -0.000870
PXP N nan
PXP S -0.008743 -3.608743
PXP N nan
PXP P -0.001740
PXP P -0.100904
PXP P -0.001760
PXP P 0.092570
PXP N nan
PXP S -5.416080
PXP P -0.203230
PXP N nan
PXP P -0.002210
PXP P -0.009363
PXP N nan
PXP S 0.898080
PXP N nan
PXP N nan
PXP S -3.807450
PXP P -0.117500
PXP P 0.896340
PXP P 0.990207
PXP P -0.009103
PXP P -0.100140
PXP P 0.080980
PXP P 0.198100
PXP S 2.598427 -0.201573 -6.801573
PXP S -7.100093
PXP P 0.690817
PXP P 0.893950
PXP N nan
PXP P 0.490896
PXP P 0.099870
PXP P -0.008260
PXP S -7.300220
PXP P -0.009601
PXP P -0.001219
PXP P -0.200380
PXP S -0.219040
PXP P -0.102170
PXP N nan
PXP P -0.100500
PXP N nan
PXP P -0.200380
PXP N nan
PXP N nan
PXP P 0.098460
PXP P 0.591450
PXP P -0.009013
PXP P -0.219300
PXP N nan
PXP P -0.100000
PXP P -0.000234
PXP N nan
PXP P -0.102730
PXP P 5.391367
PXP P -0.000810
PXP S -0.901130 -6.001130
PXP N nan
PXP P -0.013380
PXP N nan
PXP P -0.009270
PXP N nan
PXP P 0.599520
PXP P -0.001610
PXP P -0.101041
PXP N nan
PXP P -0.100000
PXP P 0.191389 -3.208611
PXP P -0.101810 -3.301810
PXP P 4.490300 -0.009700
PXP P -0.219190
PXP P 0.399050
PXP N nan
PXP N nan
PXP S -7.903970
PXP S 3.999759
PXP P -0.024140
PXP P 0.000000
PXP S 0.280250
PXP N nan
PXP P -0.000863
PXP S -1.001023
PXP P 0.675770
PXP P 0.000000
PXP P -0.002280
PXP N nan
PXP S -3.400000
PXP S -0.515040
PXP P -0.416650
PXP N nan
PXP S 2.796520 0.796520
PXP N nan
PXP P -0.008260
PXP S -0.300000
PXP S -0.503253
PXP P 0.191467
PXP P 1.575650
PXP P -0.300000
PXP P 0.198240
PXP P -0.009081
PXP P 0.099357
PXP S -3.909893
PXP P 0.290367
PXP S -1.302243
PXP N nan
PXP P -0.107800
PXP N nan
PXP P 0.094710
PXP P -0.019350
PXP S -1.000549 -6.800549
PXP P -0.000670
PXP N nan
PXP P 0.391520
PXP N nan
PXP P 0.090137
PXP S -1.119240
PXP P -0.001713
PXP P -0.808560
PXP P -0.001063
PXP N nan
PXP P -0.002873
PXP P -0.009534
PXP P 0.000000
PXP P -0.001630
PXP P -0.203331
PXP P 0.694710
PXP P -0.009413
PXP N nan
PXP P -0.105520
PXP N nan
PXP P -0.119780
PXP N nan
PXP N nan
PXP S -2.501560
PXP S 1.199140 -1.200860
PXP N nan
PXP P -0.008374
PXP P 0.481880
PXP N nan
PXP N nan
PXP P -0.001483
PXP P 6.797890 0.197890
PXP N nan
PXP S -0.124470 -6.324470
PXP N nan
PXP N nan
PXP P 0.188010
PXP N nan
PXP P 1.284620
PXP N nan
PXP P 0.097670
PXP P 0.198990
PXP N nan
PXP P 0.090217
PXP P 0.295890
PXP N nan
PXP P 0.799500
PXP P -0.100580
PXP P 0.699907
PXP P -0.002243
PXP N nan
PXP S -7.900540
PXP P 0.190877
PXP P -0.219190
PXP N nan
PXP P -0.007320
PXP P -0.000190 -3.200190
PXP P -0.006120
PXP P -0.000193
PXP S 0.899740
PXP N nan
PXP P -0.001033
PXP S -0.500920 -6.400920
PXP P -0.003110
PXP P -0.003060
PXP P 3.798220
PXP P -0.000690
PXP S -0.319860
PXP P -0.000680
PXP N nan
PXP P 0.191137
PXP P 1.198217 -0.001783
PXP P 0.075150
PXP P 0.192380
PXP N nan
PXP P 0.090017
PXP P -0.100240
PXP P -0.000273
PXP P -0.009633
PXP P 0.095840
PXP P 0.597910
PXP P -0.023750
PXP P -0.001283
PXP P 0.091060
PXP N nan
PXP P 0.193667
PXP P 0.397617
PXP P -0.100670
PXP N nan
PXP N nan
