SUS N nan
SUS N nan
SUS S 0.19976
SUS S 0.29813
SUS N nan
SUS S 0.29813
SUS S 2.59731
SUS S 0.29813
SUS S 0.192081
SUS S 0.29813
SUS S 0.999088
SUS S 2.59731
SUS N nan
SUS S 7.592749 0.107251
SUS S 2.59731
SUS S 0.0009
SUS N nan
SUS S 0.19976
SUS P 1.69779
SUS S 6.69782 4.09782
SUS N nan
SUS S 0.9
SUS S 0.9
SUS N nan
SUS P 2.59894 0.20106
SUS P 1.69779
SUS S 0.50099
SUS S 2.79921 0.20079
SUS S 0.38284
SUS S 0.29813
SUS S 2.59731
SUS P 2.59894 0.20106
SUS S 0.50099
SUS S 0.29813
SUS N nan
SUS N nan
SUS N nan
SUS S 0.29813
SUS S 0.38284
SUS N nan
SUS S 2.59731
SUS N nan
SUS S 0.999298
SUS S 2.59731
SUS S 0.29813
