CC SWF2 P 2019-03-30T08:47:38.520000
CC SWF2 S 2019-03-30T08:47:40.520000
CC SWF2 P 2019-03-17T12:06:28
CC SWF2 S 2019-03-17T12:06:30.800000
CN PHC P 2018-10-22T16:27:33.770000
CC OBSR P 2019-03-24T01:53:00
UO MINN P 2019-09-01T01:53:08.058393
UO MINN S 2019-09-01T01:53:13.758393
UW DOSE P 2019-01-18T03:49:05.940000
UW DOSE S 2019-01-18T03:49:07.140000
UW DOSE S 2019-01-18T03:49:09.140000
UW BLOW P 2019-06-22T12:53:11.308394
UW BLOW S 2019-06-22T12:53:14.708394
UW FMW P 2019-07-06T13:32:14.540000
UW FMW S 2019-07-06T13:32:15.240000
UW FMW S 2019-07-06T13:32:18.340000
CC OBSR P 2019-05-10T23:08:58.190000
CC OBSR S 2019-05-10T23:08:59.690000
UW LON P 2019-01-04T23:00:09.435000
UO CAVE P 2019-02-08T12:33:28.488393
UW ELW P 2018-11-14T15:58:33.800000
UW ELW S 2018-11-14T15:58:39.900000
CC PR01 P 2019-09-10T02:35:19.155000
CN SYMB P 2019-08-21T14:47:10.540000
CN SYMB P 2019-08-21T14:47:15.140000
CN SYMB S 2019-08-21T14:47:11.840000
CN SYMB S 2019-08-21T14:47:18.440000
UW GNW P 2019-01-08T12:49:38.090000
UW GNW S 2019-01-08T12:49:45.890000
UO WYLD P 2019-09-01T01:53:00.890000
UO WYLD S 2019-09-01T01:52:54.490000
UO WYLD S 2019-09-01T01:53:01.890000
UO JESE P 2019-07-10T04:10:26.458393
UO JESE P 2019-07-10T04:10:29.358393
UO JESE S 2019-07-10T04:10:31.158393
UW STOR S 2019-05-23T10:09:59.748393
UW STOR S 2019-05-23T10:10:04.348393
UW LON P 2019-09-07T21:44:33.770000
CN NLLB P 2019-04-05T20:04:18.450000
CN PTRF P 2019-05-01T13:23:14.520000
UW LCCR P 2019-07-09T17:23:59.828393
UW LCCR P 2019-07-09T17:24:03.228393
UW LCCR S 2019-07-09T17:24:00.528393
UW LCCR S 2019-07-09T17:24:11.128393
UW WISH P 2018-10-22T16:28:01.900000
UW FISH P 2019-03-26T22:44:36.738393
UW FISH S 2019-03-26T22:44:37.838393
CC TMBU P 2019-02-06T18:23:53.940000
UW BERY P 2019-01-05T19:36:01.383130
UW BERY S 2019-01-05T19:36:03.783130
CN BPEB P 2019-08-29T15:09:35.410000
CN BPEB S 2019-08-29T15:09:31.610000
CN BPEB S 2019-08-29T15:09:39.510000
UW GNW P 2019-08-11T16:52:33.900000
UW GNW P 2019-08-11T16:52:38.500000
CC SWF2 P 2019-06-26T00:08:26.415000
CC SWF2 P 2019-06-26T00:08:31.515000
CC SWF2 S 2019-06-26T00:08:31.815000
CC PR01 P 2019-03-02T13:04:32.545000
CC PANH P 2018-12-31T15:08:24.500000
CC PANH S 2018-12-31T15:08:32.400000
UW DOSE S 2018-12-19T12:08:09.265000
UW DOSE S 2018-12-19T12:08:13.265000
UW YACT P 2018-10-27T18:58:05.968393
UW YACT S 2018-10-27T18:58:07.568393
UW CCRK P 2019-02-02T03:30:39.820000
UW LCCR P 2018-09-20T06:36:25.158393
UO BUCK P 2019-03-20T08:27:44
UW LON P 2019-04-09T12:45:09.840000
UW BRO P 2019-07-09T11:43:00.530000
UW GBB P 2019-04-16T15:40:46.100000
CC PR04 P 2019-06-10T11:44:19.020000
CC PR04 S 2019-06-10T11:44:22.920000
CC PR01 S 2019-06-04T20:27:21.050000
CC RUSH P 2019-09-09T11:52:04.860000
CC RUSH S 2019-09-09T11:52:06.460000
UW LON S 2018-10-16T19:17:18.205000
UW LON S 2018-10-16T19:17:24.105000
CN VGZ P 2019-03-17T23:01:40.210000
UW HEBO P 2018-09-14T03:19:35.070000
UW HEBO S 2018-09-14T03:19:35.470000
CC PANH P 2019-09-10T05:15:55.440000
CC PANH S 2019-09-10T05:15:58.740000
CC PR05 P 2018-11-09T23:32:37.900000
UW EVGW P 2019-07-13T06:40:20.760000
UW EVGW S 2019-07-13T06:40:24.860000
CC PR04 P 2018-09-30T15:22:38.120000
CC PR04 S 2018-09-30T15:22:42.820000
UW DOSE P 2019-03-17T23:01:32.090000
UW DOSE S 2019-03-17T23:01:36.890000
CC VALT S 2018-11-16T23:04:51.680000
UW BERY P 2019-07-14T14:18:50.130000
UW BERY S 2019-07-14T14:18:42.430000
UW BERY S 2019-07-14T14:18:56.330000
CC JRO P 2019-01-11T01:17:18.890000
CC JRO S 2019-01-11T01:17:23.290000
CC STD P 2019-02-20T17:12:57.765000
CC PANH P 2019-08-29T19:26:14.480000
CC PANH S 2019-08-29T19:26:15.280000
CC JRO P 2019-08-03T09:27:09.830000
CC JRO S 2019-08-03T09:27:11.930000
UO JESE P 2019-09-05T06:35:50.948393
UO JESE S 2019-09-05T06:35:56.348393
CC SIFT P 2019-08-31T07:38:30.440000
CC SIFT S 2019-08-31T07:38:31.740000
CC PR01 P 2018-10-26T17:36:46.345000
CC PR01 S 2018-10-26T17:36:54.245000
UO WOOD P 2018-11-03T14:50:56.028393
CN WOSB P 2019-05-04T05:48:20.810000
CN WOSB S 2019-05-04T05:48:28.410000
UW FISH P 2019-07-05T13:00:11.738393
UW FISH S 2019-07-05T13:00:13.638393
UW FMW P 2019-05-19T19:27:25.970000
UW FMW S 2019-05-19T19:27:28.970000
CC PR04 P 2019-08-07T21:40:55.640000
CC STD S 2019-06-29T22:50:57.165000
CC STD S 2019-06-29T22:51:03.965000
CC PANH P 2019-01-20T19:09:43.600000
CC PANH S 2019-01-20T19:09:46.200000
CN VGZ P 2019-08-24T18:18:59.990000
UW LCCR P 2019-03-28T17:51:49.718394
UW LCCR S 2019-03-28T17:51:51.118394
CC PR05 P 2018-11-30T17:34:18.620000
CC PR05 S 2018-11-30T17:34:22.120000
UW LCCR P 2019-07-10T04:40:33.928393
UW LCCR P 2019-07-10T04:40:41.628393
UW LCCR S 2019-07-10T04:40:34.628393
UW BLOW P 2019-07-09T11:42:59.058393
UW BLOW S 2019-07-09T11:43:01.058393
CN SNB P 2019-04-30T11:56:41.100000
CN SNB S 2019-04-30T11:56:48.200000
CC PR05 P 2019-05-14T15:25:35.800000
CC PR05 S 2019-05-14T15:25:37.900000
CC PANH P 2019-01-07T10:47:47.540000
CC PANH S 2019-01-07T10:47:48.640000
CC PR04 P 2019-08-31T07:38:30.800000
CC PR04 S 2019-08-31T07:38:32.600000
UW GNW P 2019-01-14T21:46:21.490000
UW GNW S 2019-01-14T21:46:29.290000
UW TOLT P 2019-07-20T13:23:29.570000
UW TOLT S 2019-07-20T13:23:31.170000
UW TOLT S 2019-07-20T13:23:38.670000
CN VGZ P 2018-11-21T19:14:56.680000
CN VGZ S 2018-11-21T19:15:01.080000
UW WOLL S 2019-01-11T07:55:44.338393
UW LYNC P 2019-08-03T22:02:11.110000
UW LYNC S 2019-08-03T22:02:17.810000
UW BLOW P 2019-05-25T02:56:11.958393
UW SP2 P 2018-10-16T06:16:34.855000
UW SP2 P 2018-10-16T06:16:37.855000
UW SP2 S 2018-10-16T06:16:40.155000
CN PTRF P 2019-07-05T12:59:38.870000
CN PTRF S 2019-07-05T12:59:41.670000
UO CAVE P 2019-06-12T08:13:03.498393
UO CAVE P 2019-06-12T08:13:09.798393
CC JRO P 2018-11-02T13:54:06.430000
UO BEER P 2018-10-24T00:22:05.268393
UW JEDS P 2019-06-25T09:55:31.470000
UW OT3 P 2019-08-24T04:34:47.960000
CN SNB P 2019-02-01T09:05:29.010000
CN SNB S 2019-02-01T09:05:36.410000
CC VALT P 2018-11-12T06:24:51.280000
CC SHRK P 2019-07-09T17:57:23.630000
CC SHRK S 2019-07-09T17:57:26.730000
CC OBSR P 2019-06-02T01:09:09.945000
CC OBSR S 2019-06-02T01:09:11.445000
UW EPH2 P 2019-06-06T02:10:48.050000
CC OBSR P 2019-02-25T23:16:14.040000
UW SP2 P 2018-11-01T22:34:50.480000
UW SP2 P 2018-11-01T22:34:53.380000
UW SP2 S 2018-11-01T22:34:56.380000
CC OBSR S 2019-08-22T13:20:59.760000
UW FMW P 2019-03-12T06:09:25
UW FMW P 2019-03-12T06:09:31.700000
CC PR05 P 2019-02-20T07:24:00.060000
CC PR01 P 2019-06-28T16:02:46.590000
UW TOLT S 2019-05-02T14:43:29.825000
UW RCM S 2019-02-04T10:53:41.550000
UW RCM S 2019-02-04T10:53:45.850000
UW RCM S 2019-02-04T10:53:52.950000
CC SWF2 P 2019-03-29T11:27:15.780000
CC SWF2 S 2019-03-29T11:27:16.580000
CC OBSR P 2019-02-24T09:51:35.360000
CC OBSR S 2019-02-24T09:51:37.460000
UW LEOT P 2018-11-30T22:11:54.800000
UW LEOT S 2018-11-30T22:12:02.700000
CC JRO P 2019-06-02T01:27:36.270000
CC JRO S 2019-06-02T01:27:38.470000
CN SNB P 2019-01-05T16:24:42.840000
CN SNB S 2019-01-05T16:24:46.040000
CC STD P 2019-04-20T07:11:07.605000
CC STD S 2019-04-20T07:11:10.105000
CC SWF2 P 2018-11-30T19:45:40.430000
CC SWF2 S 2018-11-30T19:45:42.230000
UO BUCK P 2019-04-23T05:22:06.840000
UO BUCK P 2019-04-23T05:22:10.140000
UO BUCK S 2019-04-23T05:22:12.140000
CC SWNB S 2019-05-15T12:10:27.840000
UW FMW P 2019-09-09T13:49:17.910000
UW FMW S 2019-09-09T13:49:18.610000
UW FMW S 2019-09-09T13:49:25.710000
UO VERN P 2019-03-02T13:04:14.240000
UW EVGW P 2019-07-18T23:38:18.100000
UW EVGW S 2019-07-18T23:38:22.200000
UW HOOD P 2019-07-09T16:53:29.440000
UW HOOD S 2019-07-09T16:53:21.640000
UW HOOD S 2019-07-09T16:53:30.740000
CC PANH S 2019-09-02T13:27:43.220000
CC VALT P 2019-02-20T07:24:08.820000
CC VALT S 2019-02-20T07:24:11.720000
CC VALT S 2019-02-20T07:24:14.920000
UW RATT P 2019-07-12T14:12:49.660000
UW RATT S 2019-07-12T14:12:49.960000
UW RATT S 2019-07-12T14:12:57.060000
CC PANH P 2019-09-07T21:44:32.280000
CC STD P 2019-06-22T08:36:02.205000
CC STD S 2019-06-22T08:36:03.305000
CC SWF2 P 2019-08-30T14:25:08.435000
CC SWF2 S 2019-08-30T14:25:09.735000
CC SWF2 S 2019-08-30T14:25:13.535000
CN SNB P 2018-11-05T04:47:58.450000
CN SNB S 2018-11-05T04:48:01.850000
UW SP2 P 2019-07-13T11:54:10.370000
UW SP2 P 2019-07-13T11:54:13.470000
UW SP2 S 2019-07-13T11:54:11.370000
UW SP2 S 2019-07-13T11:54:17.870000
UW SNI2 P 2018-12-14T00:35:10.040000
UW SNI2 S 2018-12-14T00:35:13.940000
CC RUSH P 2019-08-11T23:49:53.400000
CC RUSH S 2019-08-11T23:49:54
CC RUSH S 2019-08-11T23:50:01.200000
UW GNW P 2018-10-30T03:04:37
UW GNW S 2018-10-30T03:04:41
CC PR05 P 2019-08-29T15:36:25.160000
UW HOOD P 2019-07-08T03:48:30.750000
UW HOOD S 2019-07-08T03:48:32.150000
CC JRO P 2019-05-10T12:12:51.290000
CN LLLB P 2019-09-05T15:04:42.800000
CC PR04 P 2018-11-20T05:35:20.080000
CC PR04 S 2018-11-20T05:35:22.880000
UW WAT2 S 2019-01-31T17:58:31.170000
UW BLOW P 2018-11-19T11:10:01.298394
UW BLOW S 2018-11-19T11:10:02.998394
UW STOR P 2019-07-14T14:21:50.358393
UW STOR S 2019-07-14T14:21:51.658393
CC PR04 P 2018-10-22T20:45:29.740000
CC PR04 P 2018-10-22T20:45:33.440000
UO ALSE P 2019-07-13T15:05:29.440000
UO ALSE P 2019-07-13T15:05:34.140000
UO ALSE S 2019-07-13T15:05:38.540000
UW KENT P 2019-07-17T05:35:07.288393
UW KREP S 2019-02-09T19:25:47.929999
UW KREP S 2019-02-09T19:25:48.629999
UW KREP S 2019-02-09T19:25:55.729999
UW OT3 P 2019-05-10T11:20:12.890000
UW OT3 S 2019-05-10T11:20:16.690000
UW SP2 P 2018-11-05T03:37:44.630000
UW SP2 S 2018-11-05T03:37:49.930000
UW YACT P 2018-11-12T06:24:45.958393
UW YACT S 2018-11-12T06:24:50.158393
UW LTY P 2019-05-26T07:51:49.930000
CC VALT P 2018-12-26T06:24:13.560000
CC VALT S 2018-12-26T06:24:20.060000
CC PR05 P 2019-06-02T22:22:01.020000
CC PR05 S 2019-06-02T22:22:09.020000
UO RAIN P 2019-01-20T18:12:04.028393
UW YACT P 2018-09-25T13:18:58.258393
UW YACT S 2018-09-25T13:18:58.858393
UW YACT S 2018-09-25T13:19:04.558393
UW LYNC P 2019-07-12T09:51:44.050000
UW LYNC S 2019-07-12T09:51:49.050000
UW FMW P 2019-05-14T12:14:09.100000
UW FMW S 2019-05-14T12:14:12.400000
CC RUSH P 2019-08-16T15:24:45.600000
CC RUSH S 2019-08-16T15:24:48.200000
UW HOOD P 2019-07-10T04:36:56.180000
UW HOOD S 2019-07-10T04:36:59.480000
UW LTY P 2018-09-16T18:13:06.180000
UW LTY P 2018-09-16T18:13:11.380000
UW LTY S 2018-09-16T18:13:05.380000
UW LEBA P 2019-06-01T18:27:08.198391
UW FMW P 2018-11-30T17:34:17.510000
UW FMW S 2018-11-30T17:34:20.310000
UW FMW S 2018-11-30T17:34:22.710000
UW RATT P 2019-07-18T04:04:43.400000
UW RATT S 2019-07-18T04:04:44.200000
UW RATT S 2019-07-18T04:04:50.800000
CC PRLK P 2019-07-10T04:23:55.490000
CC STD P 2019-06-26T05:55:41.905000
CC STD S 2019-06-26T05:55:43.005000
CC PR04 P 2019-05-06T06:04:56.540000
UW LEBA P 2019-07-14T17:45:13.208391
CC PANH S 2019-08-29T22:50:24.460000
UW DOSE P 2018-11-15T03:34:32.090000
UW DOSE P 2018-11-15T03:34:32.790000
UW DOSE P 2018-11-15T03:34:34.990000
UW DOSE S 2018-11-15T03:34:32.590000
UW DOSE S 2018-11-15T03:34:32.990000
UW DOSE S 2018-11-15T03:34:38.390000
CC PR05 P 2019-03-31T23:15:17.840000
CC PR05 S 2019-03-31T23:15:12.940000
CC PR05 S 2019-03-31T23:15:19.840000
UW OMAK P 2019-04-22T21:46:31.950000
UW OMAK S 2019-04-22T21:46:31.050000
UW MOX P 2019-07-12T09:52:07.730000
UW MOX S 2019-07-12T09:52:10.530000
CC PR05 P 2019-01-13T02:40:15.180000
CC PR05 S 2019-01-13T02:40:18.580000
UO DRAN P 2019-09-02T23:11:15.248393
CN NTKA P 2019-05-04T05:48:17.860000
CN NTKA S 2019-05-04T05:48:10.560000
CN NTKA S 2019-05-04T05:48:22.860000
UW LTY P 2018-12-02T22:22:54.155000
UW LON S 2019-05-07T10:04:19.390000
CN SHB P 2019-03-30T11:34:51.425000
CN SHB S 2019-03-30T11:34:56.725000
UW LON P 2018-12-22T18:53:52.520000
UW LON S 2018-12-22T18:53:54.220000
CC OBSR S 2019-09-01T13:51:48.420000
UO TOOM P 2019-08-29T15:09:13.198393
UO TOOM S 2019-08-29T15:09:18.098393
CC PR04 P 2018-10-07T22:44:25.640000
CC PR04 S 2018-10-07T22:44:27.440000
CC SWF2 P 2019-07-05T04:46:23.195000
CC SWF2 S 2019-07-05T04:46:24.595000
CN GOBB P 2019-02-01T09:05:31.910000
CN GOBB S 2019-02-01T09:05:33.310000
UW ROSS P 2018-12-28T06:10:25.655000
UW ROSS S 2018-12-28T06:10:27.955000
UW BLOW P 2019-02-06T18:24:01.678393
UW DOSE P 2019-02-07T06:59:02.965000
UW DOSE S 2019-02-07T06:59:03.465000
UW MDW P 2019-06-06T02:42:50.390000
UW MDW S 2019-06-06T02:42:51.990000
CN WSLR P 2019-08-29T15:09:47.520000
UO CAVE P 2019-08-07T11:21:42.568393
UO CAVE S 2019-08-07T11:21:35.368393
CN HNBB P 2018-09-25T08:41:41.940000
CN SNB P 2019-08-03T04:27:46.300000
CC VALT S 2018-11-30T07:11:22.920000
UW SWID P 2019-08-14T11:31:17.440000
UW SWID P 2019-08-14T11:31:19.540000
UW SWID S 2019-08-14T11:31:22.340000
UW YACT S 2018-09-13T00:41:57.128393
CC VALT P 2018-10-22T16:28:22.660000
CC VALT S 2018-10-22T16:28:24.660000
UO MINN P 2019-08-30T00:47:23.028393
UW LON P 2019-04-04T09:28:57.990000
UW LON P 2019-04-04T09:29:02.590000
UW LON S 2019-04-04T09:29:04.190000
CC SWF2 P 2019-07-01T04:26:52.475000
CC SWF2 S 2019-07-01T04:26:53.475000
UW RAW P 2018-11-30T03:36:40.025000
UW RAW S 2018-11-30T03:36:43.225000
UW RATT P 2019-01-05T19:35:58.320000
CC VALT P 2019-01-25T20:51:42.060000
CC PANH S 2019-03-02T03:33:13.300000
CC PANH S 2019-03-02T03:33:16.300000
UW RCM P 2019-03-28T03:45:42.260000
UW RCM S 2019-03-28T03:45:38.260000
CC CARB P 2019-08-30T04:21:07.240000
UW SWID S 2019-07-12T21:31:16.700000
UW BERY S 2019-01-27T08:30:31.653130
CN PACB P 2019-08-12T11:44:55.270000
UW SP2 P 2019-06-03T08:45:37.659999
UW SP2 S 2019-06-03T08:45:43.359999
UO DING P 2019-08-29T15:08:43.810000
UO NATH S 2019-05-20T15:11:27.878393
UO NATH S 2019-05-20T15:11:36.978393
CC VALT P 2019-03-08T14:43:35.240000
UW RATT P 2019-06-21T07:41:37.730000
UW RATT S 2019-06-21T07:41:35.430000
UW RATT S 2019-06-21T07:41:38.830000
CC PR05 P 2019-05-30T02:29:46.900000
CC PR05 S 2019-05-30T02:29:49
CC PR05 P 2018-11-20T05:35:19.120000
CC PR05 S 2018-11-20T05:35:21.120000
UW RCM P 2018-10-24T07:03:52.810000
UW RCM S 2018-10-24T07:03:53.810000
CC OBSR P 2019-05-18T03:53:43.430000
UW DAVN P 2019-06-29T11:47:13.750000
UW DAVN S 2019-06-29T11:47:16.050000
CC PR05 P 2019-06-26T00:31:02.040000
CC PR05 P 2019-06-26T00:31:08.140000
UW BERY P 2018-11-14T15:58:42.923130
CC CIHL S 2019-09-05T15:04:00.520000
UW KENT P 2019-07-10T04:18:31.348391
UW KENT P 2019-07-10T04:18:38.448391
UW KENT S 2019-07-10T04:18:32.848391
CC OBSR P 2019-06-11T21:40:03.565000
CC OBSR S 2019-06-11T21:40:03.865000
CC OBSR S 2019-06-11T21:40:08.865000
OO HYS12 P 2019-09-01T01:52:46.900000
OO HYS12 S 2019-09-01T01:52:49.300000
CC OBSR P 2018-12-26T06:24:14.170000
CC OBSR S 2018-12-26T06:24:21.070000
UW BLOW P 2019-03-29T13:43:40.328393
CN PGC P 2019-04-06T04:55:31.350000
CN PGC S 2019-04-06T04:55:35.150000
UO JESE S 2019-09-04T16:56:44.568393
UW KREP S 2018-09-20T06:36:24.970000
UW KREP S 2018-09-20T06:36:27.970000
UW WAT2 S 2019-03-09T08:35:28.650000
UW WAT2 S 2019-03-09T08:35:36.550000
UW EVGW P 2019-01-14T21:46:15.660000
UW EVGW S 2019-01-14T21:46:19.260000
CC VALT P 2019-03-01T00:29:51.400000
CC VALT S 2019-03-01T00:29:54.300000
CC PR05 S 2019-08-02T20:16:48.360000
CC PR05 S 2019-08-02T20:16:53.560000
CC PR05 P 2019-06-10T11:44:18.240000
CC PR05 S 2019-06-10T11:44:21.840000
CC STD P 2019-08-18T12:29:48.665000
CC STD S 2019-08-18T12:29:49.365000
UW OHC S 2019-07-14T14:21:45.720000
UW OHC S 2019-07-14T14:21:51.620000
UW RATT P 2019-06-26T08:26:12.770000
UW RATT S 2019-06-26T08:26:12.970000
UW MBPA P 2019-07-26T08:52:36.310000
UW MBPA S 2019-07-26T08:52:39.910000
CC OBSR P 2019-03-28T03:45:42.860000
CC OBSR S 2019-03-28T03:45:44.760000
UW RCM P 2019-05-29T18:24:04.640000
UW RCM S 2019-05-29T18:23:59.640000
UW RCM S 2019-05-29T18:24:07.040000
CC SWF2 P 2019-09-10T15:42:50.055000
CC SWF2 S 2019-09-10T15:42:50.355000
CC STD P 2019-09-02T21:22:13.185000
CC STD S 2019-09-02T21:22:14.285000
UW DOSE P 2019-01-05T20:47:21.415000
UW DOSE S 2019-01-05T20:47:23.215000
UW DOSE S 2019-01-05T20:47:28.815000
UW SHUK P 2019-04-23T23:18:09.120000
CC PR01 S 2019-03-07T19:26:48.145000
CC PR01 S 2019-03-07T19:26:49.945000
CC VALT P 2019-04-20T03:39:55.900000
CC VALT S 2019-04-20T03:39:59
UW LTY P 2019-03-05T00:33:54.730000
UW LTY S 2019-03-05T00:34:01.630000
UW RATT S 2019-07-25T00:42:57.010001
UW RATT S 2019-07-25T00:43:02.710001
UW DOSE P 2018-10-30T17:59:56.540000
UW DOSE S 2018-10-30T17:59:57.740000
UW BERY P 2019-07-17T23:43:25.440000
UW BERY S 2019-07-17T23:43:27.340000
UW BERY S 2019-07-17T23:43:31.740000
UW LON P 2018-12-22T19:46:58.170000
UW LON S 2018-12-22T19:46:59.870000
UW ELW P 2018-10-26T01:30:05.650000
UW ELW S 2018-10-26T01:30:10.950000
CC SIFT P 2019-08-30T22:19:34.520000
CC SIFT S 2019-08-30T22:19:37.020000
UW BABR P 2019-04-23T23:06:01.180000
UW BABR S 2019-04-23T23:06:09.180000
UW LCCR P 2018-11-01T05:41:09.858393
UW LCCR P 2018-11-01T05:41:12.658393
UW LCCR S 2018-11-01T05:41:10.658393
UW LCCR S 2018-11-01T05:41:14.958393
UW LCCR P 2019-03-26T22:44:36.698393
UW LCCR S 2019-03-26T22:44:41.798393
UW RCM P 2019-01-12T23:41:55.420000
UW RCM S 2019-01-12T23:41:52.520000
UW RCM S 2019-01-12T23:41:56.020000
UO ROGE P 2019-09-06T10:34:18.188393
UO ROGE S 2019-09-06T10:34:20.188393
UW GNW P 2019-09-03T10:24:15.690000
CC STD P 2018-10-08T10:47:28.145000
CC STD P 2018-10-08T10:47:34.345000
CC STD S 2018-10-08T10:47:35.545000
CN CBB P 2019-08-05T16:20:19.110000
UW LON S 2018-10-29T13:45:20.810000
CC PR01 S 2019-07-24T01:38:24.050000
CC PR01 S 2019-07-24T01:38:28.750000
CN OZB P 2019-01-08T21:13:20.350000
CN OZB S 2019-01-08T21:13:26.350000
UO DRAN P 2018-12-11T13:34:49.998391
UO DRAN S 2018-12-11T13:34:51.698391
CC PR04 P 2019-03-05T04:18:24.480000
CC PR04 S 2019-03-05T04:18:26.080000
UW LTY P 2019-03-01T09:02:04.055000
CC PRLK P 2018-09-24T22:02:03.740000
CC STD S 2019-08-10T22:00:12.125000
UW FISH P 2019-08-30T10:12:15.458393
UW FISH S 2019-08-30T10:12:12.458393
CC PR01 P 2019-01-27T03:42:20.725000
CC SHRK P 2019-07-09T18:43:00.490000
CC SHRK S 2019-07-09T18:43:03.590000
UW SHUK P 2019-03-24T01:52:32.320000
UW SHUK S 2019-03-24T01:52:38.420000
UW SHUK S 2019-04-18T16:11:51.260000
UW SHUK S 2019-04-18T16:11:57.660000
CC PR05 P 2019-07-25T02:04:56.320000
UW RCM P 2018-11-11T01:12:21.190000
UW RCM S 2018-11-11T01:12:16.490000
UW RCM S 2018-11-11T01:12:21.990000
CC NORM P 2019-03-09T20:11:14.500000
CC NORM S 2019-03-09T20:11:15.600000
UW MDW P 2019-01-04T22:34:22.480000
UW MDW S 2019-01-04T22:34:24.080000
UW RATT P 2019-07-05T18:31:33.109999
UW RATT S 2019-07-05T18:31:41.009999
CC PANH P 2019-02-20T07:24:01.900000
CC JRO P 2019-06-29T04:21:31.470000
UW LON P 2019-07-17T15:01:16.620000
UW LON S 2019-07-17T15:01:10.720000
CN SHB P 2019-04-05T19:52:31.975000
CC OBSR P 2019-03-04T03:15:02.660000
CC OBSR S 2019-03-04T03:15:03.460000
CC OBSR S 2019-03-04T03:15:10.760000
CC STD P 2019-04-22T11:03:50.625000
CC STD S 2019-04-22T11:03:51.725000
UO DBO P 2018-11-16T05:10:42.940000
UW CCRK P 2019-03-13T22:45:31.670000
UW CCRK S 2019-03-13T22:45:33.170000
CC PR05 P 2019-06-03T03:09:13.980000
CC PR05 S 2019-06-03T03:09:16.080000
UW GNW P 2019-07-12T12:43:05.030000
CC TMBU P 2019-02-22T10:27:17.820000
CC TMBU S 2019-02-22T10:27:24.020000
UO BUCK P 2018-09-14T18:36:09.569999
CN GOBB P 2019-04-05T19:53:52.730000
CN GOBB S 2019-04-05T19:53:58.830000
CN CLRS P 2019-06-15T06:10:59.750000
UW DOSE P 2019-03-31T12:29:01.290000
UW DOSE S 2019-03-31T12:29:02.290000
CN VGZ P 2019-09-01T13:51:23.970000
CN VGZ S 2019-09-01T13:51:28.870000
UW RCM S 2019-08-08T20:34:49
UW RCM S 2019-08-08T20:34:51.800000
UW UMAT P 2019-07-18T04:05:23.398393
UW UMAT P 2019-07-18T04:05:24.598393
CC JRO P 2019-06-28T15:51:27.130000
CN CLRS P 2019-01-05T16:24:50.820000
CC SWF2 P 2019-04-24T22:39:14.165000
CC SWF2 S 2019-04-24T22:39:14.665000
UW MDW P 2019-06-28T16:02:53.560000
UW MDW P 2019-06-28T16:02:55.260000
CC HIYU S 2019-09-01T20:59:58.880000
CC STD P 2018-10-12T00:46:00.085000
CC STD S 2018-10-12T00:46:05.285000
UW WAT2 P 2019-05-10T11:20:30.370000
UW RCM P 2018-10-22T04:18:42.820000
CC PR04 P 2018-09-27T14:56:51.880000
CN GOBB P 2018-09-11T15:05:33.110000
CC PR05 P 2018-11-23T19:42:54.720000
CC PR05 S 2018-11-23T19:42:56.920000
UW RCM P 2018-12-09T04:26:28.850000
UW RCM S 2018-12-09T04:26:21.550000
UW RCM S 2018-12-09T04:26:29.750000
UW LTY P 2019-05-21T16:55:41.005000
UW LTY P 2019-05-21T16:55:45.205000
UW LTY S 2019-05-21T16:55:47.305000
UO MARQ P 2019-07-09T17:54:52.440000
UW LON P 2019-08-29T15:09:17.960000
UW BERY P 2019-07-12T12:36:29.840001
UW BERY S 2019-07-12T12:36:36.340001
UW LTY P 2019-01-14T21:46:32.180000
UO BUCK P 2019-03-16T11:06:47.070000
UO BUCK S 2019-03-16T11:06:49.970000
CC SHRK P 2019-07-09T21:25:32.910000
CC SHRK S 2019-07-09T21:25:35.610000
UO JESE P 2019-07-12T09:52:21.468393
UW LON P 2019-06-04T20:27:22.005000
UW LON S 2019-06-04T20:27:27.105000
UW ELW S 2019-07-12T12:27:01.810000
UW BLOW P 2018-10-21T20:32:16.378393
CC CARB P 2019-08-29T19:26:13.440000
UW SHUK P 2019-08-17T21:36:59.220000
UW GNW P 2018-11-02T10:22:39.725000
UW GNW S 2018-11-02T10:22:43.825000
CN CLRS P 2018-11-12T21:47:42.240000
CN CLRS S 2018-11-12T21:47:47.640000
UW GNW P 2019-09-01T12:50:48.580000
UO MARQ P 2019-07-21T22:13:10.850000
UW FORK P 2019-05-02T15:40:40.770000
UW FORK S 2019-05-02T15:40:46.870000
UO RAIN P 2019-03-30T02:03:51.898394
CC OBSR P 2018-11-11T00:51:44.350000
CC OBSR S 2018-11-11T00:51:45.950000
UO NATH S 2018-10-10T21:01:29.178391
CN SYMB P 2018-12-27T22:54:21.860000
CN SYMB S 2018-12-27T22:54:23.860000
CN HNBB P 2018-10-09T12:04:24.360000
CN HNBB S 2018-10-09T12:04:32.260000
UO JESE P 2019-07-09T18:40:26.698393
UO JESE S 2019-07-09T18:40:21.498393
UO JESE S 2019-07-09T18:40:31.398393
CC PR01 S 2019-07-04T13:04:10.370000
CC JRO P 2018-10-08T10:47:33.770000
CC JRO S 2018-10-08T10:47:34.470000
CC STD P 2019-06-17T02:49:18.065000
CC STD S 2019-06-17T02:49:23.665000
CC PR05 P 2019-01-20T19:09:44.740000
CC PR05 S 2019-01-20T19:09:47.940000
CC PR04 P 2019-03-31T23:15:18.880000
CC PR04 S 2019-03-31T23:15:21.680000
CC PANH P 2019-08-04T06:02:38.620000
CC PANH S 2019-08-04T06:02:46.420000
UW LON P 2019-03-28T03:45:41.515000
UW LON P 2019-02-09T19:25:47.735000
UW LON S 2019-02-09T19:25:55.535000
CN SYMB P 2019-05-12T23:13:45.270000
CC PR04 P 2018-09-19T12:19:21.340000
CC PR04 S 2018-09-19T12:19:24.140000
CC PR01 P 2019-06-26T18:36:31.150000
CC PR01 S 2019-06-26T18:36:33.450000
CC PR01 P 2019-03-26T22:44:56.985000
CN GOBB P 2018-11-28T18:03:32.680000
CN GOBB S 2018-11-28T18:03:38.680000
UW FMW P 2019-09-10T05:15:56.480000
UW FMW S 2019-09-10T05:16:00.080000
CC PANH P 2019-08-30T22:19:33.480000
CC PANH S 2019-08-30T22:19:35.380000
UO RAIN P 2019-06-25T21:19:25.908391
UO RAIN S 2019-06-25T21:19:29.208391
CC OBSR P 2018-12-26T14:12:00.930000
CC OBSR S 2018-12-26T14:12:01.830000
UW LON P 2019-05-29T18:24:03.095000
UW LON S 2019-05-29T18:24:04.395000
UW ELW P 2019-02-02T03:30:11.250000
UW ELW P 2019-02-02T03:30:16.750000
UW ELW S 2019-02-02T03:30:19.950000
CC VALT S 2019-03-12T02:28:59.420000
CC OBSR P 2019-08-11T16:52:35.040000
CC OBSR S 2019-08-11T16:52:35.340000
CC PR04 P 2019-08-12T15:43:52.360000
CC PR04 S 2019-08-12T15:43:53.560000
CC SWF2 P 2018-09-21T22:02:31.830000
CC SWF2 S 2018-09-21T22:02:32.730000
UW STOR P 2019-04-08T13:02:20.358394
CC PR04 P 2019-07-09T17:24:20.780000
CC TMBU P 2018-12-22T23:41:41.140000
CC TMBU S 2018-12-22T23:41:44.640000
CC STD P 2019-04-26T13:40:09.225000
CC STD S 2019-04-26T13:40:10.525000
CN SYMB P 2019-03-19T15:39:47.230000
UW FMW P 2019-02-02T03:55:51.710000
UW FMW S 2019-02-02T03:55:45.110000
UW FMW S 2019-02-02T03:55:58.010000
UW TOLT S 2019-06-23T20:22:16.245000
UW TOLT S 2019-06-23T20:22:18.945000
CC OBSR P 2019-06-16T13:42:45.385000
CC OBSR S 2019-06-16T13:42:46.885000
UO WOOD S 2019-02-09T20:30:36.688393
UO WOOD S 2019-02-09T20:30:39.788393
CC OBSR P 2019-07-20T13:02:21.640000
CC OBSR S 2019-07-20T13:02:23.440000
UW WA2 P 2019-05-18T19:19:00.760000
UW WA2 P 2019-05-18T19:19:03.160000
UW WA2 S 2019-05-18T19:19:05.260000
CC PANH P 2019-09-04T17:36:29.640000
CC PANH S 2019-09-04T17:36:30.340000
CC PANH S 2019-09-04T17:36:32.840000
UW TUCA P 2019-05-10T11:20:23.268391
UW DOSE P 2019-08-08T22:36:22.550000
UW DOSE S 2019-08-08T22:36:23.150000
CC OBSR P 2019-04-06T04:55:36.340000
CC OBSR S 2019-04-06T04:55:35.240000
CC OBSR S 2019-04-06T04:55:37.240000
CC SHRK P 2019-07-09T04:47:10.290000
CC SHRK S 2019-07-09T04:47:12.890000
UW MANO P 2018-11-30T17:34:21.890000
CC PANH P 2019-02-04T01:40:24.740000
CC PANH S 2019-02-04T01:40:25.240000
UW SP2 P 2019-05-21T11:11:51.355000
UW SP2 S 2019-05-21T11:11:57.355000
UO ROGE P 2019-09-06T06:52:45.638393
UO VERN P 2019-05-10T12:12:44.100000
UO VERN S 2019-05-10T12:12:49.500000
CC STD S 2019-03-02T13:04:26.365000
UW LAWT P 2018-11-14T15:58:26.685000
UW LAWT P 2018-11-14T15:58:27.485000
UW LAWT P 2018-11-14T15:58:32.685000
CC STD S 2019-04-24T19:25:56.345000
CC STD S 2019-04-24T19:26:04.145000
CC STD P 2019-06-29T04:21:30.885000
CC STD S 2019-06-29T04:21:32.285000
UW SHUK P 2019-08-04T06:41:41.680000
UW SHUK S 2019-08-04T06:41:42.880000
UW SHUK S 2019-08-04T06:41:45.480000
UW BERY P 2019-07-16T09:09:44.930000
UW BERY S 2019-07-16T09:09:46.430000
UW BERY S 2019-07-16T09:09:51.230000
UW RCM P 2018-11-11T00:51:43.510000
UW RCM S 2018-11-11T00:51:44.310000
CC PR01 S 2019-09-03T10:24:33.070000
UW LYNC P 2019-07-13T15:04:48.290000
UW LYNC S 2019-07-13T15:04:53.290000
UW RATT P 2019-05-11T15:10:34.270000
UO RAIN P 2019-04-07T07:07:01.578391
UO RAIN S 2019-04-07T07:07:09.178391
UW GNW P 2019-07-12T11:24:48.040000
UW IZEE P 2018-11-20T20:54:09.938391
UW IZEE S 2018-11-20T20:54:12.138391
CC PR01 P 2019-03-29T03:04:59.485000
CC PR01 S 2019-03-29T03:05:02.485000
CC OBSR P 2019-04-28T19:35:59.600000
CC OBSR P 2019-04-28T19:36:00.300000
CC OBSR S 2019-04-28T19:36:00.700000
UW BLOW P 2019-01-05T19:35:50.298394
CC OBSR P 2018-10-03T00:40:45.690000
CC OBSR S 2018-10-03T00:40:38.090000
CC OBSR S 2018-10-03T00:40:46.990000
CC PR05 P 2019-09-07T21:44:32.620000
CC PR05 S 2019-09-07T21:44:40.420000
CC PR04 P 2019-07-21T07:10:26.520000
CC PR04 S 2019-07-21T07:10:29.320000
UO DBO P 2019-01-29T02:40:47.770001
UW RCM S 2019-09-08T16:32:57.460000
UO DRAN P 2019-04-23T08:59:09.558393
UO DRAN S 2019-04-23T08:59:11.758393
CN PGC P 2018-11-18T17:53:22
CC PR05 P 2019-04-08T13:02:25.300000
CC PR01 P 2019-01-14T21:46:28.445000
CC PR01 S 2019-01-14T21:46:29.145000
CN PTRF P 2019-08-16T15:24:41.400000
UO VERN P 2018-09-25T13:18:56.550000
UO VERN S 2018-09-25T13:19:01.550000
CC PR05 P 2019-08-14T11:11:00.180000
CC PR05 S 2019-08-14T11:11:08.180000
UW H1K P 2019-06-14T17:00:21.570000
UW H1K P 2019-06-14T17:00:25.070000
UW H1K S 2019-06-14T17:00:25.570000
CC OBSR P 2019-02-15T03:49:03.540000
UW BERY P 2018-12-27T08:28:38.413130
UW BERY S 2018-12-27T08:28:39.113130
CC JRO P 2019-08-04T06:54:52.670000
CC JRO P 2019-08-04T06:54:55.670000
CC SWF2 P 2018-10-03T10:13:57.150000
CC SWF2 S 2018-10-03T10:13:58.850000
CC PR04 P 2019-05-18T19:19:26.060000
CC PR04 P 2019-07-13T11:54:16.380000
UW LON P 2019-08-14T11:11:02.060000
CC CARB P 2019-08-11T16:52:33.760000
UW RATT P 2019-01-28T07:08:06.870000
CC PR04 P 2019-06-02T01:09:09.140000
CC PR04 S 2019-06-02T01:09:17.140000
UW YACT P 2018-10-27T14:05:33.758393
UW YACT S 2018-10-27T14:05:34.458393
CC PR01 S 2019-04-18T03:26:44.725000
CC PR05 P 2019-07-20T13:02:20.760000
CC PR05 S 2019-07-20T13:02:21.960000
UW HOOD P 2019-07-09T16:57:17.330000
UW FMW P 2019-05-30T15:15:57.220000
UW FMW S 2019-05-30T15:15:56.520000
UW FMW S 2019-05-30T15:15:57.520000
CN VGZ P 2019-01-13T13:31:12.640000
CN VGZ S 2019-01-13T13:31:20.540000
UO SISQ P 2019-04-12T14:07:17.130000
CC SWF2 P 2018-11-09T09:33:38.850000
CC SWF2 S 2018-11-09T09:33:39.150000
CC SWF2 S 2018-11-09T09:33:41.750000
UO CAVE P 2019-03-02T09:51:10.158394
UW YACT P 2018-10-29T10:24:34.918393
UW YACT S 2018-10-29T10:24:42.518393
CC SWF2 S 2019-06-28T16:02:52.235000
UW MDW P 2018-10-22T16:28:40.070000
UW KREP P 2019-07-28T02:54:39.849999
UW KREP S 2019-07-28T02:54:40.749999
UW KREP S 2019-07-28T02:54:45.149999
CC VALT P 2019-01-27T03:42:16.600000
CC VALT S 2019-01-27T03:42:20.600000
CC SWF2 S 2018-11-30T17:34:26.410000
CC SWF2 S 2018-11-30T17:34:29.310000
CN HOPB P 2019-09-05T15:04:32.190000
UO VERN P 2019-01-25T23:46:52.390000
UO VERN S 2019-01-25T23:46:57.090000
UW GBB P 2019-05-27T12:06:03.620000
CC PR01 P 2019-03-01T19:07:41.085000
CC PR01 S 2019-03-01T19:07:42.185000
CC PR01 S 2019-03-01T19:07:45.485000
UW GNW P 2019-07-10T11:41:01.500000
UW TOLT P 2019-07-14T14:21:51.770000
CC PR05 P 2019-02-08T18:12:44.900000
CC PR05 S 2019-02-08T18:12:46.200000
CC RUSH P 2019-09-04T14:43:47.960000
CC RUSH S 2019-09-04T14:43:51.260000
UW CCRK P 2019-09-05T08:34:53.590000
UW CCRK S 2019-09-05T08:34:55.590000
UW CCRK S 2019-09-05T08:35:00.190000
UW FMW P 2019-04-18T03:26:35.680000
UW FMW S 2019-04-18T03:26:28.380000
UW FMW S 2019-04-18T03:26:36.180000
UW FMW S 2019-04-18T03:26:39.280000
UW MDW P 2018-09-21T00:29:52.870000
UW RCM P 2019-07-01T10:53:34.730000
UW RCM S 2019-07-01T10:53:35.530000
CC SWF2 P 2018-11-18T20:37:09.990000
CC SWF2 S 2018-11-18T20:37:11.190000
CC JRO P 2019-01-11T14:16:39.450000
UW KREP P 2019-06-29T11:46:38.850000
UW KREP S 2019-06-29T11:46:40.750000
UW CCRK P 2019-05-27T12:06:01.890000
UW CCRK S 2019-05-27T12:06:03.290000
UW H1K S 2019-02-17T09:17:38.860000
UW ROSS P 2019-04-17T07:59:27.910000
UW BERY P 2019-04-10T14:13:05.303130
UW BERY S 2019-04-10T14:13:07.903130
CN CLRS P 2019-07-25T02:04:49.400000
UW HOOD P 2019-07-08T09:44:19.920001
UW RCM P 2019-05-23T12:14:33
UW RCM S 2019-05-23T12:14:29.500000
UW RCM S 2019-05-23T12:14:35.700000
UO DRAN P 2019-09-09T11:51:31.228394
UW BLOW P 2019-09-05T14:26:47.748393
UW BLOW S 2019-09-05T14:26:50.148393
UW KENT P 2019-07-09T17:06:23.788391
UW KENT S 2019-07-09T17:06:25.288391
UW BLOW P 2019-02-22T19:05:12.008393
UW BLOW S 2019-02-22T19:05:16.108393
UW GBB P 2019-07-05T16:48:14.560000
UW GBB S 2019-07-05T16:48:20.460000
UW GBB S 2019-07-05T16:48:27.960000
UW GBB P 2019-04-16T16:05:34.960000
UW GBB S 2019-04-16T16:05:37.260000
UW DOSE P 2019-03-08T00:01:54.790000
UW DOSE S 2019-03-08T00:01:55.890000
CC SWF2 P 2018-10-30T07:45:21.590000
UW DOSE S 2019-01-25T21:29:51.440000
UW ELW P 2018-12-04T02:41:21.900000
UW ELW S 2018-12-04T02:41:23.200000
UW ELW S 2018-12-04T02:41:29.900000
UW RATT S 2019-02-11T08:38:31.570000
UW CINE S 2019-07-02T09:14:12.760000
CC VALT P 2018-09-16T01:13:37.260000
CC VALT P 2018-09-16T01:13:38.460000
CC VALT S 2018-09-16T01:13:40.860000
UO MARQ P 2019-04-22T14:47:54.260000
CC SWF2 P 2019-07-07T09:51:43.915000
CC SWF2 S 2019-07-07T09:51:44.215000
CC SWF2 S 2019-07-07T09:51:49.815000
UW GBB P 2019-07-15T07:30:35.750000
UW GBB S 2019-07-15T07:30:39.150000
CC PR05 P 2019-02-20T22:18:59.480000
CC STD S 2019-07-16T09:10:05.985000
UW BABR P 2018-10-17T19:10:28.200001
CC PR05 P 2019-05-30T15:15:49.700000
CC PR05 P 2019-05-30T15:15:56.900000
CC PR05 S 2019-05-30T15:15:59.100000
UW LON P 2019-03-30T02:03:48.690000
UW RATT P 2019-04-18T16:12:00.020000
UW RATT S 2019-04-18T16:12:00.920000
UW BLOW P 2019-01-14T16:55:10.588393
UW BLOW S 2019-01-14T16:55:12.188393
CC PR05 P 2018-12-22T18:53:53.100000
CC PR05 S 2018-12-22T18:53:55.100000
UW BERY P 2019-05-23T16:07:20.433129
UW BERY S 2019-05-23T16:07:27.133129
UW RCM P 2019-08-30T00:22:04.180000
UW RCM S 2019-08-30T00:22:05.180000
CN SYMB P 2019-09-02T08:25:10.910000
CN VGZ P 2019-07-10T11:41:01.270000
UW EVGW P 2019-07-15T02:30:39.950000
UW EVGW S 2019-07-15T02:30:44.050000
UO DRAN P 2019-05-16T12:06:53.118393
UO DRAN S 2019-05-16T12:06:53.918393
UW BLOW P 2019-04-28T07:18:03.158393
CN SHB P 2019-06-21T07:38:31.550000
CC SHRK P 2019-07-09T17:53:41.930000
CC SHRK S 2019-07-09T17:53:45.130000
CC HIYU P 2019-09-05T06:35:47.740000
CC HIYU S 2019-09-05T06:35:50.240000
UW LEBA P 2019-05-21T19:45:56.118391
CC PR01 S 2019-08-08T20:34:55.250000
CC PR01 S 2019-08-08T20:34:58.650000
UW RATT P 2018-10-30T07:45:13.275000
UW RATT P 2019-05-21T11:11:54.270000
UW RATT P 2019-05-21T11:11:59.070000
UW RATT S 2019-05-21T11:11:55.770000
UW RATT S 2019-05-21T11:11:59.670000
UW BERY P 2019-07-21T15:14:31.850000
UW BERY S 2019-07-21T15:14:38.150000
CC STD P 2019-02-24T15:41:35.925000
CC VALT P 2019-04-18T03:26:43.580000
CC VALT P 2019-02-18T16:59:00.980000
CC PANH P 2019-07-02T09:48:20.960000
UW HOOD P 2019-07-08T09:36:10.250000
CC OBSR P 2019-03-10T14:33:29
CC OBSR S 2019-03-10T14:33:25.200000
CC OBSR S 2019-03-10T14:33:34.100000
UW STOR P 2019-08-29T15:09:21.838393
CC OBSR P 2019-08-29T15:36:26.120000
CC OBSR S 2019-08-29T15:36:28.020000
CC PR01 S 2019-02-28T03:17:16.585000
UW FMW P 2019-08-14T11:11:01.150000
UW FMW S 2019-08-14T11:11:01.650000
CC SWF2 S 2018-10-22T05:38:20.890000
UW SNI2 P 2019-06-04T04:50:22.550000
UW LUMI P 2019-03-24T01:52:30.599999
UW LUMI S 2019-03-24T01:52:31.799999
UW LUMI S 2019-03-24T01:52:36.299999
CC VALT P 2019-02-28T20:04:17.020000
CC VALT S 2019-02-28T20:04:22.120000
UW SOUA S 2018-12-23T08:45:47.830000
CC REM P 2019-08-08T07:20:01.855000
CC REM S 2019-08-08T07:20:05.855000
CC STD S 2019-03-12T02:28:36.765000
UO BEER P 2019-06-26T00:30:31.498393
UO BEER S 2019-06-26T00:30:32.898393
CC CPCO P 2019-07-12T09:52:42.140000
CC CPCO S 2019-07-12T09:52:46.740000
UO DBO P 2019-08-21T04:52:43.740000
UO DBO S 2019-08-21T04:52:51.640000
CC VALT S 2019-06-14T12:20:42.840000
CC SWF2 P 2018-10-15T06:35:28.210000
CC SWF2 S 2018-10-15T06:35:29.510000
CN GOBB P 2019-04-05T19:52:21.210000
CN GOBB S 2019-04-05T19:52:27.410000
UW WOLL S 2019-02-01T22:09:57.528393
CC VALT S 2019-06-23T17:58:52.140000
UW LEBA P 2019-09-09T11:51:48.948391
UW BERY P 2019-01-17T03:47:21.633130
UO CHIL P 2019-09-05T15:03:55.938393
UW SLDQ P 2019-08-16T15:24:37.610000
CC RUSH P 2019-09-10T02:35:20
CC RUSH S 2019-09-10T02:35:22.500000
CC SWNB S 2019-04-22T23:22:07.280000
CN HNBB P 2018-12-16T04:48:30.630000
CC STD P 2019-08-04T07:16:29.505000
CC STD S 2019-08-04T07:16:34.705000
UW BABR P 2019-02-22T19:05:00.650000
UW BABR S 2019-02-22T19:05:07.450000
UO WOOD S 2018-11-06T06:56:15.848393
UW SNI2 S 2018-12-28T06:11:12.810000
CN HOPB P 2019-08-29T15:09:47.010000
CC CLBH P 2019-01-29T18:09:10.880000
CC CLBH S 2019-01-29T18:09:13.380000
CC SWF2 P 2019-03-13T05:57:56.980000
CC SWF2 S 2019-03-13T05:57:58.180000
CC WIFE P 2019-08-16T07:27:57.360000
CC PR05 P 2018-11-11T15:35:50.220000
CC PR05 S 2018-11-11T15:35:52.420000
CC CPCO S 2019-08-15T03:17:04.800000
CC OBSR P 2018-11-18T17:53:33.150000
CC OBSR S 2018-11-18T17:53:33.850000
CC PANH S 2019-08-22T13:21:02.600000
UW GBB P 2019-05-18T19:18:59.570000
UW GBB S 2019-05-18T19:19:02.970000
UW TOLT P 2019-04-23T05:08:26.945000
UW TOLT P 2019-04-23T05:08:31.045000
UW TOLT S 2019-04-23T05:08:34.745000
CN HNBB P 2018-10-15T13:37:34.590000
UW FMW P 2019-04-12T03:04:22.560000
UO BEER P 2018-09-17T00:08:48.948393
CC PR04 P 2019-05-10T14:34:18.540000
CC PR04 S 2019-05-10T14:34:20.640000
CC PR01 P 2019-08-03T04:28:05.550000
UW BABR P 2019-05-18T20:44:38.340000
UW EVGW P 2019-07-16T09:09:41.680000
UW EVGW S 2019-07-16T09:09:45.780000
CC PR05 P 2019-05-07T10:04:18.200000
CC PR05 S 2019-05-07T10:04:20.300000
UW GBB P 2019-07-04T04:32:47.610000
UW H2O P 2018-09-29T04:27:12.140000
UW H2O S 2018-09-29T04:27:14.340000
BK HUMO P 2018-11-10T05:32:00.878393
BK HUMO S 2018-11-10T05:32:04.878393
LB BMN P 2018-11-06T06:55:58.208300
CC PANH P 2019-07-01T04:18:14.560000
UW GNW P 2018-11-26T04:26:27.550000
CC PR05 P 2019-09-01T13:51:40.100000
CC PR05 P 2019-09-01T13:51:47
CN PTRF S 2019-07-04T17:37:13.820000
UW FMW P 2019-09-08T01:15:35.790000
UW HOOD P 2019-07-09T18:03:32.160000
UW HOOD S 2019-07-09T18:03:33.460000
UO WOOD P 2019-01-30T00:35:40.708393
UW DOSE P 2019-02-06T18:24:41.240000
UW DOSE S 2019-02-06T18:24:43.440000
CC VALT P 2018-12-23T11:11:32.600000
CC VALT S 2018-12-23T11:11:37.700000
CC PR05 P 2019-04-16T15:40:46.700000
CC OBSR P 2019-08-17T08:32:31.400000
CC OBSR S 2019-08-17T08:32:32.500000
UW STOR P 2019-06-26T00:31:11.178393
UW JEDS P 2019-07-13T23:04:52.310000
CC VALT S 2019-03-12T02:37:41.020000
UO DFAZ P 2019-04-22T23:21:58.678391
UO DFAZ S 2019-04-22T23:21:59.978391
UO DBO P 2018-11-16T11:44:06.740000
UW LCCR S 2019-07-11T10:22:36.048393
UW LCCR S 2019-07-11T10:22:43.548393
CC PANH P 2019-01-28T06:23:04.040000
CC PANH S 2019-01-28T06:23:05.640000
UW LON S 2019-08-02T14:46:40.820000
CC SWF2 P 2019-08-31T16:35:45.155000
CC SWF2 S 2019-08-31T16:35:46.755000
CN VGZ P 2019-03-20T05:16:49.780000
CN VGZ P 2019-03-20T05:16:56.880000
CC JRO P 2019-06-24T07:09:01.230000
UW FMW P 2019-05-23T10:09:57.970000
UW FMW S 2019-05-23T10:10:01.270000
CN NLLB P 2018-10-30T06:22:11.200000
CN PGC P 2019-04-05T23:01:39.910000
CN PGC S 2019-04-05T23:01:43.710000
UW BLOW P 2019-07-08T12:23:10.998393
UW BLOW P 2019-07-08T12:23:18.598393
UO MARQ P 2018-09-14T03:19:44.100000
UW MBPA P 2019-07-12T13:00:05.430000
UW MBPA S 2019-07-12T13:00:09.030000
CC STD P 2018-10-26T03:59:22.225000
CN CLRS P 2018-10-11T05:44:30.050000
CN CLRS P 2018-10-11T05:44:34.850000
UW KREP P 2018-10-22T16:28:31.510000
UW KREP S 2018-10-22T16:28:32.710000
UW SNI2 P 2019-06-24T08:56:09.960000
UW SNI2 S 2019-06-24T08:56:13.060000
UW RCM S 2019-07-01T11:23:05.530000
UW SHUK S 2019-02-28T03:17:19.160000
CC PR05 P 2019-03-04T03:15:01.120000
CC PR05 S 2019-03-04T03:15:09.120000
UW MARY P 2019-07-16T07:46:51.360000
UW MARY P 2019-07-16T07:46:54.860000
UW MARY S 2019-07-16T07:46:57.060000
UW LEBA P 2019-08-19T02:14:08.118391
UW LEBA S 2019-08-19T02:14:08.818391
UW LEBA S 2019-08-19T02:14:13.018391
CN CLRS P 2019-05-14T04:32:26.390000
CN CLRS S 2019-05-14T04:32:26.990000
CN CLRS S 2019-05-14T04:32:27.990000
UW LUMI P 2018-12-31T04:54:52.720000
UW LUMI S 2018-12-31T04:55:00.720000
CC CLBH P 2019-02-08T12:33:46.740000
UW LUMI P 2019-07-12T09:51:55.240001
UW LUMI S 2019-07-12T09:51:57.140001
CC SHRK P 2019-02-09T12:45:34.410000
CC PR05 P 2019-07-12T14:12:58.760000
UW TREE P 2019-08-09T07:07:14.968391
CN PGC P 2018-10-30T06:22:00.980000
CN PGC S 2018-10-30T06:22:04.680000
CN VGZ P 2019-03-19T15:39:42.080000
UW STOR P 2019-02-15T03:44:10.698393
UW STOR P 2019-02-15T03:44:14.198393
UW STOR S 2019-02-15T03:44:16.098393
UO CAVE P 2019-07-28T10:13:17.898393
CC SWF2 S 2019-09-09T16:58:54.015000
CC OBSR P 2018-10-22T04:18:42.750000
CC OBSR S 2018-10-22T04:18:44.550000
UW TOLT P 2018-10-15T13:37:28.365000
CC PR05 P 2019-01-29T18:09:29.600000
CC PR05 S 2019-01-29T18:09:31.400000
UW FMW P 2018-11-11T15:35:51.540000
UW FMW S 2018-11-11T15:35:52.140000
UW FMW S 2018-11-11T15:35:54.840000
UW TKEY P 2019-08-29T15:09:16.260000
UW YACT S 2018-09-20T21:26:39.778393
UW ELW P 2019-06-27T18:25:28.300000
UW ELW S 2019-06-27T18:25:28.800000
UW ELW S 2019-06-27T18:25:35.200000
CN PTRF P 2019-01-17T03:47:22.250000
UW LON P 2019-07-12T14:13:00.090000
UW RATT S 2019-07-24T20:51:42.239999
UW KENT P 2019-07-11T10:13:37.348393
UW LON P 2019-01-08T19:15:50.350000
UW LON S 2019-01-08T19:15:53.450000
UW BRKS P 2019-05-25T13:44:40.490000
CN GOBB P 2019-03-24T01:52:37.760000
CN GOBB P 2019-03-24T01:52:44.860000
UW BABE P 2019-02-20T07:23:49.180000
UW BABE S 2019-02-20T07:23:53.580000
CC OBSR S 2019-06-26T21:06:37.205000
UO WOOD S 2019-07-23T00:25:37.218393
UO WOOD S 2019-07-23T00:25:38.518393
UW DOSE S 2018-11-19T11:59:05.915000
UW DOSE S 2018-11-19T11:59:12.015000
UW DOSE P 2018-11-22T00:15:14.765000
UW DOSE S 2018-11-22T00:15:16.065000
UW DOSE S 2018-11-22T00:15:21.365000
CN VGZ P 2019-05-12T23:13:40.030000
CN VGZ S 2019-05-12T23:13:46.330000
UW WA2 P 2019-05-22T11:43:40.420000
UW WA2 S 2019-05-22T11:43:42.020000
UW LTY P 2019-04-28T05:21:29.605000
UW LTY S 2019-04-28T05:21:37.305000
UW GNW P 2018-09-11T21:42:29.275000
UW GNW S 2018-09-11T21:42:32.175000
UW DOSE P 2018-11-09T23:32:29.940000
UW DOSE S 2018-11-09T23:32:31.140000
UW BERY P 2019-06-01T18:27:01.790002
UW ELW P 2019-07-16T07:46:52.990000
UW ELW S 2019-07-16T07:46:59.290000
CC OBSR P 2018-12-04T02:41:31.610000
CC TCBU P 2019-08-15T03:17:01.540000
CC PR01 P 2019-08-02T08:03:26.670000
CC PR01 S 2019-08-02T08:03:28.670000
UW LUMI P 2018-09-25T08:41:33.900001
UW LUMI S 2018-09-25T08:41:38.300001
UW STOR P 2018-11-30T19:45:47.868393
UW LCCR P 2019-09-01T06:09:08.508393
UW TLW1 S 2019-05-31T21:00:31.730000
UW TLW1 S 2019-05-31T21:00:35.530000
UW OMAK P 2019-04-11T23:27:32.900000
UW CCRK P 2019-01-03T01:30:27.250000
UW CCRK S 2019-01-03T01:30:32.250000
UW BLOW P 2018-11-03T00:33:07.938393
UW BRAN P 2018-10-09T22:34:36.700001
UW BRAN S 2018-10-09T22:34:38.700001
UW EGRN P 2019-05-21T11:11:42.320000
CC PR04 P 2019-02-20T15:48:55.200000
CC PR04 S 2019-02-20T15:49:03.200000
UW DOSE P 2019-03-23T14:37:50.590000
UW DOSE S 2019-03-23T14:37:53.090000
CC PR04 P 2018-12-22T18:53:54.020000
CC PR04 S 2018-12-22T18:53:56.820000
UW RCM P 2019-03-31T20:23:46.740000
UW RCM S 2019-03-31T20:23:47.540000
UW RCM P 2018-11-13T00:11:29.260000
UW RCM S 2018-11-13T00:11:23.460000
UW RCM S 2018-11-13T00:11:30.260000
UO DRAN P 2019-07-17T07:09:41.118393
UW OMAK P 2019-08-28T13:21:27.225000
CN SYMB P 2018-10-17T13:38:31.280000
UW HEBO P 2019-02-22T19:04:59.305000
UW HEBO S 2019-02-22T19:05:01.005000
UW HEBO S 2019-02-22T19:05:05.905000
CC RUSH P 2019-08-06T09:00:58.820000
CC RUSH S 2019-08-06T09:00:59.020000
UO VERN P 2019-04-04T09:29:06.990000
CC STD S 2019-07-09T17:03:05.665000
CN PTRF P 2019-08-03T22:02:35.100000
UW OLQN P 2019-09-10T02:35:08.170000
UW GNW P 2019-04-01T15:00:36.420000
UW LON P 2019-09-07T16:49:08.560000
UW LON S 2019-09-07T16:49:11.760000
UW GNW P 2018-11-15T03:34:30.875000
UW GNW S 2018-11-15T03:34:31.875000
UW GNW S 2018-11-15T03:34:35.275000
UW LNO P 2019-08-06T18:17:30.770000
CC SWF2 P 2019-01-31T09:20:32.820000
CC SWF2 S 2019-01-31T09:20:33.820000
CC SWF2 S 2019-01-31T09:20:37.720000
UW LON P 2019-04-08T14:08:00.890000
UW LON S 2019-04-08T14:08:03.490000
UW DOSE S 2019-06-30T09:11:47.940000
UW LTY P 2019-03-11T15:58:19.430000
CC OBSR P 2019-06-03T03:09:15.305000
CC OBSR S 2019-06-03T03:09:16.405000
CC OBSR S 2019-06-03T03:09:18.405000
UW BERY P 2019-01-16T09:29:39.113130
UW CCRK P 2019-06-24T23:07:10.460000
UW CCRK S 2019-06-24T23:07:11.860000
CN SYMB P 2019-04-07T09:50:04
CN SYMB S 2019-04-07T09:50:04.800000
CN SYMB S 2019-04-07T09:50:10.500000
CC CARB P 2019-08-09T07:06:02.020000
CC PR05 P 2019-01-21T03:43:29.060000
CC PR05 S 2019-01-21T03:43:30.860000
CN CLRS P 2019-09-03T10:24:17.900000
UW LCCR S 2019-05-02T11:47:22.278393
UW LCCR S 2019-05-02T11:47:28.078393
CC PR05 P 2018-11-19T11:09:36.360000
UW GNW S 2019-08-10T03:35:08.380000
UW GNW S 2019-08-10T03:35:14.180000
UW GNW S 2019-08-10T03:35:16.480000
UW GNW S 2019-08-10T03:35:21.880000
UW H1K P 2019-01-18T05:06:50.560000
UW H1K S 2019-01-18T05:06:53.860000
CC OBSR P 2019-07-16T07:47:02.300000
CC OBSR S 2019-07-16T07:47:03.200000
UW MOX P 2019-08-01T02:11:36.100000
UW MOX S 2019-08-01T02:11:40.200000
CC STD S 2019-06-12T01:04:39.845000
CC STD S 2019-06-12T01:04:41.145000
UW FMW P 2019-07-05T19:58:40.230000
UW FMW S 2019-07-05T19:58:43.130000
UO MARQ P 2019-06-22T12:53:07.280000
UW EVGW P 2019-04-20T14:32:00.260000
UW EVGW S 2019-04-20T14:32:05.260000
CC SIFT P 2019-08-11T16:52:35.460000
UW LUMI P 2019-04-10T07:39:56.010000
UW LUMI S 2019-04-10T07:39:59.910000
UW PHIN P 2019-04-02T13:00:22.598393
UW PHIN S 2019-04-02T13:00:24.098393
CC STD P 2018-10-30T18:00:20.525000
CC STD S 2018-10-30T18:00:22.625000
UO NATH S 2019-03-28T17:52:15.838393
UO NATH S 2019-03-28T17:52:19.838393
UW LEBA P 2019-03-09T09:15:38.088393
CC SWF2 P 2019-09-04T22:04:01.175000
CC SWF2 S 2019-09-04T22:04:02.075000
UW BERY P 2019-09-01T14:27:01.580000
UW BERY S 2019-09-01T14:27:08.980000
UW GNW P 2019-02-08T14:06:27.365000
UW LON P 2019-05-07T02:59:14.990000
UW LON S 2019-05-07T02:59:20.590000
UW LON S 2019-05-07T02:59:21.190000
CC ASBU P 2019-01-29T18:09:18.125000
CC ASBU S 2019-01-29T18:09:20.225000
CN VGZ P 2019-08-28T00:13:03.270000
CN VGZ P 2019-08-28T00:13:06.770000
CN VGZ S 2019-08-28T00:13:10.270000
UW UMAT P 2019-03-29T13:43:55.558393
UW MDW P 2019-03-11T18:56:45.200000
UW MDW S 2019-03-11T18:56:46.800000
UW ELW P 2018-11-01T02:47:20.980000
UW ELW S 2018-11-01T02:47:23.980000
CC PANH P 2019-01-29T20:51:15.620000
CC PANH S 2019-01-29T20:51:16.020000
UW LTY P 2018-11-29T18:44:23.330000
CN SYMB P 2019-04-07T22:23:33.490000
CN SYMB S 2019-04-07T22:23:40.290000
UO MARQ P 2019-01-27T03:42:08.740000
UW FMW P 2018-11-19T11:09:37.640000
UW FMW S 2018-11-19T11:09:39.340000
CC PANH P 2019-06-04T20:27:23.300000
CC PANH S 2019-06-04T20:27:29.500000
UW YPT P 2018-11-20T22:39:45.260000
CC VALT S 2018-11-20T17:51:09.920000
UO RAIN P 2018-09-20T21:26:30.488393
UO RAIN S 2018-09-20T21:26:37.188393
CC PR04 P 2019-02-07T21:09:22.940000
CC PR04 P 2019-02-07T21:09:23.940000
CC VALT P 2019-04-09T09:57:40.860000
CC VALT S 2019-04-09T09:57:43.560000
UO JESE P 2018-12-25T00:07:47.468393
UO JESE S 2018-12-25T00:07:52.368393
CC REM P 2019-08-15T20:31:41.455000
CC REM S 2019-08-15T20:31:42.955000
UW GNW P 2019-07-07T15:11:35
UW GNW S 2019-07-07T15:11:41.800000
UW RATT P 2019-03-23T23:40:15.745000
UW RATT P 2019-03-23T23:40:22.845000
UW DAVN P 2019-03-11T15:58:21.500000
UW DAVN S 2019-03-11T15:58:26.200000
UW LCCR P 2018-10-22T16:28:28.178393
UW LCCR S 2018-10-22T16:28:28.878393
UW BERY P 2019-04-05T20:49:10.933129
UW BERY S 2019-04-05T20:49:12.033129
UW GNW P 2019-03-17T23:01:31.895000
UW GNW S 2019-03-17T23:01:36.595000
CC OBSR P 2019-07-04T13:04:07.040000
CC OBSR S 2019-07-04T13:04:08.540000
CC PR05 P 2018-11-23T20:45:00.520000
CC PR05 S 2018-11-23T20:45:02.620000
CC OBSR P 2019-03-31T12:29:15.240000
UW BERY P 2019-07-12T09:54:07.270000
UW BERY S 2019-07-12T09:54:09.170000
UW BERY S 2019-07-12T09:54:13.570000
UW MDW P 2019-06-14T17:00:20.750000
UW MDW S 2019-06-14T17:00:24.050000
UW MBPA P 2019-07-12T10:50:33.930000
UW MBPA S 2019-07-12T10:50:37.730000
UO BEER P 2019-02-06T18:23:50.708393
CN VGZ P 2019-04-05T19:49:59.650000
CN VGZ S 2019-04-05T19:50:03.250000
CN VGZ S 2019-04-05T19:50:06.850000
UW LYNC P 2018-10-17T06:36:23.510000
CC OBSR S 2019-08-28T00:13:22.840000
UO JESE P 2019-07-08T08:08:48.378393
UO JESE S 2019-07-08T08:08:53.078393
CN HNBB P 2018-12-21T17:23:54.590000
CC STD P 2019-03-29T09:06:18.185000
CC STD S 2019-03-29T09:06:20.585000
UW EPH2 P 2019-01-02T18:41:37.570000
UW EPH2 S 2019-01-02T18:41:45.170000
UW CCRK P 2019-03-19T18:54:53.750000
UW CCRK S 2019-03-19T18:54:57.450000
UW LCCR P 2019-07-09T17:39:22.018393
UW LCCR S 2019-07-09T17:39:23.118393
UW LCCR S 2019-07-09T17:39:29.918393
CC PR05 P 2019-05-18T19:19:24.760000
UW BERY P 2019-02-01T22:31:43.143130
UW BERY P 2019-02-01T22:31:49.243130
UW BERY S 2019-02-01T22:31:50.743130
UW BERY S 2019-02-01T22:31:52.643130
UW BLOW P 2019-07-09T17:37:32.438393
UW BLOW S 2019-07-09T17:37:33.238393
CN WSLR P 2018-10-01T10:30:19.660000
UW LYNC P 2019-01-05T20:47:18.960000
UW LYNC S 2019-01-05T20:47:23.560000
UW GNW P 2018-10-17T06:36:25.200000
UW GNW S 2018-10-17T06:36:32.900000
UW KREP P 2019-03-04T07:49:49.960000
UW KREP S 2019-03-04T07:49:55.260000
CC SWF2 P 2019-02-23T23:58:47.400000
CC SWF2 S 2019-02-23T23:58:48.600000
CC PR01 P 2019-09-09T11:52:03.855000
CN SNB P 2018-10-30T17:59:53.080000
CN SNB S 2018-10-30T18:00:00.780000
UW OT3 P 2019-06-16T10:39:37.470000
UW OT3 S 2019-06-16T10:39:42.170000
CC SHRK P 2019-07-09T19:31:02.170000
CC SHRK S 2019-07-09T19:31:05.270000
UO ROGE P 2019-05-29T14:33:46.548393
UO ROGE S 2019-05-29T14:33:47.248393
CC PANH P 2019-02-01T09:05:49.280000
CN SNB P 2019-04-06T04:54:47.610000
CN SNB S 2019-04-06T04:54:50.810000
CN WOSB P 2019-08-05T16:20:24.200000
UW LRIV P 2018-10-30T07:45:20.140000
UW LRIV S 2018-10-30T07:45:22.740000
CN PGC P 2019-04-07T09:50:04.020000
CN PGC S 2019-04-07T09:50:10.120000
CC PR01 P 2019-09-01T06:09:23.210000
CC SWF2 P 2019-08-12T19:30:47.535000
CC SWF2 S 2019-08-12T19:30:48.935000
CN CLRS P 2019-07-05T16:49:11.940000
UW RATT S 2019-04-29T11:39:09.695000
UW BERY S 2019-04-18T02:18:07.643130
UW BERY S 2019-04-18T02:18:12.643130
UW BERY S 2019-04-18T02:18:17.543130
CN CLRS P 2018-09-23T17:01:15.390000
UO SISQ P 2019-08-07T11:21:41.540000
UW BLOW P 2019-05-02T11:47:30.508394
UW LUMI P 2019-04-06T04:54:48.480000
UW LUMI S 2019-04-06T04:54:52.480000
UW ELW P 2019-02-10T04:10:18.010000
UW ELW S 2019-02-10T04:10:25.810000
CN SHB P 2019-06-11T20:18:24
CC PR04 P 2019-01-29T18:09:30.420000
CN GOBB P 2018-10-31T11:47:55.950000
CN GOBB S 2018-10-31T11:48:01.150000
CC SWF2 P 2019-08-31T19:51:44.855000
CC SWF2 S 2019-08-31T19:51:45.355000
UW LON P 2018-12-04T15:30:43.720000
CN SNB P 2018-10-22T16:28:00.030000
CN HOLB P 2018-10-22T13:25:29.980000
UO TOOM P 2019-02-06T18:23:49.668391
UW BERY P 2018-10-08T10:47:32.963130
UW BERY S 2018-10-08T10:47:34.263130
UW LON P 2018-09-20T06:19:40.410000
UW LON S 2018-09-20T06:19:47.310000
UO MINN S 2019-08-29T22:49:58.428393
UW RCM P 2018-11-30T03:36:43.970000
UW RCM S 2018-11-30T03:36:39.570000
UW RCM S 2018-11-30T03:36:44.670000
UW RCM S 2018-11-30T03:36:49.770000
CN BPEB P 2019-06-29T05:53:50.290000
CN BPEB S 2019-06-29T05:53:56.090000
CC STD P 2019-07-17T07:10:06.785000
CC STD S 2019-07-17T07:10:08.385000
CC PANH P 2019-05-30T15:15:56.500000
CC PANH S 2019-05-30T15:15:48.700000
CC PANH S 2019-05-30T15:15:58.600000
UW YPT P 2018-10-05T08:09:34.360000
UW YPT S 2018-10-05T08:09:41.560000
UW WAT2 S 2019-04-17T16:42:33.590000
CC STD P 2019-09-06T06:53:09.985000
CC STD S 2019-09-06T06:53:11.385000
CC SIFT P 2019-08-02T14:46:34.560000
CC SIFT S 2019-08-02T14:46:40.060000
UW MDW P 2019-05-11T09:46:03.370000
UW MDW S 2019-05-11T09:46:05.270000
UW RATT P 2019-04-23T05:08:27.370000
UW RATT S 2019-04-23T05:08:35.370000
CC SWF2 P 2019-05-20T23:55:08.760000
CC SWF2 S 2019-05-20T23:55:10.360000
CN VGZ P 2019-02-22T19:56:31.310000
CN VGZ S 2019-02-22T19:56:35.610000
UW HOOD P 2019-07-25T08:54:29.580000
UW HOOD S 2019-07-25T08:54:30.980000
UW GNW P 2019-02-25T23:16:08.495000
UW GNW S 2019-02-25T23:16:10.295000
UW GNW S 2019-02-25T23:16:15.695000
CC STD S 2018-10-03T21:52:53.025000
CN PGC P 2019-02-22T13:21:26.220000
CN PGC S 2019-02-22T13:21:30.320000
CC STD S 2019-08-15T17:56:06.325000
CC PR04 P 2019-05-07T10:04:19.200000
CC PR04 S 2019-05-07T10:04:22.100000
UW BLOW P 2019-07-09T17:02:47.998394
UW BERY P 2019-06-01T19:39:47.260001
UW BERY S 2019-06-01T19:39:42.860001
UW BERY S 2019-06-01T19:39:43.660001
UW BERY S 2019-06-01T19:39:47.660001
UW BERY S 2019-06-01T19:39:53.260001
UO WLOO P 2019-04-23T05:22:10.538393
UO WLOO S 2019-04-23T05:22:18.038393
UW GNW P 2018-12-20T03:51:43.750000
UW GNW S 2018-12-20T03:51:51.050000
UO MARQ P 2018-10-25T19:15:35.360000
UO ALSE P 2019-07-08T13:56:53.240000
UO ALSE P 2019-07-08T13:57:00.140000
CN CLRS P 2019-07-16T07:47:12.610000
CN PHC P 2019-08-29T15:09:45
CC PR05 P 2019-07-20T11:23:01.840000
CC PR05 S 2019-07-20T11:23:07.840000
UW GNW P 2018-12-19T12:08:07.925000
UW GNW S 2018-12-19T12:08:11.125000
CC OBSR S 2019-07-12T19:04:53.440000
CN CLRS P 2019-09-01T12:50:50.810000
UW SP2 P 2019-01-08T02:22:16
CC PR04 P 2019-04-16T15:40:47.060000
CC PR04 P 2019-04-16T15:40:55.360000
UW LEBA P 2019-07-13T11:54:20.718391
UW LEBA S 2019-07-13T11:54:15.318391
UW STOR P 2019-08-29T15:36:27.978394
UW CCRK P 2019-08-03T22:02:33.180000
UW CCRK S 2019-08-03T22:02:36.880000
UO NATH P 2018-09-17T00:08:51.658393
UO NATH S 2018-09-17T00:08:45.258393
CC JRO S 2019-07-09T17:03:06.850000
CN SNB P 2019-07-25T02:04:41.080000
CN SNB S 2019-07-25T02:04:49.080000
CC SHRK S 2019-07-09T18:10:22.890000
CC SHRK S 2019-07-09T18:10:28.290000
UO DFAZ P 2018-11-10T07:43:40.828394
UO DFAZ S 2018-11-10T07:43:43.828394
UW GNW P 2019-07-25T13:55:30.830000
UW GNW S 2019-07-25T13:55:37.630000
UW FMW P 2018-11-15T01:09:48.460000
UW FMW S 2018-11-15T01:09:51.460000
CC STD P 2019-08-30T19:09:17.285000
CC STD S 2019-08-30T19:09:18.685000
CC PR01 P 2019-04-29T18:13:43.330000
UW SNI2 P 2019-05-30T21:55:04.500000
UW SNI2 S 2019-05-30T21:55:07.400000
CC PR01 P 2019-08-16T15:24:44.690000
CC PR01 S 2019-08-16T15:24:48.890000
UW FMW P 2019-06-02T01:09:09.480000
UW FMW S 2019-06-02T01:09:10.580000
UW FMW S 2019-06-02T01:09:17.380000
CN SNB P 2019-05-01T07:38:05.010000
UW BERY P 2019-05-21T11:11:57.193130
UW PRO P 2019-08-29T15:09:34.900000
UO FHAC P 2019-07-17T15:01:05.178393
UO FHAC S 2019-07-17T15:01:07.478393
UW FMW P 2019-02-25T23:16:15.480000
CC SHRK P 2019-07-11T22:09:53.470000
CC SHRK S 2019-07-11T22:09:56.470000
UW RATT P 2018-11-01T22:34:53.890000
UW RATT S 2018-11-01T22:35:01.190000
CC REM P 2019-08-08T20:35:02.175000
CC REM S 2019-08-08T20:35:04.075000
UW RATT P 2018-10-05T08:10:00.665000
UO JESE P 2019-07-09T17:23:55.868393
UO JESE P 2019-07-09T17:23:59.268393
UO JESE S 2019-07-09T17:24:03.968393
UW RATT P 2019-08-07T01:32:37.220001
UW RATT S 2019-08-07T01:32:45.120001
UW RATT P 2018-10-15T13:37:29.165000
UW RATT S 2018-10-15T13:37:30.165000
CC SHRK P 2018-11-17T13:25:55.130000
CC SHRK S 2018-11-17T13:25:57.830000
CC PR05 P 2019-03-19T15:39:52.960000
CC OBSR P 2019-06-26T00:31:09.805000
CC OBSR S 2019-06-26T00:31:11.605000
CC PR05 P 2019-04-18T18:40:07.520000
UW BABR P 2019-02-06T18:23:57.850000
UO DBO P 2018-10-31T05:18:01.870000
UO DBO P 2018-10-31T05:18:06.270000
CC VALT P 2019-04-18T11:22:16.040000
CC VALT S 2019-04-18T11:22:19.340000
CC PR04 P 2019-03-17T23:01:40.380000
CC PR04 P 2019-03-17T23:01:42.280000
CC PR04 P 2019-02-25T22:34:16.900000
CC PR04 S 2019-02-25T22:34:24.600000
UW GNW P 2019-08-14T11:10:55.670000
UW GNW S 2019-08-14T11:11:01.070000
CC WIFE P 2018-09-17T00:08:51.160000
UW LCCR P 2019-02-22T19:05:08.908393
UW LCCR S 2019-02-22T19:05:12.208393
UW FMW P 2019-07-13T08:38:09.230000
UW FMW S 2019-07-13T08:38:12.930000
CN PGC P 2019-05-05T06:26:42.260000
CN PGC S 2019-05-05T06:26:47.960000
UO DBO P 2019-06-09T18:07:05.139999
UO DBO S 2019-06-09T18:07:06.939999
UW KREP P 2019-09-10T02:35:20.589999
UW KREP S 2019-09-10T02:35:22.789999
CN VGZ P 2018-11-19T11:09:26.260000
CN CLRS P 2019-03-31T23:20:27.280000
CN CLRS P 2019-03-31T23:20:32.380000
CC PR01 S 2019-06-26T21:06:37.090000
UW FMW P 2019-03-15T09:46:20.380000
UW ELW P 2019-05-18T00:48:21.780000
UW ELW S 2019-05-18T00:48:24.980000
UW LCCR P 2019-07-10T07:34:16.838393
UW LCCR S 2019-07-10T07:34:17.438393
UW LCCR S 2019-07-10T07:34:24.638393
UO BUCK P 2019-04-22T23:22:03.900000
UW FMW P 2019-05-12T23:13:56.200000
UW FMW S 2019-05-12T23:13:57.700000
UO WLOO P 2019-07-12T09:52:31.568393
UO WLOO S 2019-07-12T09:52:35.868393
UW KREP P 2019-04-18T11:22:21.180000
UW KREP S 2019-04-18T11:22:29.080000
UO BUCK P 2019-06-04T04:50:17.490000
UW SP2 P 2018-11-19T11:09:29.930000
CN VGZ P 2018-11-01T05:50:26.630000
CN VGZ S 2018-11-01T05:50:34.330000
CC PANH P 2019-06-10T11:44:14.720000
CC PANH S 2019-06-10T11:44:15.920000
CC PR04 P 2019-08-03T22:02:15.440000
CC SWF2 P 2019-04-20T03:39:56.525000
CC SWF2 S 2019-04-20T03:39:56.825000
CC SWF2 S 2019-04-20T03:40:00.225000
CC JRO P 2018-09-13T02:58:48.510000
CC JRO S 2018-09-13T02:58:49.010000
CC JRO S 2018-09-13T02:58:53.010000
UW LUMI P 2019-01-06T00:23:31.650001
UW LUMI S 2019-01-06T00:23:33.150001
UW LUMI S 2019-01-06T00:23:37.850001
CC SHRK P 2019-07-08T09:36:13.190000
CC SHRK S 2019-07-08T09:36:16.290000
UW HOOD P 2019-07-09T17:42:59.940000
UW HOOD S 2019-07-09T17:43:01.240000
UW KREP P 2019-09-01T01:53:29.199998
UW KREP S 2019-09-01T01:53:30.699998
CC PANH P 2019-07-06T12:37:29.280000
CC PANH S 2019-07-06T12:37:32.880000
UW LON P 2019-02-27T05:41:00.180000
UW LON S 2019-02-27T05:41:06.980000
CC OBSR P 2018-09-19T12:07:02.170000
CC OBSR S 2018-09-19T12:07:03.670000
CC SHRK P 2019-06-16T16:13:22.610000
CC PR05 P 2018-12-11T00:52:28.280000
CC PR05 S 2018-12-11T00:52:32.280000
UW JEDS P 2019-04-28T15:06:33.789999
UW BERY S 2019-09-07T21:44:36.930001
CN HOPB S 2019-06-21T07:41:31.840000
CN SYMB P 2018-11-19T11:09:28.200000
CN SYMB S 2018-11-19T11:09:30.600000
CN GDR P 2019-08-12T11:45:10.200000
OO HYS13 P 2019-08-29T15:08:34.350000
OO HYS13 S 2019-08-29T15:08:29.850000
OO HYS13 S 2019-08-29T15:08:38.550000
UW FMW P 2019-03-08T00:02:01.310000
UW SP2 P 2019-05-01T07:38:09.130000
CC PR05 P 2019-07-02T08:58:40.620000
CC PR05 S 2019-07-02T08:58:47.720000
UW BLOW P 2019-09-05T11:41:40.668394
UW BLOW S 2019-09-05T11:41:42.268394
UW EGRN P 2019-02-15T03:48:52.810000
UW EGRN S 2019-02-15T03:48:59.510000
CC PR04 P 2019-07-09T16:57:45.780000
UW HOOD P 2019-07-09T21:25:30.090000
UW HOOD S 2019-07-09T21:25:31.490000
BK HUMO P 2018-10-16T15:40:06.738393
UW LON S 2019-04-20T21:49:00.065000
UW BERY P 2019-08-16T15:24:54.820001
UW BERY S 2019-08-16T15:24:57.420001
CC CLBH P 2018-11-07T09:26:01.900000
CC PR04 P 2018-10-12T00:46:01.440000
CC PR04 S 2018-10-12T00:46:08.040000
CN BFSB P 2019-03-31T14:36:42.900000
CN BFSB S 2019-03-31T14:36:48.600000
CN PABB P 2019-05-20T20:36:14.500000
CN PABB P 2019-05-20T20:36:21.400000
CN PABB P 2019-05-20T20:36:22.300000
CC CARB P 2019-09-06T06:53:18.520000
UO PINE P 2018-09-17T00:09:00.100000
CC PR05 P 2019-07-17T05:13:30.920000
CC PR05 S 2019-07-17T05:13:32.320000
CC VALT P 2018-11-24T20:03:01.860000
CC VALT S 2018-11-24T20:03:02.660000
UW FMW P 2019-07-06T13:20:44.910000
UW FMW S 2019-07-06T13:20:45.610000
UW FMW S 2019-07-06T13:20:48.710000
UW BERY P 2019-02-28T03:17:08.063131
UW BERY S 2019-02-28T03:17:09.563131
UW BERY S 2019-02-28T03:17:14.163131
CN SNB P 2019-07-13T15:05:02.840000
CC STD P 2019-07-02T08:58:36.905000
CC STD S 2019-07-02T08:58:41.305000
CN NLLB P 2019-07-17T15:01:31.020000
UW FMW P 2019-04-11T17:20:39.130000
UW FMW S 2019-04-11T17:20:40.930000
UO WLOO P 2019-01-12T18:33:05.068391
CC PR05 P 2019-04-10T22:17:14.200000
CC PR05 S 2019-04-10T22:17:16.500000
UW RCM S 2018-09-30T15:22:42.520000
CC SHRK P 2018-10-22T04:18:36.850000
CN PGC P 2019-09-05T15:04:10.800000
UW LON P 2019-03-26T22:44:57.690000
CN SYMB P 2018-10-30T17:59:57.460000
CC JRO P 2019-07-13T14:08:51.150000
CC JRO S 2019-07-13T14:08:52.750000
UW SP2 P 2018-12-06T17:52:28.100000
UW SP2 S 2018-12-06T17:52:32.800000
UO NATH S 2018-09-19T11:14:10.328393
UW SWID P 2018-10-13T02:18:40.270000
UW SWID P 2018-10-13T02:18:43.170000
UW SWID S 2018-10-13T02:18:45.870000
CC VALT P 2019-07-28T04:27:58.940000
CC VALT S 2019-07-28T04:28:01.040000
CN SNB P 2019-02-24T11:44:57.380000
CN SNB S 2019-02-24T11:45:00.480000
CC PR03 P 2019-02-20T07:23:58.960000
CC PR03 S 2019-02-20T07:23:59.160000
CC STD P 2019-08-15T03:17:08.825000
CC STD S 2019-08-15T03:17:11.125000
UW BERY P 2019-01-27T06:44:39.323130
UW BERY S 2019-01-27T06:44:42.323130
UO DBO P 2019-07-13T16:26:18.760000
UO DBO P 2019-07-13T16:26:22.660000
UO DBO S 2019-07-13T16:26:26.360000
UW LON P 2019-02-24T15:41:28.190000
UW LON P 2019-02-24T15:41:32.790000
UW LON S 2019-02-24T15:41:34.990000
UW CCRK P 2019-04-12T18:16:43.280000
UW DOSE P 2019-08-13T22:58:09.209999
UW DOSE S 2019-08-13T22:58:14.409999
UW BABR P 2018-09-14T18:36:02.610001
UW BERY P 2019-01-05T20:47:21.313130
UW BERY S 2019-01-05T20:47:26.913130
CC SHRK P 2019-07-10T04:37:32.210000
CC SHRK S 2019-07-10T04:37:35.410000
UO JESE P 2019-09-05T06:25:39.018393
UO JESE S 2019-09-05T06:25:44.318393
CC PR05 P 2018-10-15T13:37:34.600000
CC OBSR S 2019-05-17T16:37:50.210000
UW FMW P 2019-06-18T09:37:05.520000
UW FMW S 2019-06-18T09:37:07.320000
UW FMW P 2018-11-01T02:47:25.920000
UW FMW S 2018-11-01T02:47:32.620000
UW GNW P 2019-03-10T08:23:47.170000
UW IRON P 2019-06-21T22:53:44.728393
UW IRON S 2019-06-21T22:53:46.228393
UW RATT P 2019-02-24T15:41:26.070000
UW RATT S 2019-02-24T15:41:31.770000
CC SWF2 S 2019-02-08T05:22:10.180000
CC PR05 P 2019-02-01T22:09:56.600000
UW OMAK P 2019-06-07T16:42:55.325000
UW EGRN P 2019-02-23T12:13:04.130000
UW EGRN S 2019-02-23T12:13:08.330000
CN OZB P 2019-05-20T20:36:14.275000
CN OZB P 2019-05-20T20:36:19.175000
UO TOOM P 2019-04-20T05:48:02.358393
CN SHB P 2018-10-01T10:30:15.850000
CC CIHL S 2019-01-26T20:08:10.080000
CC STD P 2019-06-14T05:57:24.665000
CC STD S 2019-06-14T05:57:27.865000
UW DOSE S 2018-10-20T18:41:58.265000
UW DOSE S 2018-10-20T18:42:07.465000
