UW GNW P 2018-10-22T20:45:19.100000
UW GNW S 2018-10-22T20:45:23
CC PANH P 2019-07-11T22:11:14.540000
CC PANH S 2019-07-11T22:11:18.840000
UW LNO P 2018-11-20T07:12:26.140000
CC PR05 P 2019-07-16T09:09:54.920000
CC SHRK P 2019-07-09T05:55:36.250000
CC SHRK S 2019-07-09T05:55:39.350000
CC OBSR P 2019-04-22T14:49:11.060000
CC OBSR S 2019-04-22T14:49:15.860000
UW LON P 2018-10-02T03:31:44.785000
UW LON S 2018-10-02T03:31:46.585000
UW HOOD P 2018-09-17T00:08:44.830000
CC SWF2 P 2019-07-01T09:06:43.215000
CC SWF2 S 2019-07-01T09:06:44.415000
CC PR05 S 2019-07-13T08:38:08.340000
UO LAIR P 2019-01-22T06:29:59.478391
UO LAIR S 2019-01-22T06:30:01.178391
UO LAIR S 2019-01-22T06:30:05.178391
CC JRO P 2018-10-27T07:09:57.750000
CC JRO S 2018-10-27T07:09:59.950000
UW MOX S 2018-10-10T08:40:31.930000
UW MOX S 2018-10-10T08:40:39.230000
UW LRIV S 2019-08-24T04:35:15.800000
UO MINN P 2019-05-19T16:23:51.998393
UO MINN S 2019-05-19T16:23:59.898393
CC SWF2 P 2019-06-30T12:57:33.295000
CC SWF2 S 2019-06-30T12:57:34.495000
UW EVGW P 2018-11-19T11:09:30.430000
CC PRLK P 2019-06-26T21:07:18.650000
UW LON P 2019-07-17T05:13:31.560000
UW LON S 2019-07-17T05:13:33.260000
UW DOSE P 2019-02-21T03:34:11.690000
UW DOSE S 2019-02-21T03:34:12.190000
UW LCCR P 2018-10-24T07:52:16.728394
UW LTY P 2019-05-12T23:14:00.205000
CC STD S 2019-05-14T06:18:50.945000
CC VALT P 2018-12-23T21:16:03.620000
CC VALT S 2018-12-23T21:16:04.320000
CC OBSR P 2019-06-28T16:34:16.480000
CC OBSR S 2019-06-28T16:34:17.280000
CC OBSR S 2019-06-28T16:34:24.380000
CC PR05 P 2019-09-06T06:53:16.660000
UW RATT S 2019-08-07T20:28:51.079999
UW RATT S 2019-08-07T20:28:58.779999
CC OBSR P 2018-09-27T02:14:32.290000
CC OBSR S 2018-09-27T02:14:28.290000
CC OBSR S 2018-09-27T02:14:32.590000
CC PR04 P 2019-02-21T14:21:08.040000
CC PR04 S 2019-02-21T14:21:15.740000
UO CAVE P 2018-11-04T00:55:10.088391
UO CAVE P 2018-11-04T00:55:15.688391
UO CAVE S 2018-11-04T00:55:02.188391
UO MINN P 2019-06-21T22:04:13.658394
UO MINN P 2019-06-21T22:04:20.058394
UW LEOT P 2018-10-30T07:45:14.560000
UW LON S 2019-05-23T11:16:21.820000
CC PR01 P 2019-07-29T06:33:01.150000
CC PR01 S 2019-07-29T06:33:03.050000
UW LON P 2019-04-22T06:19:04.590000
UW LON S 2019-04-22T06:19:06.490000
UW CCRK P 2019-07-05T18:01:06.850000
UW CCRK S 2019-07-05T18:01:08.650000
UO DRAN P 2019-09-02T23:33:11.708394
UW GNW P 2019-05-02T20:17:16.745000
UW GNW S 2019-05-02T20:17:18.945000
CC STD S 2019-06-30T13:10:44.345000
CN CLRS P 2018-12-21T17:23:54.410000
CN PGC P 2019-01-12T10:16:36.480000
CN PGC S 2019-01-12T10:16:40.280000
UO CHIL P 2018-09-15T12:09:30.328393
UW CDMR P 2019-02-02T03:55:46.680000
UW CDMR S 2019-02-02T03:55:49.380000
CC SWNB P 2019-06-04T04:50:24.220000
CC SWNB S 2019-06-04T04:50:28.720000
CN CLRS P 2019-01-08T21:13:24.770000
CN CLRS S 2019-01-08T21:13:32.570000
UW FMW P 2019-03-31T20:23:48.460000
UW FMW S 2019-03-31T20:23:50.260000
UO DBO P 2018-12-30T02:23:06.090000
CC RUSH P 2019-08-14T11:10:59.420000
CC RUSH S 2019-08-14T11:10:55.720000
CC RUSH S 2019-08-14T11:11:07.120000
UW LEBA P 2019-05-25T13:44:44.828391
UW LEBA S 2019-05-25T13:44:39.028391
UW LEBA S 2019-05-25T13:44:46.828391
CC PR04 P 2019-09-07T16:46:36.820000
CC PR04 S 2019-09-07T16:46:38.620000
CC VALT P 2019-06-28T21:28:39.980000
CC VALT S 2019-06-28T21:28:40.480000
UW RCM S 2018-11-09T09:04:24.420000
UW LRIV P 2018-10-24T07:03:40.340000
UW LRIV S 2018-10-24T07:03:48.440000
CC STD P 2019-06-29T22:01:10.065000
CC STD S 2019-06-29T22:01:12.265000
CC OBSR P 2019-02-07T06:59:08.880000
CN CLRS P 2019-04-05T20:04:16.080000
UW GNW P 2019-03-09T12:20:40.795000
UW GNW S 2019-03-09T12:20:44.695000
CC STD P 2019-03-01T03:33:44.745000
CC STD S 2019-03-01T03:33:44.945000
UW LTY P 2019-07-16T09:09:56.490000
UW LON P 2019-05-07T14:16:13.790000
UW LON S 2019-05-07T14:16:15.390000
UO BEER P 2019-08-30T10:12:01.798393
CC STD P 2019-02-25T23:43:29.625000
CC STD S 2019-02-25T23:43:28.925000
UW LON P 2019-03-10T04:27:28.540000
UW LON S 2019-03-10T04:27:29.640000
UW EARN P 2019-02-10T04:10:14.600000
UW EARN S 2019-02-10T04:10:20.700000
UW CCRK P 2019-05-18T19:19:01.650000
UW CCRK S 2019-05-18T19:19:06.750000
UW EPH2 P 2019-01-18T05:07:00.900000
UW EPH2 P 2019-01-18T05:07:07.700000
UW DDRF P 2019-06-16T10:39:36.328393
UW DDRF P 2019-06-16T10:39:37.228393
UW DDRF S 2019-06-16T10:39:41.628393
UW STOR P 2018-11-19T11:09:33.418393
UW STOR S 2018-11-19T11:09:35.718393
UW WISH P 2019-03-30T11:35:10.120000
UW WISH S 2019-03-30T11:35:12.320000
UO RAIN P 2019-06-07T09:39:20.358391
UO RAIN S 2019-06-07T09:39:24.158391
CC VALT P 2019-03-12T02:24:15.120000
CC VALT S 2019-03-12T02:24:15.820000
UW RCM S 2019-06-29T00:20:53.470000
UW RCM S 2019-06-29T00:21:01.270000
CC JRO P 2018-09-21T22:02:32.770000
CC JRO S 2018-09-21T22:02:33.670000
CC JRO S 2018-09-21T22:02:36.870000
CC STD P 2019-06-12T17:09:24.305000
CC STD S 2019-06-12T17:09:25.405000
CC TCBU S 2019-08-09T21:56:29.520000
CC SWF2 P 2019-06-25T21:19:32.835000
CC SWF2 S 2018-10-25T01:45:41.690000
CC SIFT P 2019-09-07T16:46:37.100000
CC SIFT S 2019-09-07T16:46:39.100000
UW LON P 2018-11-20T08:26:10.010000
UW LON S 2018-11-20T08:26:11.610000
CC STD P 2018-09-25T13:19:03.305000
CC STD S 2018-09-25T13:19:04.705000
CC PR02 P 2019-04-10T22:17:15.800000
CC PR04 P 2018-10-26T03:59:11.940000
CC PR04 S 2018-10-26T03:59:19.540000
UW RADR P 2018-10-22T16:28:06.140000
UW SHUK P 2019-09-02T04:21:58
CC PR05 P 2019-09-02T08:25:27.640000
UW RATT P 2019-07-13T06:40:24.940000
UW RATT S 2019-07-13T06:40:25.540000
UW RATT S 2019-07-13T06:40:32.240000
UW CCRK P 2019-03-11T18:56:44.990000
UW CCRK S 2019-03-11T18:56:38.690000
UW CCRK S 2019-03-11T18:56:46.290000
CN PGC P 2019-04-06T12:59:35.020000
CN PGC P 2019-04-06T12:59:36.320000
CN PGC S 2019-04-06T12:59:40.020000
CC PR04 P 2019-06-07T19:31:51.220000
CC PR04 S 2019-06-07T19:31:55.920000
CC SWF2 P 2018-09-14T18:36:27.550000
CC SWF2 S 2018-09-14T18:36:28.950000
CN LLLB P 2019-06-21T07:38:40.740000
UW HOOD S 2019-07-09T07:48:44.750000
UW LON P 2019-03-29T13:43:44.890000
CC SIFT P 2019-08-23T20:08:31.360000
CC SIFT S 2019-08-23T20:08:36.260000
CC STD P 2018-09-19T12:12:17.805000
CC STD S 2018-09-19T12:12:19.805000
UW OT3 P 2019-07-15T07:30:34.710000
UW OT3 S 2019-07-15T07:30:37.410000
UW EVGW P 2019-08-11T16:52:28.440000
UW EVGW P 2019-08-11T16:52:31.440000
UW EVGW S 2019-08-11T16:52:34.040000
UW FMW P 2019-04-20T14:32:14
UW RCM S 2018-10-07T22:44:21.380000
UW RCM S 2018-10-07T22:44:29.580000
CC PANH P 2019-07-20T11:23:04.400000
CC PANH S 2019-07-20T11:23:01.700000
CC PANH S 2019-07-20T11:23:12.100000
CC PANH P 2019-07-16T09:09:54.960000
CC PANH S 2019-07-16T09:09:55.960000
UW RCM P 2019-03-15T04:43:25.970000
UW RCM S 2019-03-15T04:43:26.870000
UW LCCR S 2019-07-08T09:36:19.468393
UW LCCR S 2019-07-08T09:36:27.268393
UW MANO P 2019-07-14T17:45:07.910000
CN PTRF P 2019-06-15T20:52:41.560000
UW LCCR P 2019-08-29T15:36:09.338393
UW TREE P 2019-08-15T03:17:06.488393
CC SWF2 P 2019-08-30T04:20:58.255000
CC SWF2 S 2019-08-30T04:21:01.455000
UW GNW P 2019-08-05T18:32:58.430000
UW GNW P 2019-08-05T18:33:01.630000
UW SHUK S 2019-08-11T16:52:43.520000
CN VGZ P 2019-05-10T08:47:51.030000
CN VGZ S 2019-05-10T08:47:58.130000
UW TLW1 P 2019-04-20T14:32:04.970000
UW TLW1 S 2019-04-20T14:32:05.170000
UW TLW1 S 2019-04-20T14:32:12.770000
UW EPH2 P 2019-04-11T23:27:21.600000
UW EPH2 S 2019-04-11T23:27:29
UW GNW P 2019-02-15T05:33:47.340000
UW GNW S 2019-02-15T05:33:48.740000
UW GNW S 2019-02-15T05:33:53.040000
CC STD P 2019-03-26T22:44:50.905000
CC STD S 2019-03-26T22:44:52.205000
UW FISH P 2019-05-15T22:17:30.998393
UW FISH S 2019-05-15T22:17:39.298393
UW TOLT P 2019-02-02T03:55:50.065000
UW TOLT S 2019-02-02T03:55:54.965000
UW WAT2 P 2019-08-17T12:47:53.470000
UW WAT2 S 2019-08-17T12:47:55.970000
UW GNW P 2019-03-31T12:29:03.820000
UW DOSE P 2019-04-05T21:44:38.890000
CN VGZ P 2019-04-08T16:31:21.900000
CN VGZ S 2019-04-08T16:31:25
CN WOSB P 2019-06-27T19:10:20.750000
CC CIHL P 2019-03-16T20:32:27.580000
CC CIHL S 2019-03-16T20:32:29.380000
UW TOLT P 2018-12-04T00:54:01.365000
UW TOLT S 2018-12-04T00:54:05.565000
CN HNBB P 2018-09-24T14:28:03.270000
CN HNBB S 2018-09-24T14:28:10.870000
CC OBSR S 2019-05-26T07:51:52.930000
CC OBSR S 2019-05-26T07:51:56.130000
CN PGC P 2019-09-01T13:26:10.470000
CN PGC S 2019-09-01T13:26:17.070000
UW LTY P 2018-09-27T04:49:51.330000
UW MOX P 2018-11-19T11:09:51.100000
UW MOX P 2018-11-19T11:09:56.900000
UW MOX S 2018-11-19T11:09:54.900000
UW MOX S 2018-11-19T11:10:00.700000
CC PR05 P 2018-11-30T22:12:09.280000
CN SNB P 2018-10-28T05:32:44.670000
CN SNB S 2018-10-28T05:32:47.470000
CC OBSR S 2019-01-11T14:16:38.640000
CC PR05 P 2018-11-29T18:44:07.200000
CC PR05 S 2018-11-29T18:44:09.400000
UO DFAZ P 2019-01-22T06:30:20.708393
UO DFAZ S 2019-01-22T06:30:21.808393
CN NLLB P 2018-10-09T10:27:32.140000
CN NLLB S 2018-10-09T10:27:33.140000
CC SIFT P 2019-09-06T06:53:17.040000
CC SIFT S 2019-09-06T06:53:13.940000
UW SNI2 P 2019-06-26T20:18:42.280000
UW SNI2 S 2019-06-26T20:18:45.480000
CC SWF2 P 2018-10-25T21:31:27.750000
CC SWF2 S 2018-10-25T21:31:28.350000
CC TCBU P 2018-10-24T17:09:47.860000
CC TCBU S 2018-10-24T17:09:41.660000
CC TCBU S 2018-10-24T17:09:48.260000
UW ELW P 2018-09-14T05:15:12.330000
UW ELW S 2018-09-14T05:15:15.830000
UW MDW P 2019-08-24T05:47:00.450000
UW MDW S 2019-08-24T05:47:04.250000
UW DOSE S 2018-10-22T04:18:41.790000
UO DFAZ P 2019-09-05T15:03:51.628394
UO DFAZ S 2019-09-05T15:03:54.728394
CC ASBU P 2019-01-30T14:01:47.165000
CC ASBU S 2019-01-30T14:01:49.265000
UW BERY S 2019-06-23T20:22:21.670000
UW BERY S 2019-06-23T20:22:28.170000
UW LCCR P 2019-06-09T05:02:55.758393
UW LCCR P 2019-06-09T05:03:01.258393
UW RATT P 2019-02-04T01:40:24.270000
UW RATT S 2019-02-04T01:40:21.370000
CC PANH P 2019-07-01T10:53:35.740000
CC PANH S 2019-07-01T10:53:37.040000
CC WIFE P 2019-07-12T09:52:38.680000
UW STOR P 2019-06-02T01:09:05.308393
UW STOR S 2019-06-02T01:09:09.708393
CC JRO P 2018-09-25T13:19:03.890000
CC OBSR P 2018-11-17T09:47:17.350000
CC OBSR S 2018-11-17T09:47:18.250000
UO MINN P 2019-03-26T23:37:20.938393
UO MINN S 2019-03-26T23:37:22.038393
UO MINN S 2019-03-26T23:37:28.738393
CC PR04 P 2018-10-15T13:37:33.280000
UW TOLT P 2019-07-12T11:13:09.770000
UW TOLT S 2019-07-12T11:13:14.570000
UW HEBO P 2019-01-29T18:09:00.530000
UW HEBO S 2019-01-29T18:09:01.630000
CC OBSR P 2019-08-29T12:11:22.480000
CC OBSR S 2019-08-29T12:11:23.580000
CC OBSR S 2019-08-29T12:11:25.580000
UW YACT P 2018-10-22T04:20:36.978394
CC PR04 P 2019-07-09T17:06:38
UW TOLT S 2018-10-22T08:04:40.950000
UW TOLT S 2018-10-22T08:04:43.250000
UW RATT P 2019-01-08T02:22:20.170000
UW RATT S 2019-01-08T02:22:26.370000
CC PR03 P 2019-01-07T10:47:43.620000
UO RAIN P 2019-02-15T03:49:05.768393
UW STOR P 2019-07-01T11:22:59.048393
UW STOR S 2019-07-01T11:23:07.048393
UW RCM P 2019-07-07T15:11:32.460000
UW RCM P 2019-07-07T15:11:39.960000
UW FISH S 2019-02-05T22:51:06.918394
UW LYNC P 2018-11-22T00:15:11.580000
UW LON P 2019-03-13T09:45:03.290000
UW LON P 2018-12-09T11:15:09.445000
UW LON S 2018-12-09T11:15:14.945000
UW GBB P 2019-04-02T13:00:20.350000
UW RCM S 2019-07-21T07:10:21.560000
UW RCM S 2019-07-21T07:10:26.460000
UW RCM S 2019-07-21T07:10:34.760000
CN VGZ P 2018-11-18T17:53:18.760000
CN VGZ S 2018-11-18T17:53:26.060000
CC WIFE P 2019-08-15T03:16:58.400000
CC PANH P 2019-06-07T17:55:23.720000
CC PANH S 2019-06-07T17:55:27.120000
UW RATT S 2019-07-21T15:14:33.509999
UW RATT S 2019-07-21T15:14:40.209999
CC PR01 P 2019-03-30T11:35:24.405000
CC PR01 S 2019-03-30T11:35:26.605000
UW RCM S 2018-11-30T17:34:21.800000
UW LON P 2019-07-29T11:58:46.360000
UW LON S 2019-07-29T11:58:47.760000
CN NLLB P 2019-07-12T09:52:08.900000
UW SHUK S 2018-11-15T03:34:50.520000
UW EPH2 P 2019-07-30T13:09:26.090000
UW EPH2 S 2019-07-30T13:09:28.990000
CC PR05 S 2019-04-08T14:08:03.100000
CC PR05 S 2019-04-08T14:08:07.300000
UO WLOO P 2019-06-11T02:02:51.148393
UO WLOO S 2019-06-11T02:02:48.648393
UO WLOO S 2019-06-11T02:02:58.448393
UO CAVE P 2018-12-03T21:50:22.028393
UO CAVE P 2018-12-03T21:50:25.828393
UO CAVE P 2018-12-03T21:50:28.728393
UO CAVE P 2018-12-03T21:50:30.928393
UO CAVE S 2018-12-03T21:50:30.028393
CC PR01 P 2019-05-11T22:12:42.070000
CC JRO P 2019-06-29T02:44:05.830000
CC JRO S 2019-06-29T02:44:07.530000
UW FMW P 2019-07-11T22:11:15.900000
UW FMW S 2019-07-11T22:11:21.200000
CC SHRK S 2019-06-12T21:02:13.550000
UW GNW P 2019-02-14T16:08:48.490000
UW GNW S 2019-02-14T16:08:45.790000
UW GNW S 2019-02-14T16:08:50.090000
UO BEER P 2019-08-16T07:44:52.048393
CC JRO P 2019-06-12T17:09:24.990000
CC JRO S 2019-06-12T17:09:26.490000
CC OBSR S 2019-08-20T01:41:44.060000
CC STD P 2019-06-22T13:38:48.145000
CC STD P 2019-06-22T13:38:54.845000
CC STD S 2019-06-22T13:38:49.745000
UW RATT P 2019-02-02T03:30:16.070000
UW RATT S 2019-02-02T03:30:18.770000
CN NLLB P 2019-03-19T15:39:53.960000
UW LON P 2019-08-30T04:21:04.820000
UW LON S 2019-08-30T04:21:12.720000
UW DOSE S 2019-08-19T23:13:50.330001
UW BERY P 2019-09-03T10:24:09.950000
UW BERY S 2019-09-03T10:24:16.950000
CC PR04 P 2018-11-11T17:07:44.140000
CC PR04 S 2018-11-11T17:07:36.740000
CC PR04 S 2018-11-11T17:07:46.340000
OO HYS11 P 2019-08-16T15:24:06.700000
OO HYS11 S 2019-08-16T15:24:12.100000
UW GNW P 2018-09-30T11:40:25.700000
UW BERY P 2019-04-18T01:51:18.833130
UW BERY S 2019-04-18T01:51:25.433130
UW RATT P 2019-05-07T10:04:26.595000
UW RATT S 2019-05-07T10:04:33.995000
CN CLRS P 2019-04-05T17:40:08.330000
CN CLRS S 2019-04-05T17:40:03.730000
CN SNB P 2018-10-24T07:03:39.860000
CN SNB S 2018-10-24T07:03:47.760000
UW STOR P 2019-05-21T11:11:52.618394
UW STOR P 2019-05-21T11:11:55.518394
UW STOR S 2019-05-21T11:11:57.318394
CN SYMB P 2019-09-03T10:24:12.710000
CN SYMB S 2019-09-03T10:24:20.610000
CC OBSR P 2019-05-08T22:28:01.730000
CC OBSR S 2019-05-08T22:28:04.330000
CC PANH P 2019-09-06T08:34:56.420000
CC PANH P 2019-09-06T08:35:01.820000
CC PANH S 2019-09-06T08:34:56.820000
UO ROGE P 2019-02-06T18:35:33.458393
CC VALT P 2018-11-30T03:36:51.060000
CC VALT S 2018-11-30T03:36:54.760000
UW MANO P 2018-11-02T11:10:32.180000
UW RCM P 2019-04-22T06:19:05.100000
UW RCM S 2019-04-22T06:18:57.600000
UW RCM S 2019-04-22T06:19:01.900000
UW RCM S 2019-04-22T06:19:07.300000
UW RCM S 2019-04-22T06:19:10.700000
UW MBPA S 2019-07-15T04:04:02.600000
CN GOBB P 2018-11-22T11:08:34.040000
CN GOBB S 2018-11-22T11:08:40.040000
CC STD P 2019-07-02T09:14:14.265000
CC STD S 2019-07-02T09:14:18.565000
CC SHRK P 2019-07-09T17:23:53.590000
CC SHRK S 2019-07-09T17:23:56.690000
CC SHRK S 2019-07-09T17:24:00.190000
CN SYMB P 2019-05-15T18:40:39.200000
CN SYMB S 2019-05-15T18:40:40.100000
CN SYMB S 2019-05-15T18:40:45.400000
UW KITP P 2019-07-12T09:54:08.600000
UW KITP P 2019-07-12T09:54:12.500000
UW KITP S 2019-07-12T09:54:16.500000
CC PR04 P 2018-12-11T00:52:27.180000
CC PR04 S 2018-12-11T00:52:30.580000
UW CDMR P 2019-05-18T00:48:21.630000
UW CDMR S 2019-05-18T00:48:24.630000
CC STD P 2019-05-14T10:20:19.665000
CC STD S 2019-05-14T10:20:21.265000
UW EVGW P 2019-04-23T05:08:22.690000
UW EVGW S 2019-04-23T05:08:28.190000
CC PR01 P 2019-07-29T11:58:48.490000
CC PR01 S 2019-07-29T11:58:51.890000
CC JRO P 2019-06-29T22:01:10.470000
CC JRO S 2019-06-29T22:01:13.070000
CN SHB P 2018-10-30T06:22:15.425000
CN VGZ P 2019-06-26T21:06:21.460000
UW BERY P 2019-06-21T15:17:38.720000
UW BERY S 2019-06-21T15:17:45.520000
UW FMW P 2019-07-29T21:13:21.860000
UW FMW S 2019-07-29T21:13:22.360000
UW FMW S 2019-07-29T21:13:25.760000
UW JEDS P 2019-05-16T12:06:45.580000
UW JEDS S 2019-05-16T12:06:47.380000
UW RCM P 2019-03-10T14:33:27.510000
UW RCM S 2019-03-10T14:33:31.310000
CC OBSR P 2019-02-09T19:25:50.480000
UO WOOD P 2018-12-21T14:27:02.348393
CC PR01 P 2019-08-29T15:36:24.810000
UW HOOD P 2019-07-09T10:18:28.140000
UW HOOD S 2019-07-09T10:18:29.440000
UW RATT P 2019-02-01T09:05:41.445000
UW RATT S 2019-02-01T09:05:46.945000
CC SWF2 P 2018-11-12T06:24:50.570000
CC SWF2 S 2018-11-12T06:24:51.670000
UW LON P 2018-10-07T22:44:26.710000
UW LON S 2018-10-07T22:44:29.110000
CC PR05 P 2019-07-11T22:11:14.960000
CC PR05 S 2019-07-11T22:11:19.360000
CC PR01 P 2018-11-17T09:47:20.185000
CC PR01 S 2018-11-17T09:47:23.385000
UW EVGW P 2019-03-19T15:39:36.680000
UW EVGW S 2019-03-19T15:39:44.080000
CN NLLB P 2019-02-22T19:56:39.700000
CC SWF2 P 2018-10-14T10:17:01.730000
CC PR04 P 2019-02-20T17:12:47.500000
CC PR04 S 2019-02-20T17:12:55
UW JEDS P 2019-06-11T01:49:03.050002
UW JEDS S 2019-06-11T01:49:05.450002
CC PANH P 2019-02-02T03:55:52.980000
CC PANH S 2019-02-02T03:55:53.180000
CC PANH S 2019-02-02T03:56:00.480000
CC PR05 P 2019-09-06T05:49:53.720000
CC PR05 S 2019-09-06T05:49:55.720000
CN CLRS P 2019-07-15T02:31:02.530000
UW RAW P 2019-02-15T03:49:01.495000
CN OZB P 2018-10-22T13:42:57.950000
UW RATT S 2019-07-14T14:18:58.789999
CC CARB P 2019-08-09T07:06:55.400000
CN SNB P 2019-07-23T08:25:12.900000
CN SNB S 2019-07-23T08:25:16
UW DOSE P 2018-09-27T14:56:41.790000
UW DOSE S 2018-09-27T14:56:42.290000
UW DOSE S 2018-09-27T14:56:46.190000
UW RCM P 2019-08-07T20:28:43.900000
UW RCM S 2019-08-07T20:28:46.300000
CC SWF2 P 2018-10-24T00:22:32.330000
CC SWF2 S 2018-10-24T00:22:33.730000
CC PR05 P 2019-05-08T22:28:00.680000
CC PR05 S 2019-05-08T22:28:02.580000
BK HUMO P 2018-11-02T11:10:41.998393
UW TOLT P 2019-07-16T07:46:51.400000
UW TOLT S 2019-07-16T07:46:56.400000
CC NORM P 2019-07-07T04:54:38.940000
CC NORM S 2019-07-07T04:54:39.640000
CN SYMB P 2019-04-05T22:58:14.620000
CN SYMB P 2019-04-05T22:58:15.720000
CN SYMB S 2019-04-05T22:58:08.120000
CN SYMB S 2019-04-05T22:58:19.220000
CN SYMB S 2019-04-05T22:58:21.220000
CN PTRF P 2018-09-25T08:41:43.670000
CN PTRF S 2018-09-25T08:41:47.270000
UW EPH2 P 2019-02-02T03:30:38.510000
UW EPH2 S 2019-02-02T03:30:40.410000
CN SHB P 2019-07-04T18:18:15.400000
UW GNW P 2019-02-26T04:06:56.870000
UW LON S 2019-05-10T14:34:22.665000
UW RCM P 2019-04-10T22:17:11.780000
UW RCM S 2019-04-10T22:17:12.780000
UW EPH2 S 2018-11-30T17:34:26.570000
UW KREP P 2019-03-28T17:51:43.259999
UW KREP S 2019-03-28T17:51:44.859999
CC STD S 2019-03-21T15:59:22.745000
UW LCCR P 2018-10-12T03:48:50.958393
UW LCCR S 2018-10-12T03:48:53.658393
CC OBSR P 2018-10-24T07:52:33.370000
CC OBSR S 2018-10-24T07:52:35.070000
CN CLRS P 2018-11-09T23:32:43.960000
UW MOX P 2019-08-17T12:48:12.660000
UW GNW P 2018-11-30T05:25:41.800000
UW GNW S 2018-11-30T05:25:45.800000
UW FISH P 2019-08-10T22:00:00.428393
CN OZB P 2019-05-21T11:11:59.700000
UW MOX S 2018-10-15T00:21:43.020000
UW MOX S 2018-10-15T00:21:48.420000
UW RCM P 2018-12-05T13:48:06.090000
UW RCM S 2018-12-05T13:48:02.290000
UW RCM S 2018-12-05T13:48:07.490000
CC JRO P 2019-04-28T07:17:44.750000
CC JRO S 2019-04-28T07:17:48.850000
UW DOSE S 2018-09-28T21:30:19.090000
UW SP2 P 2018-09-12T09:05:16.560000
UW SP2 S 2018-09-12T09:05:21.160000
UW DDRF P 2019-07-12T10:46:19.828393
UW DDRF S 2019-07-12T10:46:21.028393
CC SWF2 P 2018-11-08T00:39:13.390000
CC SWF2 S 2018-11-08T00:39:14.290000
CC PR04 P 2019-03-01T09:02:07.760000
CC PR04 S 2019-03-01T09:02:11.160000
CC PR04 S 2019-03-01T09:02:13.560000
UW RATT P 2019-04-08T13:02:17.820000
UW RATT S 2019-04-08T13:02:18.720000
UW RATT S 2019-04-08T13:02:25.720000
CC OBSR P 2019-07-06T13:20:42.700000
CC OBSR S 2019-07-06T13:20:46.200000
UW BABR P 2019-03-29T04:56:28.230000
UW JEDS P 2019-08-15T03:16:33.930001
UW JEDS S 2019-08-15T03:16:35.430001
UW OMAK P 2019-07-13T15:05:15.150000
CN GOBB P 2019-05-01T07:38:07.870000
CN GOBB P 2019-05-01T07:38:14.070000
CN GOBB S 2019-05-01T07:38:09.470000
UW DOSE P 2019-03-11T19:46:25.725000
UW DOSE S 2019-03-11T19:46:29.825000
CC TMBU S 2019-08-13T19:02:27.520000
CC VALT P 2019-02-06T18:24:22.700000
UW TOLT P 2018-10-22T08:04:41.025000
UW TOLT S 2018-10-22T08:04:43.325000
UO CAVE P 2019-02-13T22:14:00.508391
CC SWF2 P 2019-04-18T11:22:15.485000
CC SWF2 S 2019-04-18T11:22:18.585000
CC PR05 P 2019-08-29T12:11:21.160000
CC PR05 S 2019-08-29T12:11:23.260000
CN SYMB P 2019-02-01T09:05:31.170000
CN SYMB S 2019-02-01T09:05:32.570000
CN SYMB S 2019-02-01T09:05:37.370000
UW LUMI P 2018-11-12T21:47:38.020000
UW LUMI S 2018-11-12T21:47:32.720000
UW LUMI S 2018-11-12T21:47:45.220000
CN HNBB P 2018-09-11T15:05:28.770000
CC PR05 P 2018-09-27T14:56:53.160000
UW H2O P 2019-03-24T22:24:53.140000
UW H2O S 2019-03-24T22:24:59.540000
CC NORM P 2019-06-16T16:13:43.140000
CC PANH P 2019-03-01T20:43:07.300000
CC PANH S 2019-03-01T20:43:13.100000
UW TKEY P 2019-06-30T17:13:22.390001
UW TKEY P 2019-06-30T17:13:26.290001
UW TKEY S 2019-06-30T17:13:28.790001
UW OT3 P 2019-01-18T05:06:54.980000
UW OT3 S 2019-01-18T05:06:58.480000
UW OT3 S 2019-01-18T05:07:01.780000
UW DOSE S 2019-01-28T13:04:42.515000
UO JESE P 2019-07-09T16:57:22.338393
UO JESE S 2019-07-09T16:57:27.038393
CC SWF2 P 2019-09-10T02:35:13.895000
CC SWF2 S 2019-09-10T02:35:15.895000
UW FMW P 2019-05-29T18:24:06.330000
UW FMW S 2019-05-29T18:24:10.030000
UW LON P 2019-05-11T00:31:33.240000
UW LON S 2019-05-11T00:31:39.240000
UW RATT S 2019-08-23T17:37:37.419999
UW RATT S 2019-08-23T17:37:43.419999
CC OBSR P 2019-07-13T08:38:07.860000
CC OBSR S 2019-07-13T08:38:02.260000
CC OBSR S 2019-07-13T08:38:10.960000
UW RATT P 2019-07-01T10:53:45.080001
UW RATT S 2019-07-01T10:53:45.580001
UW RATT S 2019-07-01T10:53:52.380001
CC SWF2 P 2019-06-29T08:53:16.915000
CC SWF2 S 2019-06-29T08:53:18.215000
CC PRLK P 2018-09-11T16:08:26.140000
CC PRLK S 2018-09-11T16:08:27.240000
CC PRLK S 2018-09-11T16:08:34.040000
CC PR05 P 2019-05-11T04:44:33.900000
CC PR05 S 2019-05-11T04:44:35.600000
CC SIFT P 2019-08-23T23:37:09.060000
CC SIFT P 2019-08-23T23:37:14.460000
CC PANH P 2019-09-04T01:20:45.840000
CC PANH S 2019-09-04T01:20:47.240000
UW KENT P 2019-08-29T15:09:20.868391
UW KENT S 2019-08-29T15:09:23.468391
CC RUSH P 2019-08-04T06:02:36.360000
CC RUSH S 2019-08-04T06:02:37.360000
CC VALT P 2019-04-09T12:45:02.740000
CC VALT S 2019-04-09T12:45:09.940000
CN PTRF P 2019-05-05T06:26:47.270000
CN PTRF S 2019-05-05T06:26:45.370000
CC STD P 2019-02-24T09:51:26.805000
CC STD S 2019-02-24T09:51:28.405000
UW DOSE P 2018-11-02T07:41:20.215000
UW DOSE S 2018-11-02T07:41:25.015000
CC JRO P 2019-06-28T23:41:15.570000
CC JRO S 2019-06-28T23:41:20.070000
UW MDW P 2019-02-19T17:44:28.600000
UW MDW S 2019-02-19T17:44:30
UW WAT2 S 2019-01-11T20:13:58.980000
CN SNB P 2018-11-12T21:47:37.150000
CN SNB S 2018-11-12T21:47:43.350000
UO JESE P 2019-07-10T05:35:23.738393
UO JESE P 2019-07-10T05:35:28.238393
UO JESE S 2019-07-10T05:35:32.638393
UW FMW P 2019-04-12T03:09:34.870000
UW FMW S 2019-04-12T03:09:37.870000
UW LTY P 2019-08-01T02:11:39.740000
UW LTY P 2019-08-01T02:11:41.740000
UW LTY S 2019-08-01T02:11:49.540000
CC PR04 P 2019-07-26T08:52:48.100000
UO MINN P 2019-07-10T04:23:54.428393
UO MINN S 2019-07-10T04:23:49.128393
UO MINN S 2019-07-10T04:23:49.928393
UO MINN S 2019-07-10T04:23:55.328393
UW DOSE P 2018-10-10T15:49:56.040000
UW DOSE S 2018-10-10T15:49:56.540000
UW DOSE S 2018-10-10T15:50:00.240000
UO NATH P 2018-11-02T11:10:34.818393
UO NATH P 2018-11-02T11:10:39.118393
UO MARQ P 2018-10-22T04:18:23.900000
UW DOSE P 2019-03-05T07:31:57.840000
UW RCM P 2019-06-02T01:09:10.960000
CC PANH P 2019-01-04T23:00:11.620000
UW RCM S 2019-08-22T13:21:01.660000
UW GNW P 2019-05-06T21:32:53.020000
CC PR04 P 2019-07-18T08:33:39.080000
CC PR04 S 2019-07-18T08:33:47.180000
UW BRKS P 2019-08-06T09:00:45
UW BRKS S 2019-08-06T09:00:49
CC SHRK P 2019-03-29T13:38:15.130000
CC SHRK S 2019-03-29T13:38:17.530000
UW OHC P 2018-10-16T00:30:32
UW OHC S 2018-10-16T00:30:25.600000
UW LTY P 2019-07-10T21:36:43.880000
UW RCM S 2019-04-12T07:14:35.060000
UW WAT2 S 2019-07-30T13:09:27.810000
UW WAT2 S 2019-07-30T13:09:31.510000
UW WAT2 P 2019-06-15T04:08:41.990000
UW WAT2 S 2019-06-15T04:08:44.190000
UW BRKS P 2019-08-14T11:31:16.060000
UW BRKS S 2019-08-14T11:31:20.060000
CN GDR S 2019-06-26T20:21:45.810000
UW PRO P 2018-10-09T22:34:10.920000
UW PRO S 2018-10-09T22:34:12.120000
CC PRLK P 2019-07-05T12:53:51.930000
CC PRLK S 2019-07-05T12:53:54.030000
CC PR04 P 2019-08-07T20:28:43.060000
CC PR04 S 2019-08-07T20:28:45.060000
CN GOBB P 2019-04-10T07:39:58.760000
CN GOBB S 2019-04-10T07:40:05.360000
UW ELW P 2018-12-26T19:18:07.710000
UW ELW S 2018-12-26T19:18:11.910000
CC STD P 2019-03-30T02:03:54.465000
CC STD S 2019-03-30T02:03:56.165000
UW BLOW P 2019-07-09T17:06:22.528394
UW BLOW S 2019-07-09T17:06:23.528394
UW BLOW P 2019-07-08T12:12:15.598394
CN NLLB P 2019-07-17T23:43:47.840000
UO WLOO P 2019-07-09T16:57:35.258393
UO WLOO S 2019-07-09T16:57:36.358393
CC SIFT P 2019-09-04T01:20:46.880000
CC SIFT S 2019-09-04T01:20:48.880000
CC STD S 2019-09-05T04:19:46.965000
UW LON P 2019-04-08T21:06:07.390000
UW LON S 2019-04-08T21:06:13.790000
UW BERY P 2019-09-01T13:51:26.710000
UW BERY S 2019-09-01T13:51:33.710000
CC PR01 S 2019-08-14T11:11:06.310000
CC PANH S 2019-03-01T09:02:08.240000
CC PANH S 2019-03-01T09:02:13.440000
CC STD S 2019-07-25T13:28:46.565000
CN SYMB P 2019-06-29T11:46:34.800000
CN SYMB S 2019-06-29T11:46:36.600000
CN CLRS P 2019-08-05T16:20:15.930000
UW LUMI P 2018-11-14T00:28:17.590000
UW LUMI S 2018-11-14T00:28:19.890000
UW LUMI S 2018-11-14T00:28:22.290000
BK HUMO P 2018-11-28T06:42:25.928393
UO VERN P 2019-02-07T21:09:07.570000
UW LCCR P 2018-09-17T00:08:35.918393
UW LCCR S 2018-09-17T00:08:37.018393
UW LCCR S 2018-09-17T00:08:42.718393
CN GOBB P 2018-09-24T14:28:03.880000
CN GOBB S 2018-09-24T14:28:11.180000
CN PGC P 2019-03-30T11:14:03.670000
UW RATT P 2019-04-18T18:40:07.270000
UO VERN P 2019-07-14T16:59:28.230000
UO VERN P 2019-07-14T16:59:32.530000
UO VERN S 2019-07-14T16:59:34.030000
UW LON P 2019-08-29T16:09:43.240000
UW MANO P 2019-06-04T04:50:17.930000
CC SIFT P 2019-08-17T04:27:25.060000
CC SIFT S 2019-08-17T04:27:26.660000
UW BERY P 2018-12-13T12:00:45.633130
UW BERY S 2018-12-13T12:00:46.233130
UW BERY S 2018-12-13T12:00:52.633130
CN CLRS P 2019-07-22T07:12:33.610000
CC PR01 P 2019-07-12T09:56:19.030000
CC JRO P 2018-09-17T00:08:49.030000
CN PGC P 2019-07-17T23:43:37.710000
CC SIFT P 2019-08-07T20:28:42.600000
CC SIFT S 2019-08-07T20:28:44.100000
UW LON P 2019-03-17T16:00:11.135000
UW LON S 2019-03-17T16:00:18.335000
CC JRO P 2018-11-18T20:37:10.410000
CN VGZ P 2018-12-13T12:00:51.880000
BK HUMO P 2018-10-25T19:15:08.608393
CC JRO P 2019-07-07T15:11:42.690000
CC SWF2 P 2019-08-09T03:10:10.955000
CC SWF2 S 2019-08-09T03:10:11.455000
CC SWF2 S 2019-08-09T03:10:14.055000
CC STD P 2019-04-28T07:17:44.205000
CC STD S 2019-04-28T07:17:45.205000
CC STD S 2019-04-28T07:17:47.905000
CC ASBU P 2019-08-16T15:24:46.285000
CC PR04 P 2019-08-17T04:27:25.880000
CC PR04 S 2019-08-17T04:27:28.380000
UW CCRK P 2019-06-16T16:12:55.870000
UW CCRK S 2019-06-16T16:13:00.670000
CC PRLK P 2019-07-20T07:36:18.355000
CC PRLK S 2019-07-20T07:36:21.155000
UO LAIR P 2019-06-22T16:18:22.708394
UO LAIR S 2019-06-22T16:18:23.908394
UO JESE S 2019-07-08T12:08:20.458393
CC PR04 P 2018-09-25T08:41:59.940000
CC PR04 S 2018-09-25T08:42:02.140000
UW TOLT P 2019-01-25T02:51:41.715000
UW TOLT S 2019-01-25T02:51:46.115000
UW TOLT P 2019-02-10T04:10:17.255000
UW TOLT S 2019-02-10T04:10:24.755000
CC RUSH P 2019-09-09T13:49:15.740000
CC RUSH S 2019-09-09T13:49:17.040000
CC RUSH S 2019-09-09T13:49:23.440000
UW TOLT P 2019-01-05T20:47:24.065000
UW TOLT S 2019-01-05T20:47:31.565000
CC PR05 P 2019-06-02T01:27:43.920000
CC PR05 S 2019-06-02T01:27:51.720000
UW MPL P 2018-11-19T11:09:30.280000
UW MPL S 2018-11-19T11:09:32.380000
CC PR01 P 2019-05-07T02:59:12.110000
CC VALT P 2019-03-12T02:26:04.680000
CC VALT S 2019-03-12T02:26:02.280000
CC VALT S 2019-03-12T02:26:05.180000
UW LTY P 2019-02-01T09:05:51.080000
UW STOR P 2018-12-04T02:41:27.748393
CN OZB P 2018-10-17T13:38:31.325000
CN OZB S 2018-10-17T13:38:39.125000
CC SIFT P 2019-08-23T11:00:56.660000
CC SIFT S 2019-08-23T11:01:00.460000
UW ELW P 2019-07-15T02:30:43.140000
UW ELW S 2019-07-15T02:30:49.440000
CC OBSR S 2019-07-28T22:45:48.320000
CC OBSR S 2019-07-28T22:45:52.820000
UO BUCK P 2019-04-28T15:06:40.800000
CN VGZ P 2019-01-27T08:30:23.790000
CN VGZ S 2019-01-27T08:30:28.190000
UW HOOD P 2019-07-10T04:23:36.110001
UW HOOD S 2019-07-10T04:23:37.410001
UW LON P 2019-02-02T12:55:52.760000
UW LON S 2019-02-02T12:55:54.460000
UW HOOD P 2019-07-09T15:51:18.079999
UW HOOD S 2019-07-09T15:51:19.479999
UW RATT P 2019-05-18T19:19:25.595000
UW OMAK P 2019-06-21T07:38:43.450000
UW LON P 2018-11-13T19:55:03.260000
UW LON S 2018-11-13T19:55:00.460000
UW LON S 2018-11-13T19:55:03.760000
UW LON S 2018-11-13T19:55:08.960000
CC PR01 S 2019-02-02T00:46:51.505000
CC PR01 S 2019-02-02T00:46:54.605000
UO PINE P 2019-06-04T04:50:25.770000
UO PINE S 2019-06-04T04:50:27.570000
CN VGZ P 2018-12-27T08:28:38.410000
UW DOSE S 2019-05-21T19:45:51.379999
UW DOSE S 2019-05-21T19:45:58.879999
UW FMW P 2019-02-18T16:58:47.310000
UW FMW S 2019-02-18T16:58:52.910000
UW MANO P 2019-07-12T09:52:01.460000
UW GNW P 2019-09-01T13:51:32.500000
UW RCM P 2019-05-10T14:34:20.250000
UW RCM S 2019-05-10T14:34:23.250000
CN SNB P 2019-06-30T21:34:53.930000
CC OBSR S 2019-08-23T20:08:31.220000
UW EPH2 P 2018-11-15T01:23:03.820000
UW EPH2 S 2018-11-15T01:23:11.520000
CC CLBH P 2019-01-30T00:35:47.620000
UW FMW P 2019-02-01T07:52:36.780000
UW FMW S 2019-02-01T07:52:38.680000
UW FMW P 2019-07-06T23:17:52.310000
UW FMW S 2019-07-06T23:17:52.910000
UW FMW S 2019-07-06T23:17:56.010000
CC PR05 P 2018-12-18T04:19:11.300000
CC PR05 S 2018-12-18T04:19:13.200000
CC OBSR P 2019-08-13T22:58:24.300000
CC OBSR S 2019-08-13T22:58:23.900000
CC OBSR S 2019-08-13T22:58:24.900000
CC SWF2 P 2019-06-23T01:12:27.415000
CC SWF2 S 2019-06-23T01:12:28.715000
UW BLOW S 2018-11-13T00:11:52.418393
CC PR01 P 2019-02-18T16:58:50.485000
CC PR01 S 2019-02-18T16:58:50.785000
CC PR01 S 2019-02-18T16:58:58.485000
CC JRO P 2018-10-08T20:49:50.770000
CC JRO S 2018-10-08T20:49:53.470000
CN CLRS P 2018-10-30T18:00:02.320000
CC SWF2 P 2019-04-13T00:53:18.825000
CC SWF2 S 2019-04-13T00:53:19.725000
UW GBB P 2019-09-05T15:04:22.330000
UO RAIN P 2019-07-15T10:27:47.288391
UO RAIN S 2019-07-15T10:27:51.188391
UW LON P 2019-02-25T23:16:16.915000
CC OBSR P 2019-07-12T10:50:46.540000
CC OBSR S 2019-07-12T10:50:46.840000
UW EPH2 P 2019-09-05T15:04:26.680000
UW EPH2 S 2019-09-05T15:04:28.380000
CC PR05 P 2019-08-30T12:30:53.980000
CC PR05 S 2019-08-30T12:30:55.580000
CC SWF2 P 2019-07-01T09:39:21.255000
CC SWF2 P 2019-07-01T09:39:27.355000
CC SWF2 S 2019-07-01T09:39:22.555000
CC SWF2 S 2019-07-01T09:39:27.655000
UO BUCK P 2019-01-05T19:35:51.339999
UW FMW P 2019-02-07T06:59:08.160000
UW SP2 P 2019-06-24T04:16:53.289999
UW SP2 P 2019-06-24T04:16:57.689999
UW SP2 S 2019-06-24T04:16:59.389999
UO BEER P 2019-01-27T03:41:56.648393
UW BABR P 2019-04-30T13:51:16.720000
UW BABR S 2019-04-30T13:51:23.820000
UW GNW P 2018-10-22T04:18:40.175000
CC VALT P 2018-11-15T18:54:28.140000
CC VALT S 2018-11-15T18:54:32.940000
UO MINN P 2018-09-25T13:18:59.938393
UO MINN S 2018-09-25T13:19:00.738393
UO MINN S 2018-09-25T13:19:07.738393
CC PR05 P 2018-09-27T11:48:05.320000
CC PR05 S 2018-09-27T11:48:08.920000
UW WAT2 S 2019-03-01T13:48:22.510000
CC PR04 S 2018-09-30T11:03:48.760000
CC PR04 S 2018-09-30T11:03:51.560000
UW RATT P 2018-09-25T13:19:21.890000
UW FMW P 2019-04-04T09:29:00.640000
UW FMW S 2019-04-04T09:29:08.540000
UW LON P 2019-08-30T12:30:55.060000
UW LON S 2019-08-30T12:30:57.560000
UW BERY P 2019-04-06T04:54:56.573130
CC SWF2 P 2018-10-16T22:29:53.930000
CC SWF2 S 2018-10-16T22:29:56.530000
CC STD S 2019-06-12T23:06:30.165000
UW LON P 2019-07-20T13:23:36.860000
CC PR04 P 2019-08-29T12:11:22.800000
CC PR04 S 2019-08-29T12:11:26.200000
CN NLLB P 2019-02-05T22:51:33.620000
CN NLLB S 2019-02-05T22:51:32.720000
UW WAT2 S 2019-05-07T21:41:24.780000
UW WAT2 S 2019-05-07T21:41:31.980000
CN HNBB P 2018-10-06T21:30:20.350000
CN HNBB S 2018-10-06T21:30:26.950000
CC ASBU P 2018-09-17T00:08:57.485000
CC ASBU S 2018-09-17T00:08:58.985000
CC SHRK P 2019-09-05T06:35:48.870000
CC SHRK S 2019-09-05T06:35:51.970000
CC SWF2 P 2019-06-24T20:20:41.515000
CC SWF2 S 2019-06-24T20:20:42.715000
CC JRO P 2019-03-05T07:48:43.470000
CC JRO S 2019-03-05T07:48:30.170000
CC VALT S 2019-03-12T02:40:26.020000
UW LON P 2018-11-06T20:35:52.860000
UW LON S 2018-11-06T20:35:54.660000
UW HOOD P 2019-07-10T00:09:36.650000
UW HOOD S 2019-07-10T00:09:37.950000
UO VERN P 2019-08-29T18:57:13.220000
UW H2O P 2019-07-05T17:09:00
UW H2O S 2019-07-05T17:09:03.900000
UW H2O S 2019-07-05T17:09:07.500000
UW GNW P 2018-12-04T02:41:29.400000
CC HIYU P 2019-08-13T11:49:33.160000
CC HIYU S 2019-08-13T11:49:35.560000
UW JEDS P 2019-07-17T15:00:35.780000
UW JEDS S 2019-07-17T15:00:38.480000
CN VGZ P 2019-02-22T10:27:44.190000
UW DOSE P 2019-02-15T02:22:20.815000
UW DOSE S 2019-02-15T02:22:28.515000
CN SNB P 2019-07-16T09:09:57.140000
UW GNW P 2019-07-04T03:49:08.480000
UW GNW S 2019-07-04T03:49:12.380000
CC ASBU P 2019-07-14T12:06:10.605000
CC ASBU S 2019-07-14T12:06:12.505000
UW RATT P 2019-07-12T12:36:31.090000
UW RATT S 2019-07-12T12:36:38.190000
CC CLBH P 2019-09-05T15:03:49.800000
CC CLBH P 2019-09-05T15:03:51.400000
CC OBSR P 2018-11-29T18:44:08.690000
CC OBSR S 2018-11-29T18:44:12.190000
UW PRO S 2019-04-13T00:57:10.990000
UW PRO S 2019-04-13T00:57:16.590000
UO BEER P 2019-08-25T06:57:40.268393
UO DRAN P 2019-04-12T14:07:31.598393
UO DRAN S 2019-04-12T14:07:33.398393
CN VGZ P 2019-04-07T22:21:33.210000
CN VGZ S 2019-04-07T22:21:37.410000
CN CLRS P 2018-12-31T04:54:52.800000
CN CLRS S 2018-12-31T04:54:56.700000
CN CLRS S 2018-12-31T04:55:00.900000
UW GNW P 2019-02-21T03:34:10.820000
UW GNW P 2019-02-21T03:34:15.320000
CC PR05 P 2019-02-02T03:55:53.340000
CC PR05 S 2019-02-02T03:56:01.340000
UW STOR P 2019-04-13T00:53:15.908393
UW STOR S 2019-04-13T00:53:16.208393
UW BABR P 2018-10-23T17:41:06.130000
UW STOR P 2018-10-03T09:31:39.578393
UW STOR S 2018-10-03T09:31:42.678393
UW LON P 2019-08-17T09:14:17.420000
UW LON S 2019-08-17T09:14:19.320000
UO WOOD P 2019-08-09T02:26:43.838393
CC CLBH P 2019-01-22T06:30:20.320000
CC CLBH S 2019-01-22T06:30:21.720000
CN SHB P 2019-05-21T11:12:06.800000
CC PR04 P 2019-03-28T17:51:42.180000
CC PR04 S 2019-03-28T17:51:49.580000
CC PANH P 2019-09-08T16:32:57.020000
CC PANH S 2019-09-08T16:32:59.120000
UW FMW P 2019-09-04T01:20:46.430000
UW FMW S 2019-09-04T01:20:48.130000
UW DOSE P 2018-10-21T13:20:32.915000
UW DOSE S 2018-10-21T13:20:33.415000
UW DOSE S 2018-10-21T13:20:38.715000
CC STD P 2019-09-09T11:51:56.345000
CC STD S 2019-09-09T11:51:57.845000
UW RATT S 2019-02-15T05:33:54.270000
CC SHRK P 2019-09-01T06:09:19.550000
UW DDRF P 2019-07-16T18:40:36.928393
UW DDRF S 2019-07-16T18:40:37.628393
CC STD S 2019-07-13T09:31:59.345000
UO WLOO S 2019-01-24T01:07:54.398393
UO WLOO S 2019-01-24T01:08:02.198393
CC OBSR S 2019-08-31T01:57:11.980000
CC OBSR S 2019-07-11T22:11:15.080000
CC OBSR S 2019-07-11T22:11:15.880000
CC OBSR S 2019-07-11T22:11:20.480000
UO WLOO P 2018-11-09T00:01:02.248393
CC PANH P 2019-08-07T10:39:17.340000
CC PANH P 2019-08-07T10:39:20.740000
CC PANH S 2019-08-07T10:39:21.540000
CC PR01 P 2019-08-22T13:20:56.710000
CC PR01 S 2019-08-22T13:20:58.810000
CC PR05 P 2019-07-12T17:40:06.040000
CC PR05 S 2019-07-12T17:40:09.940000
UW RATT P 2018-11-01T02:47:20.215000
UW RATT S 2018-11-01T02:47:21.115000
UW RATT S 2018-11-01T02:47:22.915000
UW KREP S 2018-11-30T17:34:31.730000
CN VGZ P 2019-07-16T09:09:53.650000
UW GNW P 2018-10-11T06:36:08.925000
CC JRO P 2019-09-08T09:13:43.850000
CC JRO S 2019-09-08T09:13:47.150000
CC PR04 P 2019-08-15T05:43:28.540000
CN SNB P 2019-02-22T19:56:29.720000
CN SNB S 2019-02-22T19:56:32.920000
CC OBSR P 2019-07-01T09:39:40.320000
CC OBSR S 2019-07-01T09:39:34.820000
CC OBSR S 2019-07-01T09:39:40.820000
CN PGC P 2019-08-03T04:27:49.010000
UO DRAN P 2019-01-05T19:35:50.978393
UW RATT P 2018-10-22T08:04:42.465000
UW RATT S 2018-10-22T08:04:37.165000
UW RATT S 2018-10-22T08:04:44.065000
UW RATT S 2018-10-22T08:04:46.265000
CC TCBU P 2019-06-22T12:53:18.200000
CC TCBU S 2019-06-22T12:53:17.700000
CC TCBU S 2019-06-22T12:53:19.400000
CC VALT P 2018-10-22T04:18:35.140000
UW MBPA P 2019-07-12T09:59:11.690000
UW MBPA S 2019-07-12T09:59:15.390000
CC PANH P 2019-08-08T20:34:52.080000
CC PANH S 2019-08-08T20:34:53.380000
CC PANH P 2019-09-02T23:25:22
CC PANH S 2019-09-02T23:25:25.300000
UW TKEY P 2019-07-01T11:23:03.740000
UW TKEY S 2019-07-01T11:23:05.440000
UW RATT P 2019-09-01T14:37:01.540000
UW RATT S 2019-09-01T14:37:02.440000
UW DOSE S 2019-04-22T21:29:45.540000
UW RATT P 2019-07-16T09:09:45.940000
UW RATT S 2019-07-16T09:09:46.640000
UW RATT S 2019-07-16T09:09:53.440000
CC PR04 P 2019-05-18T20:45:13.260000
CC PR04 S 2019-05-18T20:45:15.460000
UW DOSE P 2019-02-25T22:34:15.640000
UW DOSE S 2019-02-25T22:34:23.140000
UW EPH2 P 2019-07-05T17:09:02.980000
UO MARQ P 2018-10-24T00:22:21.510000
UW FMW P 2019-07-20T13:23:35.730000
UW FMW S 2019-07-20T13:23:36.330000
UO MINN P 2019-09-06T03:28:00.548393
UO MINN S 2019-09-06T03:28:05.848393
UO BEER P 2019-03-29T04:56:21.608393
UO BEER S 2019-03-29T04:56:22.908393
CC PR04 P 2019-06-27T18:25:24.740000
CC PR04 S 2019-06-27T18:25:28.240000
UW RCM P 2019-02-20T15:48:57.940000
UW RCM S 2019-02-20T15:49:00.340000
UW SNI2 P 2019-05-18T20:45:27.300000
UW TOLT S 2019-07-15T01:48:37.010000
UO DRAN P 2019-04-28T15:06:39.988393
CC JRO P 2019-05-28T17:33:35.370000
UW RATT P 2018-10-08T10:47:24.040000
UW RATT S 2018-10-08T10:47:30.740000
CC SWF2 P 2019-06-27T16:37:09.455000
CC SWF2 P 2019-06-27T16:37:14.155000
CC SWF2 S 2019-06-27T16:37:09.855000
CC SWF2 S 2019-06-27T16:37:15.355000
CC PR04 P 2019-09-06T05:49:54.740000
CC PR04 S 2019-09-06T05:49:57.540000
UW MDW P 2018-12-15T16:18:32.200000
UW MDW S 2018-12-15T16:18:33.400000
UW GBB P 2019-05-30T04:05:03.010000
UW GBB S 2019-05-30T04:05:08.710000
UW HOOD P 2019-02-01T09:16:34.320000
UW BERY P 2019-03-17T23:23:39.063128
UW BERY S 2019-03-17T23:23:47.963128
UW SHUK P 2018-12-04T00:54:11.640000
UW SHUK S 2018-12-04T00:54:06.940000
UW SHUK S 2018-12-04T00:54:12.640000
UW RATT P 2018-10-16T05:22:27.015000
CC VALT P 2019-01-28T07:08:27.600000
CC PR05 P 2019-04-10T18:29:20.180000
UW DDRF P 2019-05-10T11:20:12.338393
UW DDRF S 2019-05-10T11:20:15.738393
UW WISH P 2019-04-10T09:59:56.920000
UW WISH S 2019-04-10T09:59:58.120000
UW WISH S 2019-04-10T10:00:04.720000
CC PR04 P 2019-08-18T12:29:38.480000
CC PANH P 2019-07-07T09:51:48.840000
CC PANH S 2019-07-07T09:51:56.740000
UW LON P 2019-07-25T07:10:16.070000
UW LON S 2019-07-25T07:10:21.370000
UW FMW P 2019-03-11T00:53:25.230000
UW FMW S 2019-03-11T00:53:29.930000
CC PR01 S 2018-12-30T04:13:16.305000
UW PHIN P 2019-06-16T16:13:08.428393
UW PHIN S 2019-06-16T16:13:11.428393
CC STD P 2019-06-22T13:41:30.565000
CC STD S 2019-06-22T13:41:32.665000
CC STD P 2018-10-21T11:34:54.385000
CC STD S 2018-10-21T11:34:55.985000
CC PR05 P 2019-07-25T07:10:14.480000
CC PR05 S 2019-07-25T07:10:18.580000
CN SNB P 2019-04-24T20:16:04.570000
CN SNB S 2019-04-24T20:16:07.670000
CC PANH S 2019-05-26T07:51:53.100000
CC PANH S 2019-05-26T07:51:57.400000
UW DAVN P 2018-11-19T11:10:05.550000
UW DAVN S 2018-11-19T11:10:06.150000
CN GOBB P 2019-04-18T02:52:42.310000
CC SWF2 P 2019-09-01T01:53:24.795000
CC SWF2 S 2019-09-01T01:53:26.095000
UO LAIR P 2018-10-24T00:22:04.718393
UO LAIR S 2018-10-24T00:22:06.918393
UW RATT P 2019-07-17T23:43:26.450000
UW RATT S 2019-07-17T23:43:27.850000
UW RATT S 2019-07-17T23:43:33.750000
UW WA2 P 2019-07-08T23:06:02.780000
UW WA2 S 2019-07-08T23:06:05.180000
CC STD P 2018-10-19T17:06:25.285000
CC STD S 2018-10-19T17:06:26.585000
UW BLOW P 2019-06-09T05:02:55.888393
UW BLOW S 2019-06-09T05:02:57.288393
UW RCM P 2018-10-03T09:38:23.860000
UW RCM S 2018-10-03T09:38:24.660000
UW DOSE P 2018-10-22T16:28:05.065000
UW DOSE S 2018-10-22T16:28:07.065000
CC PR01 P 2018-11-19T11:09:34.645000
UW FMW P 2019-04-22T14:49:11.730000
UW FMW S 2019-04-22T14:49:16.530000
UW SP2 P 2018-10-30T03:04:39.380000
UW SP2 S 2018-10-30T03:04:44.980000
UW FMW P 2019-08-23T23:37:09.640000
UW GNW P 2019-08-09T07:06:46.040000
UW GNW S 2019-08-09T07:06:51.840000
UO BEER P 2019-04-12T14:07:34.048393
CC PR04 P 2018-12-09T04:26:31.940000
CC PR04 S 2018-12-09T04:26:34.640000
UW EPH2 P 2019-06-15T04:08:49.720000
UW EPH2 S 2019-06-15T04:08:57.020000
CC SWF2 P 2019-04-13T11:36:24.145000
CC SWF2 P 2019-04-13T11:36:28.345000
CC SWF2 S 2019-04-13T11:36:29.045000
UO RAIN P 2019-06-01T18:27:13.328391
CN LLLB P 2019-03-24T01:52:53.590000
UW RCM P 2019-08-08T14:14:02.910000
UW RCM S 2019-08-08T14:14:04.110000
CN GOBB P 2018-09-23T17:01:10.950000
CN GOBB S 2018-09-23T17:01:17.150000
UW GNW P 2019-08-20T01:41:35.670000
UW GNW S 2019-08-20T01:41:38.870000
CC PR04 P 2018-09-27T11:48:06.940000
CC PR04 S 2018-09-27T11:48:11.540000
UW PHIN P 2019-06-30T18:46:34.918393
UW PHIN S 2019-06-30T18:46:36.218393
UW MDW P 2019-03-01T09:02:00.240000
CC RUSH P 2019-09-10T05:15:54.800000
CC RUSH S 2019-09-10T05:15:57.800000
UW FMW P 2019-07-26T08:52:48.300000
UW FMW S 2019-07-26T08:52:49.100000
UW JEDS P 2019-02-20T22:10:16.580000
CC VALT P 2019-02-23T12:13:15.480000
CC PR04 P 2019-06-22T13:01:38
CC SIFT P 2019-08-29T16:09:42.960000
CN GOBB P 2018-09-30T11:40:06.790000
CN GOBB P 2018-09-30T11:40:09.290000
CN GOBB S 2018-09-30T11:40:10.990000
UW FISH S 2019-06-11T05:05:43.368391
UW OMAK P 2019-04-02T13:00:35.325000
UW OMAK S 2019-04-02T13:00:39.725000
UW RATT P 2018-09-27T04:49:40.440000
UW RATT S 2018-09-27T04:49:43.140000
UW RATT P 2018-09-16T21:23:53.590000
UW CCRK P 2019-08-05T07:42:43.130000
UW CCRK S 2019-08-05T07:42:44.630000
CC SIFT P 2019-09-08T16:32:58.680000
CC SIFT S 2019-09-08T16:33:00.680000
UW GBB S 2019-06-24T23:07:14.850000
UW LTY P 2019-04-13T00:53:12.280000
UW LTY S 2019-04-13T00:53:17.280000
UW LTY S 2019-04-13T00:53:20.180000
UW BERY P 2019-01-14T21:46:19.223126
UW BERY S 2019-01-14T21:46:20.323126
UW BERY S 2019-01-14T21:46:25.023126
UW DOSE S 2019-06-21T07:38:26.640000
UO BUCK P 2019-07-13T16:26:25.970000
UW LUMI P 2019-04-08T13:02:24.420000
UW LUMI S 2019-04-08T13:02:25.820000
UW RATT P 2018-10-02T11:50:08.140000
UW RATT S 2018-10-02T11:50:09.040000
UO MARQ P 2019-07-10T05:43:34.860000
CC STD P 2019-06-25T23:27:37.685000
CC STD S 2019-06-25T23:27:38.785000
UW WA2 P 2018-11-11T16:25:53.530000
UW WA2 S 2018-11-11T16:25:54.430000
UW WA2 S 2018-11-11T16:25:58.630000
UW HOOD S 2018-10-31T04:03:40.900000
CC SHRK P 2019-05-25T08:11:30.990000
CC SHRK S 2019-05-25T08:11:33.890000
CC OBSR P 2019-04-20T14:32:14.140000
UW SP2 P 2019-07-12T10:29:04.870000
UW SP2 S 2019-07-12T10:29:10.670000
CC VALT P 2019-05-16T14:53:20.620000
CC VALT S 2019-05-16T14:53:23.520000
CC VALT P 2019-01-01T04:08:56.220000
CC VALT S 2019-01-01T04:08:58.120000
CC VALT S 2019-01-01T04:09:01.820000
UO DBO P 2018-11-17T14:54:52.670000
UO DBO S 2018-11-17T14:54:58.570000
UW SP2 P 2019-02-15T03:48:59.450000
UW GNW P 2019-01-16T20:33:59.140000
UW GNW S 2019-01-16T20:34:01.340000
UW RATT P 2018-11-01T05:50:30.815000
CC PANH P 2019-05-29T18:24:05.360000
CC PANH S 2019-05-29T18:24:08.760000
UO VERN P 2019-08-12T19:30:35.690000
CC RUSH P 2019-09-07T21:44:31.580000
CC RUSH S 2019-09-07T21:44:32.880000
CC RUSH S 2019-09-07T21:44:39.380000
CC PR04 P 2019-01-17T03:47:31.140000
UW MDW P 2019-03-09T00:16:04.590000
UW MDW S 2019-03-09T00:16:05.990000
UW LON S 2018-11-11T00:51:46.485000
UW FMW P 2019-07-25T07:10:15.040000
UW FMW S 2019-07-25T07:10:16.340000
UW FMW S 2019-07-25T07:10:19.540000
CC PR05 P 2019-04-22T14:49:10.760000
CC PR05 S 2019-04-22T14:49:14.860000
CC PRLK P 2018-10-24T00:22:25.960000
UO TOOM P 2019-07-21T15:15:34.348393
UW SP2 P 2019-07-16T07:46:52.920000
UW SP2 P 2019-07-16T07:46:56.420000
UW SP2 S 2019-07-16T07:46:59.920000
UW SP2 P 2019-08-03T22:02:09.470000
UW SP2 S 2019-08-03T22:02:15.170000
UW BLOW P 2019-01-04T22:59:44.218393
UW DOSE P 2019-02-20T15:48:54.115000
UW DOSE S 2019-02-20T15:49:01.615000
CC SHRK P 2019-07-25T09:11:52.810000
CC JRO P 2019-04-08T21:06:02.150000
CC JRO S 2019-04-08T21:06:04.250000
CN GOBB P 2019-04-08T13:02:31.010000
CC PANH P 2019-01-12T23:41:56.320000
CC PANH S 2019-01-12T23:41:57.420000
CC OBSR P 2019-04-02T13:00:12.840000
CC OBSR S 2019-04-02T13:00:20.640000
CC CARB P 2019-08-23T23:37:07.280000
CC CARB S 2019-08-23T23:37:14.880000
UW MPL P 2018-12-30T04:13:15.440000
UW MPL S 2018-12-30T04:13:23.240000
CN SYMB P 2019-06-21T15:17:48.710000
CN SYMB S 2019-06-21T15:17:49.810000
UW BERY P 2019-06-26T00:31:20.639999
UW BERY S 2019-06-26T00:31:22.539999
BK HUMO P 2018-11-09T06:43:25.778393
CC SWF2 S 2019-04-16T15:40:54.905000
UW RATT P 2019-04-05T20:04:28.170000
UW RATT S 2019-04-05T20:04:28.370000
CC PR04 P 2019-08-29T16:09:43.700000
CC PR04 P 2019-02-07T06:59:08.300000
UW HOOD P 2019-07-09T11:59:36.730000
UW HOOD S 2019-07-09T11:59:38.030000
UW SOUA P 2018-11-02T09:31:54.480000
UW SOUA S 2018-11-02T09:31:56.580000
CC OBSR P 2019-05-09T07:28:47.110000
CC OBSR P 2019-05-09T07:28:50.210000
CC OBSR S 2019-05-09T07:28:48.210000
CC SWF2 P 2019-04-01T19:27:00.260000
CC SWF2 S 2019-04-01T19:27:07.460000
UW RATT P 2019-02-20T17:12:44.445000
UW RATT S 2019-02-20T17:12:42.145000
UW RATT S 2019-02-20T17:12:49.345000
UW BERY P 2019-03-17T23:01:36.693130
UW BERY S 2019-03-17T23:01:37.293130
UW BERY S 2019-03-17T23:01:44.693130
CC PR04 P 2019-07-17T15:01:17.060000
CC PR04 S 2019-07-17T15:01:19.260000
UW RATT P 2019-06-25T04:26:53.740000
UW RATT S 2019-06-25T04:26:57.340000
UW GNW P 2018-11-22T00:15:15.175000
UW GNW S 2018-11-22T00:15:22.775000
UW BERY S 2019-07-12T13:00:15.260000
CC ASBU P 2019-01-27T03:42:23.685000
UW RCM P 2019-05-02T14:43:32.580000
UW RCM S 2019-05-02T14:43:34.580000
CC PR04 P 2019-01-19T16:52:45.820000
CC PR04 S 2019-01-19T16:52:52.720000
CN PGC P 2019-01-28T08:51:32.620000
CN PGC S 2019-01-28T08:51:35.620000
UW DOSE P 2018-09-14T18:18:44.115000
UW DOSE S 2018-09-14T18:18:51.915000
CC SWF2 P 2019-08-15T03:17:08.935000
CC SWF2 S 2019-08-15T03:17:10.735000
UW FMW P 2018-11-20T08:26:09.960000
UW FMW S 2018-11-20T08:26:11.560000
CC PRLK P 2019-01-29T18:09:12.660000
CC PRLK S 2019-01-29T18:09:14.560000
CC PR05 P 2019-06-01T18:27:03.820000
CC PR05 S 2019-06-01T18:26:55.820000
UW MARY P 2019-04-20T14:31:56.730000
UW MARY P 2019-04-20T14:32:02.830000
UW MARY S 2019-04-20T14:32:09.530000
UW MARY S 2019-04-20T14:32:10.430000
CC PR04 P 2019-04-08T14:08:04.580000
CC PR04 P 2019-04-08T14:08:08.580000
CC PR04 S 2019-04-08T14:08:10.180000
CN GOBB P 2019-04-05T20:01:21.120000
CN GOBB S 2019-04-05T20:01:27.520000
CC OBSR P 2018-10-08T10:47:26.330000
CC OBSR S 2018-10-08T10:47:27.530000
CC OBSR S 2018-10-08T10:47:34.030000
CN VGZ S 2019-04-16T00:45:47.330000
UW BERY S 2018-09-14T05:15:23.273130
UW HEBO P 2018-12-23T11:11:13.320000
UW HEBO S 2018-12-23T11:11:14.320000
UW HEBO S 2018-12-23T11:11:21.220000
UW RCM S 2019-08-23T11:00:59.870000
UW SP2 P 2019-02-21T14:21:02.300000
UW SP2 P 2019-02-21T14:21:04.800000
UW SP2 S 2019-02-21T14:21:06.800000
UW LON P 2019-07-21T07:10:29.870000
UW LON S 2019-07-21T07:10:34.670000
CC STD P 2019-05-06T08:30:09.045000
CC STD S 2019-05-06T08:30:09.945000
CC STD S 2019-05-06T08:30:14.445000
UW FMW P 2019-08-29T15:36:27.910000
UW FMW S 2019-08-29T15:36:29.010000
UW SNI2 P 2019-07-12T10:46:15.820000
UW SNI2 P 2019-07-12T10:46:22.520000
CN CLRS P 2019-02-26T04:07:00.970000
UW OLQN P 2019-08-23T03:33:08.340000
UW OLQN S 2019-08-23T03:33:06.940000
UW KREP S 2019-03-29T13:38:13.310001
UW KREP S 2019-03-29T13:38:20.010001
UW H2O P 2018-11-03T00:32:55.330000
UW BBO P 2019-02-17T07:37:59.730000
UW BBO S 2019-02-17T07:38:05.930000
UW LUMI P 2019-09-05T15:04:17.790000
UW LUMI S 2019-09-05T15:04:20.290000
CC PR01 S 2019-09-01T20:39:28.770000
UW YACT P 2019-01-11T01:17:16.558393
UW YACT S 2019-01-11T01:17:19.358393
UW HOOD P 2019-09-05T06:25:34.400000
UW HOOD S 2019-09-05T06:25:35.800000
CC PRLK P 2018-10-23T00:44:22.680000
CN HNBB P 2018-11-26T04:26:35.550000
CC SWF2 P 2018-12-26T13:08:11.880000
CC SWF2 S 2018-12-26T13:08:12.980000
CC SWF2 S 2018-12-26T13:08:14.980000
UW LON P 2019-07-09T02:47:33.630000
UW LON S 2019-07-09T02:47:35.730000
CC OBSR P 2019-04-08T02:05:13.140000
CC OBSR S 2019-04-08T02:05:10.540000
CC OBSR S 2019-04-08T02:05:14.340000
CN PTRF P 2019-01-27T08:30:33.060000
UW EVGW P 2019-08-03T22:02:10.030000
UW EVGW S 2019-08-03T22:02:15.930000
UO BUCK P 2019-08-29T22:49:55.960001
UW LCCR S 2019-07-10T05:43:33.188394
UO WOOD P 2019-08-03T18:54:42.008391
CC PR01 P 2019-03-10T04:27:32.585000
CC PR01 S 2019-03-10T04:27:36.585000
CC PR01 P 2019-01-26T02:10:20.645000
CC PR01 S 2019-01-26T02:10:20.845000
CC PR01 S 2019-01-26T02:10:23.845000
UW SP2 P 2019-08-27T07:20:40.399999
UW SP2 S 2019-08-27T07:20:44.599999
CC OBSR P 2019-08-07T20:28:43.220000
CC OBSR S 2019-08-07T20:28:45.420000
CC OBSR S 2018-11-09T06:44:06.890000
CC OBSR S 2018-11-09T06:44:14.890000
CC SWF2 P 2019-06-29T00:45:07.455000
CN PGC P 2018-11-01T05:50:29.870000
CN PGC P 2018-11-01T05:50:32.670000
UW LON P 2019-03-31T23:20:38.190000
UW TLW1 S 2019-01-14T21:46:18.850000
UW TLW1 S 2019-01-14T21:46:24.250000
CC VALT P 2019-02-10T04:10:36.880000
CC VALT S 2019-02-10T04:10:37.980000
CC PR01 P 2019-03-29T13:43:48.405000
CC PR01 P 2018-09-19T12:12:08.820000
CC PR01 S 2018-09-19T12:12:12.220000
CC PANH P 2019-07-15T01:37:54.160000
CC PANH S 2019-07-15T01:38:00.660000
UW UMAT P 2018-10-10T08:40:44.568391
CN PGC P 2018-11-19T11:09:29.510000
CC PANH P 2019-06-14T05:54:40.780000
CC PANH S 2019-06-14T05:54:34.980000
UO SISQ P 2019-08-15T03:16:39.840000
UO SISQ S 2019-08-15T03:16:41.540000
UW FMW P 2019-07-07T15:11:39.950000
UW FMW S 2019-07-07T15:11:40.550000
UW LON P 2019-09-10T15:42:40.460000
UW LON S 2019-09-10T15:42:41.760000
UW SP2 P 2019-09-03T08:04:01.289999
UW SP2 S 2019-09-03T08:04:08.989999
CN SHB P 2019-06-03T21:32:27.400000
UW FMW P 2019-06-13T03:22:12.670000
UW FMW S 2019-06-13T03:22:15.770000
CN VGZ P 2019-02-01T09:05:27.750000
CN VGZ S 2019-02-01T09:05:34.150000
CC JRO P 2019-08-11T09:50:16.210000
CC JRO S 2019-08-11T09:50:18.610000
CC CPCO P 2019-04-19T11:01:22.540000
UW FMW P 2019-06-01T18:27:04.740000
UW FMW S 2019-06-01T18:27:05.240000
CC PR04 P 2019-05-30T02:29:48.100000
CC PR04 S 2019-05-30T02:29:51.900000
UW GHW S 2019-07-24T01:38:27.630000
UO MARQ P 2019-09-05T14:26:44.520000
UW HICC P 2019-02-20T15:48:48.550000
UW HICC S 2019-02-20T15:48:52.050000
UW DOSE P 2018-09-11T21:42:32.140000
UW DOSE S 2018-09-11T21:42:37.440000
UW WA2 S 2019-01-02T18:41:33.280000
CC SHRK S 2019-04-19T11:01:01.790000
CN GDR P 2019-07-12T09:52:29.080000
CN GDR S 2019-07-12T09:52:31.680000
CN PGC P 2019-01-16T09:29:29.790000
CN PGC S 2019-01-16T09:29:33.590000
CC CARB P 2019-08-29T15:36:25.920000
CC VALT P 2019-04-12T14:08:08.360000
UO BEER P 2019-09-01T06:08:50.038393
UO BEER S 2019-09-01T06:08:52.138393
UW WA2 S 2019-07-13T10:27:59.540000
UW WA2 S 2019-07-13T10:28:03.040000
UW YACT S 2019-07-22T19:54:47.098393
UW YACT S 2019-07-22T19:54:51.898393
CC OBSR P 2018-12-05T13:48:06.970000
CC OBSR S 2018-12-05T13:48:04.570000
CC OBSR S 2018-12-05T13:48:09.670000
UW BRAN P 2018-11-23T05:36:06.675000
UW BRAN S 2018-11-23T05:36:07.975000
UW DOSE P 2018-10-22T20:45:19.625000
UW DOSE S 2018-10-22T20:45:23.925000
CC STD S 2019-08-09T07:06:11.905000
UW RCM P 2019-08-17T09:14:15.300000
UW RCM S 2019-08-17T09:14:17.300000
UW EVGW P 2019-07-12T09:51:43.380000
UW EVGW S 2019-07-12T09:51:47.580000
UW ELW P 2019-07-01T04:18:07.030000
UW ELW S 2019-07-01T04:18:12.530000
UW DOSE S 2019-03-31T21:40:02.290000
UW DOSE S 2019-03-31T21:40:07.890000
CC JRO S 2019-08-16T07:54:28.450000
UO DBO P 2019-08-29T15:08:52.299999
CC VALT P 2018-10-24T07:52:25.660000
CC VALT S 2018-10-24T07:52:27.260000
UW WA2 P 2018-10-22T16:28:40.370000
CC OBSR P 2019-04-10T22:17:12.740000
CC OBSR S 2019-04-10T22:17:13.940000
UW SNI2 P 2019-07-15T07:30:36.840000
UW SNI2 P 2019-07-15T07:30:40.440000
UW SNI2 S 2019-07-15T07:30:41.040000
UW FMW P 2019-08-30T14:25:15.520000
UW FMW S 2019-08-30T14:25:23.320000
CC PR01 S 2018-09-16T01:58:34.780000
UW HOOD P 2019-07-10T06:22:11.100001
UW HOOD S 2019-07-10T06:22:12.900001
UW LON S 2019-08-11T09:50:23.100000
UW LON S 2019-08-11T09:50:30.200000
CN PGC P 2018-12-21T17:23:47.260000
CN PGC S 2018-12-21T17:23:51.160000
CC VALT S 2018-11-20T15:45:52
UO PINE P 2018-11-19T11:10:17.510000
UO PINE S 2018-11-19T11:10:18.010000
UW LRIV P 2018-10-08T14:59:36.615000
UW LRIV S 2018-10-08T14:59:44.615000
UW BRKS P 2018-11-19T11:09:29.370000
UW BRKS S 2018-11-19T11:09:31.470000
UW SNI2 P 2019-07-04T04:32:48.140000
UW GBB P 2018-11-19T11:09:57.220000
UW GBB P 2018-11-19T11:10:04.520000
UW GBB S 2018-11-19T11:10:03.320000
CN PTRF P 2019-03-08T00:02:09.710000
CC TMBU P 2019-04-12T14:07:49.360000
CC SWF2 P 2018-10-27T07:09:58.290000
CC SWF2 S 2018-10-27T07:10:01.590000
UW RATT P 2019-04-02T18:29:49.570000
UW HOOD S 2019-07-09T17:08:24.300000
UW RCM P 2019-03-06T20:12:14.540000
UW RCM S 2019-03-06T20:12:14.040000
UW RCM S 2019-03-06T20:12:16.340000
CN PGC P 2019-07-21T15:14:44.090000
UW STOR P 2019-05-18T20:45:15.768394
UW DOSE P 2019-03-30T02:03:39.740000
UW DOSE S 2019-03-30T02:03:45.440000
CC PANH S 2019-01-26T20:08:20.500000
UW GNW P 2019-01-28T07:08:07.615000
CC PR05 P 2019-08-17T08:32:32.700000
CC PR05 S 2019-08-17T08:32:29.200000
CC PR05 S 2019-08-17T08:32:34.700000
UW RCM P 2019-06-28T16:34:16.390000
UW RCM S 2019-06-28T16:34:20.390000
UW RCM S 2019-06-28T16:34:24.290000
UO BUCK P 2019-06-26T00:30:41.270002
CN PTRF P 2019-07-04T04:31:53.870000
CN PTRF S 2019-07-04T04:31:57.770000
CN HOLB P 2018-10-22T20:46:30.370000
CN HOLB S 2018-10-22T20:46:31.570000
UW GNW P 2019-04-24T22:38:58.870000
UW GNW S 2019-04-24T22:39:04.970000
UW CCRK P 2019-07-13T10:30:55.890000
UW CCRK S 2019-07-13T10:30:57.290000
UW WEL2 S 2019-04-28T23:45:32.960000
UW HOOD P 2019-07-08T12:06:05.870000
UW HOOD S 2019-07-08T12:06:07.270000
CC OBSR P 2019-03-05T23:14:02.020000
CC OBSR S 2019-03-05T23:14:05.220000
CN SHB P 2019-06-21T07:41:38.950000
UO DRAN P 2018-11-21T01:48:18.608393
UO ROGE P 2019-07-26T02:31:30.578393
UO ROGE S 2019-07-26T02:31:31.178393
CN CLRS P 2018-09-30T10:05:22.640000
CN CLRS S 2018-09-30T10:05:29.140000
UW YACT P 2018-10-25T07:59:40.698393
UW YACT P 2018-10-25T07:59:41.798393
CN SYMB P 2018-11-06T02:25:56.740000
CN SYMB S 2018-11-06T02:26:04.940000
CN SYMB P 2019-07-25T02:04:44.600000
UW MDW P 2019-07-15T06:30:26.890000
UW MDW S 2019-07-15T06:30:28.290000
CC REM S 2019-09-05T15:04:00.195000
UW BERY P 2018-11-19T11:09:32.503130
CC PANH P 2019-09-07T10:50:38.960000
CC PANH S 2019-09-07T10:50:40.360000
CC PR04 P 2019-04-12T14:08:18.440000
UW TUCA P 2019-02-01T22:10:00.578393
CN PGC P 2018-10-09T10:27:23.940000
CN PGC S 2018-10-09T10:27:30.040000
UW KENT P 2018-11-30T17:34:34.998391
UO WOOD P 2019-07-14T17:46:11.358393
CC PR01 P 2019-05-08T04:43:58.410000
CC PR01 S 2019-05-08T04:44:05.110000
UW BABR P 2019-04-11T12:59:49.760000
UW BABR S 2019-04-11T12:59:57.760000
CC STD S 2019-07-11T11:36:45.205000
UO JESE P 2019-07-02T00:03:29.648393
UO JESE S 2019-07-02T00:03:34.648393
UW RCM P 2019-07-25T07:10:15.740000
UW RCM S 2019-07-25T07:10:20.540000
UW RATT P 2019-04-02T13:00:16.870000
UW RATT P 2019-04-02T13:00:18.170000
UW RATT S 2019-04-02T13:00:20.170000
UW WISH P 2019-02-12T03:53:42.795000
CN SNB P 2019-08-29T15:09:29
CN SNB S 2019-08-29T15:09:33.400000
CC PR04 P 2018-10-02T03:31:45.060000
CC PR04 S 2018-10-02T03:31:47.160000
CC OBSR P 2019-07-15T02:30:52.480000
CC OBSR S 2019-07-15T02:30:52.780000
CC PR01 P 2019-05-03T18:42:26.390000
CC PR01 S 2019-05-03T18:42:28.990000
CC PR01 P 2019-06-30T17:13:28.830000
CC PR01 S 2019-06-30T17:13:29.130000
UO DRAN P 2019-03-26T05:11:58.948393
UW SWID P 2019-07-13T15:04:49.580000
UW SWID S 2019-07-13T15:04:55.780000
UW MDW P 2019-06-16T10:39:36.580000
CC SHRK P 2019-09-01T01:53:26.450000
CC PANH P 2019-06-26T00:31:10.580000
CC PANH S 2019-06-26T00:31:11.180000
UO CHIL P 2019-06-23T03:53:50.718393
CC PR04 P 2019-06-18T18:42:32.580000
CC PR04 S 2019-06-18T18:42:34.880000
UW SP2 P 2019-07-17T15:01:20.810000
CC PANH P 2019-05-30T02:29:48.640000
CC PANH S 2019-05-30T02:29:51.940000
UO NATH P 2018-12-23T11:11:26.678393
UO NATH S 2018-12-23T11:11:28.178393
CC SWF2 P 2019-01-29T03:37:39.840000
CC SWF2 S 2019-01-29T03:37:41.940000
UW GNW P 2019-03-08T00:01:55.170000
UW GNW P 2019-03-08T00:01:58.570000
UW GNW S 2019-03-08T00:01:47.870000
UW LON S 2019-07-15T20:35:16.220000
UW LON S 2019-07-15T20:35:23.620000
UO WOOD P 2019-01-15T16:58:11.638393
CC PR01 P 2019-01-28T07:08:15.605000
CC PR01 S 2019-01-28T07:08:10.805000
CC SWF2 P 2018-09-13T02:58:47.330000
CC SWF2 S 2018-09-13T02:58:48.430000
CN PGC P 2019-07-04T18:18:02.200000
CN PGC S 2019-07-04T18:18:05.500000
CC PR04 P 2019-07-12T09:51:55.200000
CC PR04 P 2019-08-24T18:19:12.420000
CN SYMB P 2019-08-11T19:44:14.140000
CN SYMB P 2019-08-11T19:44:20.440000
CC PR04 P 2019-02-11T00:03:38.340000
CC PANH P 2019-07-08T18:07:22.240000
CC PANH S 2019-07-08T18:07:22.440000
CC PANH S 2019-07-08T18:07:25.740000
CC PR05 P 2018-11-30T19:45:45.920000
CC PR05 S 2018-11-30T19:45:41.820000
CN GOBB P 2018-11-30T02:18:50.120000
CN GOBB S 2018-11-30T02:18:56.520000
CN SNB P 2019-04-14T01:57:26.160000
CN SNB S 2019-04-14T01:57:29.360000
UO DRAN P 2019-09-05T15:03:35.218393
CC VALT P 2019-05-06T06:04:47.800000
CC OBSR P 2019-04-12T07:14:27.120000
CC JRO S 2019-05-06T08:30:15.850000
UW TOLO P 2019-07-11T11:36:34.080000
UW LON P 2019-05-19T16:24:17.565000
UW LON P 2019-05-19T16:24:23.865000
UW DOSE P 2019-09-02T04:21:42.960000
UW DOSE S 2019-09-02T04:21:48.760000
CC STD P 2019-08-16T07:54:26.225000
CC STD S 2019-08-16T07:54:28.625000
UW IZEE P 2019-04-12T14:08:06.868393
CC SWF2 P 2019-06-30T00:22:04.015000
CC SWF2 S 2019-06-30T00:22:04.915000
UW RATT P 2019-04-06T04:55:27.570000
UW RATT S 2019-04-06T04:55:27.770000
CC STD P 2019-09-05T06:36:02.465000
CC STD S 2019-09-05T06:36:03.165000
UW YACT P 2019-07-10T04:18:31.308393
CC OBSR P 2019-01-31T08:39:04.720000
CC OBSR S 2019-01-31T08:39:10.520000
UW SP2 P 2019-02-10T04:10:16.350000
UW SP2 P 2019-02-10T04:10:21.150000
UW SP2 S 2019-02-10T04:10:24.150000
CC PR01 P 2019-03-15T04:43:29.765000
CC PR01 S 2019-03-15T04:43:33.065000
CC PR01 S 2018-12-09T20:53:02.065000
UW LUMI P 2019-04-14T01:57:27.580000
UW LUMI S 2019-04-14T01:57:31.980000
UW WA2 P 2019-06-03T03:09:41.360000
UW MDW S 2019-05-13T03:13:31.870000
UW HOOD P 2019-07-08T03:02:59.150000
UW HOOD S 2019-07-08T03:03:00.550000
UW GNW P 2018-11-30T19:45:41.850000
CC SWF2 P 2019-07-10T17:16:42.435000
CC SWF2 S 2019-07-10T17:16:43.535000
CN WOSB P 2019-06-29T05:53:50.640000
UW RATT P 2019-02-22T10:27:34.320000
OO HYS13 P 2019-09-01T01:52:45.500000
OO HYS13 S 2019-09-01T01:52:41.300000
OO HYS13 S 2019-09-01T01:52:48.900000
CC STD P 2019-08-11T09:50:16.245000
CC STD S 2019-08-11T09:50:18.545000
UW BERY P 2019-07-28T14:34:39.980000
UW BERY S 2019-07-28T14:34:43.180000
UW GBB P 2019-07-10T18:00:12
UW GBB S 2019-07-10T18:00:16.100000
CC PR01 P 2019-02-02T03:30:22.305000
CC PR01 S 2019-02-02T03:30:22.905000
CC PR01 S 2019-02-02T03:30:29.605000
UO CAVE P 2018-11-09T06:43:18.428393
UW FORK P 2018-12-24T02:44:18.695000
UW FORK S 2018-12-24T02:44:22.895000
CN CLRS P 2019-06-26T18:01:23.250000
CC PR01 P 2019-08-15T03:17:16.970000
CC JRO P 2019-02-15T03:44:23.190000
CC PR01 P 2018-11-21T21:50:11.585000
CC PR01 S 2018-11-21T21:50:14.785000
UW SNI2 P 2019-07-13T10:27:57
UW SNI2 S 2019-07-13T10:28:00.500000
UO LAIR P 2019-06-18T10:49:01.848393
UO LAIR S 2019-06-18T10:48:58.648393
UO LAIR S 2019-06-18T10:49:03.448393
CC PR05 P 2019-03-29T03:04:57.620000
CC PR05 S 2019-03-29T03:04:59.220000
UW IZEE P 2018-11-30T17:34:48.628391
UW HOOD P 2019-07-22T23:45:13.730000
UW HOOD S 2019-07-22T23:45:15.130000
CC OBSR P 2019-08-13T04:31:50.760000
CC OBSR S 2019-08-13T04:31:47.760000
CC OBSR S 2019-08-13T04:31:51.860000
CC PR04 P 2019-08-14T11:31:27.580000
UW GNW P 2019-02-21T14:21:04.395000
UW GNW S 2019-02-21T14:21:05.695000
UW GNW S 2019-02-21T14:21:10.195000
CC WIFE P 2019-08-30T00:47:33.140000
UW LTY P 2019-09-01T14:37:13.530000
UW LON P 2018-10-30T03:04:50.810000
CN CLRS P 2018-12-31T04:54:52.760000
CN CLRS S 2018-12-31T04:54:56.760000
CN CLRS S 2018-12-31T04:55:00.660000
CC PR01 P 2019-06-29T00:44:57.390000
CC PR01 S 2019-06-29T00:44:58.690000
UW GNW P 2019-03-08T14:43:19.695000
UW GNW S 2019-03-08T14:43:20.795000
UW GNW S 2019-03-08T14:43:25.695000
CC PR05 P 2018-12-04T02:41:32.760000
CC CARB P 2019-09-10T05:15:56.640000
CC CARB S 2019-09-10T05:16:00.640000
UW RCM P 2019-01-31T09:20:37.630000
UW RCM S 2019-01-31T09:20:38.730000
UW RCM S 2019-01-31T09:20:45.330000
UW CCRK P 2019-02-24T19:07:52.400000
UW CCRK S 2019-02-24T19:07:53.700000
UW GNW P 2019-04-18T06:42:58.820000
CC STD P 2018-11-15T03:34:48.285000
CC STD S 2018-11-15T03:34:48.985000
UW RATT S 2019-07-01T04:18:07.860000
UW RATT S 2019-07-01T04:18:13.760000
UO BUCK P 2018-10-24T17:09:44.280000
UO BUCK S 2018-10-24T17:09:51.980000
UW DDRF P 2018-09-21T01:00:16.218393
UW DDRF P 2018-09-21T01:00:21.018393
UW STOR P 2019-07-25T20:33:59.558393
CN CLRS P 2019-06-15T20:52:41.880000
UW LTY P 2018-10-22T08:04:54.005000
CC PR05 P 2019-06-18T18:42:31.860000
CC PR05 S 2019-06-18T18:42:33.460000
CC PR01 P 2019-06-04T04:50:13.250000
CN CLRS P 2019-07-17T23:43:44.480000
CC PR04 P 2019-03-10T14:33:31.080000
CC PR04 P 2019-03-10T14:33:36.180000
CC PR04 S 2019-03-10T14:33:37.680000
CC PR05 P 2018-12-08T03:27:24.480000
CC PR05 S 2018-12-08T03:27:30.080000
UW LTY P 2019-03-10T14:33:37.305000
UW LTY P 2019-03-10T14:33:44.105000
CN CLRS P 2019-07-12T10:08:15.250000
CN CLRS P 2019-07-12T10:08:20.350000
