CC NORM P 2012-04-02T15:43:34.580000
CC NORM S 2012-04-02T15:43:36.080000
CC CPCO P 2018-07-16T23:12:28.760000
CC CPCO S 2018-07-16T23:12:30.360000
CC CPCO S 2018-07-16T23:12:36.060000
CC SWNB S 2012-07-06T20:20:46.880000
CC CIHL S 2012-09-17T09:20:56.320000
CC CIHL S 2012-09-17T09:21:05.120000
CC CPCO P 2012-06-23T09:05:07.380000
CC CPCO S 2012-06-23T09:05:07.980000
CC CIHL P 2012-06-23T08:57:59.500000
CC CIHL S 2012-06-23T08:58:00.900000
CC STD P 2012-06-10T20:17:44.220000
CC STD S 2012-06-10T20:17:45.120000
CC SWNB P 2012-01-24T00:34:47.960000
CC SWNB S 2012-01-24T00:34:50.260000
CC TMBU P 2012-07-06T20:20:46.580000
CC TMBU S 2012-07-06T20:20:51.180000
CC NORM P 2012-06-23T08:57:59.400000
CC NORM S 2012-06-23T08:58:00
CC CPCO P 2012-06-23T08:57:57.500000
CC CPCO S 2012-06-23T08:57:58.400000
CC TMBU S 2012-01-24T00:34:53.640000
CC TMBU S 2012-01-24T00:34:55.840000
CC SWNB P 2015-02-11T16:06:07.800000
CC SWNB S 2015-02-11T16:06:09.400000
CC NORM S 2012-09-17T09:21:12.400000
CC SWNB P 2012-04-02T15:43:33.840000
CC ASBU S 2013-08-25T02:45:00.720000
CC ASBU S 2013-08-25T02:45:03.720000
CC NORM P 2012-06-23T09:05:08.540000
CC NORM S 2012-06-23T09:05:09.440000
CC NORM S 2015-02-11T16:06:09.960000
CC CPCO S 2012-09-17T09:21:07.920000
