CC SEP P 2019-07-02T03:49:23.760000
CC SEP S 2019-07-02T03:49:21.960000
CC SEP S 2019-07-02T03:49:25.660000
CC SEP P 2017-09-02T03:10:13.440000
CC SEP S 2017-09-02T03:10:08.540000
CC SEP S 2018-08-04T06:14:38.300000
CC SEP S 2018-08-04T06:14:40.700000
CC SEP S 2018-08-04T06:14:48
CC SEP P 2018-08-11T11:08:27.940000
CC SEP S 2018-08-11T11:08:29.440000
CC SEP S 2018-08-11T11:08:33.840000
CC SEP S 2017-08-28T08:19:12.280000
CC SEP S 2017-08-28T08:19:14.080000
CC SEP P 2017-09-16T14:21:25.580000
CC SEP S 2017-09-16T14:21:26.980000
CC SEP P 2018-08-25T04:37:34.380000
CC SEP S 2018-08-25T04:37:32.680000
CC SEP S 2018-08-25T04:37:36.180000
CC SEP S 2018-08-25T04:37:40.280000
CC SEP S 2019-03-12T21:00:51.040000
CC SEP S 2018-08-03T12:52:09.020000
CC SEP S 2018-08-03T12:52:17.120000
CC SEP S 2018-09-30T02:49:34.900000
CC SEP P 2016-02-25T12:38:52.180000
CC OBSR P 2016-11-27T17:27:20.285000
CC OBSR S 2016-11-27T17:27:22.085000
CC SEP P 2018-07-02T22:38:39.740000
CC SEP S 2018-07-02T22:38:41.540000
CC SEP S 2018-09-16T05:25:36.100000
CC SEP S 2018-09-21T05:12:02.360000
CC SUG P 2017-11-23T10:51:02.500000
CC SUG S 2017-11-23T10:51:04.800000
CC CPCO S 2018-01-02T17:38:34.780000
UW STAR S 2016-01-31T06:23:59.930139
UW STAR S 2016-01-31T06:24:03.030139
UW STAR S 2016-01-31T06:24:06.730139
CC SEP S 2019-04-04T15:42:59.700000
CC SEP S 2019-04-04T15:43:01.600000
UW STAR S 2017-10-11T10:53:30.090011
UW TOLT S 2016-01-01T18:11:30.310000
UW TOLT S 2016-01-01T18:11:34.410000
CC SEP P 2017-07-24T20:36:58.080000
CC SEP S 2017-07-24T20:36:59.980000
CC SEP P 2017-09-02T07:32:17.760000
CC SEP S 2017-09-02T07:32:19.160000
UW LON S 2017-03-23T03:29:40.080000
CC SEP S 2018-08-12T17:32:41.300000
CC SWNB S 2018-02-22T17:29:16
CC SEP S 2017-08-15T16:55:35.460000
UW NN32 S 2016-01-09T04:15:17.245000
CC SEP S 2016-08-15T21:04:26.160000
CC SEP S 2017-10-22T14:23:35
CC VALT P 2016-03-31T18:59:17.240000
CC VALT S 2016-03-31T18:59:19.340000
CC SWF2 P 2016-07-05T16:46:24
CC SWF2 S 2016-07-05T16:46:22
CC SWF2 S 2016-07-05T16:46:25.400000
CC SEP P 2017-09-01T17:36:14.920000
CC SEP S 2017-09-01T17:36:16.920000
CC SEP S 2017-09-01T17:36:18.720000
CC SUG P 2018-08-27T14:16:28.160000
CC SUG P 2018-08-27T14:16:32.060000
CC SUG S 2018-08-27T14:16:30.160000
CC SEP P 2019-05-06T13:18:57.140000
CC SUG S 2018-09-16T19:32:00.780000
CC SUG S 2018-09-16T19:32:06.580000
UW STAR P 2017-04-08T13:36:34.010625
UW STAR P 2017-04-08T13:36:39.510625
UW STAR S 2017-04-08T13:36:32.010625
UW STAR S 2017-04-08T13:36:34.510625
CC SEP S 2017-08-29T11:00:54.780000
CC SEP S 2017-08-29T11:00:57.280000
CC VALT P 2019-01-01T00:45:16.360000
CC VALT S 2019-01-01T00:45:19.960000
CC SEP S 2018-08-12T07:33:56.020000
CC SWF2 S 2019-03-25T03:10:52.440000
CC SUG P 2018-08-09T10:14:37.660000
CC SUG S 2018-08-09T10:14:34.860000
CC SEP S 2017-08-27T04:13:09.080000
CC SEP P 2017-10-12T00:20:51.320000
CC SEP S 2017-10-12T00:20:53.020000
CC OBSR P 2019-06-16T21:09:00.645000
CC SEP S 2018-10-16T18:15:18.300000
CC SWF2 S 2017-07-13T03:09:47.960000
CC SEP S 2018-10-09T02:37:47.340000
CC SEP S 2017-08-05T00:55:03.420000
CC SEP S 2017-08-05T00:55:12.520000
CC SEP P 2018-10-18T13:08:26.900000
CC SEP S 2018-10-18T13:08:27.500000
CC SEP P 2018-07-10T22:52:56.900000
CC SEP P 2018-07-10T22:53:02.400000
CC SEP S 2018-07-10T22:52:58.800000
CC SEP S 2018-07-10T22:53:05.600000
CC SEP S 2018-09-27T05:00:55.340000
CC SEP S 2018-09-27T05:01:01.240000
CC PR05 P 2018-09-11T07:56:38.120000
CC PR05 S 2018-09-11T07:56:30.620000
CC PR05 S 2018-09-11T07:56:41.020000
CC SEP S 2017-09-03T18:21:25.800000
CC OBSR P 2017-05-15T06:27:02.400000
CC OBSR S 2017-05-15T06:27:04.900000
CC SEP P 2018-08-04T10:10:08.740000
CC SEP S 2018-08-04T10:10:03.840000
CC SEP S 2018-08-04T10:10:10.840000
CC STD S 2018-03-31T23:18:43.465000
CC CPCO P 2017-12-11T17:05:37.180000
CC CPCO S 2017-12-11T17:05:39.280000
CC SEP P 2016-11-17T09:28:55.620000
CC STD S 2018-04-22T07:10:16.205000
CC SEP P 2017-08-17T17:26:13.700000
CC SEP S 2017-08-17T17:26:01
CC SEP S 2017-08-17T17:26:08.400000
CC SEP S 2017-08-17T17:26:14.400000
CC VALT S 2018-09-09T04:46:03.880000
CC NORM S 2017-12-11T17:05:38.640000
CC TIMB S 2017-10-10T23:03:20.660000
UW STAR P 2018-01-06T05:56:13.530004
UW STAR P 2018-01-06T05:56:17.130004
UW STAR S 2018-01-06T05:56:17.930004
UW STAR P 2017-09-25T10:41:03.110006
UW STAR S 2017-09-25T10:41:00.710006
CC SEP S 2018-08-04T09:45:27.780000
CC SEP S 2018-08-04T09:45:29.980000
CC SEP S 2018-08-04T09:45:32.880000
CC SEP P 2017-08-20T06:06:35.080000
CC SEP S 2017-08-20T06:06:38.580000
CC SEP S 2017-09-16T08:24:41.720000
CC SEP S 2018-06-13T10:31:25.560000
CC OBSR S 2018-09-12T16:52:32.370000
CC OBSR S 2018-09-12T16:52:37.370000
CC SEP S 2018-09-07T20:29:13.200000
CC SEP P 2016-04-05T11:51:18.400000
CC SEP S 2016-04-05T11:51:20
CC SUG P 2017-09-16T14:21:26.180000
CC SUG S 2017-09-16T14:21:27.580000
UW LON P 2017-05-01T04:41:45.885000
UW LON S 2017-05-01T04:41:48.285000
CC SEP P 2016-04-02T20:58:05.600000
UW NN19 P 2017-12-12T18:19:05.940000
UW NN19 S 2017-12-12T18:19:04.940000
UW STAR P 2018-10-18T17:40:57.560073
CC SEP S 2018-10-23T02:25:10.160000
CC SEP S 2018-10-23T02:25:15.660000
CC PANH P 2016-07-29T18:52:29.560000
CC PANH S 2016-07-29T18:52:31.160000
CC SUG P 2018-10-21T15:32:33.620000
CC SUG S 2018-10-21T15:32:36.220000
UW STAR P 2017-09-26T07:32:37.280087
UW STAR P 2017-09-26T07:32:45.480087
UW STAR S 2017-09-26T07:32:44.080087
UW STAR S 2017-09-26T07:32:48.980087
CC VALT P 2018-12-05T11:45:57.700000
CC VALT S 2018-12-05T11:46:01.300000
CC SWF2 P 2018-10-21T15:32:33.430000
CC SWF2 S 2018-10-21T15:32:34.530000
UO PINE S 2017-12-13T17:12:50.815000
UO PINE S 2017-12-13T17:12:53.815000
CC SEP P 2016-10-04T07:10:30.600000
CC SWF2 S 2016-03-18T14:34:23.020000
CC SEP S 2018-07-10T22:46:32.480000
CC SWF2 P 2018-10-18T13:08:27.230000
CC SWF2 S 2018-10-18T13:08:28.930000
CC SEP P 2018-07-20T03:40:45.940000
CC SEP S 2018-07-20T03:40:51.240000
CC VALT P 2018-09-05T16:59:25.440000
CC VALT S 2018-09-05T16:59:32.240000
CC SEP P 2018-05-31T01:41:59.340000
CC SEP S 2018-05-31T01:41:58.040000
CC SEP S 2018-05-31T01:42:00.240000
CC OBSR S 2016-06-16T01:37:59.540000
CC SEP P 2017-09-26T06:40:04.200000
CC SEP S 2017-09-26T06:40:06.500000
CC VALT S 2018-02-18T12:30:47.760000
CC VALT S 2018-02-18T12:30:51.060000
CC SEP S 2018-08-28T06:14:56.980000
CC SEP S 2018-08-05T13:31:46.520000
UW RATT P 2016-01-01T18:11:39.715000
CC SEP S 2017-08-18T18:42:04.740000
CC SUG P 2018-10-10T05:08:29.980000
CC SUG S 2018-10-10T05:08:32.680000
CC SEP S 2018-10-24T01:17:37.100000
UW NN21 P 2016-01-02T17:36:24.785000
CC SEP P 2019-07-14T11:50:06.260000
CC SEP S 2019-07-14T11:50:07.160000
CC OBSR P 2017-10-15T16:54:43.320000
CC OBSR S 2017-10-15T16:54:45.420000
UW NN19 S 2017-12-11T17:05:40.690000
CC SEP P 2016-03-31T18:59:17.260000
CC SEP S 2018-08-17T02:40:00.240000
CC SEP S 2018-08-17T02:40:05.140000
CC SEP S 2018-08-17T02:40:11.640000
CC NORM P 2017-12-14T18:19:58.080000
CC NORM S 2017-12-14T18:20:02.180000
UW NN32 S 2016-03-08T12:23:24.465000
CC SEP S 2017-09-03T08:33:41.680000
CC SEP P 2019-01-01T00:45:16.140000
CC SEP S 2019-01-01T00:45:17.240000
CC SUG P 2018-07-23T01:54:56.760000
CC SUG S 2018-07-23T01:54:58.060000
CC SEP S 2017-09-16T08:06:38.960000
CC SEP S 2017-09-16T08:06:43.860000
CC OBSR S 2019-07-26T00:16:35.380000
CC SEP S 2017-07-22T16:49:56.580000
CC SEP P 2016-02-25T01:17:05.040000
UW STAR S 2017-10-15T08:20:52.150258
UW STAR P 2017-08-23T07:12:56.510948
UW STAR P 2017-08-23T07:13:00.010948
UW STAR S 2017-08-23T07:12:55.710948
UW NN19 P 2016-01-02T17:36:25.965000
UW NN19 S 2016-01-02T17:36:24.665000
CC SEP P 2019-07-10T18:38:14.960000
CC SEP S 2019-07-10T18:38:13.660000
CC SEP S 2019-07-10T18:38:16.760000
CC SEP P 2018-09-11T10:49:52.480000
CC SEP S 2018-09-11T10:49:50.180000
CC SEP S 2018-09-11T10:49:53.080000
CC SEP P 2017-08-15T23:45:58.320000
CC SEP S 2017-08-15T23:46:00.520000
CC SEP P 2017-08-21T13:29:17.700000
CC SEP S 2017-08-21T13:29:09.600000
CC SWF2 P 2017-05-27T15:57:30.640000
CC SWF2 S 2017-05-27T15:57:32.940000
CC OBSR P 2017-03-31T05:02:11.380000
CC SEP P 2017-08-08T12:08:08.240000
CC SEP P 2017-08-08T12:08:11.240000
CC SEP S 2017-08-08T12:08:09.540000
CC SEP S 2017-08-08T12:08:11.840000
UW NN19 S 2019-01-02T17:33:16.120000
CC VALT S 2018-10-30T20:58:45.360000
CC SEP P 2016-06-22T18:16:21.140000
UW STAR P 2018-03-07T13:53:13.290004
UW STAR P 2018-03-07T13:53:15.890004
UW STAR S 2018-03-07T13:53:14.490004
CC VALT S 2016-02-16T04:08:47.800000
CC SEP P 2015-12-23T03:36:44.900000
CC SEP S 2018-08-21T07:35:25.580000
CC TCBU S 2016-07-16T14:25:16.440000
CC TCBU S 2016-07-16T14:25:19.140000
CC TCBU S 2016-07-16T14:25:22.640000
CC SEP S 2018-09-09T14:18:54.240000
CC SUG P 2018-04-16T22:12:59.900000
CC SUG S 2018-04-16T22:13:02.600000
CC SEP P 2016-08-27T01:28:19.780000
CC SEP P 2019-01-05T08:00:45.660000
CC SEP S 2019-01-05T08:00:47.360000
UW NN21 S 2016-01-08T15:52:29.565000
CC SEP P 2017-09-06T14:49:44.980000
CC SEP S 2017-09-06T14:49:46.280000
CC SEP P 2018-07-18T06:32:58.020000
CC SEP S 2018-07-18T06:32:55.720000
CC SEP S 2018-07-18T06:32:59.820000
CC SEP S 2018-08-19T07:31:11.440000
CC STD P 2018-03-20T00:39:34.505000
CC STD S 2018-03-20T00:39:35.605000
CC SEP S 2018-07-07T06:33:52.880000
CC SWF2 P 2018-12-05T11:45:59.050000
CC SWF2 S 2018-12-05T11:46:01.350000
CC STD P 2016-06-22T18:16:20.980000
CC STD S 2016-06-22T18:16:23.280000
CC SEP S 2018-09-17T21:24:26.720000
CC SEP S 2018-08-28T04:40:40.520000
CC SEP S 2018-08-28T04:40:44.620000
CC VALT P 2016-04-05T11:51:17.700000
CC VALT S 2016-04-05T11:51:16.800000
CC VALT S 2016-04-05T11:51:19.900000
CC SEP P 2019-02-17T09:20:30.640000
CC SEP S 2019-02-17T09:20:24.740000
CC SEP S 2019-02-17T09:20:32.040000
CC SVIC S 2017-12-13T17:12:47.460000
UW RCM P 2018-10-18T17:41:00.170000
UW RCM S 2018-10-18T17:40:57.970000
UW RCM S 2018-10-18T17:41:01.170000
CC SEP P 2017-09-22T03:38:26.180000
CC SEP S 2017-09-22T03:38:27.480000
CC SEP S 2018-09-22T06:52:26.760000
CC SEP S 2018-09-22T06:52:29.760000
CC SEP S 2016-06-13T06:11:06.640000
CC SEP P 2017-01-10T09:21:14
CC SEP S 2017-01-10T09:21:17.500000
UW STAR P 2017-05-15T01:21:22.819654
UW STAR P 2017-05-15T01:21:26.519654
CC SEP S 2018-06-15T10:21:24.580000
UW NN21 S 2016-01-09T04:15:15.425000
CC SEP S 2017-12-09T19:00:10.440000
CC SEP S 2017-12-09T19:00:18.240000
CC SEP S 2017-12-09T19:00:22.340000
CC SEP P 2017-10-23T21:07:12.600000
CC SEP S 2017-10-23T21:07:14.100000
CC SEP P 2016-10-06T13:59:05.800000
CC SEP P 2016-08-10T16:48:34.160000
CC SEP P 2018-12-05T11:45:58.780000
CC SEP S 2018-12-05T11:46:00.380000
CC SEP S 2017-08-31T08:55:30.400000
CC SEP S 2017-08-24T10:07:08.320000
CC SEP S 2017-08-24T10:07:11.320000
CC OBSR P 2017-05-21T03:02:54.960000
CC SEP P 2019-03-18T22:05:46.740000
CC SEP S 2019-03-18T22:05:49.240000
CC SEP P 2015-12-16T23:29:54.500000
CC SEP S 2015-12-16T23:29:57.200000
CC SEP P 2016-09-05T16:11:57.240000
CC SHRK P 2019-08-30T03:52:57.430000
CC SHRK S 2019-08-30T03:52:59.230000
CC CPCO P 2017-12-14T18:19:58.080000
CC CPCO S 2017-12-14T18:19:52.380000
CC CPCO S 2017-12-14T18:19:54.980000
CC CPCO S 2017-12-14T18:19:59.580000
CC SWF2 P 2019-07-14T11:50:07.075000
CC SWF2 S 2019-07-14T11:50:08.975000
CC CPCO S 2019-01-02T05:11:38.880000
CC SEP P 2017-10-26T06:42:49.020000
CC SEP S 2017-10-26T06:42:47.320000
CC SEP S 2017-10-26T06:42:50.720000
UW NN19 P 2016-01-08T15:52:30.745000
CC OBSR S 2017-01-29T21:57:57.020000
UW STAR P 2017-05-15T06:27:02.240014
UW STAR S 2017-05-15T06:26:58.040014
UW STAR S 2017-05-15T06:27:01.140014
CC SEP S 2019-07-18T08:45:59.480000
CC SEP S 2019-07-18T08:46:04.780000
CC SEP S 2018-08-30T04:23:08.400000
CC SUG P 2018-07-08T08:50:39.780000
CC SUG S 2018-07-08T08:50:42.480000
CC SEP P 2017-08-24T04:21:08.120000
CC SEP S 2017-08-24T04:21:07.620000
CC SEP S 2017-08-24T04:21:09.620000
CC SEP S 2019-04-06T01:43:50.060000
CC STD P 2016-12-26T15:20:52.640000
CC STD S 2016-12-26T15:20:53.040000
CC STD S 2016-12-26T15:20:55.740000
CC SEP S 2019-05-19T16:59:56.160000
CC SEP S 2019-05-19T17:00:03.660000
CC SEP S 2019-05-19T17:00:07.760000
CC SEP P 2017-08-16T06:38:18.640000
CC SEP S 2017-08-16T06:38:17.540000
CC SEP S 2017-08-16T06:38:24.640000
CC SEP P 2016-09-15T13:13:57.440000
CC OBSR S 2016-09-02T01:49:41.380000
UW STAR P 2017-08-28T20:35:11.440007
UW STAR S 2017-08-28T20:35:09.440007
CC STD S 2017-09-18T20:04:35.195000
CC SWF2 P 2019-02-17T09:20:31.340000
CC SWF2 S 2019-02-17T09:20:33.440000
CC VALT P 2017-10-12T00:20:51.440000
CC VALT S 2017-10-12T00:20:53.840000
CC STD P 2017-12-13T19:23:53.885000
CC STD P 2017-12-13T19:23:56.285000
CC STD S 2017-12-13T19:23:55.885000
CC STD S 2017-12-13T19:23:57.385000
CC STD S 2016-03-16T14:05:11.100000
CC STD S 2016-03-16T14:05:14.100000
CC OBSR S 2016-07-16T23:00:33.520000
CC OBSR S 2016-08-15T20:30:07.240000
CC OBSR S 2016-08-15T20:30:10.240000
CC SUG P 2018-05-18T16:15:25.980000
CC SUG S 2018-05-18T16:15:27.880000
CC SEP P 2016-09-09T14:00:57.180000
UW STAR S 2017-05-10T11:24:24.470004
UW STAR S 2017-05-10T11:24:31.670004
CC CPCO S 2016-01-02T17:37:33.520000
UW NN21 S 2016-01-09T06:01:17.845000
CC SUG P 2017-11-12T14:03:58.140000
CC SUG P 2017-11-12T14:04:00.640000
CC SUG S 2017-11-12T14:04:03.840000
CC SEP P 2019-01-17T05:15:23.320000
CC SEP S 2019-01-17T05:15:25.820000
CC SEP S 2017-08-23T05:31:16.980000
CC OBSR P 2018-03-18T19:05:55.845000
CC OBSR S 2018-03-18T19:05:58.445000
CC SEP P 2017-08-19T01:57:24.360000
CC SEP S 2017-08-19T01:57:24.960000
CC VALT P 2018-10-31T09:46:58.200000
CC VALT S 2018-10-31T09:46:57.500000
CC VALT S 2018-10-31T09:47:00.900000
CC SWF2 S 2017-08-13T05:55:41.100000
CC SEP S 2018-10-15T19:10:26.500000
CC SEP S 2019-07-18T05:06:37.100000
UW STAR P 2016-11-27T17:27:19.680009
UW STAR S 2016-11-27T17:27:22.180009
CC SEP P 2017-12-13T19:23:56.500000
CC SEP S 2017-12-13T19:23:51.400000
CC SEP S 2017-12-13T19:23:57.800000
CC SEP S 2017-10-23T21:17:44.860000
CC SEP S 2017-10-23T21:17:52.660000
CC SEP P 2018-10-15T04:16:55.400000
CC SEP S 2018-10-15T04:17:01
UW STAR S 2017-08-28T09:44:28.300005
UW STAR S 2017-08-28T09:44:33.800005
CC VALT P 2018-10-18T13:08:26.860000
CC VALT S 2018-10-18T13:08:26.360000
CC VALT S 2018-10-18T13:08:29.060000
UW STAR P 2017-09-22T06:28:16.209997
UW STAR S 2017-09-22T06:28:15.109997
CC SEP S 2016-10-27T20:50:33.020000
CC SEP P 2016-07-02T15:43:39.980000
CC SEP S 2018-05-18T21:32:46.400000
CC SWF2 P 2018-03-07T00:54:33.970000
CC SWF2 S 2018-03-07T00:54:35.270000
CC OBSR P 2018-05-20T07:45:38.210000
CC OBSR S 2018-05-20T07:45:40.510000
UW BRAN S 2018-05-20T02:45:18.724998
CC SWF2 P 2016-08-27T01:28:20.480000
CC SWF2 S 2016-08-27T01:28:22.180000
CC SEP S 2018-08-29T02:03:04.740000
CC SEP S 2018-08-29T02:03:09.740000
CC SEP S 2018-07-16T16:15:58.140000
CC SEP P 2018-09-15T20:29:37.460000
CC SEP P 2017-08-23T23:09:04.760000
CC SEP S 2017-08-23T23:08:59.660000
CC SEP S 2017-08-23T23:09:07.860000
CC SUG S 2018-02-03T14:15:53.820000
CC SEP P 2016-02-25T08:32:23.120000
CC SEP S 2016-02-25T08:32:25.120000
CC SEP S 2018-05-28T10:48:38.420000
CC SEP P 2018-06-08T08:12:40.800000
CC SEP S 2018-06-08T08:12:34.700000
CC SEP S 2018-06-08T08:12:40.200000
CC SEP S 2018-06-08T08:12:41.900000
CC VALT P 2018-12-10T18:21:55.140000
CC VALT S 2018-12-10T18:21:56.440000
CC SEP P 2017-11-05T19:44:50.680000
CC SEP S 2017-11-05T19:44:46.780000
CC SEP S 2017-09-26T11:47:35.980000
CC SEP S 2017-09-26T11:47:37.380000
CC VALT P 2018-09-11T07:56:52.680000
CC SEP P 2018-05-23T23:35:22.300000
CC SEP P 2018-05-23T23:35:26.700000
CC SEP S 2018-05-23T23:35:19.200000
CC SEP S 2018-05-23T23:35:21.100000
CC SUG S 2018-10-18T13:33:50.220000
CC SEP P 2018-06-06T04:54:39.360000
CC SEP S 2018-06-06T04:54:43.960000
CC CIHL S 2016-03-08T12:23:21.860000
CC SUG P 2018-05-20T23:09:23.340000
CC SUG S 2018-05-20T23:09:24.940000
CC SEP P 2018-09-09T15:22:42.540000
CC SEP S 2018-09-09T15:22:38.340000
CC OBSR S 2018-08-23T18:44:23.310000
CC VALT P 2017-02-21T21:52:16.880000
CC VALT S 2017-02-21T21:52:18.880000
CC SEP P 2017-08-22T10:11:36.300000
CC SEP S 2017-08-22T10:11:38.100000
CC SEP P 2018-08-04T13:24:20.760000
CC SEP S 2018-08-04T13:24:23.060000
CC SEP P 2018-09-25T01:16:52.520000
CC SEP S 2018-09-25T01:16:54.120000
CC SEP S 2018-09-25T01:16:59.420000
CC SEP S 2018-09-25T01:17:00.820000
CC VALT S 2016-03-23T02:02:29
CC SEP P 2016-07-15T15:01:34.700000
CC SEP S 2016-07-15T15:01:38.300000
CC VALT P 2017-03-02T15:32:06.880000
CC CIHL S 2019-01-02T05:10:36.720000
UW STAR P 2018-03-16T18:08:31.080005
CC SEP P 2017-02-09T11:55:24.400000
CC HIYU S 2019-08-30T03:52:57.320000
CC SUG P 2018-05-01T16:09:04.440000
CC SUG S 2018-05-01T16:09:06.540000
UW STAR P 2018-03-12T14:51:26.500975
UW STAR S 2018-03-12T14:51:24.200975
CC SEP P 2018-06-28T03:07:02.240000
CC SEP S 2018-06-28T03:06:58.740000
CC SEP S 2018-06-28T03:07:03.540000
CC VALT P 2016-04-02T16:24:05.160000
CC VALT S 2016-04-02T16:24:06.360000
CC SEP P 2017-09-09T13:35:36.880000
CC SEP S 2017-09-09T13:35:36.480000
CC SEP S 2017-09-09T13:35:40.080000
UW STAR P 2017-03-23T03:29:36.830083
CC SEP P 2019-05-27T10:36:40.520000
CC SEP S 2019-05-27T10:36:42.420000
CC SEP P 2018-05-02T08:37:52.560000
CC SEP S 2018-05-02T08:37:42.660000
CC SEP S 2018-05-02T08:37:53.660000
CC CPCO S 2016-01-09T04:15:16.440000
UW STAR P 2017-10-10T09:24:18.760003
CC CPCO P 2016-04-03T14:03:02.880000
CC CPCO S 2016-04-03T14:03:04.380000
CC VALT S 2019-04-18T02:55:31.160000
CC SEP S 2018-08-13T20:38:01.700000
CC SUG P 2018-10-26T03:05:50.800000
CC SUG S 2018-10-26T03:05:50
CC SUG S 2018-10-26T03:05:53.500000
CC SEP P 2019-07-23T23:16:20.520000
CC SEP S 2019-07-23T23:16:22.020000
CC SEP S 2019-07-23T23:16:25.320000
CC SEP P 2016-08-15T17:41:18.260000
CC OBSR P 2017-12-15T10:03:46.260000
CC OBSR S 2017-12-15T10:03:51.860000
CC SWNB S 2019-01-02T05:11:41.820000
CC SEP P 2016-10-15T12:06:36.140000
CC OBSR P 2016-03-18T10:33:05.180000
CC OBSR P 2016-03-18T10:33:06.180000
CC OBSR S 2016-03-18T10:33:05.680000
CC OBSR S 2016-03-18T10:33:08.180000
CC SEP S 2018-05-19T05:42:48.400000
CC SEP P 2018-04-26T22:27:58.700000
CC SEP S 2018-04-26T22:27:55.300000
CC SEP S 2018-04-26T22:27:59.100000
CC VALT P 2016-01-01T18:11:53.400000
CC VALT P 2016-01-01T18:12:00.100000
UW BERY P 2019-06-11T11:49:24.460000
UW BERY S 2019-06-11T11:49:24.860000
UW BERY S 2019-06-11T11:49:32.060000
CC SWF2 P 2016-08-05T07:56:23.540000
CC SWF2 S 2016-08-05T07:56:25.340000
CC SEP S 2019-07-19T19:40:01.840000
CC SEP P 2016-02-19T20:56:42.860000
CC SEP S 2018-10-22T08:56:43.600000
CC SEP P 2018-08-06T05:11:19.360000
CC SEP S 2018-08-06T05:11:13.860000
CC SEP P 2015-12-09T19:52:08.640000
CC SEP S 2015-12-09T19:52:12.940000
CC NORM S 2017-12-10T17:47:01.660000
CC SEP P 2016-06-06T18:29:04.580000
UW STAR P 2018-10-01T20:35:14.610705
UW STAR P 2018-10-01T20:35:22.510705
UW STAR S 2018-10-01T20:35:22.010705
CC SEP S 2018-10-21T15:37:26.720000
UW STAR S 2019-08-02T19:36:36.291130
UW STAR S 2019-08-02T19:36:40.291130
UW STAR P 2017-03-28T04:37:57.580413
UW STAR S 2017-03-28T04:37:59.580413
CC SEP P 2017-09-07T10:20:54.680000
CC SEP S 2017-09-07T10:20:49.780000
CC SEP S 2017-09-07T10:20:52.680000
CC SEP S 2018-09-01T18:58:49.680000
CC SUG P 2017-07-29T07:13:15.360000
CC SUG S 2017-07-29T07:13:16.460000
CC STD S 2019-01-17T05:07:04.885000
CC SEP S 2018-12-18T12:32:10.220000
CC SEP S 2018-12-18T12:32:15.620000
CC SEP S 2018-12-18T12:32:20.120000
CC CPCO P 2016-01-02T17:36:22.180000
CC CPCO S 2016-01-02T17:36:24.380000
UW STAR P 2017-06-06T04:32:17.270010
UW STAR P 2017-06-06T04:32:22.170010
CC SWF2 P 2017-07-29T07:13:11.880000
CC SWF2 P 2017-07-29T07:13:15.780000
CC SWF2 S 2017-07-29T07:13:13.480000
CC SWF2 S 2017-07-29T07:13:17.180000
CC SEP P 2018-09-01T11:35:15.240000
CC SEP S 2018-09-01T11:35:06.840000
CC SEP S 2018-09-01T11:35:15.840000
CC SEP P 2018-06-08T06:30:42.580000
CC SEP S 2018-06-08T06:30:44.180000
CC SEP S 2018-06-08T06:30:50.980000
CC SEP P 2017-08-31T00:33:17.020000
CC SEP P 2017-08-31T00:33:19.420000
CC SEP S 2017-08-31T00:33:17.620000
CC SEP S 2017-08-31T00:33:19.920000
UW NN19 S 2016-04-06T12:56:26.885000
CC SEP P 2019-01-17T05:07:03.600000
CC SEP S 2019-01-17T05:07:01.200000
CC SEP S 2019-01-17T05:07:04
CC SEP S 2018-09-22T17:08:17.400000
CC SEP S 2018-09-22T17:08:22.500000
CC SEP S 2018-09-22T17:08:24.100000
UW STAR P 2017-06-13T04:26:22.250009
UW STAR P 2017-06-13T04:26:23.750009
UW STAR S 2017-06-13T04:26:20.450009
CC NORM S 2016-04-03T14:03:03.180000
UW STAR S 2017-06-17T17:17:54.340007
UW STAR S 2017-06-17T17:18:01.240007
CC SEP P 2016-08-04T21:31:49.220000
CC SEP S 2016-08-04T21:31:43.520000
CC SEP P 2016-07-07T12:50:23.460000
CC OBSR S 2019-07-31T14:14:10.700000
CC OBSR S 2019-07-31T14:14:15.500000
CC PR05 P 2018-09-12T16:52:35.440000
CC PR05 S 2018-09-12T16:52:37.440000
CC OBSR P 2017-04-03T22:35:12.720000
CC OBSR S 2017-04-03T22:35:14.620000
CC SUG P 2018-03-07T00:54:32.660000
CC SUG S 2018-03-07T00:54:34.260000
CC SEP S 2018-09-21T20:43:47.020000
CC SEP S 2018-09-21T20:43:50.020000
CC SEP P 2017-09-26T13:04:33.820000
CC SEP S 2017-09-26T13:04:34.320000
CC SEP S 2017-09-26T13:04:37.520000
CC SEP S 2017-09-26T13:04:39.220000
CC CPCO P 2017-12-10T17:47:01.660000
CC CPCO S 2017-12-10T17:47:02.260000
CC OBSR S 2017-04-03T06:25:54.540000
CC OBSR S 2017-04-03T06:26:02.040000
UW STAR S 2017-05-17T12:17:26.831424
UW STAR S 2017-05-17T12:17:33.531424
CC SEP S 2018-08-09T07:29:15.260000
CC SEP P 2018-10-11T01:01:13.940000
CC SEP S 2018-10-11T01:01:16.140000
CC VALT S 2016-11-16T06:07:42.440000
CC VALT S 2016-11-16T06:07:43.840000
CC SEP S 2018-09-09T11:55:21.260000
CC VALT P 2018-04-16T22:12:59.020000
CC SUG P 2018-03-20T00:39:33.960000
CC SUG S 2018-03-20T00:39:38.460000
CC SEP S 2019-07-23T19:45:28.240000
CC SEP S 2019-07-23T19:45:33.340000
CC VALT S 2018-03-18T17:50:13.760000
CC SUG S 2018-03-29T23:46:15.620000
CC SEP P 2016-04-06T10:21:23.440000
CC SEP P 2016-06-27T05:02:24.460000
CC SWF2 P 2018-03-29T23:46:14.190000
CC SWF2 S 2018-03-29T23:46:15.590000
UW STAR P 2017-08-30T20:25:02.191364
UW STAR S 2017-08-30T20:24:54.191364
UW STAR S 2017-08-30T20:24:58.891364
UW STAR S 2017-08-30T20:25:00.491364
UW STAR S 2017-08-30T20:25:01.791364
UW STAR S 2017-08-30T20:25:05.091364
CC SEP S 2018-09-28T07:06:46.380000
CC SEP S 2018-07-25T09:11:22.960000
CC SEP P 2017-09-02T10:16:47.740000
CC SEP S 2017-09-02T10:16:53.540000
CC SEP P 2017-08-06T06:57:38.160000
CC SEP P 2017-08-06T06:57:42.060000
CC SEP S 2017-08-06T06:57:39.460000
CC SEP P 2019-01-28T05:36:20.740000
CC SEP S 2019-01-28T05:36:22.340000
CC SEP P 2018-06-18T04:54:26.340000
CC SEP S 2018-06-18T04:54:24.940000
CC VALT S 2016-03-16T14:05:10.080000
CC SEP P 2017-11-21T11:33:46.940000
CC SEP P 2017-11-21T11:33:49.640000
CC SEP S 2017-11-21T11:33:50.440000
CC SEP S 2017-11-21T11:33:53.640000
CC SEP S 2019-04-01T05:00:43.340000
CC SEP P 2017-05-01T18:14:36.280000
CC SEP S 2017-05-01T18:14:28.780000
UW HOOD P 2017-09-15T11:51:26.240000
UW HOOD S 2017-09-15T11:51:28.940000
CC SEP P 2018-09-25T16:54:45.700000
CC SEP S 2018-09-25T16:54:47.500000
UW STAR P 2017-03-13T03:16:29.570024
UW STAR S 2017-03-13T03:16:30.470024
CC SEP P 2017-04-25T14:38:11.680000
CC SEP S 2019-05-01T17:12:55.340000
CC SEP P 2018-06-12T04:50:36.040000
CC SEP S 2018-06-12T04:50:37.640000
CC SEP P 2018-07-16T16:25:08.760000
CC SEP S 2018-07-16T16:25:12.260000
CC TCBU S 2016-04-19T04:58:26.020000
CC TCBU S 2016-04-19T04:58:30.120000
CC NORM S 2017-12-13T17:12:46.460000
UW STAR S 2018-02-14T10:43:36.280001
CC SEP S 2018-11-06T16:47:54.160000
UW BLOW P 2016-07-16T14:25:26.108393
UW NN32 S 2016-04-06T12:56:27.905000
CC SEP P 2016-01-22T14:52:39.200000
CC SEP S 2016-01-22T14:52:41.400000
CC OBSR S 2019-05-09T20:02:40.110000
CC OBSR P 2018-03-16T18:08:31.285000
CC OBSR S 2018-03-16T18:08:33.985000
CC SEP P 2017-08-27T00:57:26.780000
CC SEP S 2017-08-27T00:57:29.180000
CC CPCO P 2017-12-12T18:19:03.740000
CC CPCO S 2017-12-12T18:19:04.840000
UW STAR P 2017-04-03T22:35:03.890008
UW STAR P 2017-04-03T22:35:12.490008
CC STD S 2018-12-10T18:21:56.785000
CC OBSR S 2017-06-06T04:32:25.320000
CC VALT P 2016-02-27T21:36:04.800000
CC VALT S 2016-02-27T21:36:04.400000
CC VALT S 2016-02-27T21:36:07.600000
CC OBSR S 2019-08-09T15:49:16.780000
UW STAR P 2017-05-17T03:12:02.720006
UW STAR P 2017-08-22T03:10:14.290007
UW STAR S 2017-08-22T03:10:16.490007
UW STAR P 2017-04-03T06:26:01.190954
UW STAR S 2017-04-03T06:25:52.490954
UW STAR S 2017-04-03T06:25:57.790954
UW STAR S 2017-04-03T06:25:59.990954
CC PALM S 2017-09-16T00:46:59.520000
CC SEP S 2017-08-28T13:08:24.040000
CC SEP S 2017-08-28T13:08:30.240000
CC OBSR P 2017-09-28T06:51:21.520000
CC OBSR S 2017-09-28T06:51:24.120000
CC VALT P 2019-01-17T05:07:03.360000
CC VALT S 2019-01-17T05:07:00.760000
CC VALT S 2019-01-17T05:07:04.460000
CC OBSR P 2017-03-16T05:22:50.020000
CC SEP S 2017-08-17T17:22:43.840000
CC VALT P 2018-05-01T16:09:04.080000
CC VALT S 2018-05-01T16:09:05.980000
CC SEP P 2017-08-25T10:28:12.100000
CC SEP S 2017-08-25T10:28:04.500000
CC SEP S 2017-08-25T10:28:13.200000
CC SEP P 2018-12-10T18:21:55.780000
CC SEP S 2018-12-10T18:21:57.780000
CC SEP S 2018-07-06T16:27:49.340000
CC CPCO P 2016-01-02T14:34:31.300000
CC CPCO S 2016-01-02T14:34:34.600000
CC VALT P 2018-03-20T05:54:46.360000
CC VALT S 2018-03-20T05:54:48.460000
CC VALT S 2018-03-20T05:54:51.660000
CC SWF2 P 2016-11-15T09:07:41.360000
CC SWF2 S 2016-11-15T09:07:43.060000
UW STAR S 2018-01-19T22:49:02.120011
UW STAR S 2018-01-19T22:49:07.720011
CC SEP S 2019-04-04T09:08:55.680000
CC OBSR S 2017-03-28T04:37:59.200000
CC SUG P 2017-08-28T17:21:01.500000
CC SUG S 2017-08-28T17:21:03.500000
CC SEP S 2019-06-08T19:39:54.660000
CC CIHL P 2018-06-23T00:52:49.160000
CC CIHL S 2018-06-23T00:52:49.660000
CC SEP S 2018-08-18T21:13:16.600000
CC CIHL S 2019-01-02T17:33:16.660000
CC NORM S 2016-03-08T12:23:21.560000
CC SEP P 2016-11-15T09:07:40.740000
CC SEP S 2019-07-10T13:46:57.380000
CC SEP P 2017-08-22T08:52:03.260000
CC SEP S 2017-08-22T08:52:05.260000
CC SEP P 2018-10-04T13:17:06.060000
CC SEP P 2018-10-04T13:17:12.060000
CC SEP S 2018-10-04T13:17:05.660000
CC SEP S 2018-10-04T13:17:06.960000
CC SEP S 2018-10-04T13:17:14.060000
CC SEP P 2016-07-12T20:18:43.740000
CC SEP S 2018-10-09T21:31:25
CC NORM S 2017-12-12T18:19:04.620000
CC SEP S 2019-06-30T09:16:34.180000
CC SEP S 2018-10-23T00:30:48.180000
CC TCBU S 2018-08-23T18:45:04.400000
UW NN21 S 2016-04-13T11:35:19.605000
CC SEP S 2017-08-31T18:41:14.680000
CC SEP S 2017-08-31T18:41:17.880000
CC SEP P 2018-10-26T19:01:40.400000
CC SEP P 2018-10-26T19:01:49.100000
CC SEP S 2018-10-26T19:01:41.800000
CC SEP P 2018-09-23T13:31:56.320000
CC SEP S 2018-09-23T13:31:58.220000
CC OBSR P 2016-06-16T10:53:32.700000
CC OBSR S 2016-06-16T10:53:34.200000
CC SEP P 2017-09-20T07:21:08.840000
CC SEP S 2017-09-20T07:21:11.440000
CC SEP S 2018-07-23T14:18:44.880000
CC SUG P 2018-08-27T08:22:39.540000
CC SUG S 2018-08-27T08:22:43.740000
CC SEP P 2016-04-11T08:18:06.800000
UW NN21 S 2016-02-25T10:30:24.445000
UO CAVE P 2018-08-23T18:45:06.308393
UO CAVE S 2018-08-23T18:45:05.008393
UO CAVE S 2018-08-23T18:45:08.008393
CC SEP S 2019-07-23T20:27:22.160000
UW NN19 P 2017-12-12T18:54:02.730000
UW NN19 S 2017-12-12T18:54:04.630000
CC SEP S 2018-09-16T05:14:47.500000
CC SEP S 2017-09-01T12:17:11.020000
CC SEP S 2017-09-01T12:17:16.320000
CC SEP P 2017-05-03T04:49:05.640000
CC WIFE P 2016-07-16T14:25:17.140000
CC SEP P 2016-02-15T19:26:24.820000
CC SEP S 2018-10-27T08:06:13.880000
CC SEP S 2018-10-27T08:06:18.580000
CC SEP S 2017-09-07T21:42:44.060000
CC SEP S 2017-09-07T21:42:45.860000
CC SEP S 2017-09-07T21:42:47.360000
CC SEP P 2018-10-30T20:58:42.240000
CC SEP S 2018-10-30T20:58:43.840000
CC SEP S 2018-10-12T17:53:27.300000
CC SEP P 2018-08-04T15:02:58.800000
CC SEP P 2018-08-04T15:03:00.200000
CC SEP S 2018-08-04T15:02:59.300000
CC SEP S 2018-08-04T15:03:01.800000
CC OBSR P 2017-05-17T03:12:03.300000
CC OBSR S 2017-05-17T03:12:04.800000
CC SEP S 2017-09-14T15:33:39.060000
UW NN19 S 2017-12-13T17:12:45.230000
CC SEP S 2017-08-18T09:59:15
CC SEP S 2017-08-18T09:59:20.400000
CC SEP S 2018-08-03T06:22:55.480000
CC SEP P 2018-06-27T08:40:51.260000
CC SEP P 2018-06-27T08:40:52.460000
CC SEP S 2018-06-27T08:40:49.660000
CC SEP S 2018-06-27T08:40:52.860000
CC SEP P 2018-10-03T07:17:30.220000
CC SEP S 2018-10-03T07:17:30.820000
CC SEP P 2018-06-15T02:24:22.240000
CC SEP S 2018-06-15T02:24:28.240000
CC SEP S 2018-08-18T08:02:17.740000
CC SEP P 2017-09-08T14:11:50.860000
CC SEP S 2017-09-08T14:11:53.560000
CC CPCO S 2016-01-09T06:01:17.600000
CC PALM P 2017-09-15T11:51:26.100000
UW UMAT P 2018-06-14T04:32:49.508393
UW UMAT S 2018-06-14T04:33:00.708393
CC HUSB P 2016-04-19T04:58:19.820000
CC HUSB S 2016-04-19T04:58:22.020000
CC SWF2 S 2017-09-18T20:04:35.580000
CC SWF2 S 2017-09-18T20:04:38.180000
CC VALT S 2015-12-23T03:36:45.900000
CC SEP P 2018-07-16T14:54:17.800000
CC SEP S 2018-07-16T14:54:14
CC SEP S 2018-07-16T14:54:16.700000
CC SUG S 2017-09-18T20:04:36.780000
CC SEP S 2017-09-15T21:02:23.260000
CC SEP S 2019-07-15T06:21:04.880000
CC SUG P 2018-01-24T05:20:28.860000
CC SUG S 2018-01-24T05:20:29.960000
CC VALT P 2019-02-17T09:20:31.020000
CC VALT S 2019-02-17T09:20:32.920000
CC VALT S 2019-02-17T09:20:34.720000
CC SEP S 2018-06-25T08:34:55.540000
CC SEP S 2018-07-09T10:56:37.840000
CC SEP S 2018-07-09T10:56:48.240000
CC PALM S 2017-10-10T13:51:46.380000
UW STAR P 2016-11-16T03:21:12.040017
CC SEP S 2018-10-24T14:20:02.020000
CC SEP P 2019-06-28T14:15:03.140000
CC SEP S 2019-06-28T14:15:04.940000
CC CPCO S 2016-01-02T15:05:29.140000
CC SEP S 2017-10-23T18:53:16.960000
CC SEP S 2017-10-23T18:53:21.860000
CC SEP S 2019-07-10T22:58:51.980000
UW STAR P 2016-09-23T06:11:37.870013
CC PALM S 2018-09-11T15:13:26.820000
CC CPCO S 2019-01-02T17:33:16.140000
CC SEP S 2018-08-18T11:09:46.120000
CC SEP S 2017-09-02T16:48:31.480000
CC SEP S 2017-09-02T16:48:37.180000
CC SEP S 2017-09-06T06:14:08.020000
CC VALT S 2018-04-27T19:33:48.500000
CC STD P 2018-03-15T07:16:00.885000
CC STD S 2018-03-15T07:16:02.885000
CC STD S 2018-03-15T07:16:03.485000
CC SEP S 2018-05-08T22:56:46.380000
CC SEP S 2019-07-23T05:28:14.420000
CC SEP S 2017-09-12T14:54:08
CC SEP S 2017-09-12T14:54:11.600000
UO DFAZ S 2018-08-23T18:44:31.908393
UO DFAZ S 2018-08-23T18:44:41.908393
UW LON S 2017-09-08T15:04:36.420000
CC SEP S 2018-08-16T12:42:59.640000
UW STAR P 2017-03-26T01:27:35.871405
UW STAR S 2017-03-26T01:27:35.071405
UW STAR S 2017-03-26T01:27:40.871405
UW NN21 S 2016-03-08T12:23:23.505000
CC SUG S 2018-11-04T21:54:16.940000
CC SUG S 2018-11-04T21:54:23.140000
CC CPCO P 2017-12-17T09:55:09.300000
CC CPCO S 2017-12-17T09:55:12
CC VALT P 2016-02-25T01:17:04.980000
CC VALT S 2016-02-25T01:17:06.080000
CC SEP S 2018-06-13T11:45:06.400000
CC SUG P 2018-08-03T06:22:51.960000
CC SUG S 2018-08-03T06:22:55.160000
CC SEP S 2017-09-04T11:58:48.700000
CC SEP S 2017-09-04T11:58:54.800000
UW STAR P 2017-04-10T13:16:48.604958
UW STAR S 2017-04-10T13:16:50.704958
CC SEP S 2018-08-13T21:08:26.060000
CC SEP P 2019-04-30T12:49:55.520000
CC SEP S 2019-04-30T12:49:57.320000
CC SEP S 2019-04-30T12:50:04.620000
CC SEP S 2018-09-11T22:42:29.240000
CC OBSR P 2017-10-11T02:10:16.500000
CC OBSR S 2017-10-11T02:10:19.400000
CC SEP S 2018-10-25T18:42:21.180000
CC SEP S 2018-10-25T18:42:25.980000
UW NN21 P 2016-02-03T18:17:27.185000
UW STAR P 2017-03-31T05:02:11.470025
UW STAR S 2017-03-31T05:02:10.370025
CC NORM S 2016-01-09T04:15:16.600000
UW STAR S 2017-05-21T03:02:54.370005
CC NORM P 2016-01-02T17:36:24.800000
CC NORM S 2016-01-02T17:36:26.300000
CC SEP S 2017-10-27T20:35:53.900000
UW NN17 S 2016-04-06T12:56:27.825000
CC SEP S 2018-07-27T02:11:47.480000
UW STAR P 2018-03-18T18:59:30.070010
CC SEP P 2019-03-25T03:10:50.960000
CC SEP S 2019-03-25T03:10:51.460000
CC SEP P 2019-03-27T01:16:44.980000
CC SEP S 2019-03-27T01:16:46.080000
CC SEP P 2016-07-05T16:46:23.660000
UW STAR P 2017-01-29T21:57:55.840027
UW STAR P 2017-01-29T21:57:59.340027
UW STAR S 2017-01-29T21:57:58.040027
CC SEP P 2018-09-29T09:17:02.420000
CC SEP S 2018-09-29T09:16:52.220000
CC SEP S 2018-09-29T09:16:56.120000
CC SEP S 2018-08-27T14:16:29.380000
UW STAR P 2017-08-19T09:46:31.140009
UW STAR S 2017-08-19T09:46:21.540009
CC PALM P 2018-08-13T07:45:23.480000
CC PALM S 2018-08-13T07:45:27.180000
CC STD P 2016-07-05T16:46:23.580000
CC STD S 2016-07-05T16:46:24.580000
UW STAR P 2018-03-07T17:55:48.100808
UW STAR S 2018-03-07T17:55:46.600808
UW STAR P 2017-09-12T09:29:33.300042
UW STAR S 2017-09-12T09:29:29.800042
UW STAR S 2017-09-12T09:29:37.800042
CC SUG P 2018-08-27T03:25:06.620000
CC SUG S 2018-08-27T03:25:08.320000
CC SEP S 2017-08-23T12:22:25.320000
CC SEP S 2015-12-21T09:06:51.160000
CC OBSR S 2018-05-20T02:45:26.110000
CC SEP P 2018-06-16T03:10:57.480000
CC SEP S 2018-06-16T03:10:56.280000
CC SEP S 2018-06-16T03:10:59.480000
CC SEP P 2016-08-08T06:45:53.780000
CC PRLK S 2016-04-19T04:58:24.900000
CC SEP S 2018-08-08T19:38:06.480000
UW STAR P 2019-07-28T15:20:56.160711
UW STAR P 2019-07-28T15:21:00.560711
UW STAR S 2019-07-28T15:20:55.560711
UW STAR S 2019-07-28T15:20:56.860711
CC WIFE P 2016-04-19T04:58:21.180000
CC WIFE S 2016-04-19T04:58:23.880000
CC SEP P 2018-09-17T22:46:36.320000
CC SEP S 2018-09-17T22:46:36.920000
CC SEP S 2018-09-17T22:46:42.520000
UW NN19 P 2016-03-08T12:23:22.265000
UW NN19 S 2016-03-08T12:23:24.065000
CC VALT P 2017-05-27T15:57:28.840000
CC VALT S 2017-05-27T15:57:31.640000
CC VALT S 2017-05-27T15:57:37.640000
CC SEP P 2017-09-18T20:04:32.960000
CC SEP S 2017-09-18T20:04:37.060000
UW STAR P 2018-03-18T19:05:55.200975
UW KENT P 2018-08-23T18:44:45.008391
CC SUG P 2018-05-27T03:45:15.140000
CC SUG P 2018-05-27T03:45:16.640000
CC SUG S 2018-05-27T03:45:15.540000
CC SUG S 2018-05-27T03:45:18.740000
CC SEP P 2016-11-03T19:12:01.520000
CC VALT P 2015-12-21T07:24:10.340000
CC VALT S 2015-12-21T07:24:12.240000
CC SEP S 2019-07-08T10:02:40.100000
CC SEP S 2019-07-08T10:02:44.300000
UW STAR P 2017-08-05T09:32:24.430011
UW STAR S 2017-08-05T09:32:23.530011
UW STAR S 2017-08-05T09:32:30.130011
UW STAR P 2017-10-15T16:54:50.580026
UW STAR S 2017-10-15T16:54:42.180026
CC SUG P 2018-10-09T17:41:18.700000
CC SUG P 2018-10-09T17:41:21.500000
CC SUG S 2018-10-09T17:41:21
CC SUG S 2018-10-09T17:41:22.100000
CC SEP P 2016-04-05T18:28:32.220000
CC NORM S 2018-01-02T17:38:35.100000
CC NORM S 2016-01-09T06:01:20.280000
CC VALT S 2016-03-06T23:07:54.480000
CC VALT S 2016-03-06T23:08:01.280000
CC OBSR P 2017-07-31T02:07:10.220000
CC SEP P 2016-03-31T15:56:35.360000
UW STAR P 2017-09-28T14:23:58.170010
UW STAR P 2017-09-28T14:24:03.370010
CC SUG P 2018-05-13T16:36:24.840000
CC SUG S 2018-05-13T16:36:27.340000
CC SUG P 2018-05-14T02:38:41.840000
CC SUG P 2018-05-14T02:38:45.340000
UW NN19 P 2019-01-02T05:10:34.660000
UW NN19 S 2019-01-02T05:10:37.060000
CC SEP P 2015-12-18T05:51:55.120000
CC SEP S 2015-12-18T05:51:57.120000
CC SEP P 2017-08-25T06:48:58.800000
CC SEP S 2017-08-25T06:48:59.400000
CC NORM P 2019-01-02T17:33:14.240000
CC NORM S 2019-01-02T17:33:17.240000
UW STAR P 2017-09-12T08:37:56.490011
UW STAR P 2017-09-12T08:37:59.690011
UO PINE P 2019-01-02T05:11:40.430000
UO PINE S 2019-01-02T05:11:44.230000
CC OBSR P 2017-10-11T10:53:30.900000
CC OBSR S 2017-10-11T10:53:33.500000
CC SEP S 2019-07-21T06:57:18.560000
CC SEP P 2018-06-14T02:10:22.880000
CC SEP S 2018-06-14T02:10:19.780000
CC SEP S 2018-06-14T02:10:21.680000
CC SEP S 2018-06-14T02:10:23.880000
CC SEP S 2018-10-21T15:03:18.920000
CC SEP P 2018-09-25T14:47:55.140000
CC SEP S 2018-09-25T14:47:56.140000
CC SEP P 2017-09-26T03:20:16.060000
CC SUG S 2018-08-20T20:41:30.200000
CC SEP S 2017-08-31T01:51:26.720000
CC SEP S 2017-08-31T01:51:34.120000
CC SEP S 2018-10-23T12:22:15.540000
CC SEP P 2018-04-27T19:33:42.720000
CC SEP S 2018-04-27T19:33:43.620000
CC SEP S 2018-04-27T19:33:48.520000
CC SEP S 2018-09-21T23:37:00.400000
CC SEP S 2018-09-21T23:37:04.300000
UW STAR P 2017-10-03T00:14:11.350072
UW STAR P 2017-10-03T00:14:14.150072
UW STAR S 2017-10-03T00:14:12.950072
CC SEP S 2017-09-12T14:20:17.420000
CC SEP S 2017-09-12T14:20:24.720000
CC SEP S 2018-08-19T08:58:22.600000
CC SEP S 2018-08-19T08:58:28.900000
CC SEP P 2018-06-16T10:57:20.160000
CC SEP S 2018-06-16T10:57:21.160000
CC SEP S 2016-07-13T08:17:55.600000
CC SWF2 P 2017-05-15T23:31:10.240000
CC SWF2 S 2017-05-15T23:31:11.740000
CC SEP S 2018-07-08T08:50:42.160000
UW NN19 S 2016-04-13T11:35:20.925000
CC OBSR S 2016-09-23T06:11:38.165000
CC OBSR S 2016-09-23T06:11:40.865000
CC SEP P 2017-04-24T22:11:08.600000
CC SEP P 2017-10-24T04:41:05.920000
CC SEP S 2017-10-24T04:41:08.020000
CC TMBU S 2017-12-13T17:12:50.260000
CC SEP P 2018-05-01T00:13:27.880000
CC SEP S 2018-05-01T00:13:28.780000
CC SEP P 2019-03-13T12:52:43.840000
CC SEP S 2019-03-13T12:52:44.640000
CC OBSR S 2018-08-03T09:27:12.650000
CC SEP S 2018-08-04T17:42:27
UW LON P 2018-10-18T17:41:00.805000
UW LON S 2018-10-18T17:41:03.005000
CC SEP S 2016-04-13T21:12:22.460000
CC VALT P 2016-07-05T16:46:23.840000
CC VALT S 2016-07-05T16:46:21.840000
CC VALT S 2016-07-05T16:46:25.340000
UW STAR P 2017-09-04T08:02:56.490021
UW STAR P 2017-09-04T08:02:58.390021
UW STAR S 2017-09-04T08:02:56.790021
CC PANH S 2019-07-26T00:16:35.120000
CC SEP P 2017-10-22T22:31:09.040000
CC SEP S 2017-10-22T22:31:11.740000
CC SEP P 2016-09-04T05:28:44.040000
CC SEP P 2016-02-24T23:32:55.940000
CC TIMB P 2017-09-15T11:51:26.860000
CC TIMB S 2017-09-15T11:51:28.160000
CC TIMB S 2017-09-15T11:51:34.860000
CC VALT S 2019-03-25T03:10:49.900000
UW STAR P 2017-07-31T02:07:10.080002
UW STAR S 2017-07-31T02:07:10.680002
CC OBSR P 2016-02-17T05:41:08.320000
CC OBSR S 2016-02-17T05:41:11.520000
CC PALM S 2017-10-10T23:03:18.060000
UW STAR S 2018-03-27T11:58:33.420010
UW STAR S 2018-03-27T11:58:39.020010
CC SEP P 2018-09-18T20:51:01.100000
CC SEP S 2018-09-18T20:51:03.800000
CC SEP S 2019-02-12T09:46:15.960000
CC SEP P 2016-04-07T05:11:59.680000
CC SUG P 2018-01-24T11:45:10.860000
CC SUG S 2018-01-24T11:45:06.560000
CC SUG S 2018-01-24T11:45:12.660000
CC SUG S 2018-01-24T11:45:16.460000
CC SWF2 P 2018-04-16T22:12:59.170000
CC SWF2 S 2018-04-16T22:13:03.270000
CC SEP S 2018-08-11T23:11:45.980000
CC SEP S 2017-08-19T06:23:09.060000
CC SEP P 2018-09-26T10:38:42.380000
CC SEP S 2018-09-26T10:38:36.180000
CC SEP S 2018-09-26T10:38:39.780000
CC SEP S 2018-09-26T10:38:42.980000
CC SEP S 2018-09-22T18:51:39.300000
CC SEP S 2018-09-22T18:51:43.400000
CC STD S 2019-02-17T09:20:31.965000
CC STD S 2018-07-18T06:33:00.345000
CC STD S 2018-07-18T06:33:02.345000
CC OBSR P 2017-03-23T03:29:36.720000
CC OBSR P 2017-03-23T03:29:37.720000
CC SWF2 S 2018-03-18T17:50:12.790000
CC VALT P 2015-12-21T09:06:47
CC VALT S 2015-12-21T09:06:48.400000
CC SEP S 2016-04-07T09:08:25.680000
CC SUG P 2018-03-18T17:50:11.640000
CC SUG S 2018-03-18T17:50:12.840000
CC SUG P 2017-10-26T06:38:34.480000
CC SUG P 2017-10-26T06:38:36.480000
CC SUG S 2017-10-26T06:38:38.180000
CC SEP S 2018-06-19T18:55:55.380000
CC SEP S 2018-06-19T18:55:59.580000
CC SEP S 2018-06-19T18:56:02.680000
CC OBSR S 2018-03-18T18:59:31.865000
CC SEP S 2018-06-16T01:41:11.280000
CC SEP S 2018-10-31T12:19:07.600000
CC OBSR S 2018-06-14T11:38:18.770000
CC SEP P 2017-10-23T19:30:32.940000
CC SEP S 2017-10-23T19:30:28.540000
CC SEP P 2017-05-27T15:57:30.280000
CC SEP S 2019-05-06T11:43:51.040000
CC OBSR P 2018-10-18T17:40:59.910000
CC OBSR S 2018-10-18T17:41:03.010000
CC SEP P 2018-08-16T10:34:45.960000
CC SEP S 2018-08-16T10:34:47.260000
CC SEP S 2017-11-27T01:26:26.980000
CC SEP S 2019-07-11T05:45:45.300000
CC SEP S 2019-07-11T05:45:49.100000
CC SEP S 2017-10-28T16:41:59.260000
CC PANH S 2016-08-15T20:30:06.980000
CC SEP S 2017-08-15T09:19:32.480000
CC SUG P 2018-10-19T09:25:27.380000
CC SUG S 2018-10-19T09:25:29.680000
CC SEP S 2018-08-22T05:14:41.360000
CC SEP S 2018-08-22T05:14:49.360000
CC SWF2 P 2018-07-08T08:50:41.370000
CC SWF2 S 2018-07-08T08:50:43.170000
UW STAR P 2017-02-11T01:28:06.971249
UW STAR P 2017-02-11T01:28:09.371249
CC VALT P 2018-02-05T06:25:27.960000
CC VALT S 2018-02-05T06:25:30.260000
CC SEP S 2017-08-18T10:40:58.500000
CC OBSR S 2017-09-12T09:29:36.600000
CC OBSR S 2017-09-12T09:29:40.100000
CC OBSR P 2018-09-05T18:43:34.350000
CC OBSR S 2018-09-05T18:43:32.850000
CC OBSR S 2018-09-05T18:43:37.150000
CC SUG P 2018-09-25T14:47:55.740000
CC SUG S 2018-09-25T14:47:57.040000
UW STAR P 2018-10-07T08:15:32.931131
UW STAR S 2018-10-07T08:15:30.731131
CC SEP S 2018-09-29T09:26:04.140000
CC SEP S 2018-09-29T09:26:09.040000
UO MINN S 2018-05-20T07:46:04.908393
CC OBSR P 2018-03-20T14:40:09.445000
CC OBSR S 2018-03-20T14:40:12.745000
CC SUG P 2018-08-03T07:07:27.980000
CC SUG S 2018-08-03T07:07:27.580000
CC SUG S 2018-08-03T07:07:33.280000
CC SEP P 2018-07-21T15:12:01.620000
CC SEP S 2018-07-21T15:11:58.420000
CC SEP S 2018-07-21T15:12:02.920000
CC SEP S 2017-09-11T17:08:34.620000
UW STAR P 2017-10-11T02:10:15.740003
UW STAR P 2017-05-15T08:17:27.060009
UW STAR S 2017-08-17T07:04:50.880676
UW STAR S 2017-08-17T07:04:54.180676
CC SEP S 2018-06-12T07:33:51.200000
CC SEP S 2017-09-04T10:18:14.180000
CC OBSR P 2018-05-31T18:52:08.750000
CC OBSR S 2018-05-31T18:52:11.050000
CC PALM S 2019-08-30T03:52:56.460000
CC SEP P 2016-08-15T22:02:03.860000
CC PRLK S 2016-07-16T14:25:22.460000
CC SWF2 S 2016-03-23T02:02:29
CC CIHL S 2017-12-11T17:05:40.080000
CC SEP P 2018-08-18T11:35:33.560000
CC SEP S 2018-08-18T11:35:34.160000
CC SEP S 2016-08-15T22:16:49.660000
CC VALT P 2016-03-18T14:34:31.700000
CC VALT S 2016-03-18T14:34:29
CC SEP S 2018-08-09T10:32:25.280000
UW NN19 P 2019-01-02T05:11:38.030000
UW NN19 S 2019-01-02T05:11:40.230000
CC SEP P 2017-09-22T02:39:34.520000
CC SEP S 2017-09-22T02:39:36.520000
CC SEP S 2018-10-10T04:47:14.160000
CC SEP P 2016-08-15T20:07:16.640000
CC SEP P 2017-06-01T09:05:49.660000
CC CIHL P 2017-12-17T09:55:10.180000
CC CIHL S 2017-12-17T09:55:13.080000
CC SEP S 2017-09-08T06:47:03.900000
CC SEP S 2016-04-02T19:25:04.300000
CC TIMB S 2018-08-13T07:45:28.620000
CC SEP P 2017-09-08T07:10:17.480000
CC SEP S 2017-09-08T07:10:20.780000
CC SEP S 2017-09-08T07:10:26.180000
CC SEP S 2017-09-08T07:10:27.580000
CC OBSR P 2018-08-18T01:34:17.530000
CC OBSR S 2018-08-18T01:34:20.430000
CC SEP P 2019-06-30T06:22:00.180000
CC SEP S 2019-06-30T06:21:57.980000
UW NN21 P 2016-02-03T09:31:50.605000
UW NN21 S 2016-02-03T09:31:49.605000
CC SEP S 2018-06-17T16:53:32.400000
CC OBSR S 2019-07-17T04:17:15.960000
CC OBSR S 2019-07-17T04:17:19.260000
CC SEP P 2018-07-10T21:56:06.200000
CC SEP S 2018-07-10T21:56:07.800000
CC SEP S 2018-07-23T01:54:57.640000
CC OBSR P 2017-05-01T04:41:44.760000
CC SEP S 2019-06-09T05:56:31.840000
UW DAVN S 2018-08-23T18:44:50.000001
CC SEP P 2017-05-15T23:31:09.460000
CC SEP S 2018-09-17T19:09:43.540000
CC SEP S 2018-09-17T19:09:46.140000
CC SEP S 2018-10-30T21:00:55.720000
CC SEP P 2016-02-25T02:56:59.520000
CC SEP S 2018-08-18T07:55:01.720000
CC SEP S 2018-08-18T07:55:09.120000
CC SEP P 2017-09-02T13:42:16.600000
CC SEP S 2017-09-02T13:42:19.900000
CC SEP S 2017-09-02T13:42:23.200000
UW STAR P 2017-04-03T11:27:18.060018
UW STAR S 2017-04-03T11:27:17.760018
UW STAR S 2017-04-03T11:27:19.060018
CC SEP P 2018-06-16T08:30:29.260000
CC SEP P 2016-08-09T12:53:24.460000
CC SEP P 2016-08-09T06:59:33.880000
UW NN21 P 2016-02-03T13:04:36.065000
UW NN21 S 2016-02-03T13:04:38.865000
CC SEP P 2017-08-05T13:28:18.580000
CC SEP S 2017-08-05T13:28:20.480000
CC SEP S 2017-08-05T13:28:23.880000
CC SWF2 S 2019-08-10T10:53:39.435000
UW STAR P 2017-04-04T01:54:18.441086
UW NN19 S 2016-01-09T04:15:16.065000
CC SEP S 2019-07-10T18:32:20.040000
CC SEP S 2019-07-10T18:32:23.140000
CC SUG P 2018-08-21T06:07:44.020000
CC SUG S 2018-08-21T06:07:45.620000
CC SWF2 P 2016-10-28T12:26:49.500000
CC SWF2 S 2016-10-28T12:26:50.800000
CC SWF2 S 2017-05-30T06:45:15.860000
CC SEP P 2017-10-28T21:55:11.160000
CC SEP S 2017-10-28T21:55:10.160000
CC SEP S 2017-10-28T21:55:13.160000
CC KWBU P 2019-01-02T05:11:38.480000
CC KWBU S 2019-01-02T05:11:40.680000
CC CPCO S 2016-03-31T13:37:49.880000
CC SEP S 2018-06-22T07:35:58.380000
CC SEP S 2018-06-22T07:36:05.680000
CC NORM S 2017-12-12T18:54:04.980000
CC SEP P 2016-09-14T17:27:24.120000
CC NORM P 2019-01-02T05:11:37.740000
CC NORM S 2019-01-02T05:11:39.640000
CC OBSR S 2018-06-28T21:50:30.430000
CC SEP P 2016-01-29T16:55:50.300000
CC SEP P 2016-01-29T16:55:53.500000
CC SEP P 2016-11-09T19:35:40.780000
CC STD P 2017-07-29T07:13:12.295000
CC STD P 2017-07-29T07:13:15.395000
CC STD S 2017-07-29T07:13:13.495000
CC STD S 2017-07-29T07:13:16.495000
CC SEP S 2018-05-16T11:30:08.100000
CC SEP S 2018-05-16T11:30:13.200000
CC VALT P 2016-03-01T13:03:23.860000
CC SEP P 2016-02-17T07:55:27.280000
CC SEP S 2019-07-12T22:49:18.680000
CC SEP S 2018-07-26T17:14:47
CC SEP S 2017-08-03T17:07:38.220000
CC SEP S 2017-08-03T17:07:41.320000
CC SEP S 2017-08-03T17:07:48.020000
UW NN19 S 2016-01-09T06:01:19.845000
UW STAR P 2016-10-10T01:12:15.640008
CC VALT P 2018-10-30T08:10:26.780000
CC VALT S 2018-10-30T08:10:28.580000
CC SEP P 2019-06-25T00:18:07.840000
CC SEP S 2019-06-25T00:18:09.640000
CC PALM P 2017-08-20T07:05:52.160000
CC PALM S 2017-08-20T07:05:55.160000
CC SEP S 2018-08-24T22:05:02.460000
CC SEP S 2018-09-23T04:38:07.960000
CC SEP S 2018-08-25T11:29:47.480000
CC SEP P 2017-08-31T09:02:25.240000
CC SEP S 2017-08-31T09:02:30.840000
CC SEP P 2017-09-29T20:16:25.100000
CC SEP S 2017-09-29T20:16:28.400000
CC SUG P 2018-06-14T23:03:10.880000
CC SUG S 2018-06-14T23:03:08.380000
CC SUG S 2018-06-14T23:03:12.980000
CC SEP P 2017-09-18T21:52:39.720000
CC SEP S 2017-09-18T21:52:38.820000
CC SEP S 2017-09-18T21:52:42.120000
CC SEP S 2018-06-23T15:35:40.560000
CC SEP S 2018-06-23T15:35:43.360000
CC SEP S 2017-08-13T05:55:43.300000
CC STD S 2018-03-07T00:54:33.725000
CC PALM P 2019-09-05T18:58:03.800000
CC PALM P 2019-09-05T18:58:07.900000
CC PALM S 2019-09-05T18:58:01.900000
CC PALM S 2019-09-05T18:58:05.500000
CC SEP P 2019-07-23T07:30:28.240000
CC SEP S 2019-07-23T07:30:21.440000
CC SEP S 2019-07-23T07:30:29.040000
CC SEP S 2019-07-23T07:30:32.940000
CC SEP S 2018-06-12T23:09:12.260000
CC SEP S 2016-02-26T17:19:03.600000
CC SEP P 2016-06-23T12:40:35.680000
CC SEP S 2018-09-08T19:40:11.380000
CC SEP S 2018-09-08T19:40:18.480000
CC PANH P 2016-11-27T17:27:20.960000
CC PANH S 2016-11-27T17:27:22.760000
CC VALT S 2018-05-01T00:13:28.400000
CC OBSR S 2016-03-29T21:03:55.920000
CC OBSR S 2016-03-29T21:04:00.420000
UW STAR P 2017-05-11T15:05:00.720121
UW NN21 S 2016-04-06T12:56:26.265000
CC SEP P 2017-09-30T00:02:59.800000
CC SEP S 2017-09-30T00:02:58.200000
CC SEP P 2018-08-28T10:52:17.620000
CC SEP S 2018-08-28T10:52:19.020000
CC SEP S 2018-07-11T07:26:27.420000
UW STAR P 2017-07-01T19:12:57.550009
CC SEP P 2017-09-22T07:09:56.880000
CC SEP S 2017-09-22T07:09:50.280000
CC SEP S 2017-09-22T07:10:00.080000
CC SEP S 2018-08-27T09:38:22.160000
UW BERY P 2019-06-16T21:08:37.910001
UW BERY S 2019-06-16T21:08:38.610001
UW BERY S 2019-06-16T21:08:45.910001
CC SEP P 2017-09-01T05:16:21.800000
CC SEP S 2017-09-01T05:16:25.100000
CC OBSR S 2018-03-14T10:23:38.145000
CC SEP S 2018-09-14T18:56:56.900000
CC SEP S 2018-09-14T18:56:57.800000
CC CPCO P 2017-12-12T18:54:01.080000
CC CPCO S 2017-12-12T18:54:03.080000
CC SEP S 2017-09-16T07:56:52.760000
CC SEP P 2016-09-07T05:14:43.220000
CC SEP S 2016-09-07T05:14:45.620000
CC SEP S 2016-09-07T05:14:50.420000
CC PANH S 2016-07-16T23:00:28.820000
CC SEP S 2018-05-01T16:09:03.760000
CC SEP P 2016-02-25T11:18:59.900000
CC SEP S 2018-05-20T14:05:51.800000
CC VALT S 2018-06-12T04:07:02.960000
CC SEP S 2019-06-02T08:41:15.640000
CC SEP S 2018-09-18T00:20:50.240000
CC SEP P 2018-08-15T20:40:53.140000
CC SEP S 2018-08-15T20:40:40.540000
CC SEP S 2018-08-15T20:40:49.940000
CC SEP S 2018-08-15T20:40:54.440000
UW HOOD S 2016-01-01T18:12:29.855000
CC STD P 2018-05-01T16:09:03.445000
CC STD S 2018-05-01T16:09:05.345000
CC VALT S 2016-03-18T05:46:39.620000
CC VALT S 2016-02-15T19:26:26.260000
CC SEP S 2019-07-12T19:02:57.260000
CC SEP P 2017-09-14T21:30:40.560000
CC SEP P 2017-09-14T21:30:44.860000
CC SEP S 2017-09-14T21:30:42.660000
CC SEP P 2016-08-05T07:56:23.060000
CC STD S 2018-04-23T05:25:57.685000
UO PINE S 2018-06-23T00:52:55.375000
CC OBSR P 2018-06-14T04:32:11.130000
CC OBSR S 2018-06-14T04:32:12.330000
UW STAR P 2017-09-26T06:18:53.130016
UW STAR P 2017-09-26T06:19:00.730016
UW STAR P 2018-04-25T23:47:56.130199
UW STAR S 2018-04-25T23:47:47.530199
CC SEP P 2017-09-05T22:58:19
CC SEP S 2017-09-05T22:58:23.600000
CC SEP P 2018-07-20T05:19:51.220000
CC SEP S 2018-07-20T05:19:41.220000
CC SEP S 2018-07-20T05:19:45.620000
CC SEP S 2018-08-03T17:31:53.020000
CC SEP P 2016-02-27T21:36:06.200000
CC SEP S 2017-08-30T00:56:57.420000
UW STAR P 2017-09-22T18:12:09.960003
UW STAR P 2017-09-22T18:12:13.760003
UW STAR S 2017-09-22T18:12:09.260003
UW STAR S 2017-09-22T18:12:11.660003
UW STAR S 2017-09-22T18:12:14.160003
CC SEP P 2018-08-23T00:21:04.640000
CC SEP S 2018-08-23T00:21:01.640000
CC SEP S 2018-08-23T00:21:05.240000
CC TIMB S 2016-01-01T18:12:28.380000
CC SEP P 2018-09-26T18:22:13.080000
CC SEP S 2018-09-26T18:22:14.380000
CC SEP P 2018-08-21T06:07:43.180000
CC SEP S 2018-08-21T06:07:44.580000
CC SEP S 2018-06-20T15:51:22.100000
CC SEP S 2018-06-20T15:51:24.800000
CC SWF2 P 2018-03-20T00:39:33.910000
CC SWF2 S 2018-03-20T00:39:35.710000
CC SEP S 2016-09-07T03:12:17.440000
CC SEP P 2017-05-30T06:45:13.600000
CC SEP S 2018-08-10T21:49:34.060000
CC SEP S 2018-08-10T21:49:37.660000
CC SEP P 2016-10-28T12:26:48.860000
CC SEP P 2018-06-22T11:07:58.540000
CC SEP S 2018-06-22T11:07:56.740000
CC SEP S 2018-06-22T11:08:03.540000
CC SWF2 P 2017-10-23T21:07:13.060000
CC SWF2 S 2017-10-23T21:07:15.260000
CC SWF2 S 2016-06-22T18:16:23.660000
CC SVIC S 2017-12-12T18:19:01.410000
CC SVIC S 2017-12-12T18:19:07.410000
UW STAR P 2017-04-25T15:20:16.250006
UW STAR P 2017-04-25T15:20:17.550006
UW STAR S 2017-04-25T15:20:23.950006
CC SUG P 2017-10-23T21:07:13.200000
CC SUG S 2017-10-23T21:07:15
CC SUG S 2017-10-23T21:07:16.800000
CC SUG S 2017-10-23T21:07:17.600000
CC SEP P 2016-12-26T15:20:51.440000
CC SEP S 2019-07-12T10:26:05.860000
CC SEP S 2019-07-12T10:26:13.760000
CC CIHL P 2017-12-13T17:12:44.260000
CC CIHL S 2017-12-13T17:12:46.360000
CC SEP S 2018-06-16T19:37:52.040000
CC NORM S 2016-03-31T13:37:49.080000
CC SWF2 S 2018-10-31T09:47:02.550000
CC OBSR S 2018-08-16T22:08:44.670000
CC OBSR S 2018-08-16T22:08:50.470000
CC NORM S 2018-06-23T00:52:48.600000
CC SUG P 2017-09-18T21:52:40.100000
CC SUG S 2017-09-18T21:52:42.100000
CC SVIC S 2016-03-08T12:23:25.450000
CC SWF2 P 2017-09-18T21:52:40.860000
CC SWF2 S 2017-09-18T21:52:39.760000
CC SWF2 S 2017-09-18T21:52:42.160000
CC VALT P 2018-12-22T14:53:37.680000
CC VALT S 2018-12-22T14:53:42.080000
CC PALM P 2016-01-01T18:12:25.420000
CC PALM P 2016-01-01T18:12:28.220000
CC SEP P 2016-08-18T17:39:53.860000
CC OBSR P 2017-09-08T15:04:34.020000
CC OBSR S 2017-09-08T15:04:35.920000
CC SEP P 2018-09-28T15:55:44.340000
CC SEP S 2018-09-28T15:55:45.740000
CC SEP P 2016-03-01T20:17:28.460000
CC SEP S 2017-08-28T18:24:57.120000
CC TMBU S 2017-12-11T17:05:43.340000
CC SEP S 2017-08-28T22:43:10.740000
CC SEP S 2017-08-28T22:43:17.440000
CC SEP S 2018-09-16T12:53:02.820000
UW STAR P 2017-09-03T18:14:24.459985
UW STAR S 2017-09-03T18:14:22.659985
CC SVIC S 2018-06-23T00:52:49.780000
UW OMAK P 2019-06-16T21:08:59.425000
CC SWF2 P 2017-09-16T14:21:26.100000
CC SWF2 S 2017-09-16T14:21:25.500000
CC SWF2 S 2017-09-16T14:21:27.200000
CC SEP S 2018-08-09T09:43:48.560000
UW LON P 2018-08-18T01:34:18.260000
UW LON S 2018-08-18T01:34:20.760000
CC SEP S 2018-09-28T08:59:26.440000
CC SEP S 2018-09-28T08:59:34.440000
UW IZEE S 2018-08-23T18:44:52.408391
CC VALT P 2018-04-25T15:42:52.760000
CC VALT S 2018-04-25T15:42:55.160000
UW STAR P 2017-03-15T22:50:37.740004
CC VALT P 2016-12-26T15:20:51.900000
CC VALT S 2016-12-26T15:20:53.700000
CC VALT S 2016-12-26T15:20:56.700000
CC SEP P 2018-09-11T09:48:57.020000
CC SEP S 2018-09-11T09:48:58.020000
CC CPCO S 2019-01-02T05:10:36.140000
CC SEP S 2017-10-19T11:13:57
CC OBSR P 2016-03-03T14:08:23.500000
CC OBSR S 2016-03-03T14:08:29.100000
CC CIHL P 2019-01-02T05:11:38.260000
CC CIHL S 2019-01-02T05:11:40.060000
CC SEP S 2019-07-17T15:51:30.700000
CC SUG P 2017-10-12T00:20:51.640000
CC SUG S 2017-10-12T00:20:53.140000
CC SEP S 2017-09-08T21:53:47.340000
CC SEP S 2017-09-08T21:53:53.540000
CC SEP S 2017-10-23T18:50:34.960000
CC SEP S 2017-10-23T18:50:43.260000
CC STD S 2018-08-23T18:45:06.405000
CC SEP P 2016-04-20T08:49:23.960000
CC SEP S 2016-04-20T08:49:26.860000
CC SEP S 2017-08-24T10:21:58.600000
CC SEP P 2016-10-14T07:53:54.740000
CC SEP S 2017-08-22T10:01:41.200000
CC SEP S 2017-08-22T10:01:43.100000
CC SEP P 2018-10-10T04:45:07.180000
CC SEP S 2018-10-10T04:45:08.480000
CC CPCO S 2016-01-02T19:46:58.220000
CC CPCO S 2016-01-02T19:47:03.620000
CC NORM S 2016-04-03T13:09:46.460000
CC SEP P 2019-04-30T12:34:11.780000
CC SEP S 2019-04-30T12:34:12.080000
CC SEP S 2019-04-30T12:34:16.180000
CC STD P 2017-03-02T15:32:07.580000
CC STD S 2017-03-02T15:32:08.780000
CC SEP S 2018-09-16T05:06:04.040000
CC SEP S 2018-09-16T05:06:12.440000
CC SEP S 2018-08-21T19:54:41.680000
CC SEP S 2017-08-21T03:33:36.860000
CC SEP S 2017-08-21T03:33:39.160000
CC CPCO S 2016-04-03T13:09:46.380000
CC PANH S 2016-09-23T06:11:42.220000
CC SEP S 2017-08-07T13:10:45.960000
CC SEP S 2018-07-01T13:29:33.400000
CC SWNB S 2017-12-13T17:12:51.140000
UW NN21 P 2016-02-02T15:16:55.645000
CC SEP S 2017-11-23T10:51:00.480000
CC OBSR P 2017-04-24T06:17:45.380000
CC OBSR S 2017-04-24T06:17:46.680000
CC SEP S 2017-10-03T22:06:10.240000
CC SEP S 2017-10-03T22:06:17.140000
CC SEP S 2017-10-03T22:06:18.240000
CC SEP S 2017-10-03T22:06:22.140000
CC SEP P 2018-07-16T13:37:27.400000
CC SEP S 2018-07-16T13:37:29.100000
CC SEP P 2018-08-27T19:23:24.940000
CC SEP P 2018-08-27T19:23:29.740000
CC SEP S 2018-08-27T19:23:27.940000
CC SEP P 2016-01-29T12:05:14.680000
CC SEP S 2016-01-29T12:05:16.380000
UW STAR P 2017-05-18T22:59:30.159996
UW STAR P 2017-05-18T22:59:30.759996
UW STAR P 2017-05-18T22:59:32.459996
CC SUG P 2018-10-18T13:08:26.980000
CC SUG S 2018-10-18T13:08:28.480000
CC SEP P 2018-06-03T00:30:32.680000
CC SEP S 2018-06-03T00:30:36.380000
CC SEP S 2018-10-11T00:52:15.720000
CC SEP S 2018-10-11T00:52:20.520000
CC SEP S 2017-09-22T19:12:57.060000
CC SEP P 2018-10-03T06:54:02.720000
CC SEP S 2018-10-03T06:53:59.020000
CC SEP S 2018-10-03T06:54:03.720000
CC SEP S 2018-06-28T02:41:19.420000
UW STAR P 2018-02-05T07:04:54.770921
UW SHUK P 2018-06-30T23:04:56.660000
UW STAR P 2017-09-26T00:02:01.850015
UW STAR S 2017-09-26T00:01:56.150015
CC SEP S 2018-08-12T07:24:48.020000
CC SEP S 2018-10-06T11:20:11.420000
CC SEP S 2018-09-06T00:43:39.480000
CC SEP P 2016-11-16T06:07:43.060000
CC CIHL S 2017-12-10T17:47:03.440000
CC CIHL S 2017-12-10T17:47:04.840000
CC OBSR S 2017-10-15T08:20:54.940000
CC OBSR P 2016-06-16T21:51:33.340000
CC OBSR S 2016-06-16T21:51:35.440000
CC PR05 P 2018-08-18T01:34:18.900000
CC PR05 S 2018-08-18T01:34:21.500000
UW STAR S 2017-03-30T07:51:54.290004
CC SEP P 2018-08-19T14:30:45.840000
CC SEP S 2018-08-19T14:30:48.340000
UW SHUK P 2018-08-23T18:44:50.200000
CC SEP S 2018-11-07T07:02:13.140000
CC SEP S 2018-11-07T07:02:17.940000
CC OBSR P 2018-10-07T21:18:32.770000
CC OBSR S 2018-10-07T21:18:34.470000
CC STD P 2016-11-16T06:07:43.180000
CC STD S 2016-11-16T06:07:46.080000
CC SUG P 2018-08-09T09:43:47.480000
CC SUG S 2018-08-09T09:43:49.380000
CC SEP P 2018-10-21T15:32:33.360000
CC SEP S 2018-10-21T15:32:34.960000
CC SUG P 2018-10-10T11:19:41.720000
CC SUG S 2018-10-10T11:19:43.920000
CC SEP S 2016-08-21T16:38:55.300000
CC SWF2 P 2018-08-09T09:43:47.030000
CC SWF2 S 2018-08-09T09:43:49.330000
UW STAR P 2017-12-11T04:51:49.260003
UW STAR P 2017-12-11T04:51:55.960003
UW STAR S 2017-12-11T04:51:56.660003
CC SEP P 2017-10-18T01:27:21.020000
CC SEP S 2017-10-18T01:27:22.820000
CC SEP P 2016-04-01T17:39:58.400000
CC SVIC S 2019-01-02T05:11:40.690000
CC TIMB S 2019-08-30T03:52:55.100000
CC TIMB S 2019-08-30T03:52:59.400000
CC PR05 P 2018-09-05T18:43:35.220000
CC PR05 S 2018-09-05T18:43:38.520000
CC SEP P 2017-05-04T04:56:16.860000
CC VALT P 2018-03-07T00:54:31.400000
CC VALT S 2018-03-07T00:54:33.600000
CC SEP S 2018-09-01T17:35:46.400000
CC SWF2 S 2018-09-05T07:30:34.650000
CC SEP S 2018-06-22T12:39:47.400000
UO BEER S 2018-05-20T02:45:46.808393
CC SEP S 2018-09-02T20:21:29.260000
CC SEP S 2018-09-02T20:21:32.960000
CC SEP S 2018-09-02T20:21:36.960000
CC SEP S 2018-06-16T12:16:37.260000
CC SEP P 2017-09-12T05:26:37.720000
CC SEP S 2017-09-12T05:26:40.820000
CC VALT P 2016-03-16T16:48:59.220000
CC OBSR S 2018-09-11T07:56:37.170000
CC OBSR S 2018-09-11T07:56:39.070000
CC OBSR S 2018-09-11T07:56:40.470000
CC OBSR S 2018-07-17T17:08:54.770000
CC OBSR S 2018-07-17T17:09:02.470000
CC VALT P 2019-01-05T08:00:45.060000
CC VALT S 2019-01-05T08:00:46.260000
CC SEP P 2017-09-02T14:44:57.280000
CC SEP S 2017-09-02T14:44:58.580000
CC SEP S 2017-09-02T14:45:01.880000
CC SEP P 2017-09-03T04:35:57.860000
CC SEP P 2017-09-03T04:35:58.860000
CC SEP S 2017-09-03T04:36:01.460000
CC VALT P 2018-03-20T00:39:33.780000
CC VALT S 2018-03-20T00:39:35.780000
CC SEP S 2018-05-05T01:50:23.860000
CC SEP S 2018-05-05T01:50:27.960000
CC SEP P 2016-04-15T19:18:36.360000
CC KWBU P 2019-01-02T05:10:35.410000
CC KWBU S 2019-01-02T05:10:37.210000
CC SEP P 2017-09-14T16:11:59.240000
CC SEP S 2017-09-14T16:12:00.740000
CC SEP S 2018-09-03T21:54:57.260000
CC VALT S 2018-03-29T23:46:14.920000
CC SEP P 2018-07-14T12:56:55.060000
CC SEP S 2018-07-14T12:56:53.560000
CC SEP S 2018-07-14T12:56:57.260000
